#
# There is insufficient memory for the Java Runtime Environment to continue.
# Native memory allocation (malloc) failed to allocate 298256 bytes for Chunk::new
# Possible reasons:
#   The system is out of physical RAM or swap space
#   The process is running with CompressedOops enabled, and the Java Heap may be blocking the growth of the native heap
# Possible solutions:
#   Reduce memory load on the system
#   Increase physical memory or swap space
#   Check if swap backing store is full
#   Decrease Java heap size (-Xmx/-Xms)
#   Decrease number of Java threads
#   Decrease Java thread stack sizes (-Xss)
#   Set larger code cache with -XX:ReservedCodeCacheSize=
#   JVM is running with Unscaled Compressed Oops mode in which the Java heap is
#     placed in the first 4GB address space. The Java Heap base address is the
#     maximum limit for the native heap growth. Please use -XX:HeapBaseMinAddress
#     to set the Java Heap base and to place the Java Heap above 4GB virtual address.
# This output file may be truncated or incomplete.
#
#  Out of Memory Error (./src/hotspot/share/memory/arena.cpp:197), pid=10004, tid=1044
#
# JRE version: OpenJDK Runtime Environment (11.0.11+9) (build 11.0.11+9-b60-7590822)
# Java VM: OpenJDK 64-Bit Server VM (11.0.11+9-b60-7590822, mixed mode, tiered, compressed oops, g1 gc, windows-amd64)
# No core dump will be written. Minidumps are not enabled by default on client versions of Windows
#

---------------  S U M M A R Y ------------

Command Line: --add-opens=java.base/java.util=ALL-UNNAMED --add-opens=java.base/java.lang=ALL-UNNAMED --add-opens=java.base/java.lang.invoke=ALL-UNNAMED --add-opens=java.prefs/java.util.prefs=ALL-UNNAMED -Xmx2048m -Dfile.encoding=windows-1252 -Duser.country=US -Duser.language=en -Duser.variant org.gradle.launcher.daemon.bootstrap.GradleDaemon 6.7.1

Host: Intel(R) Core(TM) i5-3320M CPU @ 2.60GHz, 4 cores, 5G,  Windows 10 , 64 bit Build 19041 (10.0.19041.1503)
Time: Thu Apr  7 10:37:17 2022 Pakistan Standard Time elapsed time: 89.835187 seconds (0d 0h 1m 29s)

---------------  T H R E A D  ---------------

Current thread (0x0000017d76eac000):  JavaThread "C2 CompilerThread0" daemon [_thread_in_native, id=1044, stack(0x00000018c1b00000,0x00000018c1c00000)]


Current CompileTask:
C2:  89835 11908       4       org.gradle.internal.logging.console.BuildLogLevelFilterRenderer::onOutput (53 bytes)

Stack: [0x00000018c1b00000,0x00000018c1c00000]
Native frames: (J=compiled Java code, j=interpreted, Vv=VM code, C=native code)
V  [jvm.dll+0x5f214a]
V  [jvm.dll+0x726fb5]
V  [jvm.dll+0x7285cd]
V  [jvm.dll+0x728c83]
V  [jvm.dll+0x243278]
V  [jvm.dll+0xbc53c]
V  [jvm.dll+0xbca3c]
V  [jvm.dll+0x2b5c34]
V  [jvm.dll+0x508488]
V  [jvm.dll+0x1fd826]
V  [jvm.dll+0x1fb35f]
V  [jvm.dll+0x183d6c]
V  [jvm.dll+0x209a57]
V  [jvm.dll+0x2082a1]
V  [jvm.dll+0x6ef58f]
V  [jvm.dll+0x6e80b5]
V  [jvm.dll+0x5f1036]
C  [ucrtbase.dll+0x21bb2]
C  [KERNEL32.DLL+0x17034]
C  [ntdll.dll+0x52651]


---------------  P R O C E S S  ---------------

Threads class SMR info:
_java_thread_list=0x0000017d7bf6ff90, length=175, elements={
0x0000017d5cb8c000, 0x0000017d76e81800, 0x0000017d76e82800, 0x0000017d76ea6000,
0x0000017d76ea8000, 0x0000017d76ea9000, 0x0000017d76eac000, 0x0000017d76eba800,
0x0000017d76ee9000, 0x0000017d77955800, 0x0000017d79360800, 0x0000017d78fe7800,
0x0000017d7798f800, 0x0000017d79658800, 0x0000017d77cbe800, 0x0000017d77884000,
0x0000017d77885000, 0x0000017d77987800, 0x0000017d7912d000, 0x0000017d791a9000,
0x0000017d791aa000, 0x0000017d791a7800, 0x0000017d791aa800, 0x0000017d791ab800,
0x0000017d791ac000, 0x0000017d791ad000, 0x0000017d791ae000, 0x0000017d791a8000,
0x0000017d7985c800, 0x0000017d79858800, 0x0000017d7985f000, 0x0000017d7985a000,
0x0000017d7985b000, 0x0000017d7985d800, 0x0000017d79859000, 0x0000017d79860800,
0x0000017d79864800, 0x0000017d79862000, 0x0000017d79863000, 0x0000017d79864000,
0x0000017d79865800, 0x0000017d79861800, 0x0000017d79860000, 0x0000017d79866800,
0x0000017d79867000, 0x0000017d79a90000, 0x0000017d79a92800, 0x0000017d79a8d800,
0x0000017d79a8e800, 0x0000017d79a8d000, 0x0000017d79a8f800, 0x0000017d79a93800,
0x0000017d79a94000, 0x0000017d79a96000, 0x0000017d79a95000, 0x0000017d79a96800,
0x0000017d79a92000, 0x0000017d79a91000, 0x0000017d79a98800, 0x0000017d79a99000,
0x0000017d79a97800, 0x0000017d79a9a000, 0x0000017d79a9a800, 0x0000017d79a9b800,
0x0000017d77abe000, 0x0000017d77abc800, 0x0000017d77abb000, 0x0000017d77abd800,
0x0000017d77ab8800, 0x0000017d77abb800, 0x0000017d77ab9000, 0x0000017d77abf800,
0x0000017d77abf000, 0x0000017d77aba000, 0x0000017d77ac1800, 0x0000017d77ac6800,
0x0000017d77ac3000, 0x0000017d77ac0800, 0x0000017d77ac5800, 0x0000017d77ac2000,
0x0000017d77ac4000, 0x0000017d77ac4800, 0x0000017d77ac7000, 0x0000017d77b14800,
0x0000017d77b17800, 0x0000017d77b16000, 0x0000017d77b15000, 0x0000017d77b1c800,
0x0000017d77b19000, 0x0000017d77b1a000, 0x0000017d77b17000, 0x0000017d77b1d800,
0x0000017d77b1b000, 0x0000017d77b1b800, 0x0000017d77b1e000, 0x0000017d77b18800,
0x0000017d77b21800, 0x0000017d77b20800, 0x0000017d77b1f000, 0x0000017d77b22000,
0x0000017d77b23000, 0x0000017d77b1f800, 0x0000017d7a3a7800, 0x0000017d7a3a8800,
0x0000017d7a3ab000, 0x0000017d7a3a9000, 0x0000017d7a3a7000, 0x0000017d7a3aa000,
0x0000017d7a3a5000, 0x0000017d7a3ab800, 0x0000017d7a3a6000, 0x0000017d7a3b2000,
0x0000017d7a3af000, 0x0000017d7a3b1800, 0x0000017d7a3b0000, 0x0000017d7a3ac800,
0x0000017d7a3b3000, 0x0000017d7a3b0800, 0x0000017d7a3ad800, 0x0000017d7a3ae000,
0x0000017d7a3b4000, 0x0000017d79e50000, 0x0000017d79e4e800, 0x0000017d79e4b000,
0x0000017d79e4d800, 0x0000017d79e51000, 0x0000017d79e52000, 0x0000017d79e4c000,
0x0000017d79e4d000, 0x0000017d79e4f800, 0x0000017d79e53800, 0x0000017d79e54000,
0x0000017d79e55000, 0x0000017d79e58800, 0x0000017d79e57800, 0x0000017d79e52800,
0x0000017d79e59000, 0x0000017d79e5a000, 0x0000017d79e56000, 0x0000017d79e56800,
0x0000017d79963000, 0x0000017d79962000, 0x0000017d79966000, 0x0000017d79964800,
0x0000017d79965800, 0x0000017d79963800, 0x0000017d79967000, 0x0000017d79961000,
0x0000017d7996d800, 0x0000017d79969800, 0x0000017d7996a000, 0x0000017d7996c800,
0x0000017d79967800, 0x0000017d7996b000, 0x0000017d7996c000, 0x0000017d7996e000,
0x0000017d79968800, 0x0000017d7996f000, 0x0000017d79970000, 0x0000017d79100800,
0x0000017d790fe800, 0x0000017d79102800, 0x0000017d79104000, 0x0000017d79100000,
0x0000017d79105000, 0x0000017d790ff000, 0x0000017d79105800, 0x0000017d79106800,
0x0000017d79101800, 0x0000017d79109000, 0x0000017d7910d000, 0x0000017d79108000,
0x0000017d79109800, 0x0000017d7910b800, 0x0000017d7910c000
}

Java Threads: ( => current thread )
  0x0000017d5cb8c000 JavaThread "main" [_thread_blocked, id=5920, stack(0x00000018c0f00000,0x00000018c1000000)]
  0x0000017d76e81800 JavaThread "Reference Handler" daemon [_thread_blocked, id=2776, stack(0x00000018c1600000,0x00000018c1700000)]
  0x0000017d76e82800 JavaThread "Finalizer" daemon [_thread_blocked, id=6124, stack(0x00000018c1700000,0x00000018c1800000)]
  0x0000017d76ea6000 JavaThread "Signal Dispatcher" daemon [_thread_blocked, id=4608, stack(0x00000018c1800000,0x00000018c1900000)]
  0x0000017d76ea8000 JavaThread "Attach Listener" daemon [_thread_blocked, id=7828, stack(0x00000018c1900000,0x00000018c1a00000)]
  0x0000017d76ea9000 JavaThread "Service Thread" daemon [_thread_blocked, id=10404, stack(0x00000018c1a00000,0x00000018c1b00000)]
=>0x0000017d76eac000 JavaThread "C2 CompilerThread0" daemon [_thread_in_native, id=1044, stack(0x00000018c1b00000,0x00000018c1c00000)]
  0x0000017d76eba800 JavaThread "C1 CompilerThread0" daemon [_thread_blocked, id=2012, stack(0x00000018c1c00000,0x00000018c1d00000)]
  0x0000017d76ee9000 JavaThread "Sweeper thread" daemon [_thread_blocked, id=7612, stack(0x00000018c1d00000,0x00000018c1e00000)]
  0x0000017d77955800 JavaThread "Common-Cleaner" daemon [_thread_blocked, id=8492, stack(0x00000018c1e00000,0x00000018c1f00000)]
  0x0000017d79360800 JavaThread "Daemon health stats" [_thread_blocked, id=1932, stack(0x00000018c2100000,0x00000018c2200000)]
  0x0000017d78fe7800 JavaThread "Incoming local TCP Connector on port 55064" [_thread_in_native, id=5268, stack(0x00000018c2400000,0x00000018c2500000)]
  0x0000017d7798f800 JavaThread "Daemon periodic checks" [_thread_blocked, id=8436, stack(0x00000018c2500000,0x00000018c2600000)]
  0x0000017d79658800 JavaThread "Daemon" [_thread_blocked, id=11008, stack(0x00000018c2600000,0x00000018c2700000)]
  0x0000017d77cbe800 JavaThread "Handler for socket connection from /127.0.0.1:55064 to /127.0.0.1:55065" [_thread_in_native, id=11616, stack(0x00000018c2700000,0x00000018c2800000)]
  0x0000017d77884000 JavaThread "Cancel handler" [_thread_blocked, id=7540, stack(0x00000018c2800000,0x00000018c2900000)]
  0x0000017d77885000 JavaThread "Daemon worker" [_thread_blocked, id=4592, stack(0x00000018c2900000,0x00000018c2a00000)]
  0x0000017d77987800 JavaThread "Asynchronous log dispatcher for DefaultDaemonConnection: socket connection from /127.0.0.1:55064 to /127.0.0.1:55065" [_thread_blocked, id=6572, stack(0x00000018c2a00000,0x00000018c2b00000)]
  0x0000017d7912d000 JavaThread "Stdin handler" [_thread_blocked, id=9592, stack(0x00000018c2b00000,0x00000018c2c00000)]
  0x0000017d791a9000 JavaThread "Thread-8" [_thread_blocked, id=6308, stack(0x00000018c2c00000,0x00000018c2d00000)]
  0x0000017d791aa000 JavaThread "Cache worker for file hash cache (C:\Users\Ali Usman\.gradle\caches\6.7.1\fileHashes)" [_thread_blocked, id=12084, stack(0x00000018c2f00000,0x00000018c3000000)]
  0x0000017d791a7800 JavaThread "File lock request listener" [_thread_in_native, id=6868, stack(0x00000018c3000000,0x00000018c3100000)]
  0x0000017d791aa800 JavaThread "Cache worker for journal cache (C:\Users\Ali Usman\.gradle\caches\journal-1)" [_thread_blocked, id=8868, stack(0x00000018c3100000,0x00000018c3200000)]
  0x0000017d791ab800 JavaThread "Cache worker for file hash cache (C:\Users\Ali Usman\AndroidStudioProjects\BaseArchitectureProject\.gradle\6.7.1\fileHashes)" [_thread_blocked, id=6168, stack(0x00000018c3200000,0x00000018c3300000)]
  0x0000017d791ac000 JavaThread "Cache worker for checksums cache (C:\Users\Ali Usman\AndroidStudioProjects\BaseArchitectureProject\.gradle\checksums)" [_thread_blocked, id=1924, stack(0x00000018c3300000,0x00000018c3400000)]
  0x0000017d791ad000 JavaThread "Cache worker for cache directory md-supplier (C:\Users\Ali Usman\.gradle\caches\6.7.1\md-supplier)" [_thread_blocked, id=4712, stack(0x00000018c3400000,0x00000018c3500000)]
  0x0000017d791ae000 JavaThread "Cache worker for cache directory md-rule (C:\Users\Ali Usman\.gradle\caches\6.7.1\md-rule)" [_thread_blocked, id=11316, stack(0x00000018c3500000,0x00000018c3600000)]
  0x0000017d791a8000 JavaThread "Cache worker for execution history cache (C:\Users\Ali Usman\.gradle\caches\6.7.1\executionHistory)" [_thread_blocked, id=32, stack(0x00000018c3600000,0x00000018c3700000)]
  0x0000017d7985c800 JavaThread "jar transforms" [_thread_blocked, id=8780, stack(0x00000018c3700000,0x00000018c3800000)]
  0x0000017d79858800 JavaThread "Cache worker for file content cache (C:\Users\Ali Usman\.gradle\caches\6.7.1\fileContent)" [_thread_blocked, id=7504, stack(0x00000018c3800000,0x00000018c3900000)]
  0x0000017d7985f000 JavaThread "Cache worker for Build Output Cleanup Cache (C:\Users\Ali Usman\AndroidStudioProjects\BaseArchitectureProject\.gradle\buildOutputCleanup)" [_thread_blocked, id=9028, stack(0x00000018c3900000,0x00000018c3a00000)]
  0x0000017d7985a000 JavaThread "Build operations" [_thread_blocked, id=4856, stack(0x00000018c3b00000,0x00000018c3c00000)]
  0x0000017d7985b000 JavaThread "Build operations Thread 2" [_thread_blocked, id=1644, stack(0x00000018c3c00000,0x00000018c3d00000)]
  0x0000017d7985d800 JavaThread "Build operations Thread 3" [_thread_blocked, id=5084, stack(0x00000018c3d00000,0x00000018c3e00000)]
  0x0000017d79859000 JavaThread "Build operations Thread 4" [_thread_blocked, id=9476, stack(0x00000018c3e00000,0x00000018c3f00000)]
  0x0000017d79860800 JavaThread "jar transforms Thread 2" [_thread_blocked, id=1912, stack(0x00000018c3f00000,0x00000018c4000000)]
  0x0000017d79864800 JavaThread "jar transforms Thread 3" [_thread_blocked, id=7344, stack(0x00000018c4000000,0x00000018c4100000)]
  0x0000017d79862000 JavaThread "jar transforms Thread 4" [_thread_blocked, id=11704, stack(0x00000018c4100000,0x00000018c4200000)]
  0x0000017d79863000 JavaThread "jar transforms Thread 5" [_thread_blocked, id=10492, stack(0x00000018c4200000,0x00000018c4300000)]
  0x0000017d79864000 JavaThread "jar transforms Thread 6" [_thread_blocked, id=2340, stack(0x00000018c4300000,0x00000018c4400000)]
  0x0000017d79865800 JavaThread "jar transforms Thread 7" [_thread_blocked, id=1452, stack(0x00000018c4400000,0x00000018c4500000)]
  0x0000017d79861800 JavaThread "jar transforms Thread 8" [_thread_blocked, id=7096, stack(0x00000018c4500000,0x00000018c4600000)]
  0x0000017d79860000 JavaThread "jar transforms Thread 9" [_thread_blocked, id=344, stack(0x00000018c4600000,0x00000018c4700000)]
  0x0000017d79866800 JavaThread "jar transforms Thread 10" [_thread_blocked, id=3208, stack(0x00000018c4700000,0x00000018c4800000)]
  0x0000017d79867000 JavaThread "jar transforms Thread 11" [_thread_blocked, id=9468, stack(0x00000018c4800000,0x00000018c4900000)]
  0x0000017d79a90000 JavaThread "jar transforms Thread 12" [_thread_blocked, id=8888, stack(0x00000018c4900000,0x00000018c4a00000)]
  0x0000017d79a92800 JavaThread "jar transforms Thread 13" [_thread_blocked, id=2152, stack(0x00000018c4a00000,0x00000018c4b00000)]
  0x0000017d79a8d800 JavaThread "jar transforms Thread 14" [_thread_blocked, id=7264, stack(0x00000018c4b00000,0x00000018c4c00000)]
  0x0000017d79a8e800 JavaThread "jar transforms Thread 15" [_thread_blocked, id=9148, stack(0x00000018c4c00000,0x00000018c4d00000)]
  0x0000017d79a8d000 JavaThread "jar transforms Thread 16" [_thread_blocked, id=10516, stack(0x00000018c4d00000,0x00000018c4e00000)]
  0x0000017d79a8f800 JavaThread "jar transforms Thread 17" [_thread_blocked, id=12184, stack(0x00000018c4e00000,0x00000018c4f00000)]
  0x0000017d79a93800 JavaThread "jar transforms Thread 18" [_thread_blocked, id=3116, stack(0x00000018c4f00000,0x00000018c5000000)]
  0x0000017d79a94000 JavaThread "jar transforms Thread 19" [_thread_blocked, id=10156, stack(0x00000018c5000000,0x00000018c5100000)]
  0x0000017d79a96000 JavaThread "jar transforms Thread 20" [_thread_blocked, id=8572, stack(0x00000018c5100000,0x00000018c5200000)]
  0x0000017d79a95000 JavaThread "jar transforms Thread 21" [_thread_blocked, id=4528, stack(0x00000018c5200000,0x00000018c5300000)]
  0x0000017d79a96800 JavaThread "jar transforms Thread 22" [_thread_blocked, id=6556, stack(0x00000018c5300000,0x00000018c5400000)]
  0x0000017d79a92000 JavaThread "jar transforms Thread 23" [_thread_blocked, id=5664, stack(0x00000018c5400000,0x00000018c5500000)]
  0x0000017d79a91000 JavaThread "jar transforms Thread 24" [_thread_blocked, id=6676, stack(0x00000018c5500000,0x00000018c5600000)]
  0x0000017d79a98800 JavaThread "jar transforms Thread 25" [_thread_blocked, id=5980, stack(0x00000018c5600000,0x00000018c5700000)]
  0x0000017d79a99000 JavaThread "jar transforms Thread 26" [_thread_blocked, id=3832, stack(0x00000018c5700000,0x00000018c5800000)]
  0x0000017d79a97800 JavaThread "jar transforms Thread 27" [_thread_blocked, id=11216, stack(0x00000018c5800000,0x00000018c5900000)]
  0x0000017d79a9a000 JavaThread "jar transforms Thread 28" [_thread_blocked, id=7432, stack(0x00000018c5900000,0x00000018c5a00000)]
  0x0000017d79a9a800 JavaThread "jar transforms Thread 29" [_thread_blocked, id=940, stack(0x00000018c5a00000,0x00000018c5b00000)]
  0x0000017d79a9b800 JavaThread "jar transforms Thread 30" [_thread_blocked, id=11444, stack(0x00000018c5b00000,0x00000018c5c00000)]
  0x0000017d77abe000 JavaThread "jar transforms Thread 31" [_thread_blocked, id=12228, stack(0x00000018c5c00000,0x00000018c5d00000)]
  0x0000017d77abc800 JavaThread "jar transforms Thread 32" [_thread_blocked, id=4144, stack(0x00000018c5d00000,0x00000018c5e00000)]
  0x0000017d77abb000 JavaThread "jar transforms Thread 33" [_thread_blocked, id=10196, stack(0x00000018c5e00000,0x00000018c5f00000)]
  0x0000017d77abd800 JavaThread "jar transforms Thread 34" [_thread_blocked, id=8248, stack(0x00000018c5f00000,0x00000018c6000000)]
  0x0000017d77ab8800 JavaThread "jar transforms Thread 35" [_thread_blocked, id=916, stack(0x00000018c6000000,0x00000018c6100000)]
  0x0000017d77abb800 JavaThread "jar transforms Thread 36" [_thread_blocked, id=6816, stack(0x00000018c6100000,0x00000018c6200000)]
  0x0000017d77ab9000 JavaThread "jar transforms Thread 37" [_thread_blocked, id=2544, stack(0x00000018c6200000,0x00000018c6300000)]
  0x0000017d77abf800 JavaThread "jar transforms Thread 38" [_thread_blocked, id=9224, stack(0x00000018c6300000,0x00000018c6400000)]
  0x0000017d77abf000 JavaThread "jar transforms Thread 39" [_thread_blocked, id=6624, stack(0x00000018c6400000,0x00000018c6500000)]
  0x0000017d77aba000 JavaThread "jar transforms Thread 40" [_thread_blocked, id=2804, stack(0x00000018c6500000,0x00000018c6600000)]
  0x0000017d77ac1800 JavaThread "jar transforms Thread 41" [_thread_blocked, id=3684, stack(0x00000018c6600000,0x00000018c6700000)]
  0x0000017d77ac6800 JavaThread "jar transforms Thread 42" [_thread_blocked, id=6548, stack(0x00000018c6700000,0x00000018c6800000)]
  0x0000017d77ac3000 JavaThread "jar transforms Thread 43" [_thread_blocked, id=7856, stack(0x00000018c6800000,0x00000018c6900000)]
  0x0000017d77ac0800 JavaThread "jar transforms Thread 44" [_thread_blocked, id=536, stack(0x00000018c6900000,0x00000018c6a00000)]
  0x0000017d77ac5800 JavaThread "jar transforms Thread 45" [_thread_blocked, id=11572, stack(0x00000018c6a00000,0x00000018c6b00000)]
  0x0000017d77ac2000 JavaThread "jar transforms Thread 46" [_thread_blocked, id=10640, stack(0x00000018c6b00000,0x00000018c6c00000)]
  0x0000017d77ac4000 JavaThread "jar transforms Thread 47" [_thread_blocked, id=5784, stack(0x00000018c6c00000,0x00000018c6d00000)]
  0x0000017d77ac4800 JavaThread "jar transforms Thread 48" [_thread_blocked, id=7232, stack(0x00000018c6d00000,0x00000018c6e00000)]
  0x0000017d77ac7000 JavaThread "jar transforms Thread 49" [_thread_blocked, id=12188, stack(0x00000018c6e00000,0x00000018c6f00000)]
  0x0000017d77b14800 JavaThread "jar transforms Thread 50" [_thread_blocked, id=12008, stack(0x00000018c6f00000,0x00000018c7000000)]
  0x0000017d77b17800 JavaThread "jar transforms Thread 51" [_thread_blocked, id=1300, stack(0x00000018c7000000,0x00000018c7100000)]
  0x0000017d77b16000 JavaThread "jar transforms Thread 52" [_thread_blocked, id=7376, stack(0x00000018c7100000,0x00000018c7200000)]
  0x0000017d77b15000 JavaThread "jar transforms Thread 53" [_thread_blocked, id=3860, stack(0x00000018c7200000,0x00000018c7300000)]
  0x0000017d77b1c800 JavaThread "jar transforms Thread 54" [_thread_blocked, id=10960, stack(0x00000018c7300000,0x00000018c7400000)]
  0x0000017d77b19000 JavaThread "jar transforms Thread 55" [_thread_blocked, id=1356, stack(0x00000018c7400000,0x00000018c7500000)]
  0x0000017d77b1a000 JavaThread "jar transforms Thread 56" [_thread_blocked, id=2420, stack(0x00000018c7500000,0x00000018c7600000)]
  0x0000017d77b17000 JavaThread "jar transforms Thread 57" [_thread_blocked, id=7964, stack(0x00000018c7600000,0x00000018c7700000)]
  0x0000017d77b1d800 JavaThread "jar transforms Thread 58" [_thread_blocked, id=3892, stack(0x00000018c7700000,0x00000018c7800000)]
  0x0000017d77b1b000 JavaThread "jar transforms Thread 59" [_thread_blocked, id=3700, stack(0x00000018c7800000,0x00000018c7900000)]
  0x0000017d77b1b800 JavaThread "jar transforms Thread 60" [_thread_blocked, id=8820, stack(0x00000018c7900000,0x00000018c7a00000)]
  0x0000017d77b1e000 JavaThread "jar transforms Thread 61" [_thread_blocked, id=7192, stack(0x00000018c7a00000,0x00000018c7b00000)]
  0x0000017d77b18800 JavaThread "jar transforms Thread 62" [_thread_blocked, id=5180, stack(0x00000018c7b00000,0x00000018c7c00000)]
  0x0000017d77b21800 JavaThread "jar transforms Thread 63" [_thread_blocked, id=10636, stack(0x00000018c7c00000,0x00000018c7d00000)]
  0x0000017d77b20800 JavaThread "jar transforms Thread 64" [_thread_blocked, id=7008, stack(0x00000018c7d00000,0x00000018c7e00000)]
  0x0000017d77b1f000 JavaThread "jar transforms Thread 65" [_thread_blocked, id=244, stack(0x00000018c7e00000,0x00000018c7f00000)]
  0x0000017d77b22000 JavaThread "jar transforms Thread 66" [_thread_blocked, id=6140, stack(0x00000018c7f00000,0x00000018c8000000)]
  0x0000017d77b23000 JavaThread "jar transforms Thread 67" [_thread_blocked, id=7772, stack(0x00000018c8000000,0x00000018c8100000)]
  0x0000017d77b1f800 JavaThread "jar transforms Thread 68" [_thread_blocked, id=8432, stack(0x00000018c8100000,0x00000018c8200000)]
  0x0000017d7a3a7800 JavaThread "jar transforms Thread 69" [_thread_blocked, id=10300, stack(0x00000018c8200000,0x00000018c8300000)]
  0x0000017d7a3a8800 JavaThread "jar transforms Thread 70" [_thread_blocked, id=10236, stack(0x00000018c8300000,0x00000018c8400000)]
  0x0000017d7a3ab000 JavaThread "jar transforms Thread 71" [_thread_blocked, id=10724, stack(0x00000018c8400000,0x00000018c8500000)]
  0x0000017d7a3a9000 JavaThread "jar transforms Thread 72" [_thread_blocked, id=11304, stack(0x00000018c8500000,0x00000018c8600000)]
  0x0000017d7a3a7000 JavaThread "jar transforms Thread 73" [_thread_blocked, id=9536, stack(0x00000018c8600000,0x00000018c8700000)]
  0x0000017d7a3aa000 JavaThread "jar transforms Thread 74" [_thread_blocked, id=11136, stack(0x00000018c8700000,0x00000018c8800000)]
  0x0000017d7a3a5000 JavaThread "jar transforms Thread 75" [_thread_blocked, id=6516, stack(0x00000018c8800000,0x00000018c8900000)]
  0x0000017d7a3ab800 JavaThread "jar transforms Thread 76" [_thread_blocked, id=5932, stack(0x00000018c8900000,0x00000018c8a00000)]
  0x0000017d7a3a6000 JavaThread "jar transforms Thread 77" [_thread_blocked, id=2516, stack(0x00000018c8a00000,0x00000018c8b00000)]
  0x0000017d7a3b2000 JavaThread "jar transforms Thread 78" [_thread_blocked, id=10852, stack(0x00000018c8b00000,0x00000018c8c00000)]
  0x0000017d7a3af000 JavaThread "jar transforms Thread 79" [_thread_blocked, id=3368, stack(0x00000018c8c00000,0x00000018c8d00000)]
  0x0000017d7a3b1800 JavaThread "jar transforms Thread 80" [_thread_blocked, id=1988, stack(0x00000018c8d00000,0x00000018c8e00000)]
  0x0000017d7a3b0000 JavaThread "jar transforms Thread 81" [_thread_blocked, id=1020, stack(0x00000018c8e00000,0x00000018c8f00000)]
  0x0000017d7a3ac800 JavaThread "jar transforms Thread 82" [_thread_blocked, id=1968, stack(0x00000018c8f00000,0x00000018c9000000)]
  0x0000017d7a3b3000 JavaThread "jar transforms Thread 83" [_thread_blocked, id=9116, stack(0x00000018c9000000,0x00000018c9100000)]
  0x0000017d7a3b0800 JavaThread "jar transforms Thread 84" [_thread_blocked, id=9092, stack(0x00000018c9100000,0x00000018c9200000)]
  0x0000017d7a3ad800 JavaThread "jar transforms Thread 85" [_thread_blocked, id=3100, stack(0x00000018c9200000,0x00000018c9300000)]
  0x0000017d7a3ae000 JavaThread "jar transforms Thread 86" [_thread_blocked, id=2968, stack(0x00000018c9300000,0x00000018c9400000)]
  0x0000017d7a3b4000 JavaThread "jar transforms Thread 87" [_thread_blocked, id=7060, stack(0x00000018c9400000,0x00000018c9500000)]
  0x0000017d79e50000 JavaThread "jar transforms Thread 88" [_thread_blocked, id=5956, stack(0x00000018c9500000,0x00000018c9600000)]
  0x0000017d79e4e800 JavaThread "jar transforms Thread 89" [_thread_blocked, id=2468, stack(0x00000018c9600000,0x00000018c9700000)]
  0x0000017d79e4b000 JavaThread "jar transforms Thread 90" [_thread_blocked, id=9732, stack(0x00000018c9700000,0x00000018c9800000)]
  0x0000017d79e4d800 JavaThread "jar transforms Thread 91" [_thread_blocked, id=284, stack(0x00000018c9800000,0x00000018c9900000)]
  0x0000017d79e51000 JavaThread "jar transforms Thread 92" [_thread_blocked, id=4744, stack(0x00000018c9900000,0x00000018c9a00000)]
  0x0000017d79e52000 JavaThread "jar transforms Thread 93" [_thread_blocked, id=9204, stack(0x00000018c9a00000,0x00000018c9b00000)]
  0x0000017d79e4c000 JavaThread "jar transforms Thread 94" [_thread_blocked, id=8200, stack(0x00000018c9b00000,0x00000018c9c00000)]
  0x0000017d79e4d000 JavaThread "jar transforms Thread 95" [_thread_blocked, id=7568, stack(0x00000018c9c00000,0x00000018c9d00000)]
  0x0000017d79e4f800 JavaThread "jar transforms Thread 96" [_thread_blocked, id=2020, stack(0x00000018c9d00000,0x00000018c9e00000)]
  0x0000017d79e53800 JavaThread "jar transforms Thread 97" [_thread_blocked, id=10552, stack(0x00000018c9e00000,0x00000018c9f00000)]
  0x0000017d79e54000 JavaThread "jar transforms Thread 98" [_thread_blocked, id=3672, stack(0x00000018c9f00000,0x00000018ca000000)]
  0x0000017d79e55000 JavaThread "jar transforms Thread 99" [_thread_blocked, id=11384, stack(0x00000018ca000000,0x00000018ca100000)]
  0x0000017d79e58800 JavaThread "jar transforms Thread 100" [_thread_blocked, id=11692, stack(0x00000018ca100000,0x00000018ca200000)]
  0x0000017d79e57800 JavaThread "jar transforms Thread 101" [_thread_blocked, id=7740, stack(0x00000018ca200000,0x00000018ca300000)]
  0x0000017d79e52800 JavaThread "jar transforms Thread 102" [_thread_blocked, id=3032, stack(0x00000018ca300000,0x00000018ca400000)]
  0x0000017d79e59000 JavaThread "jar transforms Thread 103" [_thread_blocked, id=11556, stack(0x00000018ca400000,0x00000018ca500000)]
  0x0000017d79e5a000 JavaThread "jar transforms Thread 104" [_thread_blocked, id=7076, stack(0x00000018ca500000,0x00000018ca600000)]
  0x0000017d79e56000 JavaThread "jar transforms Thread 105" [_thread_blocked, id=6332, stack(0x00000018ca600000,0x00000018ca700000)]
  0x0000017d79e56800 JavaThread "jar transforms Thread 106" [_thread_blocked, id=12156, stack(0x00000018ca700000,0x00000018ca800000)]
  0x0000017d79963000 JavaThread "jar transforms Thread 107" [_thread_blocked, id=11188, stack(0x00000018ca800000,0x00000018ca900000)]
  0x0000017d79962000 JavaThread "jar transforms Thread 108" [_thread_blocked, id=4564, stack(0x00000018ca900000,0x00000018caa00000)]
  0x0000017d79966000 JavaThread "jar transforms Thread 109" [_thread_blocked, id=2564, stack(0x00000018caa00000,0x00000018cab00000)]
  0x0000017d79964800 JavaThread "jar transforms Thread 110" [_thread_blocked, id=7796, stack(0x00000018cab00000,0x00000018cac00000)]
  0x0000017d79965800 JavaThread "jar transforms Thread 111" [_thread_blocked, id=5684, stack(0x00000018cac00000,0x00000018cad00000)]
  0x0000017d79963800 JavaThread "jar transforms Thread 112" [_thread_blocked, id=896, stack(0x00000018cad00000,0x00000018cae00000)]
  0x0000017d79967000 JavaThread "jar transforms Thread 113" [_thread_blocked, id=12028, stack(0x00000018cae00000,0x00000018caf00000)]
  0x0000017d79961000 JavaThread "jar transforms Thread 114" [_thread_blocked, id=9512, stack(0x00000018caf00000,0x00000018cb000000)]
  0x0000017d7996d800 JavaThread "jar transforms Thread 115" [_thread_blocked, id=7260, stack(0x00000018cb000000,0x00000018cb100000)]
  0x0000017d79969800 JavaThread "jar transforms Thread 116" [_thread_blocked, id=6520, stack(0x00000018cb100000,0x00000018cb200000)]
  0x0000017d7996a000 JavaThread "jar transforms Thread 117" [_thread_blocked, id=8836, stack(0x00000018cb200000,0x00000018cb300000)]
  0x0000017d7996c800 JavaThread "jar transforms Thread 118" [_thread_blocked, id=10812, stack(0x00000018cb300000,0x00000018cb400000)]
  0x0000017d79967800 JavaThread "jar transforms Thread 119" [_thread_blocked, id=2972, stack(0x00000018cb400000,0x00000018cb500000)]
  0x0000017d7996b000 JavaThread "jar transforms Thread 120" [_thread_blocked, id=8624, stack(0x00000018cb500000,0x00000018cb600000)]
  0x0000017d7996c000 JavaThread "jar transforms Thread 121" [_thread_blocked, id=6716, stack(0x00000018cb600000,0x00000018cb700000)]
  0x0000017d7996e000 JavaThread "jar transforms Thread 122" [_thread_blocked, id=10656, stack(0x00000018cb700000,0x00000018cb800000)]
  0x0000017d79968800 JavaThread "jar transforms Thread 123" [_thread_blocked, id=7372, stack(0x00000018cb800000,0x00000018cb900000)]
  0x0000017d7996f000 JavaThread "jar transforms Thread 124" [_thread_blocked, id=3752, stack(0x00000018cb900000,0x00000018cba00000)]
  0x0000017d79970000 JavaThread "jar transforms Thread 125" [_thread_blocked, id=1472, stack(0x00000018cba00000,0x00000018cbb00000)]
  0x0000017d79100800 JavaThread "jar transforms Thread 126" [_thread_blocked, id=1468, stack(0x00000018cbb00000,0x00000018cbc00000)]
  0x0000017d790fe800 JavaThread "jar transforms Thread 127" [_thread_blocked, id=11664, stack(0x00000018cbc00000,0x00000018cbd00000)]
  0x0000017d79102800 JavaThread "Memory manager" [_thread_blocked, id=6004, stack(0x00000018cbd00000,0x00000018cbe00000)]
  0x0000017d79104000 JavaThread "build event listener" [_thread_blocked, id=8732, stack(0x00000018c0c00000,0x00000018c0d00000)]
  0x0000017d79100000 JavaThread "build event listener" [_thread_blocked, id=5464, stack(0x00000018c0d00000,0x00000018c0e00000)]
  0x0000017d79105000 JavaThread "Execution worker for ':'" [_thread_blocked, id=5008, stack(0x00000018c0e00000,0x00000018c0f00000)]
  0x0000017d790ff000 JavaThread "Execution worker for ':' Thread 2" [_thread_in_native, id=2976, stack(0x00000018cbe00000,0x00000018cbf00000)]
  0x0000017d79105800 JavaThread "Execution worker for ':' Thread 3" [_thread_blocked, id=8684, stack(0x00000018cbf00000,0x00000018cc000000)]
  0x0000017d79106800 JavaThread "Cache worker for execution history cache (C:\Users\Ali Usman\AndroidStudioProjects\BaseArchitectureProject\.gradle\6.7.1\executionHistory)" [_thread_blocked, id=11496, stack(0x00000018cc000000,0x00000018cc100000)]
  0x0000017d79101800 JavaThread "RMI Scheduler(0)" daemon [_thread_blocked, id=9084, stack(0x00000018c3a00000,0x00000018c3b00000)]
  0x0000017d79109000 JavaThread "RMI RenewClean-[127.0.0.1:17234,org.jetbrains.kotlin.daemon.common.LoopbackNetworkInterface$ClientLoopbackSocketFactory@5cc58640]" daemon [_thread_blocked, id=10216, stack(0x00000018cc100000,0x00000018cc200000)]
  0x0000017d7910d000 JavaThread "RMI GC Daemon" daemon [_thread_blocked, id=6384, stack(0x00000018cc200000,0x00000018cc300000)]
  0x0000017d79108000 JavaThread "RMI TCP Accept-0" daemon [_thread_in_native, id=3768, stack(0x00000018cc300000,0x00000018cc400000)]
  0x0000017d79109800 JavaThread "RMI Reaper" [_thread_blocked, id=7040, stack(0x00000018cc400000,0x00000018cc500000)]
  0x0000017d7910b800 JavaThread "RMI TCP Connection(idle)" daemon [_thread_blocked, id=7396, stack(0x00000018cc500000,0x00000018cc600000)]
  0x0000017d7910c000 JavaThread "Thread-158" [_thread_in_native, id=4796, stack(0x00000018cc600000,0x00000018cc700000)]

Other Threads:
  0x0000017d76e7f800 VMThread "VM Thread" [stack: 0x00000018c1500000,0x00000018c1600000] [id=4616]
  0x0000017d779b0800 WatcherThread [stack: 0x00000018c1f00000,0x00000018c2000000] [id=11604]
  0x0000017d5cba4800 GCTaskThread "GC Thread#0" [stack: 0x00000018c1000000,0x00000018c1100000] [id=6496]
  0x0000017d77a92800 GCTaskThread "GC Thread#1" [stack: 0x00000018c2000000,0x00000018c2100000] [id=10884]
  0x0000017d7823f000 GCTaskThread "GC Thread#2" [stack: 0x00000018c2d00000,0x00000018c2e00000] [id=7292]
  0x0000017d79261000 GCTaskThread "GC Thread#3" [stack: 0x00000018c2e00000,0x00000018c2f00000] [id=6032]
  0x0000017d5cbd5800 ConcurrentGCThread "G1 Main Marker" [stack: 0x00000018c1100000,0x00000018c1200000] [id=2836]
  0x0000017d5cbd7000 ConcurrentGCThread "G1 Conc#0" [stack: 0x00000018c1200000,0x00000018c1300000] [id=5968]
  0x0000017d5cc4c000 ConcurrentGCThread "G1 Refine#0" [stack: 0x00000018c1300000,0x00000018c1400000] [id=9248]
  0x0000017d5cc4d000 ConcurrentGCThread "G1 Young RemSet Sampling" [stack: 0x00000018c1400000,0x00000018c1500000] [id=9164]

Threads with active compile tasks:
C2 CompilerThread0  89891 11908       4       org.gradle.internal.logging.console.BuildLogLevelFilterRenderer::onOutput (53 bytes)

VM state:not at safepoint (normal execution)

VM Mutex/Monitor currently owned by a thread: None

Heap address: 0x0000000080000000, size: 2048 MB, Compressed Oops mode: 32-bit
Narrow klass base: 0x0000000000000000, Narrow klass shift: 3
Compressed class space size: 1073741824 Address: 0x0000000100000000

Heap:
 garbage-first heap   total 206848K, used 137951K [0x0000000080000000, 0x0000000100000000)
  region size 1024K, 42 young (43008K), 4 survivors (4096K)
 Metaspace       used 91678K, capacity 94084K, committed 94204K, reserved 1130496K
  class space    used 11791K, capacity 12666K, committed 12672K, reserved 1048576K
Heap Regions: E=young(eden), S=young(survivor), O=old, HS=humongous(starts), HC=humongous(continues), CS=collection set, F=free, A=archive, TAMS=top-at-mark-start (previous, next)
|   0|0x0000000080000000, 0x0000000080100000, 0x0000000080100000|100%| O|  |TAMS 0x0000000080100000, 0x0000000080000000| Untracked 
|   1|0x0000000080100000, 0x0000000080200000, 0x0000000080200000|100%| O|  |TAMS 0x0000000080200000, 0x0000000080100000| Untracked 
|   2|0x0000000080200000, 0x0000000080300000, 0x0000000080300000|100%| O|  |TAMS 0x0000000080300000, 0x0000000080200000| Untracked 
|   3|0x0000000080300000, 0x0000000080400000, 0x0000000080400000|100%|HS|  |TAMS 0x0000000080400000, 0x0000000080300000| Complete 
|   4|0x0000000080400000, 0x0000000080500000, 0x0000000080500000|100%|HC|  |TAMS 0x0000000080500000, 0x0000000080400000| Complete 
|   5|0x0000000080500000, 0x0000000080600000, 0x0000000080600000|100%|HC|  |TAMS 0x0000000080600000, 0x0000000080500000| Complete 
|   6|0x0000000080600000, 0x0000000080700000, 0x0000000080700000|100%| O|  |TAMS 0x0000000080700000, 0x0000000080600000| Untracked 
|   7|0x0000000080700000, 0x0000000080800000, 0x0000000080800000|100%| O|  |TAMS 0x0000000080800000, 0x0000000080700000| Untracked 
|   8|0x0000000080800000, 0x0000000080900000, 0x0000000080900000|100%| O|  |TAMS 0x0000000080900000, 0x0000000080800000| Untracked 
|   9|0x0000000080900000, 0x0000000080a00000, 0x0000000080a00000|100%| O|  |TAMS 0x0000000080a00000, 0x0000000080900000| Untracked 
|  10|0x0000000080a00000, 0x0000000080b00000, 0x0000000080b00000|100%| O|  |TAMS 0x0000000080b00000, 0x0000000080a00000| Untracked 
|  11|0x0000000080b00000, 0x0000000080c00000, 0x0000000080c00000|100%| O|  |TAMS 0x0000000080c00000, 0x0000000080b00000| Untracked 
|  12|0x0000000080c00000, 0x0000000080d00000, 0x0000000080d00000|100%| O|  |TAMS 0x0000000080d00000, 0x0000000080c00000| Untracked 
|  13|0x0000000080d00000, 0x0000000080e00000, 0x0000000080e00000|100%| O|  |TAMS 0x0000000080e00000, 0x0000000080d00000| Untracked 
|  14|0x0000000080e00000, 0x0000000080f00000, 0x0000000080f00000|100%| O|  |TAMS 0x0000000080f00000, 0x0000000080e00000| Untracked 
|  15|0x0000000080f00000, 0x0000000081000000, 0x0000000081000000|100%| O|  |TAMS 0x0000000081000000, 0x0000000080f00000| Untracked 
|  16|0x0000000081000000, 0x0000000081100000, 0x0000000081100000|100%| O|  |TAMS 0x0000000081100000, 0x0000000081000000| Untracked 
|  17|0x0000000081100000, 0x0000000081200000, 0x0000000081200000|100%| O|  |TAMS 0x0000000081200000, 0x0000000081100000| Untracked 
|  18|0x0000000081200000, 0x0000000081300000, 0x0000000081300000|100%| O|  |TAMS 0x0000000081300000, 0x0000000081200000| Untracked 
|  19|0x0000000081300000, 0x0000000081400000, 0x0000000081400000|100%| O|  |TAMS 0x0000000081400000, 0x0000000081300000| Untracked 
|  20|0x0000000081400000, 0x0000000081500000, 0x0000000081500000|100%| O|  |TAMS 0x0000000081500000, 0x0000000081400000| Untracked 
|  21|0x0000000081500000, 0x0000000081600000, 0x0000000081600000|100%|HS|  |TAMS 0x0000000081600000, 0x0000000081500000| Complete 
|  22|0x0000000081600000, 0x0000000081700000, 0x0000000081700000|100%| O|  |TAMS 0x0000000081700000, 0x0000000081600000| Untracked 
|  23|0x0000000081700000, 0x0000000081800000, 0x0000000081800000|100%| O|  |TAMS 0x0000000081800000, 0x0000000081700000| Untracked 
|  24|0x0000000081800000, 0x0000000081900000, 0x0000000081900000|100%| O|  |TAMS 0x0000000081900000, 0x0000000081800000| Untracked 
|  25|0x0000000081900000, 0x0000000081a00000, 0x0000000081a00000|100%| O|  |TAMS 0x0000000081a00000, 0x0000000081900000| Untracked 
|  26|0x0000000081a00000, 0x0000000081b00000, 0x0000000081b00000|100%| O|  |TAMS 0x0000000081b00000, 0x0000000081a00000| Untracked 
|  27|0x0000000081b00000, 0x0000000081c00000, 0x0000000081c00000|100%| O|  |TAMS 0x0000000081c00000, 0x0000000081b00000| Untracked 
|  28|0x0000000081c00000, 0x0000000081d00000, 0x0000000081d00000|100%|HS|  |TAMS 0x0000000081d00000, 0x0000000081c00000| Complete 
|  29|0x0000000081d00000, 0x0000000081e00000, 0x0000000081e00000|100%|HC|  |TAMS 0x0000000081e00000, 0x0000000081d00000| Complete 
|  30|0x0000000081e00000, 0x0000000081f00000, 0x0000000081f00000|100%|HC|  |TAMS 0x0000000081f00000, 0x0000000081e00000| Complete 
|  31|0x0000000081f00000, 0x0000000082000000, 0x0000000082000000|100%|HS|  |TAMS 0x0000000082000000, 0x0000000081f00000| Complete 
|  32|0x0000000082000000, 0x0000000082100000, 0x0000000082100000|100%|HC|  |TAMS 0x0000000082100000, 0x0000000082000000| Complete 
|  33|0x0000000082100000, 0x0000000082200000, 0x0000000082200000|100%| O|  |TAMS 0x0000000082200000, 0x0000000082100000| Untracked 
|  34|0x0000000082200000, 0x0000000082300000, 0x0000000082300000|100%| O|  |TAMS 0x0000000082300000, 0x0000000082200000| Untracked 
|  35|0x0000000082300000, 0x0000000082400000, 0x0000000082400000|100%| O|  |TAMS 0x0000000082400000, 0x0000000082300000| Untracked 
|  36|0x0000000082400000, 0x0000000082500000, 0x0000000082500000|100%| O|  |TAMS 0x0000000082500000, 0x0000000082400000| Untracked 
|  37|0x0000000082500000, 0x0000000082600000, 0x0000000082600000|100%| O|  |TAMS 0x0000000082600000, 0x0000000082500000| Untracked 
|  38|0x0000000082600000, 0x0000000082700000, 0x0000000082700000|100%| O|  |TAMS 0x0000000082700000, 0x0000000082600000| Untracked 
|  39|0x0000000082700000, 0x0000000082800000, 0x0000000082800000|100%| O|  |TAMS 0x0000000082800000, 0x0000000082700000| Untracked 
|  40|0x0000000082800000, 0x0000000082900000, 0x0000000082900000|100%| O|  |TAMS 0x0000000082900000, 0x0000000082800000| Untracked 
|  41|0x0000000082900000, 0x0000000082a00000, 0x0000000082a00000|100%| O|  |TAMS 0x0000000082a00000, 0x0000000082900000| Untracked 
|  42|0x0000000082a00000, 0x0000000082b00000, 0x0000000082b00000|100%| O|  |TAMS 0x0000000082b00000, 0x0000000082a00000| Untracked 
|  43|0x0000000082b00000, 0x0000000082c00000, 0x0000000082c00000|100%| O|  |TAMS 0x0000000082c00000, 0x0000000082b00000| Untracked 
|  44|0x0000000082c00000, 0x0000000082d00000, 0x0000000082d00000|100%| O|  |TAMS 0x0000000082d00000, 0x0000000082c00000| Untracked 
|  45|0x0000000082d00000, 0x0000000082e00000, 0x0000000082e00000|100%| O|  |TAMS 0x0000000082e00000, 0x0000000082d00000| Untracked 
|  46|0x0000000082e00000, 0x0000000082f00000, 0x0000000082f00000|100%| O|  |TAMS 0x0000000082f00000, 0x0000000082e00000| Untracked 
|  47|0x0000000082f00000, 0x0000000083000000, 0x0000000083000000|100%| O|  |TAMS 0x0000000083000000, 0x0000000082f00000| Untracked 
|  48|0x0000000083000000, 0x0000000083100000, 0x0000000083100000|100%| O|  |TAMS 0x0000000083100000, 0x0000000083000000| Untracked 
|  49|0x0000000083100000, 0x0000000083200000, 0x0000000083200000|100%| O|  |TAMS 0x0000000083200000, 0x0000000083100000| Untracked 
|  50|0x0000000083200000, 0x0000000083300000, 0x0000000083300000|100%| O|  |TAMS 0x0000000083300000, 0x0000000083200000| Untracked 
|  51|0x0000000083300000, 0x0000000083400000, 0x0000000083400000|100%| O|  |TAMS 0x0000000083400000, 0x0000000083300000| Untracked 
|  52|0x0000000083400000, 0x0000000083500000, 0x0000000083500000|100%| O|  |TAMS 0x0000000083500000, 0x0000000083400000| Untracked 
|  53|0x0000000083500000, 0x0000000083600000, 0x0000000083600000|100%| O|  |TAMS 0x0000000083600000, 0x0000000083500000| Untracked 
|  54|0x0000000083600000, 0x0000000083700000, 0x0000000083700000|100%| O|  |TAMS 0x0000000083700000, 0x0000000083600000| Untracked 
|  55|0x0000000083700000, 0x0000000083800000, 0x0000000083800000|100%| O|  |TAMS 0x0000000083800000, 0x0000000083700000| Untracked 
|  56|0x0000000083800000, 0x0000000083900000, 0x0000000083900000|100%| O|  |TAMS 0x0000000083900000, 0x0000000083800000| Untracked 
|  57|0x0000000083900000, 0x0000000083a00000, 0x0000000083a00000|100%| O|  |TAMS 0x0000000083a00000, 0x0000000083900000| Untracked 
|  58|0x0000000083a00000, 0x0000000083b00000, 0x0000000083b00000|100%| O|  |TAMS 0x0000000083b00000, 0x0000000083a00000| Untracked 
|  59|0x0000000083b00000, 0x0000000083c00000, 0x0000000083c00000|100%| O|  |TAMS 0x0000000083c00000, 0x0000000083b00000| Untracked 
|  60|0x0000000083c00000, 0x0000000083d00000, 0x0000000083d00000|100%| O|  |TAMS 0x0000000083d00000, 0x0000000083c00000| Untracked 
|  61|0x0000000083d00000, 0x0000000083e00000, 0x0000000083e00000|100%| O|  |TAMS 0x0000000083e00000, 0x0000000083d00000| Untracked 
|  62|0x0000000083e00000, 0x0000000083f00000, 0x0000000083f00000|100%| O|  |TAMS 0x0000000083f00000, 0x0000000083e00000| Untracked 
|  63|0x0000000083f00000, 0x0000000084000000, 0x0000000084000000|100%| O|  |TAMS 0x0000000084000000, 0x0000000083f00000| Untracked 
|  64|0x0000000084000000, 0x0000000084100000, 0x0000000084100000|100%| O|  |TAMS 0x0000000084100000, 0x0000000084000000| Untracked 
|  65|0x0000000084100000, 0x0000000084200000, 0x0000000084200000|100%| O|  |TAMS 0x0000000084200000, 0x0000000084100000| Untracked 
|  66|0x0000000084200000, 0x0000000084300000, 0x0000000084300000|100%| O|  |TAMS 0x0000000084300000, 0x0000000084200000| Untracked 
|  67|0x0000000084300000, 0x0000000084400000, 0x0000000084400000|100%| O|  |TAMS 0x0000000084400000, 0x0000000084300000| Untracked 
|  68|0x0000000084400000, 0x0000000084500000, 0x0000000084500000|100%| O|  |TAMS 0x0000000084500000, 0x0000000084400000| Untracked 
|  69|0x0000000084500000, 0x0000000084600000, 0x0000000084600000|100%| O|  |TAMS 0x0000000084600000, 0x0000000084500000| Untracked 
|  70|0x0000000084600000, 0x0000000084700000, 0x0000000084700000|100%| O|  |TAMS 0x0000000084700000, 0x0000000084600000| Untracked 
|  71|0x0000000084700000, 0x0000000084800000, 0x0000000084800000|100%| O|  |TAMS 0x0000000084800000, 0x0000000084700000| Untracked 
|  72|0x0000000084800000, 0x0000000084900000, 0x0000000084900000|100%| O|  |TAMS 0x0000000084900000, 0x0000000084800000| Untracked 
|  73|0x0000000084900000, 0x0000000084a00000, 0x0000000084a00000|100%| O|  |TAMS 0x0000000084a00000, 0x0000000084900000| Untracked 
|  74|0x0000000084a00000, 0x0000000084b00000, 0x0000000084b00000|100%| O|  |TAMS 0x0000000084b00000, 0x0000000084a00000| Untracked 
|  75|0x0000000084b00000, 0x0000000084c00000, 0x0000000084c00000|100%| O|  |TAMS 0x0000000084c00000, 0x0000000084b00000| Untracked 
|  76|0x0000000084c00000, 0x0000000084d00000, 0x0000000084d00000|100%| O|  |TAMS 0x0000000084d00000, 0x0000000084c00000| Untracked 
|  77|0x0000000084d00000, 0x0000000084e00000, 0x0000000084e00000|100%| O|  |TAMS 0x0000000084e00000, 0x0000000084d00000| Untracked 
|  78|0x0000000084e00000, 0x0000000084f00000, 0x0000000084f00000|100%| O|  |TAMS 0x0000000084f00000, 0x0000000084e00000| Untracked 
|  79|0x0000000084f00000, 0x0000000085000000, 0x0000000085000000|100%| O|  |TAMS 0x0000000085000000, 0x0000000084f00000| Untracked 
|  80|0x0000000085000000, 0x0000000085100000, 0x0000000085100000|100%| O|  |TAMS 0x0000000085100000, 0x0000000085000000| Untracked 
|  81|0x0000000085100000, 0x0000000085200000, 0x0000000085200000|100%| O|  |TAMS 0x0000000085200000, 0x0000000085100000| Untracked 
|  82|0x0000000085200000, 0x0000000085300000, 0x0000000085300000|100%| O|  |TAMS 0x0000000085300000, 0x0000000085200000| Untracked 
|  83|0x0000000085300000, 0x0000000085400000, 0x0000000085400000|100%| O|  |TAMS 0x0000000085400000, 0x0000000085300000| Untracked 
|  84|0x0000000085400000, 0x0000000085500000, 0x0000000085500000|100%| O|  |TAMS 0x0000000085500000, 0x0000000085400000| Untracked 
|  85|0x0000000085500000, 0x0000000085600000, 0x0000000085600000|100%| O|  |TAMS 0x0000000085600000, 0x0000000085500000| Untracked 
|  86|0x0000000085600000, 0x0000000085700000, 0x0000000085700000|100%| O|  |TAMS 0x0000000085681c00, 0x0000000085600000| Untracked 
|  87|0x0000000085700000, 0x0000000085800000, 0x0000000085800000|100%| O|  |TAMS 0x0000000085700000, 0x0000000085700000| Untracked 
|  88|0x0000000085800000, 0x0000000085900000, 0x0000000085900000|100%| O|  |TAMS 0x0000000085800000, 0x0000000085800000| Untracked 
|  89|0x0000000085900000, 0x0000000085a00000, 0x0000000085a00000|100%| O|  |TAMS 0x0000000085900000, 0x0000000085900000| Untracked 
|  90|0x0000000085a00000, 0x0000000085b00000, 0x0000000085b00000|100%| O|  |TAMS 0x0000000085a00000, 0x0000000085a00000| Untracked 
|  91|0x0000000085b00000, 0x0000000085c00000, 0x0000000085c00000|100%| O|  |TAMS 0x0000000085b00000, 0x0000000085b00000| Untracked 
|  92|0x0000000085c00000, 0x0000000085d00000, 0x0000000085d00000|100%| O|  |TAMS 0x0000000085c00000, 0x0000000085c00000| Untracked 
|  93|0x0000000085d00000, 0x0000000085e00000, 0x0000000085e00000|100%| O|  |TAMS 0x0000000085d00000, 0x0000000085d00000| Untracked 
|  94|0x0000000085e00000, 0x0000000085eb7e00, 0x0000000085f00000| 71%| O|  |TAMS 0x0000000085e00000, 0x0000000085e00000| Untracked 
|  95|0x0000000085f00000, 0x0000000085f00000, 0x0000000086000000|  0%| F|  |TAMS 0x0000000085f00000, 0x0000000085f00000| Untracked 
|  96|0x0000000086000000, 0x0000000086000000, 0x0000000086100000|  0%| F|  |TAMS 0x0000000086000000, 0x0000000086000000| Untracked 
|  97|0x0000000086100000, 0x0000000086100000, 0x0000000086200000|  0%| F|  |TAMS 0x0000000086100000, 0x0000000086100000| Untracked 
|  98|0x0000000086200000, 0x0000000086200000, 0x0000000086300000|  0%| F|  |TAMS 0x0000000086200000, 0x0000000086200000| Untracked 
|  99|0x0000000086300000, 0x0000000086300000, 0x0000000086400000|  0%| F|  |TAMS 0x0000000086300000, 0x0000000086300000| Untracked 
| 100|0x0000000086400000, 0x0000000086400000, 0x0000000086500000|  0%| F|  |TAMS 0x0000000086400000, 0x0000000086400000| Untracked 
| 101|0x0000000086500000, 0x0000000086500000, 0x0000000086600000|  0%| F|  |TAMS 0x0000000086500000, 0x0000000086500000| Untracked 
| 102|0x0000000086600000, 0x0000000086600000, 0x0000000086700000|  0%| F|  |TAMS 0x0000000086600000, 0x0000000086600000| Untracked 
| 103|0x0000000086700000, 0x0000000086700000, 0x0000000086800000|  0%| F|  |TAMS 0x0000000086700000, 0x0000000086700000| Untracked 
| 104|0x0000000086800000, 0x0000000086800000, 0x0000000086900000|  0%| F|  |TAMS 0x0000000086800000, 0x0000000086800000| Untracked 
| 105|0x0000000086900000, 0x0000000086900000, 0x0000000086a00000|  0%| F|  |TAMS 0x0000000086900000, 0x0000000086900000| Untracked 
| 106|0x0000000086a00000, 0x0000000086a00000, 0x0000000086b00000|  0%| F|  |TAMS 0x0000000086a00000, 0x0000000086a00000| Untracked 
| 107|0x0000000086b00000, 0x0000000086b00000, 0x0000000086c00000|  0%| F|  |TAMS 0x0000000086b00000, 0x0000000086b00000| Untracked 
| 108|0x0000000086c00000, 0x0000000086c00000, 0x0000000086d00000|  0%| F|  |TAMS 0x0000000086c00000, 0x0000000086c00000| Untracked 
| 109|0x0000000086d00000, 0x0000000086d00000, 0x0000000086e00000|  0%| F|  |TAMS 0x0000000086d00000, 0x0000000086d00000| Untracked 
| 110|0x0000000086e00000, 0x0000000086e00000, 0x0000000086f00000|  0%| F|  |TAMS 0x0000000086e00000, 0x0000000086e00000| Untracked 
| 111|0x0000000086f00000, 0x0000000086f00000, 0x0000000087000000|  0%| F|  |TAMS 0x0000000086f00000, 0x0000000086f00000| Untracked 
| 112|0x0000000087000000, 0x0000000087000000, 0x0000000087100000|  0%| F|  |TAMS 0x0000000087000000, 0x0000000087000000| Untracked 
| 113|0x0000000087100000, 0x0000000087100000, 0x0000000087200000|  0%| F|  |TAMS 0x0000000087100000, 0x0000000087100000| Untracked 
| 114|0x0000000087200000, 0x0000000087200000, 0x0000000087300000|  0%| F|  |TAMS 0x0000000087200000, 0x0000000087200000| Untracked 
| 115|0x0000000087300000, 0x0000000087300000, 0x0000000087400000|  0%| F|  |TAMS 0x0000000087300000, 0x0000000087300000| Untracked 
| 116|0x0000000087400000, 0x0000000087400000, 0x0000000087500000|  0%| F|  |TAMS 0x0000000087400000, 0x0000000087400000| Untracked 
| 117|0x0000000087500000, 0x0000000087500000, 0x0000000087600000|  0%| F|  |TAMS 0x0000000087500000, 0x0000000087500000| Untracked 
| 118|0x0000000087600000, 0x0000000087600000, 0x0000000087700000|  0%| F|  |TAMS 0x0000000087600000, 0x0000000087600000| Untracked 
| 119|0x0000000087700000, 0x0000000087700000, 0x0000000087800000|  0%| F|  |TAMS 0x0000000087700000, 0x0000000087700000| Untracked 
| 120|0x0000000087800000, 0x0000000087800000, 0x0000000087900000|  0%| F|  |TAMS 0x0000000087800000, 0x0000000087800000| Untracked 
| 121|0x0000000087900000, 0x0000000087900000, 0x0000000087a00000|  0%| F|  |TAMS 0x0000000087900000, 0x0000000087900000| Untracked 
| 122|0x0000000087a00000, 0x0000000087a00000, 0x0000000087b00000|  0%| F|  |TAMS 0x0000000087a00000, 0x0000000087a00000| Untracked 
| 123|0x0000000087b00000, 0x0000000087b00000, 0x0000000087c00000|  0%| F|  |TAMS 0x0000000087b00000, 0x0000000087b00000| Untracked 
| 124|0x0000000087c00000, 0x0000000087c00000, 0x0000000087d00000|  0%| F|  |TAMS 0x0000000087c00000, 0x0000000087c00000| Untracked 
| 125|0x0000000087d00000, 0x0000000087d00000, 0x0000000087e00000|  0%| F|  |TAMS 0x0000000087d00000, 0x0000000087d00000| Untracked 
| 126|0x0000000087e00000, 0x0000000087e00000, 0x0000000087f00000|  0%| F|  |TAMS 0x0000000087e00000, 0x0000000087e00000| Untracked 
| 127|0x0000000087f00000, 0x0000000087f00000, 0x0000000088000000|  0%| F|  |TAMS 0x0000000087f00000, 0x0000000087f00000| Untracked 
| 128|0x0000000088000000, 0x0000000088000000, 0x0000000088100000|  0%| F|  |TAMS 0x0000000088000000, 0x0000000088000000| Untracked 
| 129|0x0000000088100000, 0x0000000088100000, 0x0000000088200000|  0%| F|  |TAMS 0x0000000088100000, 0x0000000088100000| Untracked 
| 130|0x0000000088200000, 0x0000000088200000, 0x0000000088300000|  0%| F|  |TAMS 0x0000000088200000, 0x0000000088200000| Untracked 
| 131|0x0000000088300000, 0x0000000088300000, 0x0000000088400000|  0%| F|  |TAMS 0x0000000088300000, 0x0000000088300000| Untracked 
| 132|0x0000000088400000, 0x0000000088400000, 0x0000000088500000|  0%| F|  |TAMS 0x0000000088400000, 0x0000000088400000| Untracked 
| 133|0x0000000088500000, 0x0000000088500000, 0x0000000088600000|  0%| F|  |TAMS 0x0000000088500000, 0x0000000088500000| Untracked 
| 134|0x0000000088600000, 0x0000000088700000, 0x0000000088700000|100%| S|CS|TAMS 0x0000000088600000, 0x0000000088600000| Complete 
| 135|0x0000000088700000, 0x0000000088800000, 0x0000000088800000|100%| S|CS|TAMS 0x0000000088700000, 0x0000000088700000| Complete 
| 136|0x0000000088800000, 0x0000000088900000, 0x0000000088900000|100%| S|CS|TAMS 0x0000000088800000, 0x0000000088800000| Complete 
| 137|0x0000000088900000, 0x0000000088a00000, 0x0000000088a00000|100%| S|CS|TAMS 0x0000000088900000, 0x0000000088900000| Complete 
| 138|0x0000000088a00000, 0x0000000088a00000, 0x0000000088b00000|  0%| F|  |TAMS 0x0000000088a00000, 0x0000000088a00000| Untracked 
| 139|0x0000000088b00000, 0x0000000088b00000, 0x0000000088c00000|  0%| F|  |TAMS 0x0000000088b00000, 0x0000000088b00000| Untracked 
| 140|0x0000000088c00000, 0x0000000088c00000, 0x0000000088d00000|  0%| F|  |TAMS 0x0000000088c00000, 0x0000000088c00000| Untracked 
| 141|0x0000000088d00000, 0x0000000088d00000, 0x0000000088e00000|  0%| F|  |TAMS 0x0000000088d00000, 0x0000000088d00000| Untracked 
| 142|0x0000000088e00000, 0x0000000088e00000, 0x0000000088f00000|  0%| F|  |TAMS 0x0000000088e00000, 0x0000000088e00000| Untracked 
| 143|0x0000000088f00000, 0x0000000088f00000, 0x0000000089000000|  0%| F|  |TAMS 0x0000000088f00000, 0x0000000088f00000| Untracked 
| 144|0x0000000089000000, 0x0000000089000000, 0x0000000089100000|  0%| F|  |TAMS 0x0000000089000000, 0x0000000089000000| Untracked 
| 145|0x0000000089100000, 0x0000000089100000, 0x0000000089200000|  0%| F|  |TAMS 0x0000000089100000, 0x0000000089100000| Untracked 
| 146|0x0000000089200000, 0x0000000089200000, 0x0000000089300000|  0%| F|  |TAMS 0x0000000089200000, 0x0000000089200000| Untracked 
| 147|0x0000000089300000, 0x0000000089300000, 0x0000000089400000|  0%| F|  |TAMS 0x0000000089300000, 0x0000000089300000| Untracked 
| 148|0x0000000089400000, 0x0000000089400000, 0x0000000089500000|  0%| F|  |TAMS 0x0000000089400000, 0x0000000089400000| Untracked 
| 149|0x0000000089500000, 0x0000000089500000, 0x0000000089600000|  0%| F|  |TAMS 0x0000000089500000, 0x0000000089500000| Untracked 
| 150|0x0000000089600000, 0x0000000089600000, 0x0000000089700000|  0%| F|  |TAMS 0x0000000089600000, 0x0000000089600000| Untracked 
| 151|0x0000000089700000, 0x0000000089700000, 0x0000000089800000|  0%| F|  |TAMS 0x0000000089700000, 0x0000000089700000| Untracked 
| 152|0x0000000089800000, 0x0000000089800000, 0x0000000089900000|  0%| F|  |TAMS 0x0000000089800000, 0x0000000089800000| Untracked 
| 153|0x0000000089900000, 0x0000000089900000, 0x0000000089a00000|  0%| F|  |TAMS 0x0000000089900000, 0x0000000089900000| Untracked 
| 154|0x0000000089a00000, 0x0000000089a00000, 0x0000000089b00000|  0%| F|  |TAMS 0x0000000089a00000, 0x0000000089a00000| Untracked 
| 155|0x0000000089b00000, 0x0000000089b00000, 0x0000000089c00000|  0%| F|  |TAMS 0x0000000089b00000, 0x0000000089b00000| Untracked 
| 156|0x0000000089c00000, 0x0000000089c00000, 0x0000000089d00000|  0%| F|  |TAMS 0x0000000089c00000, 0x0000000089c00000| Untracked 
| 157|0x0000000089d00000, 0x0000000089d00000, 0x0000000089e00000|  0%| F|  |TAMS 0x0000000089d00000, 0x0000000089d00000| Untracked 
| 158|0x0000000089e00000, 0x0000000089e00000, 0x0000000089f00000|  0%| F|  |TAMS 0x0000000089e00000, 0x0000000089e00000| Untracked 
| 159|0x0000000089f00000, 0x0000000089f00000, 0x000000008a000000|  0%| F|  |TAMS 0x0000000089f00000, 0x0000000089f00000| Untracked 
| 160|0x000000008a000000, 0x000000008a000000, 0x000000008a100000|  0%| F|  |TAMS 0x000000008a000000, 0x000000008a000000| Untracked 
| 161|0x000000008a100000, 0x000000008a100000, 0x000000008a200000|  0%| F|  |TAMS 0x000000008a100000, 0x000000008a100000| Untracked 
| 162|0x000000008a200000, 0x000000008a200000, 0x000000008a300000|  0%| F|  |TAMS 0x000000008a200000, 0x000000008a200000| Untracked 
| 163|0x000000008a300000, 0x000000008a300000, 0x000000008a400000|  0%| F|  |TAMS 0x000000008a300000, 0x000000008a300000| Untracked 
| 164|0x000000008a400000, 0x000000008a442708, 0x000000008a500000| 25%| E|  |TAMS 0x000000008a400000, 0x000000008a400000| Complete 
| 165|0x000000008a500000, 0x000000008a600000, 0x000000008a600000|100%| E|CS|TAMS 0x000000008a500000, 0x000000008a500000| Complete 
| 166|0x000000008a600000, 0x000000008a700000, 0x000000008a700000|100%| E|CS|TAMS 0x000000008a600000, 0x000000008a600000| Complete 
| 167|0x000000008a700000, 0x000000008a800000, 0x000000008a800000|100%| E|CS|TAMS 0x000000008a700000, 0x000000008a700000| Complete 
| 168|0x000000008a800000, 0x000000008a900000, 0x000000008a900000|100%| E|CS|TAMS 0x000000008a800000, 0x000000008a800000| Complete 
| 169|0x000000008a900000, 0x000000008aa00000, 0x000000008aa00000|100%| E|CS|TAMS 0x000000008a900000, 0x000000008a900000| Complete 
| 170|0x000000008aa00000, 0x000000008ab00000, 0x000000008ab00000|100%| E|CS|TAMS 0x000000008aa00000, 0x000000008aa00000| Complete 
| 171|0x000000008ab00000, 0x000000008ac00000, 0x000000008ac00000|100%| E|CS|TAMS 0x000000008ab00000, 0x000000008ab00000| Complete 
| 172|0x000000008ac00000, 0x000000008ad00000, 0x000000008ad00000|100%| E|CS|TAMS 0x000000008ac00000, 0x000000008ac00000| Complete 
| 173|0x000000008ad00000, 0x000000008ae00000, 0x000000008ae00000|100%| E|CS|TAMS 0x000000008ad00000, 0x000000008ad00000| Complete 
| 174|0x000000008ae00000, 0x000000008af00000, 0x000000008af00000|100%| E|CS|TAMS 0x000000008ae00000, 0x000000008ae00000| Complete 
| 175|0x000000008af00000, 0x000000008b000000, 0x000000008b000000|100%| E|CS|TAMS 0x000000008af00000, 0x000000008af00000| Complete 
| 176|0x000000008b000000, 0x000000008b100000, 0x000000008b100000|100%| E|CS|TAMS 0x000000008b000000, 0x000000008b000000| Complete 
| 177|0x000000008b100000, 0x000000008b200000, 0x000000008b200000|100%| E|CS|TAMS 0x000000008b100000, 0x000000008b100000| Complete 
| 178|0x000000008b200000, 0x000000008b300000, 0x000000008b300000|100%| E|CS|TAMS 0x000000008b200000, 0x000000008b200000| Complete 
| 179|0x000000008b300000, 0x000000008b400000, 0x000000008b400000|100%| E|CS|TAMS 0x000000008b300000, 0x000000008b300000| Complete 
| 180|0x000000008b400000, 0x000000008b500000, 0x000000008b500000|100%| E|CS|TAMS 0x000000008b400000, 0x000000008b400000| Complete 
| 181|0x000000008b500000, 0x000000008b600000, 0x000000008b600000|100%| E|CS|TAMS 0x000000008b500000, 0x000000008b500000| Complete 
| 182|0x000000008b600000, 0x000000008b700000, 0x000000008b700000|100%| E|CS|TAMS 0x000000008b600000, 0x000000008b600000| Complete 
| 183|0x000000008b700000, 0x000000008b800000, 0x000000008b800000|100%| E|CS|TAMS 0x000000008b700000, 0x000000008b700000| Complete 
| 184|0x000000008b800000, 0x000000008b900000, 0x000000008b900000|100%| E|CS|TAMS 0x000000008b800000, 0x000000008b800000| Complete 
| 185|0x000000008b900000, 0x000000008ba00000, 0x000000008ba00000|100%| E|CS|TAMS 0x000000008b900000, 0x000000008b900000| Complete 
| 186|0x000000008ba00000, 0x000000008bb00000, 0x000000008bb00000|100%| E|CS|TAMS 0x000000008ba00000, 0x000000008ba00000| Complete 
| 187|0x000000008bb00000, 0x000000008bc00000, 0x000000008bc00000|100%| E|CS|TAMS 0x000000008bb00000, 0x000000008bb00000| Complete 
| 188|0x000000008bc00000, 0x000000008bd00000, 0x000000008bd00000|100%| E|CS|TAMS 0x000000008bc00000, 0x000000008bc00000| Complete 
| 189|0x000000008bd00000, 0x000000008be00000, 0x000000008be00000|100%| E|  |TAMS 0x000000008bd00000, 0x000000008bd00000| Complete 
| 190|0x000000008be00000, 0x000000008bf00000, 0x000000008bf00000|100%| E|CS|TAMS 0x000000008be00000, 0x000000008be00000| Complete 
| 191|0x000000008bf00000, 0x000000008c000000, 0x000000008c000000|100%| E|CS|TAMS 0x000000008bf00000, 0x000000008bf00000| Complete 
| 192|0x000000008c000000, 0x000000008c100000, 0x000000008c100000|100%| E|CS|TAMS 0x000000008c000000, 0x000000008c000000| Complete 
| 193|0x000000008c100000, 0x000000008c200000, 0x000000008c200000|100%| E|CS|TAMS 0x000000008c100000, 0x000000008c100000| Complete 
| 194|0x000000008c200000, 0x000000008c300000, 0x000000008c300000|100%| E|CS|TAMS 0x000000008c200000, 0x000000008c200000| Complete 
| 195|0x000000008c300000, 0x000000008c400000, 0x000000008c400000|100%| E|CS|TAMS 0x000000008c300000, 0x000000008c300000| Complete 
| 196|0x000000008c400000, 0x000000008c500000, 0x000000008c500000|100%| E|CS|TAMS 0x000000008c400000, 0x000000008c400000| Complete 
| 197|0x000000008c500000, 0x000000008c600000, 0x000000008c600000|100%| E|CS|TAMS 0x000000008c500000, 0x000000008c500000| Complete 
| 198|0x000000008c600000, 0x000000008c700000, 0x000000008c700000|100%| E|CS|TAMS 0x000000008c600000, 0x000000008c600000| Complete 
| 199|0x000000008c700000, 0x000000008c800000, 0x000000008c800000|100%| E|CS|TAMS 0x000000008c700000, 0x000000008c700000| Complete 
| 200|0x000000008c800000, 0x000000008c900000, 0x000000008c900000|100%| E|CS|TAMS 0x000000008c800000, 0x000000008c800000| Complete 
| 201|0x000000008c900000, 0x000000008ca00000, 0x000000008ca00000|100%| E|CS|TAMS 0x000000008c900000, 0x000000008c900000| Complete 

Card table byte_map: [0x0000017d700b0000,0x0000017d704b0000] _byte_map_base: 0x0000017d6fcb0000

Marking Bits (Prev, Next): (CMBitMap*) 0x0000017d5cbccce0, (CMBitMap*) 0x0000017d5cbccca8
 Prev Bits: [0x0000017d728b0000, 0x0000017d748b0000)
 Next Bits: [0x0000017d708b0000, 0x0000017d728b0000)

Polling page: 0x0000017d5b180000

Metaspace:

Usage:
  Non-class:     79.51 MB capacity,    78.01 MB ( 98%) used,     1.26 MB (  2%) free+waste,   236.88 KB ( <1%) overhead. 
      Class:     12.37 MB capacity,    11.52 MB ( 93%) used,   768.08 KB (  6%) free+waste,   106.00 KB ( <1%) overhead. 
       Both:     91.88 MB capacity,    89.53 MB ( 97%) used,     2.01 MB (  2%) free+waste,   342.88 KB ( <1%) overhead. 

Virtual space:
  Non-class space:       80.00 MB reserved,      79.62 MB (>99%) committed 
      Class space:        1.00 GB reserved,      12.38 MB (  1%) committed 
             Both:        1.08 GB reserved,      92.00 MB (  8%) committed 

Chunk freelists:
   Non-Class:  50.00 KB
       Class:  0 bytes
        Both:  50.00 KB

MaxMetaspaceSize: 17179869184.00 GB
CompressedClassSpaceSize: 1.00 GB

CodeHeap 'non-profiled nmethods': size=120064Kb used=7567Kb max_used=7567Kb free=112496Kb
 bounds [0x0000017d68150000, 0x0000017d688c0000, 0x0000017d6f690000]
CodeHeap 'profiled nmethods': size=120000Kb used=26070Kb max_used=26070Kb free=93929Kb
 bounds [0x0000017d60c20000, 0x0000017d625a0000, 0x0000017d68150000]
CodeHeap 'non-nmethods': size=5696Kb used=2294Kb max_used=2324Kb free=3402Kb
 bounds [0x0000017d60690000, 0x0000017d60900000, 0x0000017d60c20000]
 total_blobs=12760 nmethods=11863 adapters=808
 compilation: enabled
              stopped_count=0, restarted_count=0
 full_count=0

Compilation events (20 events):
Event: 86.907 Thread 0x0000017d76eba800 11899       3       org.apache.groovy.io.StringBuilderWriter::write (16 bytes)
Event: 86.907 Thread 0x0000017d76eba800 nmethod 11899 0x0000017d62590510 code [0x0000017d625906e0, 0x0000017d625908a8]
Event: 86.924 Thread 0x0000017d76eac000 nmethod 11897 0x0000017d688ae190 code [0x0000017d688ae340, 0x0000017d688aeb08]
Event: 86.924 Thread 0x0000017d76eac000 11900       4       java.lang.AbstractStringBuilder::append (33 bytes)
Event: 86.946 Thread 0x0000017d76eba800 11903       3       java.io.BufferedReader::ensureOpen (18 bytes)
Event: 86.947 Thread 0x0000017d76eba800 nmethod 11903 0x0000017d62590990 code [0x0000017d62590b60, 0x0000017d62590d68]
Event: 86.947 Thread 0x0000017d76eac000 nmethod 11900 0x0000017d688aef10 code [0x0000017d688af0c0, 0x0000017d688af888]
Event: 86.948 Thread 0x0000017d76eac000 11901   !   4       java.io.Writer::write (52 bytes)
Event: 86.969 Thread 0x0000017d76eac000 nmethod 11901 0x0000017d688afc90 code [0x0000017d688afe60, 0x0000017d688b0928]
Event: 86.970 Thread 0x0000017d76eac000 11902       4       org.apache.groovy.io.StringBuilderWriter::write (16 bytes)
Event: 86.995 Thread 0x0000017d76eac000 nmethod 11902 0x0000017d688b0e90 code [0x0000017d688b1040, 0x0000017d688b18e8]
Event: 87.519 Thread 0x0000017d76eba800 11904   !   3       java.lang.Class::newInstance (160 bytes)
Event: 87.521 Thread 0x0000017d76eba800 nmethod 11904 0x0000017d62590e10 code [0x0000017d625911e0, 0x0000017d62592968]
Event: 88.521 Thread 0x0000017d76eac000 11905       4       java.util.concurrent.locks.AbstractQueuedSynchronizer$ConditionObject::awaitNanos (181 bytes)
Event: 88.568 Thread 0x0000017d76eac000 nmethod 11905 0x0000017d688b1d90 code [0x0000017d688b1fc0, 0x0000017d688b3290]
Event: 89.354 Thread 0x0000017d76eba800 11906       1       org.gradle.launcher.daemon.server.health.gc.GarbageCollectionEvent::getUsage (5 bytes)
Event: 89.354 Thread 0x0000017d76eba800 nmethod 11906 0x0000017d688b3c10 code [0x0000017d688b3dc0, 0x0000017d688b3e78]
Event: 89.810 Thread 0x0000017d76eba800 11907   !   3       java.io.BufferedReader::readLine (304 bytes)
Event: 89.810 Thread 0x0000017d76eac000 11908       4       org.gradle.internal.logging.console.BuildLogLevelFilterRenderer::onOutput (53 bytes)
Event: 89.813 Thread 0x0000017d76eba800 nmethod 11907 0x0000017d62593390 code [0x0000017d62593700, 0x0000017d62594ec8]

GC Heap History (20 events):
Event: 67.364 GC heap before
{Heap before GC invocations=41 (full 0):
 garbage-first heap   total 143360K, used 106041K [0x0000000080000000, 0x0000000100000000)
  region size 1024K, 31 young (31744K), 3 survivors (3072K)
 Metaspace       used 82858K, capacity 85029K, committed 85372K, reserved 1124352K
  class space    used 10674K, capacity 11393K, committed 11520K, reserved 1048576K
}
Event: 67.376 GC heap after
{Heap after GC invocations=42 (full 0):
 garbage-first heap   total 143360K, used 81680K [0x0000000080000000, 0x0000000100000000)
  region size 1024K, 4 young (4096K), 4 survivors (4096K)
 Metaspace       used 82858K, capacity 85029K, committed 85372K, reserved 1124352K
  class space    used 10674K, capacity 11393K, committed 11520K, reserved 1048576K
}
Event: 68.074 GC heap before
{Heap before GC invocations=43 (full 0):
 garbage-first heap   total 143360K, used 109328K [0x0000000080000000, 0x0000000100000000)
  region size 1024K, 32 young (32768K), 4 survivors (4096K)
 Metaspace       used 82965K, capacity 85094K, committed 85372K, reserved 1124352K
  class space    used 10673K, capacity 11392K, committed 11520K, reserved 1048576K
}
Event: 68.084 GC heap after
{Heap after GC invocations=44 (full 0):
 garbage-first heap   total 143360K, used 84292K [0x0000000080000000, 0x0000000100000000)
  region size 1024K, 4 young (4096K), 4 survivors (4096K)
 Metaspace       used 82965K, capacity 85094K, committed 85372K, reserved 1124352K
  class space    used 10673K, capacity 11392K, committed 11520K, reserved 1048576K
}
Event: 68.592 GC heap before
{Heap before GC invocations=44 (full 0):
 garbage-first heap   total 143360K, used 110916K [0x0000000080000000, 0x0000000100000000)
  region size 1024K, 31 young (31744K), 4 survivors (4096K)
 Metaspace       used 83107K, capacity 85239K, committed 85372K, reserved 1124352K
  class space    used 10673K, capacity 11392K, committed 11520K, reserved 1048576K
}
Event: 68.600 GC heap after
{Heap after GC invocations=45 (full 0):
 garbage-first heap   total 143360K, used 86448K [0x0000000080000000, 0x0000000100000000)
  region size 1024K, 4 young (4096K), 4 survivors (4096K)
 Metaspace       used 83107K, capacity 85239K, committed 85372K, reserved 1124352K
  class space    used 10673K, capacity 11392K, committed 11520K, reserved 1048576K
}
Event: 69.280 GC heap before
{Heap before GC invocations=46 (full 0):
 garbage-first heap   total 143360K, used 114096K [0x0000000080000000, 0x0000000100000000)
  region size 1024K, 31 young (31744K), 4 survivors (4096K)
 Metaspace       used 83141K, capacity 85271K, committed 85628K, reserved 1124352K
  class space    used 10654K, capacity 11354K, committed 11520K, reserved 1048576K
}
Event: 69.291 GC heap after
{Heap after GC invocations=47 (full 0):
 garbage-first heap   total 172032K, used 88351K [0x0000000080000000, 0x0000000100000000)
  region size 1024K, 4 young (4096K), 4 survivors (4096K)
 Metaspace       used 83141K, capacity 85271K, committed 85628K, reserved 1124352K
  class space    used 10654K, capacity 11354K, committed 11520K, reserved 1048576K
}
Event: 69.452 GC heap before
{Heap before GC invocations=47 (full 0):
 garbage-first heap   total 172032K, used 95519K [0x0000000080000000, 0x0000000100000000)
  region size 1024K, 13 young (13312K), 4 survivors (4096K)
 Metaspace       used 83194K, capacity 85316K, committed 85628K, reserved 1124352K
  class space    used 10657K, capacity 11388K, committed 11520K, reserved 1048576K
}
Event: 69.461 GC heap after
{Heap after GC invocations=48 (full 0):
 garbage-first heap   total 172032K, used 88815K [0x0000000080000000, 0x0000000100000000)
  region size 1024K, 4 young (4096K), 4 survivors (4096K)
 Metaspace       used 83194K, capacity 85316K, committed 85628K, reserved 1124352K
  class space    used 10657K, capacity 11388K, committed 11520K, reserved 1048576K
}
Event: 70.979 GC heap before
{Heap before GC invocations=49 (full 0):
 garbage-first heap   total 172032K, used 131823K [0x0000000080000000, 0x0000000100000000)
  region size 1024K, 47 young (48128K), 4 survivors (4096K)
 Metaspace       used 83658K, capacity 85829K, committed 86140K, reserved 1124352K
  class space    used 10702K, capacity 11461K, committed 11520K, reserved 1048576K
}
Event: 70.995 GC heap after
{Heap after GC invocations=50 (full 0):
 garbage-first heap   total 172032K, used 90516K [0x0000000080000000, 0x0000000100000000)
  region size 1024K, 5 young (5120K), 5 survivors (5120K)
 Metaspace       used 83658K, capacity 85829K, committed 86140K, reserved 1124352K
  class space    used 10702K, capacity 11461K, committed 11520K, reserved 1048576K
}
Event: 71.769 GC heap before
{Heap before GC invocations=50 (full 0):
 garbage-first heap   total 172032K, used 133524K [0x0000000080000000, 0x0000000100000000)
  region size 1024K, 48 young (49152K), 5 survivors (5120K)
 Metaspace       used 83806K, capacity 86028K, committed 86140K, reserved 1124352K
  class space    used 10716K, capacity 11474K, committed 11520K, reserved 1048576K
}
Event: 71.786 GC heap after
{Heap after GC invocations=51 (full 0):
 garbage-first heap   total 172032K, used 93703K [0x0000000080000000, 0x0000000100000000)
  region size 1024K, 5 young (5120K), 5 survivors (5120K)
 Metaspace       used 83806K, capacity 86028K, committed 86140K, reserved 1124352K
  class space    used 10716K, capacity 11474K, committed 11520K, reserved 1048576K
}
Event: 72.434 GC heap before
{Heap before GC invocations=52 (full 0):
 garbage-first heap   total 172032K, used 136711K [0x0000000080000000, 0x0000000100000000)
  region size 1024K, 47 young (48128K), 5 survivors (5120K)
 Metaspace       used 83807K, capacity 86028K, committed 86140K, reserved 1124352K
  class space    used 10717K, capacity 11474K, committed 11520K, reserved 1048576K
}
Event: 72.447 GC heap after
{Heap after GC invocations=53 (full 0):
 garbage-first heap   total 206848K, used 95530K [0x0000000080000000, 0x0000000100000000)
  region size 1024K, 4 young (4096K), 4 survivors (4096K)
 Metaspace       used 83807K, capacity 86028K, committed 86140K, reserved 1124352K
  class space    used 10717K, capacity 11474K, committed 11520K, reserved 1048576K
}
Event: 73.465 GC heap before
{Heap before GC invocations=53 (full 0):
 garbage-first heap   total 206848K, used 150826K [0x0000000080000000, 0x0000000100000000)
  region size 1024K, 59 young (60416K), 4 survivors (4096K)
 Metaspace       used 84202K, capacity 86462K, committed 86780K, reserved 1124352K
  class space    used 10778K, capacity 11575K, committed 11648K, reserved 1048576K
}
Event: 73.477 GC heap after
{Heap after GC invocations=54 (full 0):
 garbage-first heap   total 206848K, used 98484K [0x0000000080000000, 0x0000000100000000)
  region size 1024K, 7 young (7168K), 7 survivors (7168K)
 Metaspace       used 84202K, capacity 86462K, committed 86780K, reserved 1124352K
  class space    used 10778K, capacity 11575K, committed 11648K, reserved 1048576K
}
Event: 74.290 GC heap before
{Heap before GC invocations=54 (full 0):
 garbage-first heap   total 206848K, used 155828K [0x0000000080000000, 0x0000000100000000)
  region size 1024K, 64 young (65536K), 7 survivors (7168K)
 Metaspace       used 88483K, capacity 90720K, committed 90876K, reserved 1128448K
  class space    used 11316K, capacity 12119K, committed 12160K, reserved 1048576K
}
Event: 74.303 GC heap after
{Heap after GC invocations=55 (full 0):
 garbage-first heap   total 206848K, used 101087K [0x0000000080000000, 0x0000000100000000)
  region size 1024K, 4 young (4096K), 4 survivors (4096K)
 Metaspace       used 88483K, capacity 90720K, committed 90876K, reserved 1128448K
  class space    used 11316K, capacity 12119K, committed 12160K, reserved 1048576K
}

Deoptimization events (20 events):
Event: 86.890 Thread 0x0000017d790ff000 Uncommon trap: trap_request=0xffffffc6 fr.pc=0x0000017d687fd398 relative=0x0000000000001a18
Event: 86.890 Thread 0x0000017d790ff000 Uncommon trap: reason=bimorphic_or_optimized_type_check action=maybe_recompile pc=0x0000017d687fd398 method=org.gradle.internal.logging.console.BuildLogLevelFilterRenderer.onOutput(Lorg/gradle/internal/logging/events/OutputEvent;)V @ 1 c2
Event: 86.890 Thread 0x0000017d790ff000 DEOPT PACKING pc=0x0000017d687fd398 sp=0x00000018cbefaf50
Event: 86.890 Thread 0x0000017d790ff000 DEOPT UNPACKING pc=0x0000017d606b65af sp=0x00000018cbefaf38 mode 2
Event: 86.892 Thread 0x0000017d790ff000 Uncommon trap: trap_request=0xffffffc6 fr.pc=0x0000017d687fb220 relative=0x00000000000003c0
Event: 86.892 Thread 0x0000017d790ff000 Uncommon trap: reason=bimorphic_or_optimized_type_check action=maybe_recompile pc=0x0000017d687fb220 method=org.gradle.launcher.daemon.server.exec.LogToClient$AsynchronousLogDispatcher$1.isMatchingBuildLogLevel(Lorg/gradle/internal/logging/events/OutputEv
Event: 86.892 Thread 0x0000017d790ff000 DEOPT PACKING pc=0x0000017d687fb220 sp=0x00000018cbefb090
Event: 86.892 Thread 0x0000017d790ff000 DEOPT UNPACKING pc=0x0000017d606b65af sp=0x00000018cbefaff8 mode 2
Event: 86.892 Thread 0x0000017d790ff000 Uncommon trap: trap_request=0xffffffc6 fr.pc=0x0000017d687fd398 relative=0x0000000000001a18
Event: 86.892 Thread 0x0000017d790ff000 Uncommon trap: reason=bimorphic_or_optimized_type_check action=maybe_recompile pc=0x0000017d687fd398 method=org.gradle.internal.logging.console.BuildLogLevelFilterRenderer.onOutput(Lorg/gradle/internal/logging/events/OutputEvent;)V @ 1 c2
Event: 86.892 Thread 0x0000017d790ff000 DEOPT PACKING pc=0x0000017d687fd398 sp=0x00000018cbefb070
Event: 86.892 Thread 0x0000017d790ff000 DEOPT UNPACKING pc=0x0000017d606b65af sp=0x00000018cbefb058 mode 2
Event: 86.902 Thread 0x0000017d790ff000 Uncommon trap: trap_request=0xffffff45 fr.pc=0x0000017d686cc92c relative=0x000000000000146c
Event: 86.902 Thread 0x0000017d790ff000 Uncommon trap: reason=unstable_fused_if action=reinterpret pc=0x0000017d686cc92c method=sun.nio.fs.WindowsPathParser.isLetter(C)Z @ 15 c2
Event: 86.902 Thread 0x0000017d790ff000 DEOPT PACKING pc=0x0000017d686cc92c sp=0x00000018cbefaf10
Event: 86.902 Thread 0x0000017d790ff000 DEOPT UNPACKING pc=0x0000017d606b65af sp=0x00000018cbefae70 mode 2
Event: 89.810 Thread 0x0000017d7910c000 Uncommon trap: trap_request=0xfffffff4 fr.pc=0x0000017d687d2e3c relative=0x000000000000463c
Event: 89.810 Thread 0x0000017d7910c000 Uncommon trap: reason=null_check action=make_not_entrant pc=0x0000017d687d2e3c method=org.gradle.internal.logging.sink.OutputEventTransformer.onOutput(Lorg/gradle/internal/logging/events/OutputEvent;)V @ 358 c2
Event: 89.810 Thread 0x0000017d7910c000 DEOPT PACKING pc=0x0000017d687d2e3c sp=0x00000018cc6fed60
Event: 89.810 Thread 0x0000017d7910c000 DEOPT UNPACKING pc=0x0000017d606b65af sp=0x00000018cc6fed78 mode 2

Classes redefined (0 events):
No events

Internal exceptions (20 events):
Event: 76.567 Thread 0x0000017d790ff000 Exception <a 'java/lang/NoSuchMethodError'{0x000000008aba2208}: 'java.lang.Object java.lang.invoke.DirectMethodHandle$Holder.invokeStatic(java.lang.Object, java.lang.Object, java.lang.Object, java.lang.Object, java.lang.Object, java.lang.Object, java.lang.Object, java.lang.Object, int, int)'> (0x000000008aba2208) thrown at [./src/hotspot/share/interpreter/linkResolver.cpp, line 773]
Event: 76.569 Thread 0x0000017d790ff000 Exception <a 'java/lang/NoSuchMethodError'{0x000000008abbdf10}: 'java.lang.Object java.lang.invoke.DirectMethodHandle$Holder.invokeStatic(java.lang.Object, java.lang.Object, java.lang.Object, java.lang.Object, java.lang.Object, java.lang.Object, java.lang.Object, java.lang.Object, int, int, java.lang.Object)'> (0x000000008abbdf10) thrown at [./src/hotspot/share/interpreter/linkResolver.cpp, line 773]
Event: 76.571 Thread 0x0000017d790ff000 Exception <a 'java/lang/NoSuchMethodError'{0x000000008abdb1e0}: 'java.lang.Object java.lang.invoke.DirectMethodHandle$Holder.invokeStatic(java.lang.Object, java.lang.Object, java.lang.Object, java.lang.Object, java.lang.Object, java.lang.Object, java.lang.Object, java.lang.Object, int, int, java.lang.Object, java.lang.Object)'> (0x000000008abdb1e0) thrown at [./src/hotspot/share/interpreter/linkResolver.cpp, line 773]
Event: 76.585 Thread 0x0000017d790ff000 Exception <a 'java/lang/NoSuchMethodError'{0x000000008aa0df30}: <clinit>> (0x000000008aa0df30) thrown at [./src/hotspot/share/prims/jni.cpp, line 1362]
Event: 76.588 Thread 0x0000017d790ff000 Exception <a 'java/lang/NoSuchMethodError'{0x000000008aa3b278}: <clinit>> (0x000000008aa3b278) thrown at [./src/hotspot/share/prims/jni.cpp, line 1362]
Event: 76.610 Thread 0x0000017d79109000 Exception <a 'java/lang/InterruptedException'{0x000000008aa85688}> (0x000000008aa85688) thrown at [./src/hotspot/share/runtime/objectMonitor.cpp, line 1635]
Event: 76.611 Thread 0x0000017d79109000 Exception <a 'java/lang/NoSuchMethodError'{0x000000008aa8d490}: 'java.lang.Object java.lang.invoke.DirectMethodHandle$Holder.invokeStatic(java.lang.Object, java.lang.Object, int, java.lang.Object, long)'> (0x000000008aa8d490) thrown at [./src/hotspot/share/interpreter/linkResolver.cpp, line 773]
Event: 76.634 Thread 0x0000017d790ff000 Exception <a 'java/lang/NoSuchMethodError'{0x000000008aa9d370}: <clinit>> (0x000000008aa9d370) thrown at [./src/hotspot/share/prims/jni.cpp, line 1362]
Event: 76.636 Thread 0x0000017d790ff000 Exception <a 'java/lang/NoSuchMethodError'{0x000000008aaad188}: <clinit>> (0x000000008aaad188) thrown at [./src/hotspot/share/prims/jni.cpp, line 1362]
Event: 76.637 Thread 0x0000017d790ff000 Exception <a 'java/lang/NoSuchMethodError'{0x000000008aabd4c8}: <clinit>> (0x000000008aabd4c8) thrown at [./src/hotspot/share/prims/jni.cpp, line 1362]
Event: 76.646 Thread 0x0000017d790ff000 Exception <a 'java/lang/NoSuchMethodError'{0x000000008aadbd90}: <clinit>> (0x000000008aadbd90) thrown at [./src/hotspot/share/prims/jni.cpp, line 1362]
Event: 76.694 Thread 0x0000017d790ff000 Exception <a 'java/lang/NoSuchMethodError'{0x000000008a857af8}: <clinit>> (0x000000008a857af8) thrown at [./src/hotspot/share/prims/jni.cpp, line 1362]
Event: 76.865 Thread 0x0000017d7910b800 Exception <a 'java/lang/NoSuchMethodError'{0x000000008a629808}: 'java.lang.Object java.lang.invoke.DirectMethodHandle$Holder.invokeStatic(java.lang.Object, java.lang.Object, java.lang.Object, java.lang.Object, java.lang.Object, java.lang.Object, java.lang.Object, java.lang.Object, java.lang.Object, java.lang.Object, java.lang.Object, java.lang.Object, java.lang.Object, int)'> (0x000000008a629808) thrown at [./src/hotspot/share/interpreter/linkResolver.cpp, line 773]
Event: 76.867 Thread 0x0000017d7910b800 Exception <a 'java/lang/NoSuchMethodError'{0x000000008a636030}: 'java.lang.Object java.lang.invoke.DirectMethodHandle$Holder.invokeStatic(java.lang.Object, java.lang.Object, java.lang.Object, java.lang.Object, java.lang.Object, java.lang.Object, java.lang.Object, java.lang.Object, java.lang.Object, java.lang.Object, java.lang.Object, java.lang.Object, java.lang.Object, int, int)'> (0x000000008a636030) thrown at [./src/hotspot/share/interpreter/linkResolver.cpp, line 773]
Event: 80.773 Thread 0x0000017d7910b800 Exception <a 'sun/net/ConnectionResetException'{0x000000008a661048}: > (0x000000008a661048) thrown at [./src/hotspot/share/prims/jni.cpp, line 636]
Event: 80.773 Thread 0x0000017d790ff000 Exception <a 'sun/net/ConnectionResetException'{0x000000008a7b30b0}: > (0x000000008a7b30b0) thrown at [./src/hotspot/share/prims/jni.cpp, line 636]
Event: 82.824 Thread 0x0000017d790ff000 Exception <a 'java/net/ConnectException'{0x000000008a6a24e0}: Connection refused: connect> (0x000000008a6a24e0) thrown at [./src/hotspot/share/prims/jni.cpp, line 636]
Event: 84.845 Thread 0x0000017d790ff000 Exception <a 'java/net/ConnectException'{0x000000008a6a3870}: Connection refused: connect> (0x000000008a6a3870) thrown at [./src/hotspot/share/prims/jni.cpp, line 636]
Event: 86.889 Thread 0x0000017d790ff000 Exception <a 'java/net/ConnectException'{0x000000008a6a4af0}: Connection refused: connect> (0x000000008a6a4af0) thrown at [./src/hotspot/share/prims/jni.cpp, line 636]
Event: 89.809 Thread 0x0000017d7910c000 Implicit null exception at 0x0000017d687d1174 to 0x0000017d687d2e2c

Events (20 events):
Event: 86.920 loading class org/jetbrains/kotlin/cli/common/messages/XmlMessageRenderer done
Event: 86.922 loading class org/jetbrains/kotlin/cli/common/messages/MessageRenderer$1
Event: 86.922 loading class org/jetbrains/kotlin/cli/common/messages/MessageRenderer$1 done
Event: 86.922 loading class org/jetbrains/kotlin/cli/common/messages/PlainTextMessageRenderer
Event: 86.922 loading class org/jetbrains/kotlin/cli/common/messages/PlainTextMessageRenderer done
Event: 86.924 loading class org/jetbrains/kotlin/com/intellij/util/LineSeparator
Event: 86.924 loading class org/jetbrains/kotlin/com/intellij/util/LineSeparator done
Event: 86.925 loading class org/jetbrains/kotlin/cli/common/messages/MessageRenderer$2
Event: 86.925 loading class org/jetbrains/kotlin/cli/common/messages/MessageRenderer$2 done
Event: 86.926 loading class org/jetbrains/kotlin/cli/common/messages/MessageRenderer$3
Event: 86.926 loading class org/jetbrains/kotlin/cli/common/messages/MessageRenderer$3 done
Event: 86.927 loading class org/jetbrains/kotlin/cli/common/messages/MessageRenderer$4
Event: 86.927 loading class org/jetbrains/kotlin/cli/common/messages/MessageRenderer$4 done
Event: 86.934 loading class org/jetbrains/kotlin/compilerRunner/ReportUtilsKt$runToolInSeparateProcess$readErrThread$1
Event: 86.934 loading class org/jetbrains/kotlin/compilerRunner/ReportUtilsKt$runToolInSeparateProcess$readErrThread$1 done
Event: 86.935 Thread 0x0000017d7910c000 Thread added: 0x0000017d7910c000
Event: 86.935 loading class org/jetbrains/kotlin/compilerRunner/ReportUtilsKt$runToolInSeparateProcess$1
Event: 86.935 loading class org/jetbrains/kotlin/compilerRunner/ReportUtilsKt$runToolInSeparateProcess$1 done
Event: 86.950 loading class org/jetbrains/kotlin/compilerRunner/ReportUtilsKt$runToolInSeparateProcess$readErrThread$1$1
Event: 86.950 loading class org/jetbrains/kotlin/compilerRunner/ReportUtilsKt$runToolInSeparateProcess$readErrThread$1$1 done


Dynamic libraries:
0x00007ff735720000 - 0x00007ff73572a000 	C:\Program Files\Android\Android Studio\jre\bin\java.exe
0x00007ff8dd890000 - 0x00007ff8dda85000 	C:\Windows\SYSTEM32\ntdll.dll
0x00007ff8dc900000 - 0x00007ff8dc9be000 	C:\Windows\System32\KERNEL32.DLL
0x00007ff8dafa0000 - 0x00007ff8db268000 	C:\Windows\System32\KERNELBASE.dll
0x00007ff8db470000 - 0x00007ff8db570000 	C:\Windows\System32\ucrtbase.dll
0x00007ff8d3ea0000 - 0x00007ff8d3eb9000 	C:\Program Files\Android\Android Studio\jre\bin\jli.dll
0x00007ff8dd5e0000 - 0x00007ff8dd780000 	C:\Windows\System32\USER32.dll
0x00007ff8db800000 - 0x00007ff8db822000 	C:\Windows\System32\win32u.dll
0x00007ff8db8e0000 - 0x00007ff8db90b000 	C:\Windows\System32\GDI32.dll
0x00007ff8db6a0000 - 0x00007ff8db7ad000 	C:\Windows\System32\gdi32full.dll
0x00007ff8db600000 - 0x00007ff8db69d000 	C:\Windows\System32\msvcp_win.dll
0x00007ff8d1df0000 - 0x00007ff8d1e07000 	C:\Program Files\Android\Android Studio\jre\bin\VCRUNTIME140.dll
0x00007ff8ced00000 - 0x00007ff8cef9a000 	C:\Windows\WinSxS\amd64_microsoft.windows.common-controls_6595b64144ccf1df_6.0.19041.1110_none_60b5254171f9507e\COMCTL32.dll
0x00007ff8dd2d0000 - 0x00007ff8dd36e000 	C:\Windows\System32\msvcrt.dll
0x00007ff8dc8d0000 - 0x00007ff8dc900000 	C:\Windows\System32\IMM32.DLL
0x00007ff8bac10000 - 0x00007ff8bacad000 	C:\Program Files\Android\Android Studio\jre\bin\msvcp140.dll
0x00007ff89ce30000 - 0x00007ff89d905000 	C:\Program Files\Android\Android Studio\jre\bin\server\jvm.dll
0x00007ff8dcd40000 - 0x00007ff8dcdee000 	C:\Windows\System32\ADVAPI32.dll
0x00007ff8dd390000 - 0x00007ff8dd42c000 	C:\Windows\System32\sechost.dll
0x00007ff8dbdd0000 - 0x00007ff8dbef5000 	C:\Windows\System32\RPCRT4.dll
0x00007ff8dbc70000 - 0x00007ff8dbc78000 	C:\Windows\System32\PSAPI.DLL
0x00007ff8c8120000 - 0x00007ff8c8129000 	C:\Windows\SYSTEM32\WSOCK32.dll
0x00007ff8cf360000 - 0x00007ff8cf387000 	C:\Windows\SYSTEM32\WINMM.dll
0x00007ff8dc9c0000 - 0x00007ff8dca2b000 	C:\Windows\System32\WS2_32.dll
0x00007ff8d1400000 - 0x00007ff8d140a000 	C:\Windows\SYSTEM32\VERSION.dll
0x00007ff8d8e50000 - 0x00007ff8d8e62000 	C:\Windows\SYSTEM32\kernel.appcore.dll
0x00007ff8cb660000 - 0x00007ff8cb671000 	C:\Program Files\Android\Android Studio\jre\bin\verify.dll
0x00007ff8d2e20000 - 0x00007ff8d3004000 	C:\Windows\SYSTEM32\DBGHELP.DLL
0x00007ff8d2df0000 - 0x00007ff8d2e1c000 	C:\Windows\SYSTEM32\dbgcore.DLL
0x00007ff8db570000 - 0x00007ff8db5f2000 	C:\Windows\System32\bcryptPrimitives.dll
0x00007ff8c74c0000 - 0x00007ff8c74e9000 	C:\Program Files\Android\Android Studio\jre\bin\java.dll
0x00007ff8cbcc0000 - 0x00007ff8cbccb000 	C:\Program Files\Android\Android Studio\jre\bin\jimage.dll
0x00007ff8c46d0000 - 0x00007ff8c46e8000 	C:\Program Files\Android\Android Studio\jre\bin\zip.dll
0x00007ff8dc040000 - 0x00007ff8dc784000 	C:\Windows\System32\SHELL32.dll
0x00007ff8d9050000 - 0x00007ff8d97e4000 	C:\Windows\SYSTEM32\windows.storage.dll
0x00007ff8db910000 - 0x00007ff8dbc65000 	C:\Windows\System32\combase.dll
0x00007ff8da910000 - 0x00007ff8da93e000 	C:\Windows\SYSTEM32\Wldp.dll
0x00007ff8dcaf0000 - 0x00007ff8dcb9d000 	C:\Windows\System32\SHCORE.dll
0x00007ff8dbc80000 - 0x00007ff8dbcd5000 	C:\Windows\System32\shlwapi.dll
0x00007ff8daee0000 - 0x00007ff8daeff000 	C:\Windows\SYSTEM32\profapi.dll
0x00007ff8c46b0000 - 0x00007ff8c46ca000 	C:\Program Files\Android\Android Studio\jre\bin\net.dll
0x00007ff8d4e30000 - 0x00007ff8d4f3c000 	C:\Windows\SYSTEM32\WINHTTP.dll
0x00007ff8da680000 - 0x00007ff8da6ea000 	C:\Windows\system32\mswsock.dll
0x00007ff8c4690000 - 0x00007ff8c46a4000 	C:\Program Files\Android\Android Studio\jre\bin\nio.dll
0x00007ff8c09a0000 - 0x00007ff8c09c7000 	C:\Users\Ali Usman\.gradle\native\fdc75f09e3144964f2cf3f50f0aa648679c211496f362492102eb8c894070792\windows-amd64\native-platform.dll
0x00007ff89a340000 - 0x00007ff89a4d6000 	C:\Users\Ali Usman\.gradle\native\12488b8bf47d2d4c9fbf2f6322a914ad602e24e48041cd04a747c6da556b65c4\windows-amd64\native-platform-file-events.dll
0x00007ff8d7420000 - 0x00007ff8d742a000 	C:\Program Files\Android\Android Studio\jre\bin\management.dll
0x00007ff8d6370000 - 0x00007ff8d637d000 	C:\Program Files\Android\Android Studio\jre\bin\management_ext.dll
0x00007ff8dac50000 - 0x00007ff8dac68000 	C:\Windows\SYSTEM32\CRYPTSP.dll
0x00007ff8d9fc0000 - 0x00007ff8d9ff4000 	C:\Windows\system32\rsaenh.dll
0x00007ff8db2e0000 - 0x00007ff8db307000 	C:\Windows\System32\bcrypt.dll
0x00007ff8daea0000 - 0x00007ff8daece000 	C:\Windows\SYSTEM32\USERENV.dll
0x00007ff8da810000 - 0x00007ff8da81c000 	C:\Windows\SYSTEM32\CRYPTBASE.dll
0x00007ff8da390000 - 0x00007ff8da3cb000 	C:\Windows\SYSTEM32\IPHLPAPI.DLL
0x00007ff8dc790000 - 0x00007ff8dc798000 	C:\Windows\System32\NSI.dll
0x00007ff8d5450000 - 0x00007ff8d5467000 	C:\Windows\SYSTEM32\dhcpcsvc6.DLL
0x00007ff8d5430000 - 0x00007ff8d544d000 	C:\Windows\SYSTEM32\dhcpcsvc.DLL
0x00007ff8da3d0000 - 0x00007ff8da49b000 	C:\Windows\SYSTEM32\DNSAPI.dll
0x00007ff8d55c0000 - 0x00007ff8d55cb000 	C:\Windows\SYSTEM32\WINNSI.DLL
0x00007ff8d1dd0000 - 0x00007ff8d1dee000 	C:\Users\Ali Usman\AppData\Local\Temp\native-platform15666342800083442588dir\native-platform.dll
0x00007ff8d4b10000 - 0x00007ff8d4b18000 	C:\Program Files\Android\Android Studio\jre\bin\rmi.dll

dbghelp: loaded successfully - version: 4.0.5 - missing functions: none
symbol engine: initialized successfully - sym options: 0x614 - pdb path: .;C:\Program Files\Android\Android Studio\jre\bin;C:\Windows\SYSTEM32;C:\Windows\WinSxS\amd64_microsoft.windows.common-controls_6595b64144ccf1df_6.0.19041.1110_none_60b5254171f9507e;C:\Program Files\Android\Android Studio\jre\bin\server;C:\Users\Ali Usman\.gradle\native\fdc75f09e3144964f2cf3f50f0aa648679c211496f362492102eb8c894070792\windows-amd64;C:\Users\Ali Usman\.gradle\native\12488b8bf47d2d4c9fbf2f6322a914ad602e24e48041cd04a747c6da556b65c4\windows-amd64;C:\Users\Ali Usman\AppData\Local\Temp\native-platform15666342800083442588dir

VM Arguments:
jvm_args: --add-opens=java.base/java.util=ALL-UNNAMED --add-opens=java.base/java.lang=ALL-UNNAMED --add-opens=java.base/java.lang.invoke=ALL-UNNAMED --add-opens=java.prefs/java.util.prefs=ALL-UNNAMED -Xmx2048m -Dfile.encoding=windows-1252 -Duser.country=US -Duser.language=en -Duser.variant 
java_command: org.gradle.launcher.daemon.bootstrap.GradleDaemon 6.7.1
java_class_path (initial): C:\Users\Ali Usman\.gradle\wrapper\dists\gradle-6.7.1-all\2moa8rlfac5eqlcfgk98k0deb\gradle-6.7.1\lib\gradle-launcher-6.7.1.jar
Launcher Type: SUN_STANDARD

[Global flags]
     intx CICompilerCount                          = 3                                         {product} {ergonomic}
     uint ConcGCThreads                            = 1                                         {product} {ergonomic}
     uint G1ConcRefinementThreads                  = 4                                         {product} {ergonomic}
   size_t G1HeapRegionSize                         = 1048576                                   {product} {ergonomic}
    uintx GCDrainStackTargetSize                   = 64                                        {product} {ergonomic}
   size_t InitialHeapSize                          = 100663296                                 {product} {ergonomic}
   size_t MarkStackSize                            = 4194304                                   {product} {ergonomic}
   size_t MaxHeapSize                              = 2147483648                                {product} {command line}
   size_t MaxNewSize                               = 1287651328                                {product} {ergonomic}
   size_t MinHeapDeltaBytes                        = 1048576                                   {product} {ergonomic}
    uintx NonNMethodCodeHeapSize                   = 5830732                                {pd product} {ergonomic}
    uintx NonProfiledCodeHeapSize                  = 122913754                              {pd product} {ergonomic}
    uintx ProfiledCodeHeapSize                     = 122913754                              {pd product} {ergonomic}
    uintx ReservedCodeCacheSize                    = 251658240                              {pd product} {ergonomic}
     bool SegmentedCodeCache                       = true                                      {product} {ergonomic}
     bool UseCompressedClassPointers               = true                                 {lp64_product} {ergonomic}
     bool UseCompressedOops                        = true                                 {lp64_product} {ergonomic}
     bool UseG1GC                                  = true                                      {product} {ergonomic}
     bool UseLargePagesIndividualAllocation        = false                                  {pd product} {ergonomic}

Logging:
Log output configuration:
 #0: stdout all=warning uptime,level,tags
 #1: stderr all=off uptime,level,tags

Environment Variables:
JAVA_HOME=C:\Program Files\Java\jdk1.8.0_291
PATH=C:\Python310\Scripts\;C:\Python310\;c:\mingw\bin;C:\Program Files (x86)\Common Files\Oracle\Java\javapath;C:\Program Files\Python37\Scripts\;C:\Program Files\Python37\;C:\Windows\system32;C:\Windows;C:\Windows\System32\Wbem;C:\Windows\System32\WindowsPowerShell\v1.0\;C:\Windows\System32\OpenSSH\;C:\Program Files (x86)\AMD\ATI.ACE\Core-Static;C:\Users\Ali Usman\AppData\Roaming\Python\Python37\Scripts;F:\download\Compressed\openjfx-11.0.2_windows-x64_bin-sdk\javafx-sdk-11.0.2\lib;C:\Program Files (x86)\Inno Setup 6;C:\Program Files\Java\jdk1.8.0_291\bin;C:\Program Files\Git\cmd;C:\Program Files\PostgreSQL\13\bin;C:\Program Files\nodejs\;C:\ProgramData\chocolatey\bin;C:\Users\Ali Usman\AppData\Local\Microsoft\WindowsApps;C:\Program Files\JetBrains\PyCharm Community Edition 2020.3.4\bin;;F:\download\Compressed\openjfx-11.0.2_windows-x64_bin-sdk\javafx-sdk-11.0.2\lib;C:\Program Files\Java\jdk1.8.0_291\bin;C:\Users\Ali Usman\AppData\Local\Programs\Microsoft VS Code\bin;C:\Program Files\heroku\bin;C:\Users\Ali Usman\flutter\flutter\bin;C:\Users\Ali Usman\dart\dart-sdk;C:\Users\Ali Usman\AppData\Local\Android\Sdk\platform-tools;C:\Users\Ali Usman\AppData\Roaming\npm
USERNAME=Ali Usman
OS=Windows_NT
PROCESSOR_IDENTIFIER=Intel64 Family 6 Model 58 Stepping 9, GenuineIntel



---------------  S Y S T E M  ---------------

OS: Windows 10 , 64 bit Build 19041 (10.0.19041.1503)
OS uptime: 0 days 19:49 hours
Hyper-V role detected

CPU:total 4 (initial active 4) (2 cores per cpu, 2 threads per core) family 6 model 58 stepping 9 microcode 0x21, cmov, cx8, fxsr, mmx, sse, sse2, sse3, ssse3, sse4.1, sse4.2, popcnt, avx, aes, clmul, erms, ht, tsc, tscinvbit, tscinv

Memory: 4k page, system-wide physical 6075M (609M free)
TotalPageFile size 11019M (AvailPageFile size 0M)
current process WorkingSet (physical memory assigned to process): 442M, peak: 474M
current process commit charge ("private bytes"): 481M, peak: 506M

vm_info: OpenJDK 64-Bit Server VM (11.0.11+9-b60-7590822) for windows-amd64 JRE (11.0.11+9-b60-7590822), built on Jul 29 2021 21:43:44 by "builder" with MS VC++ 14.0 (VS2015)

END.
