#
# There is insufficient memory for the Java Runtime Environment to continue.
# Native memory allocation (malloc) failed to allocate 262160 bytes for Chunk::new
# Possible reasons:
#   The system is out of physical RAM or swap space
#   The process is running with CompressedOops enabled, and the Java Heap may be blocking the growth of the native heap
# Possible solutions:
#   Reduce memory load on the system
#   Increase physical memory or swap space
#   Check if swap backing store is full
#   Decrease Java heap size (-Xmx/-Xms)
#   Decrease number of Java threads
#   Decrease Java thread stack sizes (-Xss)
#   Set larger code cache with -XX:ReservedCodeCacheSize=
#   JVM is running with Unscaled Compressed Oops mode in which the Java heap is
#     placed in the first 4GB address space. The Java Heap base address is the
#     maximum limit for the native heap growth. Please use -XX:HeapBaseMinAddress
#     to set the Java Heap base and to place the Java Heap above 4GB virtual address.
# This output file may be truncated or incomplete.
#
#  Out of Memory Error (./src/hotspot/share/memory/arena.cpp:197), pid=9832, tid=5832
#
# JRE version: OpenJDK Runtime Environment (11.0.11+9) (build 11.0.11+9-b60-7590822)
# Java VM: OpenJDK 64-Bit Server VM (11.0.11+9-b60-7590822, mixed mode, tiered, compressed oops, g1 gc, windows-amd64)
# No core dump will be written. Minidumps are not enabled by default on client versions of Windows
#

---------------  S U M M A R Y ------------

Command Line: org.jetbrains.kotlin.cli.jvm.K2JVMCompiler @C:\Users\Ali Usman\AndroidStudioProjects\BaseArchitectureProject\app\build\20220407_2181905755215474519.compiler.options

Host: Intel(R) Core(TM) i5-3320M CPU @ 2.60GHz, 4 cores, 5G,  Windows 10 , 64 bit Build 19041 (10.0.19041.1503)
Time: Thu Apr  7 10:37:17 2022 Pakistan Standard Time elapsed time: 2.914902 seconds (0d 0h 0m 2s)

---------------  T H R E A D  ---------------

Current thread (0x000001f7aa7e4800):  JavaThread "C2 CompilerThread0" daemon [_thread_in_native, id=5832, stack(0x0000000630a00000,0x0000000630b00000)]


Current CompileTask:
C2:   2915 2023   !   4       jdk.internal.loader.BuiltinClassLoader::loadClassOrNull (143 bytes)

Stack: [0x0000000630a00000,0x0000000630b00000]
Native frames: (J=compiled Java code, j=interpreted, Vv=VM code, C=native code)
V  [jvm.dll+0x5f214a]
V  [jvm.dll+0x726fb5]
V  [jvm.dll+0x7285cd]
V  [jvm.dll+0x728c83]
V  [jvm.dll+0x243278]
V  [jvm.dll+0xbc53c]
V  [jvm.dll+0xbca3c]
V  [jvm.dll+0xbc638]
V  [jvm.dll+0x5d14e0]
V  [jvm.dll+0x61f9a0]
V  [jvm.dll+0x60ed59]
V  [jvm.dll+0x6071ba]
V  [jvm.dll+0x606823]
V  [jvm.dll+0x604872]
V  [jvm.dll+0x1865ac]
V  [jvm.dll+0x2b4d13]
V  [jvm.dll+0x60f2b9]
V  [jvm.dll+0x6071ba]
V  [jvm.dll+0x606823]
V  [jvm.dll+0x604872]
V  [jvm.dll+0x1865ac]
V  [jvm.dll+0x2b4d13]
V  [jvm.dll+0x60f2b9]
V  [jvm.dll+0x6071ba]
V  [jvm.dll+0x606823]
V  [jvm.dll+0x604872]
V  [jvm.dll+0x1865ac]
V  [jvm.dll+0x2b4d13]
V  [jvm.dll+0x60f2b9]
V  [jvm.dll+0x6071ba]
V  [jvm.dll+0x606823]
V  [jvm.dll+0x604872]
V  [jvm.dll+0x1865ac]
V  [jvm.dll+0x2b4d13]
V  [jvm.dll+0x60f2b9]
V  [jvm.dll+0x6071ba]
V  [jvm.dll+0x606823]
V  [jvm.dll+0x604872]
V  [jvm.dll+0x1865ac]
V  [jvm.dll+0x1872f9]
V  [jvm.dll+0x2b4d13]
V  [jvm.dll+0x60f2b9]
V  [jvm.dll+0x6071ba]
V  [jvm.dll+0x606823]
V  [jvm.dll+0x604872]
V  [jvm.dll+0x1865ac]
V  [jvm.dll+0x2b4d13]
V  [jvm.dll+0x60f2b9]
V  [jvm.dll+0x6071ba]
V  [jvm.dll+0x606823]
V  [jvm.dll+0x604872]
V  [jvm.dll+0x1865ac]
V  [jvm.dll+0x2b4d13]
V  [jvm.dll+0x60f2b9]
V  [jvm.dll+0x6071ba]
V  [jvm.dll+0x606823]
V  [jvm.dll+0x604872]
V  [jvm.dll+0x1865ac]
V  [jvm.dll+0x2b4d13]
V  [jvm.dll+0x60f2b9]
V  [jvm.dll+0x6071ba]
V  [jvm.dll+0x606823]
V  [jvm.dll+0x604872]
V  [jvm.dll+0x1865ac]
V  [jvm.dll+0x1872f9]
V  [jvm.dll+0x2b4d13]
V  [jvm.dll+0x60f2b9]
V  [jvm.dll+0x6071ba]
V  [jvm.dll+0x606823]
V  [jvm.dll+0x604872]
V  [jvm.dll+0x1865ac]
V  [jvm.dll+0x1fb0f5]
V  [jvm.dll+0x183d6c]
V  [jvm.dll+0x209a57]
V  [jvm.dll+0x2082a1]
V  [jvm.dll+0x6ef58f]
V  [jvm.dll+0x6e80b5]
V  [jvm.dll+0x5f1036]
C  [ucrtbase.dll+0x21bb2]
C  [KERNEL32.DLL+0x17034]
C  [ntdll.dll+0x52651]


---------------  P R O C E S S  ---------------

Threads class SMR info:
_java_thread_list=0x000001f7ac8ba4a0, length=10, elements={
0x000001f791f6c000, 0x000001f7aa7b0800, 0x000001f7aa7b4000, 0x000001f7aa7d1800,
0x000001f7aa7d3800, 0x000001f7aa7d6000, 0x000001f7aa7e4800, 0x000001f7aa7e9000,
0x000001f7aa7eb000, 0x000001f7ab28e000
}

Java Threads: ( => current thread )
  0x000001f791f6c000 JavaThread "main" [_thread_in_vm, id=8112, stack(0x000000062fe00000,0x000000062ff00000)]
  0x000001f7aa7b0800 JavaThread "Reference Handler" daemon [_thread_blocked, id=4348, stack(0x0000000630500000,0x0000000630600000)]
  0x000001f7aa7b4000 JavaThread "Finalizer" daemon [_thread_blocked, id=7960, stack(0x0000000630600000,0x0000000630700000)]
  0x000001f7aa7d1800 JavaThread "Signal Dispatcher" daemon [_thread_blocked, id=6056, stack(0x0000000630700000,0x0000000630800000)]
  0x000001f7aa7d3800 JavaThread "Attach Listener" daemon [_thread_blocked, id=10208, stack(0x0000000630800000,0x0000000630900000)]
  0x000001f7aa7d6000 JavaThread "Service Thread" daemon [_thread_blocked, id=1864, stack(0x0000000630900000,0x0000000630a00000)]
=>0x000001f7aa7e4800 JavaThread "C2 CompilerThread0" daemon [_thread_in_native, id=5832, stack(0x0000000630a00000,0x0000000630b00000)]
  0x000001f7aa7e9000 JavaThread "C1 CompilerThread0" daemon [_thread_blocked, id=9300, stack(0x0000000630b00000,0x0000000630c00000)]
  0x000001f7aa7eb000 JavaThread "Sweeper thread" daemon [_thread_blocked, id=5288, stack(0x0000000630c00000,0x0000000630d00000)]
  0x000001f7ab28e000 JavaThread "Common-Cleaner" daemon [_thread_blocked, id=7380, stack(0x0000000630e00000,0x0000000630f00000)]

Other Threads:
  0x000001f7aa788800 VMThread "VM Thread" [stack: 0x0000000630400000,0x0000000630500000] [id=5004]
  0x000001f7ab286000 WatcherThread [stack: 0x0000000630d00000,0x0000000630e00000] [id=11532]
  0x000001f791f84800 GCTaskThread "GC Thread#0" [stack: 0x000000062ff00000,0x0000000630000000] [id=4656]
  0x000001f7ab620000 GCTaskThread "GC Thread#1" [stack: 0x0000000630f00000,0x0000000631000000] [id=11904]
  0x000001f791fab000 ConcurrentGCThread "G1 Main Marker" [stack: 0x0000000630000000,0x0000000630100000] [id=3744]
  0x000001f791fad800 ConcurrentGCThread "G1 Conc#0" [stack: 0x0000000630100000,0x0000000630200000] [id=3400]
  0x000001f792020000 ConcurrentGCThread "G1 Refine#0" [stack: 0x0000000630200000,0x0000000630300000] [id=2268]
  0x000001f792021800 ConcurrentGCThread "G1 Young RemSet Sampling" [stack: 0x0000000630300000,0x0000000630400000] [id=5628]

Threads with active compile tasks:
C2 CompilerThread0   2980 2023   !   4       jdk.internal.loader.BuiltinClassLoader::loadClassOrNull (143 bytes)

VM state:not at safepoint (normal execution)

VM Mutex/Monitor currently owned by a thread: None

Heap address: 0x00000000a1000000, size: 1520 MB, Compressed Oops mode: 32-bit
Narrow klass base: 0x0000000000000000, Narrow klass shift: 3
Compressed class space size: 1073741824 Address: 0x0000000100000000

Heap:
 garbage-first heap   total 98304K, used 38244K [0x00000000a1000000, 0x0000000100000000)
  region size 1024K, 30 young (30720K), 7 survivors (7168K)
 Metaspace       used 26618K, capacity 27156K, committed 27392K, reserved 1075200K
  class space    used 2819K, capacity 3019K, committed 3072K, reserved 1048576K
Heap Regions: E=young(eden), S=young(survivor), O=old, HS=humongous(starts), HC=humongous(continues), CS=collection set, F=free, A=archive, TAMS=top-at-mark-start (previous, next)
|   0|0x00000000a1000000, 0x00000000a1100000, 0x00000000a1100000|100%|HS|  |TAMS 0x00000000a1100000, 0x00000000a1000000| Complete 
|   1|0x00000000a1100000, 0x00000000a1200000, 0x00000000a1200000|100%|HC|  |TAMS 0x00000000a1200000, 0x00000000a1100000| Complete 
|   2|0x00000000a1200000, 0x00000000a1300000, 0x00000000a1300000|100%|HC|  |TAMS 0x00000000a1300000, 0x00000000a1200000| Complete 
|   3|0x00000000a1300000, 0x00000000a1300000, 0x00000000a1400000|  0%| F|  |TAMS 0x00000000a1300000, 0x00000000a1300000| Untracked 
|   4|0x00000000a1400000, 0x00000000a1426e00, 0x00000000a1500000| 15%| O|  |TAMS 0x00000000a1426e00, 0x00000000a1400000| Untracked 
|   5|0x00000000a1500000, 0x00000000a1600000, 0x00000000a1600000|100%|HS|  |TAMS 0x00000000a1500000, 0x00000000a1500000| Complete 
|   6|0x00000000a1600000, 0x00000000a1700000, 0x00000000a1700000|100%|HC|  |TAMS 0x00000000a1600000, 0x00000000a1600000| Complete 
|   7|0x00000000a1700000, 0x00000000a1800000, 0x00000000a1800000|100%|HC|  |TAMS 0x00000000a1700000, 0x00000000a1700000| Complete 
|   8|0x00000000a1800000, 0x00000000a1900000, 0x00000000a1900000|100%|HS|  |TAMS 0x00000000a1800000, 0x00000000a1800000| Complete 
|   9|0x00000000a1900000, 0x00000000a1a00000, 0x00000000a1a00000|100%|HC|  |TAMS 0x00000000a1900000, 0x00000000a1900000| Complete 
|  10|0x00000000a1a00000, 0x00000000a1b00000, 0x00000000a1b00000|100%|HC|  |TAMS 0x00000000a1a00000, 0x00000000a1a00000| Complete 
|  11|0x00000000a1b00000, 0x00000000a1b00000, 0x00000000a1c00000|  0%| F|  |TAMS 0x00000000a1b00000, 0x00000000a1b00000| Untracked 
|  12|0x00000000a1c00000, 0x00000000a1c00000, 0x00000000a1d00000|  0%| F|  |TAMS 0x00000000a1c00000, 0x00000000a1c00000| Untracked 
|  13|0x00000000a1d00000, 0x00000000a1d00000, 0x00000000a1e00000|  0%| F|  |TAMS 0x00000000a1d00000, 0x00000000a1d00000| Untracked 
|  14|0x00000000a1e00000, 0x00000000a1e00000, 0x00000000a1f00000|  0%| F|  |TAMS 0x00000000a1e00000, 0x00000000a1e00000| Untracked 
|  15|0x00000000a1f00000, 0x00000000a1f00000, 0x00000000a2000000|  0%| F|  |TAMS 0x00000000a1f00000, 0x00000000a1f00000| Untracked 
|  16|0x00000000a2000000, 0x00000000a2000000, 0x00000000a2100000|  0%| F|  |TAMS 0x00000000a2000000, 0x00000000a2000000| Untracked 
|  17|0x00000000a2100000, 0x00000000a2100000, 0x00000000a2200000|  0%| F|  |TAMS 0x00000000a2100000, 0x00000000a2100000| Untracked 
|  18|0x00000000a2200000, 0x00000000a2200000, 0x00000000a2300000|  0%| F|  |TAMS 0x00000000a2200000, 0x00000000a2200000| Untracked 
|  19|0x00000000a2300000, 0x00000000a2300000, 0x00000000a2400000|  0%| F|  |TAMS 0x00000000a2300000, 0x00000000a2300000| Untracked 
|  20|0x00000000a2400000, 0x00000000a2400000, 0x00000000a2500000|  0%| F|  |TAMS 0x00000000a2400000, 0x00000000a2400000| Untracked 
|  21|0x00000000a2500000, 0x00000000a2500000, 0x00000000a2600000|  0%| F|  |TAMS 0x00000000a2500000, 0x00000000a2500000| Untracked 
|  22|0x00000000a2600000, 0x00000000a2600000, 0x00000000a2700000|  0%| F|  |TAMS 0x00000000a2600000, 0x00000000a2600000| Untracked 
|  23|0x00000000a2700000, 0x00000000a2700000, 0x00000000a2800000|  0%| F|  |TAMS 0x00000000a2700000, 0x00000000a2700000| Untracked 
|  24|0x00000000a2800000, 0x00000000a2800000, 0x00000000a2900000|  0%| F|  |TAMS 0x00000000a2800000, 0x00000000a2800000| Untracked 
|  25|0x00000000a2900000, 0x00000000a2900000, 0x00000000a2a00000|  0%| F|  |TAMS 0x00000000a2900000, 0x00000000a2900000| Untracked 
|  26|0x00000000a2a00000, 0x00000000a2a00000, 0x00000000a2b00000|  0%| F|  |TAMS 0x00000000a2a00000, 0x00000000a2a00000| Untracked 
|  27|0x00000000a2b00000, 0x00000000a2b00000, 0x00000000a2c00000|  0%| F|  |TAMS 0x00000000a2b00000, 0x00000000a2b00000| Untracked 
|  28|0x00000000a2c00000, 0x00000000a2c00000, 0x00000000a2d00000|  0%| F|  |TAMS 0x00000000a2c00000, 0x00000000a2c00000| Untracked 
|  29|0x00000000a2d00000, 0x00000000a2d00000, 0x00000000a2e00000|  0%| F|  |TAMS 0x00000000a2d00000, 0x00000000a2d00000| Untracked 
|  30|0x00000000a2e00000, 0x00000000a2e00000, 0x00000000a2f00000|  0%| F|  |TAMS 0x00000000a2e00000, 0x00000000a2e00000| Untracked 
|  31|0x00000000a2f00000, 0x00000000a2f00000, 0x00000000a3000000|  0%| F|  |TAMS 0x00000000a2f00000, 0x00000000a2f00000| Untracked 
|  32|0x00000000a3000000, 0x00000000a3000000, 0x00000000a3100000|  0%| F|  |TAMS 0x00000000a3000000, 0x00000000a3000000| Untracked 
|  33|0x00000000a3100000, 0x00000000a3100000, 0x00000000a3200000|  0%| F|  |TAMS 0x00000000a3100000, 0x00000000a3100000| Untracked 
|  34|0x00000000a3200000, 0x00000000a3200000, 0x00000000a3300000|  0%| F|  |TAMS 0x00000000a3200000, 0x00000000a3200000| Untracked 
|  35|0x00000000a3300000, 0x00000000a3300000, 0x00000000a3400000|  0%| F|  |TAMS 0x00000000a3300000, 0x00000000a3300000| Untracked 
|  36|0x00000000a3400000, 0x00000000a3400000, 0x00000000a3500000|  0%| F|  |TAMS 0x00000000a3400000, 0x00000000a3400000| Untracked 
|  37|0x00000000a3500000, 0x00000000a3500000, 0x00000000a3600000|  0%| F|  |TAMS 0x00000000a3500000, 0x00000000a3500000| Untracked 
|  38|0x00000000a3600000, 0x00000000a3600000, 0x00000000a3700000|  0%| F|  |TAMS 0x00000000a3600000, 0x00000000a3600000| Untracked 
|  39|0x00000000a3700000, 0x00000000a3700000, 0x00000000a3800000|  0%| F|  |TAMS 0x00000000a3700000, 0x00000000a3700000| Untracked 
|  40|0x00000000a3800000, 0x00000000a3800000, 0x00000000a3900000|  0%| F|  |TAMS 0x00000000a3800000, 0x00000000a3800000| Untracked 
|  41|0x00000000a3900000, 0x00000000a39323e0, 0x00000000a3a00000| 19%| S|CS|TAMS 0x00000000a3900000, 0x00000000a3900000| Complete 
|  42|0x00000000a3a00000, 0x00000000a3b00000, 0x00000000a3b00000|100%| S|CS|TAMS 0x00000000a3a00000, 0x00000000a3a00000| Complete 
|  43|0x00000000a3b00000, 0x00000000a3c00000, 0x00000000a3c00000|100%| S|CS|TAMS 0x00000000a3b00000, 0x00000000a3b00000| Complete 
|  44|0x00000000a3c00000, 0x00000000a3d00000, 0x00000000a3d00000|100%| S|CS|TAMS 0x00000000a3c00000, 0x00000000a3c00000| Complete 
|  45|0x00000000a3d00000, 0x00000000a3e00000, 0x00000000a3e00000|100%| S|CS|TAMS 0x00000000a3d00000, 0x00000000a3d00000| Complete 
|  46|0x00000000a3e00000, 0x00000000a3f00000, 0x00000000a3f00000|100%| S|CS|TAMS 0x00000000a3e00000, 0x00000000a3e00000| Complete 
|  47|0x00000000a3f00000, 0x00000000a4000000, 0x00000000a4000000|100%| S|CS|TAMS 0x00000000a3f00000, 0x00000000a3f00000| Complete 
|  48|0x00000000a4000000, 0x00000000a4000000, 0x00000000a4100000|  0%| F|  |TAMS 0x00000000a4000000, 0x00000000a4000000| Untracked 
|  49|0x00000000a4100000, 0x00000000a4100000, 0x00000000a4200000|  0%| F|  |TAMS 0x00000000a4100000, 0x00000000a4100000| Untracked 
|  50|0x00000000a4200000, 0x00000000a4200000, 0x00000000a4300000|  0%| F|  |TAMS 0x00000000a4200000, 0x00000000a4200000| Untracked 
|  51|0x00000000a4300000, 0x00000000a4300000, 0x00000000a4400000|  0%| F|  |TAMS 0x00000000a4300000, 0x00000000a4300000| Untracked 
|  52|0x00000000a4400000, 0x00000000a4400000, 0x00000000a4500000|  0%| F|  |TAMS 0x00000000a4400000, 0x00000000a4400000| Untracked 
|  53|0x00000000a4500000, 0x00000000a4500000, 0x00000000a4600000|  0%| F|  |TAMS 0x00000000a4500000, 0x00000000a4500000| Untracked 
|  54|0x00000000a4600000, 0x00000000a4600000, 0x00000000a4700000|  0%| F|  |TAMS 0x00000000a4600000, 0x00000000a4600000| Untracked 
|  55|0x00000000a4700000, 0x00000000a4700000, 0x00000000a4800000|  0%| F|  |TAMS 0x00000000a4700000, 0x00000000a4700000| Untracked 
|  56|0x00000000a4800000, 0x00000000a4800000, 0x00000000a4900000|  0%| F|  |TAMS 0x00000000a4800000, 0x00000000a4800000| Untracked 
|  57|0x00000000a4900000, 0x00000000a4900000, 0x00000000a4a00000|  0%| F|  |TAMS 0x00000000a4900000, 0x00000000a4900000| Untracked 
|  58|0x00000000a4a00000, 0x00000000a4a00000, 0x00000000a4b00000|  0%| F|  |TAMS 0x00000000a4a00000, 0x00000000a4a00000| Untracked 
|  59|0x00000000a4b00000, 0x00000000a4b00000, 0x00000000a4c00000|  0%| F|  |TAMS 0x00000000a4b00000, 0x00000000a4b00000| Untracked 
|  60|0x00000000a4c00000, 0x00000000a4c00000, 0x00000000a4d00000|  0%| F|  |TAMS 0x00000000a4c00000, 0x00000000a4c00000| Untracked 
|  61|0x00000000a4d00000, 0x00000000a4d00000, 0x00000000a4e00000|  0%| F|  |TAMS 0x00000000a4d00000, 0x00000000a4d00000| Untracked 
|  62|0x00000000a4e00000, 0x00000000a4e00000, 0x00000000a4f00000|  0%| F|  |TAMS 0x00000000a4e00000, 0x00000000a4e00000| Untracked 
|  63|0x00000000a4f00000, 0x00000000a4f00000, 0x00000000a5000000|  0%| F|  |TAMS 0x00000000a4f00000, 0x00000000a4f00000| Untracked 
|  64|0x00000000a5000000, 0x00000000a5000000, 0x00000000a5100000|  0%| F|  |TAMS 0x00000000a5000000, 0x00000000a5000000| Untracked 
|  65|0x00000000a5100000, 0x00000000a5100000, 0x00000000a5200000|  0%| F|  |TAMS 0x00000000a5100000, 0x00000000a5100000| Untracked 
|  66|0x00000000a5200000, 0x00000000a5200000, 0x00000000a5300000|  0%| F|  |TAMS 0x00000000a5200000, 0x00000000a5200000| Untracked 
|  67|0x00000000a5300000, 0x00000000a5300000, 0x00000000a5400000|  0%| F|  |TAMS 0x00000000a5300000, 0x00000000a5300000| Untracked 
|  68|0x00000000a5400000, 0x00000000a5400000, 0x00000000a5500000|  0%| F|  |TAMS 0x00000000a5400000, 0x00000000a5400000| Untracked 
|  69|0x00000000a5500000, 0x00000000a5500000, 0x00000000a5600000|  0%| F|  |TAMS 0x00000000a5500000, 0x00000000a5500000| Untracked 
|  70|0x00000000a5600000, 0x00000000a5600000, 0x00000000a5700000|  0%| F|  |TAMS 0x00000000a5600000, 0x00000000a5600000| Untracked 
|  71|0x00000000a5700000, 0x00000000a5700000, 0x00000000a5800000|  0%| F|  |TAMS 0x00000000a5700000, 0x00000000a5700000| Untracked 
|  72|0x00000000a5800000, 0x00000000a5800000, 0x00000000a5900000|  0%| F|  |TAMS 0x00000000a5800000, 0x00000000a5800000| Untracked 
|  73|0x00000000a5900000, 0x00000000a598cc30, 0x00000000a5a00000| 54%| E|  |TAMS 0x00000000a5900000, 0x00000000a5900000| Complete 
|  74|0x00000000a5a00000, 0x00000000a5b00000, 0x00000000a5b00000|100%| E|CS|TAMS 0x00000000a5a00000, 0x00000000a5a00000| Complete 
|  75|0x00000000a5b00000, 0x00000000a5c00000, 0x00000000a5c00000|100%| E|CS|TAMS 0x00000000a5b00000, 0x00000000a5b00000| Complete 
|  76|0x00000000a5c00000, 0x00000000a5d00000, 0x00000000a5d00000|100%| E|CS|TAMS 0x00000000a5c00000, 0x00000000a5c00000| Complete 
|  77|0x00000000a5d00000, 0x00000000a5e00000, 0x00000000a5e00000|100%| E|CS|TAMS 0x00000000a5d00000, 0x00000000a5d00000| Complete 
|  78|0x00000000a5e00000, 0x00000000a5f00000, 0x00000000a5f00000|100%| E|CS|TAMS 0x00000000a5e00000, 0x00000000a5e00000| Complete 
|  79|0x00000000a5f00000, 0x00000000a6000000, 0x00000000a6000000|100%| E|CS|TAMS 0x00000000a5f00000, 0x00000000a5f00000| Complete 
|  80|0x00000000a6000000, 0x00000000a6100000, 0x00000000a6100000|100%| E|CS|TAMS 0x00000000a6000000, 0x00000000a6000000| Complete 
|  81|0x00000000a6100000, 0x00000000a6200000, 0x00000000a6200000|100%| E|CS|TAMS 0x00000000a6100000, 0x00000000a6100000| Complete 
|  82|0x00000000a6200000, 0x00000000a6300000, 0x00000000a6300000|100%| E|CS|TAMS 0x00000000a6200000, 0x00000000a6200000| Complete 
|  83|0x00000000a6300000, 0x00000000a6400000, 0x00000000a6400000|100%| E|CS|TAMS 0x00000000a6300000, 0x00000000a6300000| Complete 
|  84|0x00000000a6400000, 0x00000000a6500000, 0x00000000a6500000|100%| E|CS|TAMS 0x00000000a6400000, 0x00000000a6400000| Complete 
|  85|0x00000000a6500000, 0x00000000a6600000, 0x00000000a6600000|100%| E|CS|TAMS 0x00000000a6500000, 0x00000000a6500000| Complete 
|  86|0x00000000a6600000, 0x00000000a6700000, 0x00000000a6700000|100%| E|CS|TAMS 0x00000000a6600000, 0x00000000a6600000| Complete 
|  87|0x00000000a6700000, 0x00000000a6800000, 0x00000000a6800000|100%| E|CS|TAMS 0x00000000a6700000, 0x00000000a6700000| Complete 
|  88|0x00000000a6800000, 0x00000000a6900000, 0x00000000a6900000|100%| E|CS|TAMS 0x00000000a6800000, 0x00000000a6800000| Complete 
|  89|0x00000000a6900000, 0x00000000a6a00000, 0x00000000a6a00000|100%| E|CS|TAMS 0x00000000a6900000, 0x00000000a6900000| Complete 
|  90|0x00000000a6a00000, 0x00000000a6b00000, 0x00000000a6b00000|100%| E|CS|TAMS 0x00000000a6a00000, 0x00000000a6a00000| Complete 
|  91|0x00000000a6b00000, 0x00000000a6c00000, 0x00000000a6c00000|100%| E|CS|TAMS 0x00000000a6b00000, 0x00000000a6b00000| Complete 
|  92|0x00000000a6c00000, 0x00000000a6d00000, 0x00000000a6d00000|100%| E|CS|TAMS 0x00000000a6c00000, 0x00000000a6c00000| Complete 
|  93|0x00000000a6d00000, 0x00000000a6e00000, 0x00000000a6e00000|100%| E|CS|TAMS 0x00000000a6d00000, 0x00000000a6d00000| Complete 
|  94|0x00000000a6e00000, 0x00000000a6f00000, 0x00000000a6f00000|100%| E|CS|TAMS 0x00000000a6e00000, 0x00000000a6e00000| Complete 
|  95|0x00000000a6f00000, 0x00000000a7000000, 0x00000000a7000000|100%| E|CS|TAMS 0x00000000a6f00000, 0x00000000a6f00000| Complete 

Card table byte_map: [0x000001f7a4d70000,0x000001f7a5070000] _byte_map_base: 0x000001f7a4868000

Marking Bits (Prev, Next): (CMBitMap*) 0x000001f791fa42d0, (CMBitMap*) 0x000001f791fa4298
 Prev Bits: [0x000001f7a6b30000, 0x000001f7a82f0000)
 Next Bits: [0x000001f7a5370000, 0x000001f7a6b30000)

Polling page: 0x000001f78fe80000

Metaspace:

Usage:
  Non-class:     23.57 MB capacity,    23.26 MB ( 99%) used,   275.58 KB (  1%) free+waste,    40.63 KB ( <1%) overhead. 
      Class:      2.95 MB capacity,     2.76 MB ( 94%) used,   177.48 KB (  6%) free+waste,    18.44 KB ( <1%) overhead. 
       Both:     26.52 MB capacity,    26.02 MB ( 98%) used,   453.06 KB (  2%) free+waste,    59.06 KB ( <1%) overhead. 

Virtual space:
  Non-class space:       26.00 MB reserved,      23.75 MB ( 91%) committed 
      Class space:        1.00 GB reserved,       3.00 MB ( <1%) committed 
             Both:        1.03 GB reserved,      26.75 MB (  3%) committed 

Chunk freelists:
   Non-Class:  55.00 KB
       Class:  21.00 KB
        Both:  76.00 KB

MaxMetaspaceSize: 17179869184.00 GB
CompressedClassSpaceSize: 1.00 GB

CodeHeap 'non-profiled nmethods': size=120064Kb used=647Kb max_used=647Kb free=119416Kb
 bounds [0x000001f79d530000, 0x000001f79d7a0000, 0x000001f7a4a70000]
CodeHeap 'profiled nmethods': size=120000Kb used=3803Kb max_used=3803Kb free=116196Kb
 bounds [0x000001f796000000, 0x000001f7963c0000, 0x000001f79d530000]
CodeHeap 'non-nmethods': size=5696Kb used=1152Kb max_used=1164Kb free=4543Kb
 bounds [0x000001f795a70000, 0x000001f795ce0000, 0x000001f796000000]
 total_blobs=2514 nmethods=2022 adapters=403
 compilation: enabled
              stopped_count=0, restarted_count=0
 full_count=0

Compilation events (20 events):
Event: 2.811 Thread 0x000001f7aa7e9000 nmethod 2013 0x000001f7963aaa90 code [0x000001f7963aad40, 0x000001f7963abb28]
Event: 2.811 Thread 0x000001f7aa7e9000 2015       3       jdk.internal.org.objectweb.asm.MethodWriter::put (1602 bytes)
Event: 2.821 Thread 0x000001f7aa7e9000 nmethod 2015 0x000001f7963ac010 code [0x000001f7963ac900, 0x000001f7963afcb8]
Event: 2.821 Thread 0x000001f7aa7e9000 2014       3       jdk.internal.org.objectweb.asm.MethodWriter::getSize (838 bytes)
Event: 2.828 Thread 0x000001f7aa7e9000 nmethod 2014 0x000001f7963b1310 code [0x000001f7963b17c0, 0x000001f7963b36a8]
Event: 2.845 Thread 0x000001f7aa7e9000 2016       3       java.util.ImmutableCollections$Set12::contains (28 bytes)
Event: 2.846 Thread 0x000001f7aa7e9000 nmethod 2016 0x000001f7963b4490 code [0x000001f7963b4660, 0x000001f7963b4998]
Event: 2.846 Thread 0x000001f7aa7e4800 2017       4       jdk.internal.org.objectweb.asm.Type::getArgumentsAndReturnSizes (151 bytes)
Event: 2.863 Thread 0x000001f7aa7e4800 nmethod 2017 0x000001f79d5d0b90 code [0x000001f79d5d0da0, 0x000001f79d5d13a0]
Event: 2.865 Thread 0x000001f7aa7e9000 2018       3       java.lang.invoke.DirectMethodHandle::preparedLambdaForm (31 bytes)
Event: 2.866 Thread 0x000001f7aa7e9000 nmethod 2018 0x000001f7963b4a90 code [0x000001f7963b4c80, 0x000001f7963b4ea8]
Event: 2.866 Thread 0x000001f7aa7e9000 2019       3       java.lang.invoke.AbstractValidatingLambdaMetafactory::isAdaptableTo (126 bytes)
Event: 2.868 Thread 0x000001f7aa7e9000 nmethod 2019 0x000001f7963b5010 code [0x000001f7963b52a0, 0x000001f7963b5c48]
Event: 2.868 Thread 0x000001f7aa7e9000 2020       3       java.lang.Class::newReflectionData (66 bytes)
Event: 2.868 Thread 0x000001f7aa7e9000 nmethod 2020 0x000001f7963b6010 code [0x000001f7963b6240, 0x000001f7963b6b88]
Event: 2.868 Thread 0x000001f7aa7e9000 2021       1       java.lang.reflect.Constructor::getRoot (5 bytes)
Event: 2.868 Thread 0x000001f7aa7e9000 nmethod 2021 0x000001f79d5d1890 code [0x000001f79d5d1a40, 0x000001f79d5d1af8]
Event: 2.868 Thread 0x000001f7aa7e9000 2022       1       java.lang.invoke.MethodHandleNatives::isPullModeBSM (2 bytes)
Event: 2.869 Thread 0x000001f7aa7e9000 nmethod 2022 0x000001f79d5d1b90 code [0x000001f79d5d1d40, 0x000001f79d5d1dd8]
Event: 2.875 Thread 0x000001f7aa7e4800 2023   !   4       jdk.internal.loader.BuiltinClassLoader::loadClassOrNull (143 bytes)

GC Heap History (4 events):
Event: 0.679 GC heap before
{Heap before GC invocations=0 (full 0):
 garbage-first heap   total 98304K, used 17408K [0x00000000a1000000, 0x0000000100000000)
  region size 1024K, 14 young (14336K), 0 survivors (0K)
 Metaspace       used 9944K, capacity 10054K, committed 10112K, reserved 1058816K
  class space    used 841K, capacity 861K, committed 896K, reserved 1048576K
}
Event: 0.684 GC heap after
{Heap after GC invocations=1 (full 0):
 garbage-first heap   total 98304K, used 5275K [0x00000000a1000000, 0x0000000100000000)
  region size 1024K, 2 young (2048K), 2 survivors (2048K)
 Metaspace       used 9944K, capacity 10054K, committed 10112K, reserved 1058816K
  class space    used 841K, capacity 861K, committed 896K, reserved 1048576K
}
Event: 1.948 GC heap before
{Heap before GC invocations=1 (full 0):
 garbage-first heap   total 98304K, used 51355K [0x00000000a1000000, 0x0000000100000000)
  region size 1024K, 48 young (49152K), 2 survivors (2048K)
 Metaspace       used 20786K, capacity 21002K, committed 21248K, reserved 1069056K
  class space    used 2194K, capacity 2297K, committed 2304K, reserved 1048576K
}
Event: 1.967 GC heap after
{Heap after GC invocations=2 (full 0):
 garbage-first heap   total 98304K, used 9572K [0x00000000a1000000, 0x0000000100000000)
  region size 1024K, 7 young (7168K), 7 survivors (7168K)
 Metaspace       used 20786K, capacity 21002K, committed 21248K, reserved 1069056K
  class space    used 2194K, capacity 2297K, committed 2304K, reserved 1048576K
}

Deoptimization events (20 events):
Event: 2.266 Thread 0x000001f791f6c000 Uncommon trap: trap_request=0xffffff6e fr.pc=0x000001f79d5b556c relative=0x000000000000132c
Event: 2.266 Thread 0x000001f791f6c000 Uncommon trap: reason=speculate_class_check action=maybe_recompile pc=0x000001f79d5b556c method=java.util.zip.InflaterInputStream.read([BII)I @ 100 c2
Event: 2.266 Thread 0x000001f791f6c000 DEOPT PACKING pc=0x000001f79d5b556c sp=0x000000062fefe830
Event: 2.266 Thread 0x000001f791f6c000 DEOPT UNPACKING pc=0x000001f795a965af sp=0x000000062fefe890 mode 2
Event: 2.418 Thread 0x000001f791f6c000 Uncommon trap: trap_request=0xffffff4d fr.pc=0x000001f79d5b90e8 relative=0x0000000000000148
Event: 2.418 Thread 0x000001f791f6c000 Uncommon trap: reason=unstable_if action=reinterpret pc=0x000001f79d5b90e8 method=java.util.Arrays.hashCode([B)I @ 1 c2
Event: 2.418 Thread 0x000001f791f6c000 DEOPT PACKING pc=0x000001f79d5b90e8 sp=0x000000062fefe830
Event: 2.418 Thread 0x000001f791f6c000 DEOPT UNPACKING pc=0x000001f795a965af sp=0x000000062fefe7a0 mode 2
Event: 2.422 Thread 0x000001f791f6c000 Uncommon trap: trap_request=0xffffff4d fr.pc=0x000001f79d5ba674 relative=0x00000000000000d4
Event: 2.422 Thread 0x000001f791f6c000 Uncommon trap: reason=unstable_if action=reinterpret pc=0x000001f79d5ba674 method=jdk.nio.zipfs.ZipConstants.pkSigAt([BIII)Z @ 5 c2
Event: 2.422 Thread 0x000001f791f6c000 DEOPT PACKING pc=0x000001f79d5ba674 sp=0x000000062fefe680
Event: 2.422 Thread 0x000001f791f6c000 DEOPT UNPACKING pc=0x000001f795a965af sp=0x000000062fefe628 mode 2
Event: 2.485 Thread 0x000001f791f6c000 Uncommon trap: trap_request=0xffffff6e fr.pc=0x000001f79d5b556c relative=0x000000000000132c
Event: 2.485 Thread 0x000001f791f6c000 Uncommon trap: reason=speculate_class_check action=maybe_recompile pc=0x000001f79d5b556c method=java.util.zip.InflaterInputStream.read([BII)I @ 100 c2
Event: 2.485 Thread 0x000001f791f6c000 DEOPT PACKING pc=0x000001f79d5b556c sp=0x000000062fefe830
Event: 2.485 Thread 0x000001f791f6c000 DEOPT UNPACKING pc=0x000001f795a965af sp=0x000000062fefe890 mode 2
Event: 2.795 Thread 0x000001f791f6c000 Uncommon trap: trap_request=0xffffff4d fr.pc=0x000001f79d593d24 relative=0x0000000000000184
Event: 2.795 Thread 0x000001f791f6c000 Uncommon trap: reason=unstable_if action=reinterpret pc=0x000001f79d593d24 method=java.lang.String.startsWith(Ljava/lang/String;I)Z @ 1 c2
Event: 2.795 Thread 0x000001f791f6c000 DEOPT PACKING pc=0x000001f79d593d24 sp=0x000000062fefe120
Event: 2.795 Thread 0x000001f791f6c000 DEOPT UNPACKING pc=0x000001f795a965af sp=0x000000062fefe090 mode 2

Classes redefined (0 events):
No events

Internal exceptions (16 events):
Event: 0.339 Thread 0x000001f791f6c000 Exception <a 'java/lang/NoSuchMethodError'{0x00000000a6c2ba00}: 'int java.lang.invoke.DirectMethodHandle$Holder.invokeSpecialIFC(java.lang.Object, java.lang.Object, int)'> (0x00000000a6c2ba00) thrown at [./src/hotspot/share/interpreter/linkResolver.cpp, line 773]
Event: 1.774 Thread 0x000001f791f6c000 Exception <a 'java/lang/NoSuchMethodError'{0x00000000a46f1b48}: 'java.lang.Object java.lang.invoke.DirectMethodHandle$Holder.invokeStaticInit(java.lang.Object, int)'> (0x00000000a46f1b48) thrown at [./src/hotspot/share/interpreter/linkResolver.cpp, line 773]
Event: 1.819 Thread 0x000001f791f6c000 Exception <a 'java/lang/NoSuchMethodError'{0x00000000a447d1f8}: 'long java.lang.invoke.DirectMethodHandle$Holder.invokeStatic(java.lang.Object)'> (0x00000000a447d1f8) thrown at [./src/hotspot/share/interpreter/linkResolver.cpp, line 773]
Event: 1.825 Thread 0x000001f791f6c000 Exception <a 'java/lang/NoSuchMethodError'{0x00000000a4480050}: 'long java.lang.invoke.DirectMethodHandle$Holder.invokeStaticInit(java.lang.Object)'> (0x00000000a4480050) thrown at [./src/hotspot/share/interpreter/linkResolver.cpp, line 773]
Event: 1.925 Thread 0x000001f791f6c000 Exception <a 'java/lang/NoSuchMethodError'{0x00000000a4015218}: 'int java.lang.invoke.DirectMethodHandle$Holder.invokeStaticInit(java.lang.Object, java.lang.Object, java.lang.Object)'> (0x00000000a4015218) thrown at [./src/hotspot/share/interpreter/linkResolver.cpp, line 773]
Event: 1.932 Thread 0x000001f791f6c000 Exception <a 'java/lang/NoSuchMethodError'{0x00000000a4040c60}: 'int java.lang.invoke.DirectMethodHandle$Holder.invokeStaticInit(java.lang.Object, java.lang.Object)'> (0x00000000a4040c60) thrown at [./src/hotspot/share/interpreter/linkResolver.cpp, line 773]
Event: 2.326 Thread 0x000001f791f6c000 Exception <a 'java/lang/NoSuchMethodError'{0x00000000a6609738}: 'java.lang.Object java.lang.invoke.DirectMethodHandle$Holder.invokeStatic(java.lang.Object, java.lang.Object, java.lang.Object, java.lang.Object, java.lang.Object, java.lang.Object, java.lang.Object, java.lang.Object, java.lang.Object, java.lang.Object, java.lang.Object, java.lang.Object, java.lang.Object, java.lang.Object, java.lang.Object)'> (0x00000000a6609738) thrown at [./src/hotspot/share/interpreter/linkResolver.cpp, line 773]
Event: 2.332 Thread 0x000001f791f6c000 Exception <a 'java/lang/NoSuchMethodError'{0x00000000a6617740}: 'java.lang.Object java.lang.invoke.DirectMethodHandle$Holder.invokeStatic(java.lang.Object, java.lang.Object, java.lang.Object, java.lang.Object, java.lang.Object, java.lang.Object, java.lang.Object, java.lang.Object, java.lang.Object, java.lang.Object, java.lang.Object, java.lang.Object, java.lang.Object, java.lang.Object, java.lang.Object, java.lang.Object)'> (0x00000000a6617740) thrown at [./src/hotspot/share/interpreter/linkResolver.cpp, l
Event: 2.335 Thread 0x000001f791f6c000 Exception <a 'java/lang/NoSuchMethodError'{0x00000000a6625658}: 'java.lang.Object java.lang.invoke.DirectMethodHandle$Holder.invokeSpecial(java.lang.Object, java.lang.Object, int, int, java.lang.Object, java.lang.Object, java.lang.Object)'> (0x00000000a6625658) thrown at [./src/hotspot/share/interpreter/linkResolver.cpp, line 773]
Event: 2.335 Thread 0x000001f791f6c000 Exception <a 'java/lang/NoSuchMethodError'{0x00000000a6628e90}: 'java.lang.Object java.lang.invoke.DelegatingMethodHandle$Holder.reinvoke_L(java.lang.Object, int, int, java.lang.Object, java.lang.Object, java.lang.Object)'> (0x00000000a6628e90) thrown at [./src/hotspot/share/interpreter/linkResolver.cpp, line 773]
Event: 2.336 Thread 0x000001f791f6c000 Exception <a 'java/lang/NoSuchMethodError'{0x00000000a662d218}: 'java.lang.Object java.lang.invoke.DirectMethodHandle$Holder.invokeStatic(java.lang.Object, java.lang.Object, java.lang.Object, java.lang.Object, int)'> (0x00000000a662d218) thrown at [./src/hotspot/share/interpreter/linkResolver.cpp, line 773]
Event: 2.418 Thread 0x000001f791f6c000 Implicit null exception at 0x000001f79d5b8fac to 0x000001f79d5b90da
Event: 2.496 Thread 0x000001f791f6c000 Exception <a 'java/lang/NoSuchMethodError'{0x00000000a61a6638}: 'void java.lang.invoke.DirectMethodHandle$Holder.invokeStatic(java.lang.Object, java.lang.Object, java.lang.Object, java.lang.Object)'> (0x00000000a61a6638) thrown at [./src/hotspot/share/interpreter/linkResolver.cpp, line 773]
Event: 2.583 Thread 0x000001f791f6c000 Exception <a 'java/lang/NoSuchMethodError'{0x00000000a60f8d70}: 'void java.lang.invoke.DirectMethodHandle$Holder.invokeSpecial(java.lang.Object, java.lang.Object)'> (0x00000000a60f8d70) thrown at [./src/hotspot/share/interpreter/linkResolver.cpp, line 773]
Event: 2.694 Thread 0x000001f791f6c000 Exception <a 'java/lang/NoSuchMethodError'{0x00000000a5d9e7d0}: 'void java.lang.invoke.DirectMethodHandle$Holder.invokeStaticInit(java.lang.Object, java.lang.Object)'> (0x00000000a5d9e7d0) thrown at [./src/hotspot/share/interpreter/linkResolver.cpp, line 773]
Event: 2.733 Thread 0x000001f791f6c000 Exception <a 'java/lang/NoSuchMethodError'{0x00000000a5ddd100}: 'void java.lang.invoke.DirectMethodHandle$Holder.invokeInterface(java.lang.Object, java.lang.Object)'> (0x00000000a5ddd100) thrown at [./src/hotspot/share/interpreter/linkResolver.cpp, line 773]

Events (20 events):
Event: 2.879 loading class kotlin/properties/Delegates
Event: 2.879 loading class kotlin/properties/Delegates done
Event: 2.880 loading class kotlin/properties/NotNullVar
Event: 2.880 loading class kotlin/properties/NotNullVar done
Event: 2.895 loading class org/jetbrains/kotlin/cli/jvm/compiler/CliLightClassGenerationSupport
Event: 2.895 loading class org/jetbrains/kotlin/cli/jvm/compiler/CliLightClassGenerationSupport done
Event: 2.896 loading class org/jetbrains/kotlin/asJava/LightClassGenerationSupport
Event: 2.896 loading class org/jetbrains/kotlin/asJava/LightClassGenerationSupport done
Event: 2.897 loading class org/jetbrains/kotlin/asJava/LightClassGenerationSupport$Companion
Event: 2.897 loading class org/jetbrains/kotlin/asJava/LightClassGenerationSupport$Companion done
Event: 2.898 loading class org/jetbrains/kotlin/cli/jvm/compiler/CliLightClassGenerationSupport$ultraLightSupport$2
Event: 2.898 loading class org/jetbrains/kotlin/cli/jvm/compiler/CliLightClassGenerationSupport$ultraLightSupport$2 done
Event: 2.899 loading class org/jetbrains/kotlin/asJava/classes/ImplUtilsKt
Event: 2.899 loading class org/jetbrains/kotlin/asJava/classes/ImplUtilsKt done
Event: 2.901 loading class org/jetbrains/kotlin/cli/jvm/compiler/CliKotlinAsJavaSupport
Event: 2.901 loading class org/jetbrains/kotlin/cli/jvm/compiler/CliKotlinAsJavaSupport done
Event: 2.904 loading class org/jetbrains/kotlin/asJava/KotlinAsJavaSupport
Event: 2.904 loading class org/jetbrains/kotlin/asJava/KotlinAsJavaSupport done
Event: 2.910 loading class org/jetbrains/kotlin/asJava/KotlinAsJavaSupport$Companion
Event: 2.910 loading class org/jetbrains/kotlin/asJava/KotlinAsJavaSupport$Companion done


Dynamic libraries:
0x00007ff735720000 - 0x00007ff73572a000 	C:\Program Files\Android\Android Studio\jre\bin\java.exe
0x00007ff8dd890000 - 0x00007ff8dda85000 	C:\Windows\SYSTEM32\ntdll.dll
0x00007ff8dc900000 - 0x00007ff8dc9be000 	C:\Windows\System32\KERNEL32.DLL
0x00007ff8dafa0000 - 0x00007ff8db268000 	C:\Windows\System32\KERNELBASE.dll
0x00007ff8db470000 - 0x00007ff8db570000 	C:\Windows\System32\ucrtbase.dll
0x00007ff8d1df0000 - 0x00007ff8d1e07000 	C:\Program Files\Android\Android Studio\jre\bin\VCRUNTIME140.dll
0x00007ff8d3ea0000 - 0x00007ff8d3eb9000 	C:\Program Files\Android\Android Studio\jre\bin\jli.dll
0x00007ff8dd5e0000 - 0x00007ff8dd780000 	C:\Windows\System32\USER32.dll
0x00007ff8db800000 - 0x00007ff8db822000 	C:\Windows\System32\win32u.dll
0x00007ff8db8e0000 - 0x00007ff8db90b000 	C:\Windows\System32\GDI32.dll
0x00007ff8db6a0000 - 0x00007ff8db7ad000 	C:\Windows\System32\gdi32full.dll
0x00007ff8db600000 - 0x00007ff8db69d000 	C:\Windows\System32\msvcp_win.dll
0x00007ff8ced00000 - 0x00007ff8cef9a000 	C:\Windows\WinSxS\amd64_microsoft.windows.common-controls_6595b64144ccf1df_6.0.19041.1110_none_60b5254171f9507e\COMCTL32.dll
0x00007ff8dd2d0000 - 0x00007ff8dd36e000 	C:\Windows\System32\msvcrt.dll
0x00007ff8dc8d0000 - 0x00007ff8dc900000 	C:\Windows\System32\IMM32.DLL
0x00007ff8bac10000 - 0x00007ff8bacad000 	C:\Program Files\Android\Android Studio\jre\bin\msvcp140.dll
0x00007ff89ce30000 - 0x00007ff89d905000 	C:\Program Files\Android\Android Studio\jre\bin\server\jvm.dll
0x00007ff8dcd40000 - 0x00007ff8dcdee000 	C:\Windows\System32\ADVAPI32.dll
0x00007ff8dd390000 - 0x00007ff8dd42c000 	C:\Windows\System32\sechost.dll
0x00007ff8dbdd0000 - 0x00007ff8dbef5000 	C:\Windows\System32\RPCRT4.dll
0x00007ff8dbc70000 - 0x00007ff8dbc78000 	C:\Windows\System32\PSAPI.DLL
0x00007ff8c8120000 - 0x00007ff8c8129000 	C:\Windows\SYSTEM32\WSOCK32.dll
0x00007ff8cf360000 - 0x00007ff8cf387000 	C:\Windows\SYSTEM32\WINMM.dll
0x00007ff8d1400000 - 0x00007ff8d140a000 	C:\Windows\SYSTEM32\VERSION.dll
0x00007ff8dc9c0000 - 0x00007ff8dca2b000 	C:\Windows\System32\WS2_32.dll
0x00007ff8d8e50000 - 0x00007ff8d8e62000 	C:\Windows\SYSTEM32\kernel.appcore.dll
0x00007ff8cb660000 - 0x00007ff8cb671000 	C:\Program Files\Android\Android Studio\jre\bin\verify.dll
0x00007ff8d2e20000 - 0x00007ff8d3004000 	C:\Windows\SYSTEM32\DBGHELP.DLL
0x00007ff8d2df0000 - 0x00007ff8d2e1c000 	C:\Windows\SYSTEM32\dbgcore.DLL
0x00007ff8db570000 - 0x00007ff8db5f2000 	C:\Windows\System32\bcryptPrimitives.dll
0x00007ff8c74c0000 - 0x00007ff8c74e9000 	C:\Program Files\Android\Android Studio\jre\bin\java.dll
0x00007ff8cbcc0000 - 0x00007ff8cbccb000 	C:\Program Files\Android\Android Studio\jre\bin\jimage.dll
0x00007ff8c46d0000 - 0x00007ff8c46e8000 	C:\Program Files\Android\Android Studio\jre\bin\zip.dll
0x00007ff8dc040000 - 0x00007ff8dc784000 	C:\Windows\System32\SHELL32.dll
0x00007ff8d9050000 - 0x00007ff8d97e4000 	C:\Windows\SYSTEM32\windows.storage.dll
0x00007ff8db910000 - 0x00007ff8dbc65000 	C:\Windows\System32\combase.dll
0x00007ff8da910000 - 0x00007ff8da93e000 	C:\Windows\SYSTEM32\Wldp.dll
0x00007ff8dcaf0000 - 0x00007ff8dcb9d000 	C:\Windows\System32\SHCORE.dll
0x00007ff8dbc80000 - 0x00007ff8dbcd5000 	C:\Windows\System32\shlwapi.dll
0x00007ff8daee0000 - 0x00007ff8daeff000 	C:\Windows\SYSTEM32\profapi.dll
0x00007ff8c46b0000 - 0x00007ff8c46ca000 	C:\Program Files\Android\Android Studio\jre\bin\net.dll
0x00007ff8d4e30000 - 0x00007ff8d4f3c000 	C:\Windows\SYSTEM32\WINHTTP.dll
0x00007ff8da680000 - 0x00007ff8da6ea000 	C:\Windows\system32\mswsock.dll
0x00007ff8c4690000 - 0x00007ff8c46a4000 	C:\Program Files\Android\Android Studio\jre\bin\nio.dll

dbghelp: loaded successfully - version: 4.0.5 - missing functions: none
symbol engine: initialized successfully - sym options: 0x614 - pdb path: .;C:\Program Files\Android\Android Studio\jre\bin;C:\Windows\SYSTEM32;C:\Windows\WinSxS\amd64_microsoft.windows.common-controls_6595b64144ccf1df_6.0.19041.1110_none_60b5254171f9507e;C:\Program Files\Android\Android Studio\jre\bin\server

VM Arguments:
java_command: org.jetbrains.kotlin.cli.jvm.K2JVMCompiler @C:\Users\Ali Usman\AndroidStudioProjects\BaseArchitectureProject\app\build\20220407_2181905755215474519.compiler.options
java_class_path (initial): C:\Users\Ali Usman\.gradle\caches\modules-2\files-2.1\org.jetbrains.kotlin\kotlin-compiler-embeddable\1.4.31\6451ea797cef544e81f507b0d9959cd97ae09c0\kotlin-compiler-embeddable-1.4.31.jar;C:\Users\Ali Usman\.gradle\caches\modules-2\files-2.1\org.jetbrains.kotlin\kotlin-reflect\1.4.31\63db9d66c3d20f7b8f66196e7ba86969daae8b8a\kotlin-reflect-1.4.31.jar;C:\Users\Ali Usman\.gradle\caches\modules-2\files-2.1\org.jetbrains.kotlin\kotlin-stdlib\1.4.31\a58e0fb9812a6a93ca24b5da75e4b5a0cb89c957\kotlin-stdlib-1.4.31.jar;C:\Users\Ali Usman\.gradle\caches\modules-2\files-2.1\org.jetbrains.kotlin\kotlin-script-runtime\1.4.31\183616b52cfb8ddaa8a2a15bf926e87dfcddcde3\kotlin-script-runtime-1.4.31.jar;C:\Users\Ali Usman\.gradle\caches\modules-2\files-2.1\org.jetbrains.kotlin\kotlin-daemon-embeddable\1.4.31\10faf8ac3dd5975ed972b2bc395b4ffc7ffde246\kotlin-daemon-embeddable-1.4.31.jar;C:\Users\Ali Usman\.gradle\caches\modules-2\files-2.1\org.jetbrains.intellij.deps\trove4j\1.0.20181211\216c2e14b070f334479d800987affe4054cd563f\trove4j-1.0.20181211.jar;C:\Users\Ali Usman\.gradle\caches\modules-2\files-2.1\org.jetbrains.kotlin\kotlin-stdlib-common\1.4.31\6dd50665802f54ba9bc3f70ecb20227d1bc81323\kotlin-stdlib-common-1.4.31.jar;C:\Users\Ali Usman\.gradle\caches\modules-2\files-2.1\org.jetbrains\annotations\13.0\919f0dfe192fb4e063e7dacadee7f8bb9a2672a9\annotations-13.0.jar
Launcher Type: SUN_STANDARD

[Global flags]
     intx CICompilerCount                          = 3                                         {product} {ergonomic}
     uint ConcGCThreads                            = 1                                         {product} {ergonomic}
     uint G1ConcRefinementThreads                  = 4                                         {product} {ergonomic}
   size_t G1HeapRegionSize                         = 1048576                                   {product} {ergonomic}
    uintx GCDrainStackTargetSize                   = 64                                        {product} {ergonomic}
   size_t InitialHeapSize                          = 100663296                                 {product} {ergonomic}
   size_t MarkStackSize                            = 4194304                                   {product} {ergonomic}
   size_t MaxHeapSize                              = 1593835520                                {product} {ergonomic}
   size_t MaxNewSize                               = 956301312                                 {product} {ergonomic}
   size_t MinHeapDeltaBytes                        = 1048576                                   {product} {ergonomic}
    uintx NonNMethodCodeHeapSize                   = 5830732                                {pd product} {ergonomic}
    uintx NonProfiledCodeHeapSize                  = 122913754                              {pd product} {ergonomic}
    uintx ProfiledCodeHeapSize                     = 122913754                              {pd product} {ergonomic}
    uintx ReservedCodeCacheSize                    = 251658240                              {pd product} {ergonomic}
     bool SegmentedCodeCache                       = true                                      {product} {ergonomic}
     bool UseCompressedClassPointers               = true                                 {lp64_product} {ergonomic}
     bool UseCompressedOops                        = true                                 {lp64_product} {ergonomic}
     bool UseG1GC                                  = true                                      {product} {ergonomic}
     bool UseLargePagesIndividualAllocation        = false                                  {pd product} {ergonomic}

Logging:
Log output configuration:
 #0: stdout all=warning uptime,level,tags
 #1: stderr all=off uptime,level,tags

Environment Variables:
JAVA_HOME=C:\Program Files\Java\jdk1.8.0_291
PATH=C:\Python310\Scripts\;C:\Python310\;c:\mingw\bin;C:\Program Files (x86)\Common Files\Oracle\Java\javapath;C:\Program Files\Python37\Scripts\;C:\Program Files\Python37\;C:\Windows\system32;C:\Windows;C:\Windows\System32\Wbem;C:\Windows\System32\WindowsPowerShell\v1.0\;C:\Windows\System32\OpenSSH\;C:\Program Files (x86)\AMD\ATI.ACE\Core-Static;C:\Users\Ali Usman\AppData\Roaming\Python\Python37\Scripts;F:\download\Compressed\openjfx-11.0.2_windows-x64_bin-sdk\javafx-sdk-11.0.2\lib;C:\Program Files (x86)\Inno Setup 6;C:\Program Files\Java\jdk1.8.0_291\bin;C:\Program Files\Git\cmd;C:\Program Files\PostgreSQL\13\bin;C:\Program Files\nodejs\;C:\ProgramData\chocolatey\bin;C:\Users\Ali Usman\AppData\Local\Microsoft\WindowsApps;C:\Program Files\JetBrains\PyCharm Community Edition 2020.3.4\bin;;F:\download\Compressed\openjfx-11.0.2_windows-x64_bin-sdk\javafx-sdk-11.0.2\lib;C:\Program Files\Java\jdk1.8.0_291\bin;C:\Users\Ali Usman\AppData\Local\Programs\Microsoft VS Code\bin;C:\Program Files\heroku\bin;C:\Users\Ali Usman\flutter\flutter\bin;C:\Users\Ali Usman\dart\dart-sdk;C:\Users\Ali Usman\AppData\Local\Android\Sdk\platform-tools;C:\Users\Ali Usman\AppData\Roaming\npm
USERNAME=Ali Usman
OS=Windows_NT
PROCESSOR_IDENTIFIER=Intel64 Family 6 Model 58 Stepping 9, GenuineIntel



---------------  S Y S T E M  ---------------

OS: Windows 10 , 64 bit Build 19041 (10.0.19041.1503)
OS uptime: 0 days 19:49 hours
Hyper-V role detected

CPU:total 4 (initial active 4) (2 cores per cpu, 2 threads per core) family 6 model 58 stepping 9 microcode 0x21, cmov, cx8, fxsr, mmx, sse, sse2, sse3, ssse3, sse4.1, sse4.2, popcnt, avx, aes, clmul, erms, ht, tsc, tscinvbit, tscinv

Memory: 4k page, system-wide physical 6075M (644M free)
TotalPageFile size 11019M (AvailPageFile size 8M)
current process WorkingSet (physical memory assigned to process): 141M, peak: 141M
current process commit charge ("private bytes"): 202M, peak: 202M

vm_info: OpenJDK 64-Bit Server VM (11.0.11+9-b60-7590822) for windows-amd64 JRE (11.0.11+9-b60-7590822), built on Jul 29 2021 21:43:44 by "builder" with MS VC++ 14.0 (VS2015)

END.
