#
# There is insufficient memory for the Java Runtime Environment to continue.
# Native memory allocation (malloc) failed to allocate 687696 bytes for Chunk::new
# Possible reasons:
#   The system is out of physical RAM or swap space
#   The process is running with CompressedOops enabled, and the Java Heap may be blocking the growth of the native heap
# Possible solutions:
#   Reduce memory load on the system
#   Increase physical memory or swap space
#   Check if swap backing store is full
#   Decrease Java heap size (-Xmx/-Xms)
#   Decrease number of Java threads
#   Decrease Java thread stack sizes (-Xss)
#   Set larger code cache with -XX:ReservedCodeCacheSize=
#   JVM is running with Unscaled Compressed Oops mode in which the Java heap is
#     placed in the first 4GB address space. The Java Heap base address is the
#     maximum limit for the native heap growth. Please use -XX:HeapBaseMinAddress
#     to set the Java Heap base and to place the Java Heap above 4GB virtual address.
# This output file may be truncated or incomplete.
#
#  Out of Memory Error (./src/hotspot/share/memory/arena.cpp:197), pid=7288, tid=8572
#
# JRE version: OpenJDK Runtime Environment (11.0.11+9) (build 11.0.11+9-b60-7590822)
# Java VM: OpenJDK 64-Bit Server VM (11.0.11+9-b60-7590822, mixed mode, tiered, compressed oops, g1 gc, windows-amd64)
# No core dump will be written. Minidumps are not enabled by default on client versions of Windows
#

---------------  S U M M A R Y ------------

Command Line: --add-opens=java.base/java.util=ALL-UNNAMED --add-opens=java.base/java.lang=ALL-UNNAMED --add-opens=java.base/java.lang.invoke=ALL-UNNAMED --add-opens=java.prefs/java.util.prefs=ALL-UNNAMED -Xmx2048m -Dfile.encoding=windows-1252 -Duser.country=US -Duser.language=en -Duser.variant org.gradle.launcher.daemon.bootstrap.GradleDaemon 6.7.1

Host: Intel(R) Core(TM) i5-3320M CPU @ 2.60GHz, 4 cores, 5G,  Windows 10 , 64 bit Build 19041 (10.0.19041.1503)
Time: Thu Apr  7 16:11:39 2022 Pakistan Standard Time elapsed time: 11.451604 seconds (0d 0h 0m 11s)

---------------  T H R E A D  ---------------

Current thread (0x000002206ac16800):  JavaThread "C2 CompilerThread1" daemon [_thread_in_native, id=8572, stack(0x0000005668600000,0x0000005668700000)]


Current CompileTask:
C2:  11451 4759       4       java.lang.PublicMethods::merge (81 bytes)

Stack: [0x0000005668600000,0x0000005668700000]
Native frames: (J=compiled Java code, j=interpreted, Vv=VM code, C=native code)
V  [jvm.dll+0x5f214a]
V  [jvm.dll+0x726fb5]
V  [jvm.dll+0x7285cd]
V  [jvm.dll+0x728c83]
V  [jvm.dll+0x243278]
V  [jvm.dll+0xbc53c]
V  [jvm.dll+0xbca3c]
V  [jvm.dll+0x353e7d]
V  [jvm.dll+0x321893]
V  [jvm.dll+0x320d8a]
V  [jvm.dll+0x1fc1e2]
V  [jvm.dll+0x1fb3d4]
V  [jvm.dll+0x183d6c]
V  [jvm.dll+0x209a57]
V  [jvm.dll+0x2082a1]
V  [jvm.dll+0x6ef58f]
V  [jvm.dll+0x6e80b5]
V  [jvm.dll+0x5f1036]
C  [ucrtbase.dll+0x21bb2]
C  [KERNEL32.DLL+0x17034]
C  [ntdll.dll+0x52651]


---------------  P R O C E S S  ---------------

Threads class SMR info:
_java_thread_list=0x0000022068a93e60, length=162, elements={
0x000002204c31d000, 0x0000022065ee6800, 0x0000022065ee8000, 0x0000022065f03800,
0x0000022065f08800, 0x0000022065f09800, 0x0000022065f0d000, 0x0000022065f0e800,
0x0000022065f1a800, 0x00000220669ba000, 0x00000220680c6000, 0x000002206803a000,
0x00000220678d8000, 0x00000220682bc800, 0x000002206769a800, 0x0000022068314000,
0x0000022068378000, 0x0000022068136000, 0x000002206893d800, 0x0000022067947800,
0x0000022067945000, 0x0000022067946000, 0x0000022067946800, 0x000002206ac0f000,
0x000002206ac0a000, 0x000002206ac09000, 0x000002206ac10000, 0x000002206ac10800,
0x000002206ac0b000, 0x000002206ac11800, 0x000002206ac16800, 0x000002206ac15800,
0x000002206ac17000, 0x000002206ac18000, 0x000002206ae3b800, 0x000002206ae36800,
0x000002206ae39800, 0x000002206ae38000, 0x000002206ae39000, 0x000002206ae3a800,
0x000002206ae3c000, 0x000002206ae3d000, 0x000002206ae37000, 0x000002206b8d1000,
0x000002206b8d5000, 0x000002206b8d2000, 0x000002206b8cf800, 0x000002206b8d6000,
0x000002206b8d2800, 0x000002206b8d4800, 0x000002206b8d0800, 0x000002206b8d9000,
0x000002206b8d7000, 0x000002206b8d7800, 0x000002206b8d3800, 0x000002206b8da000,
0x000002206b8db000, 0x000002206b8dd800, 0x000002206b8d8800, 0x000002206b8db800,
0x000002206b8de000, 0x000002206b8dc800, 0x000002206b0b3000, 0x000002206b0b2000,
0x000002206b0b4000, 0x000002206b0b0800, 0x000002206b0b4800, 0x000002206b0b1800,
0x000002206b0b0000, 0x000002206b0b8000, 0x000002206b0b7000, 0x000002206b0b9000,
0x000002206b0b9800, 0x000002206b0bb000, 0x000002206b0ba800, 0x000002206b0b6800,
0x000002206b0b5800, 0x000002206b0bd800, 0x000002206b0bc000, 0x000002206b0bd000,
0x000002206b0be800, 0x000002206709d800, 0x000002206709c000, 0x000002206709f000,
0x000002206709d000, 0x000002206709a800, 0x000002206709e800, 0x0000022067099800,
0x00000220670a0000, 0x00000220670a1000, 0x000002206709b000, 0x00000220670a6000,
0x00000220670a4000, 0x00000220670a2800, 0x00000220670a5000, 0x00000220670a3800,
0x00000220670a6800, 0x00000220670a7800, 0x00000220670a1800, 0x00000220670a8000,
0x00000220691f5800, 0x00000220691f4800, 0x00000220691f6000, 0x00000220691f8000,
0x00000220691f7000, 0x00000220691f2000, 0x00000220691f8800, 0x00000220691f3000,
0x00000220691f9800, 0x00000220691f4000, 0x00000220691fc000, 0x0000022069200000,
0x00000220691fd000, 0x00000220691fe800, 0x00000220691fd800, 0x00000220691fa800,
0x00000220691fb000, 0x0000022069201000, 0x00000220691ff000, 0x0000022068dea000,
0x0000022068deb800, 0x0000022068de6000, 0x0000022068de7800, 0x0000022068de8800,
0x0000022068deb000, 0x0000022068dec800, 0x0000022068de7000, 0x0000022068ded800,
0x0000022068dee000, 0x0000022068def000, 0x0000022068de9000, 0x0000022068df0000,
0x0000022068df2000, 0x0000022068df0800, 0x0000022068df3000, 0x0000022068df1800,
0x0000022068df4000, 0x0000022068df4800, 0x000002206b29e000, 0x000002206b29f800,
0x000002206b2a1800, 0x000002206b2a0800, 0x000002206b2a2000, 0x000002206b2a3000,
0x000002206b2a3800, 0x000002206b2a4800, 0x000002206b29f000, 0x000002206b2a5800,
0x000002206b2aa800, 0x000002206b2a7000, 0x000002206b2ac000, 0x000002206b2a8800,
0x000002206b2a9800, 0x000002206b2a6000, 0x000002206b2ac800, 0x000002206b2ab000,
0x000002206b2a8000, 0x000002206867e000, 0x000002206867c000, 0x000002206867d000,
0x000002206867a000, 0x0000022068678000
}

Java Threads: ( => current thread )
  0x000002204c31d000 JavaThread "main" [_thread_blocked, id=8728, stack(0x0000005666300000,0x0000005666400000)]
  0x0000022065ee6800 JavaThread "Reference Handler" daemon [_thread_blocked, id=4300, stack(0x0000005666a00000,0x0000005666b00000)]
  0x0000022065ee8000 JavaThread "Finalizer" daemon [_thread_blocked, id=11096, stack(0x0000005666b00000,0x0000005666c00000)]
  0x0000022065f03800 JavaThread "Signal Dispatcher" daemon [_thread_blocked, id=8748, stack(0x0000005666c00000,0x0000005666d00000)]
  0x0000022065f08800 JavaThread "Attach Listener" daemon [_thread_blocked, id=2340, stack(0x0000005666d00000,0x0000005666e00000)]
  0x0000022065f09800 JavaThread "Service Thread" daemon [_thread_blocked, id=4232, stack(0x0000005666e00000,0x0000005666f00000)]
  0x0000022065f0d000 JavaThread "C2 CompilerThread0" daemon [_thread_in_native, id=7916, stack(0x0000005666f00000,0x0000005667000000)]
  0x0000022065f0e800 JavaThread "C1 CompilerThread0" daemon [_thread_blocked, id=8332, stack(0x0000005667000000,0x0000005667100000)]
  0x0000022065f1a800 JavaThread "Sweeper thread" daemon [_thread_blocked, id=1572, stack(0x0000005667100000,0x0000005667200000)]
  0x00000220669ba000 JavaThread "Common-Cleaner" daemon [_thread_blocked, id=1936, stack(0x0000005667200000,0x0000005667300000)]
  0x00000220680c6000 JavaThread "Daemon health stats" [_thread_blocked, id=6604, stack(0x0000005667600000,0x0000005667700000)]
  0x000002206803a000 JavaThread "Incoming local TCP Connector on port 51278" [_thread_in_native, id=10164, stack(0x0000005667800000,0x0000005667900000)]
  0x00000220678d8000 JavaThread "Daemon periodic checks" [_thread_blocked, id=9432, stack(0x0000005667900000,0x0000005667a00000)]
  0x00000220682bc800 JavaThread "Daemon" [_thread_blocked, id=5228, stack(0x0000005667a00000,0x0000005667b00000)]
  0x000002206769a800 JavaThread "Handler for socket connection from /127.0.0.1:51278 to /127.0.0.1:51279" [_thread_in_native, id=2812, stack(0x0000005667b00000,0x0000005667c00000)]
  0x0000022068314000 JavaThread "Cancel handler" [_thread_blocked, id=7500, stack(0x0000005667c00000,0x0000005667d00000)]
  0x0000022068378000 JavaThread "Daemon worker" [_thread_in_native, id=4244, stack(0x0000005667f00000,0x0000005668000000)]
  0x0000022068136000 JavaThread "Asynchronous log dispatcher for DefaultDaemonConnection: socket connection from /127.0.0.1:51278 to /127.0.0.1:51279" [_thread_blocked, id=4256, stack(0x0000005668100000,0x0000005668200000)]
  0x000002206893d800 JavaThread "Stdin handler" [_thread_blocked, id=1260, stack(0x0000005668200000,0x0000005668300000)]
  0x0000022067947800 JavaThread "Thread-8" [_thread_blocked, id=2256, stack(0x0000005668300000,0x0000005668400000)]
  0x0000022067945000 JavaThread "Cache worker for file hash cache (C:\Users\Ali Usman\.gradle\caches\6.7.1\fileHashes)" [_thread_blocked, id=3672, stack(0x0000005668400000,0x0000005668500000)]
  0x0000022067946000 JavaThread "File lock request listener" [_thread_in_native, id=2172, stack(0x0000005668500000,0x0000005668600000)]
  0x0000022067946800 JavaThread "Cache worker for journal cache (C:\Users\Ali Usman\.gradle\caches\journal-1)" [_thread_blocked, id=7572, stack(0x0000005668000000,0x0000005668100000)]
  0x000002206ac0f000 JavaThread "Cache worker for file hash cache (C:\Users\Ali Usman\AndroidStudioProjects\BaseArchitectureProject\.gradle\6.7.1\fileHashes)" [_thread_blocked, id=1756, stack(0x0000005668700000,0x0000005668800000)]
  0x000002206ac0a000 JavaThread "Cache worker for checksums cache (C:\Users\Ali Usman\AndroidStudioProjects\BaseArchitectureProject\.gradle\checksums)" [_thread_blocked, id=3836, stack(0x0000005668800000,0x0000005668900000)]
  0x000002206ac09000 JavaThread "Cache worker for cache directory md-supplier (C:\Users\Ali Usman\.gradle\caches\6.7.1\md-supplier)" [_thread_blocked, id=4276, stack(0x0000005668900000,0x0000005668a00000)]
  0x000002206ac10000 JavaThread "Cache worker for cache directory md-rule (C:\Users\Ali Usman\.gradle\caches\6.7.1\md-rule)" [_thread_blocked, id=3308, stack(0x0000005668a00000,0x0000005668b00000)]
  0x000002206ac10800 JavaThread "Cache worker for execution history cache (C:\Users\Ali Usman\.gradle\caches\6.7.1\executionHistory)" [_thread_blocked, id=8600, stack(0x0000005668b00000,0x0000005668c00000)]
  0x000002206ac0b000 JavaThread "jar transforms" [_thread_blocked, id=7860, stack(0x0000005668c00000,0x0000005668d00000)]
  0x000002206ac11800 JavaThread "Cache worker for file content cache (C:\Users\Ali Usman\.gradle\caches\6.7.1\fileContent)" [_thread_blocked, id=7224, stack(0x0000005668d00000,0x0000005668e00000)]
=>0x000002206ac16800 JavaThread "C2 CompilerThread1" daemon [_thread_in_native, id=8572, stack(0x0000005668600000,0x0000005668700000)]
  0x000002206ac15800 JavaThread "Cache worker for Build Output Cleanup Cache (C:\Users\Ali Usman\AndroidStudioProjects\BaseArchitectureProject\.gradle\buildOutputCleanup)" [_thread_blocked, id=2780, stack(0x0000005668e00000,0x0000005668f00000)]
  0x000002206ac17000 JavaThread "Build operations" [_thread_blocked, id=5820, stack(0x0000005668f00000,0x0000005669000000)]
  0x000002206ac18000 JavaThread "Build operations Thread 2" [_thread_blocked, id=8732, stack(0x0000005669000000,0x0000005669100000)]
  0x000002206ae3b800 JavaThread "Build operations Thread 3" [_thread_blocked, id=10044, stack(0x0000005669100000,0x0000005669200000)]
  0x000002206ae36800 JavaThread "Build operations Thread 4" [_thread_blocked, id=4104, stack(0x0000005669200000,0x0000005669300000)]
  0x000002206ae39800 JavaThread "jar transforms Thread 2" [_thread_blocked, id=6004, stack(0x0000005669300000,0x0000005669400000)]
  0x000002206ae38000 JavaThread "jar transforms Thread 3" [_thread_blocked, id=7928, stack(0x0000005669400000,0x0000005669500000)]
  0x000002206ae39000 JavaThread "jar transforms Thread 4" [_thread_blocked, id=10608, stack(0x0000005669500000,0x0000005669600000)]
  0x000002206ae3a800 JavaThread "jar transforms Thread 5" [_thread_blocked, id=6072, stack(0x0000005669600000,0x0000005669700000)]
  0x000002206ae3c000 JavaThread "jar transforms Thread 6" [_thread_blocked, id=4804, stack(0x0000005669700000,0x0000005669800000)]
  0x000002206ae3d000 JavaThread "jar transforms Thread 7" [_thread_blocked, id=1020, stack(0x0000005669800000,0x0000005669900000)]
  0x000002206ae37000 JavaThread "jar transforms Thread 8" [_thread_blocked, id=640, stack(0x0000005669900000,0x0000005669a00000)]
  0x000002206b8d1000 JavaThread "jar transforms Thread 9" [_thread_blocked, id=6948, stack(0x0000005669a00000,0x0000005669b00000)]
  0x000002206b8d5000 JavaThread "jar transforms Thread 10" [_thread_blocked, id=8768, stack(0x0000005669b00000,0x0000005669c00000)]
  0x000002206b8d2000 JavaThread "jar transforms Thread 11" [_thread_blocked, id=8256, stack(0x0000005669c00000,0x0000005669d00000)]
  0x000002206b8cf800 JavaThread "jar transforms Thread 12" [_thread_blocked, id=1680, stack(0x0000005669d00000,0x0000005669e00000)]
  0x000002206b8d6000 JavaThread "jar transforms Thread 13" [_thread_blocked, id=992, stack(0x0000005669e00000,0x0000005669f00000)]
  0x000002206b8d2800 JavaThread "jar transforms Thread 14" [_thread_blocked, id=7760, stack(0x0000005669f00000,0x000000566a000000)]
  0x000002206b8d4800 JavaThread "jar transforms Thread 15" [_thread_blocked, id=5512, stack(0x000000566a000000,0x000000566a100000)]
  0x000002206b8d0800 JavaThread "jar transforms Thread 16" [_thread_blocked, id=1472, stack(0x000000566a100000,0x000000566a200000)]
  0x000002206b8d9000 JavaThread "jar transforms Thread 17" [_thread_blocked, id=5552, stack(0x000000566a200000,0x000000566a300000)]
  0x000002206b8d7000 JavaThread "jar transforms Thread 18" [_thread_blocked, id=1700, stack(0x000000566a300000,0x000000566a400000)]
  0x000002206b8d7800 JavaThread "jar transforms Thread 19" [_thread_blocked, id=2548, stack(0x000000566a400000,0x000000566a500000)]
  0x000002206b8d3800 JavaThread "jar transforms Thread 20" [_thread_blocked, id=2016, stack(0x000000566a500000,0x000000566a600000)]
  0x000002206b8da000 JavaThread "jar transforms Thread 21" [_thread_blocked, id=2444, stack(0x000000566a600000,0x000000566a700000)]
  0x000002206b8db000 JavaThread "jar transforms Thread 22" [_thread_blocked, id=10592, stack(0x000000566a700000,0x000000566a800000)]
  0x000002206b8dd800 JavaThread "jar transforms Thread 23" [_thread_blocked, id=7632, stack(0x000000566a800000,0x000000566a900000)]
  0x000002206b8d8800 JavaThread "jar transforms Thread 24" [_thread_blocked, id=5700, stack(0x000000566a900000,0x000000566aa00000)]
  0x000002206b8db800 JavaThread "jar transforms Thread 25" [_thread_blocked, id=5128, stack(0x000000566aa00000,0x000000566ab00000)]
  0x000002206b8de000 JavaThread "jar transforms Thread 26" [_thread_blocked, id=9188, stack(0x000000566ab00000,0x000000566ac00000)]
  0x000002206b8dc800 JavaThread "jar transforms Thread 27" [_thread_blocked, id=11032, stack(0x000000566ac00000,0x000000566ad00000)]
  0x000002206b0b3000 JavaThread "jar transforms Thread 28" [_thread_blocked, id=8048, stack(0x000000566ad00000,0x000000566ae00000)]
  0x000002206b0b2000 JavaThread "jar transforms Thread 29" [_thread_blocked, id=4476, stack(0x000000566ae00000,0x000000566af00000)]
  0x000002206b0b4000 JavaThread "jar transforms Thread 30" [_thread_blocked, id=10732, stack(0x000000566af00000,0x000000566b000000)]
  0x000002206b0b0800 JavaThread "jar transforms Thread 31" [_thread_blocked, id=2732, stack(0x000000566b000000,0x000000566b100000)]
  0x000002206b0b4800 JavaThread "jar transforms Thread 32" [_thread_blocked, id=9620, stack(0x000000566b100000,0x000000566b200000)]
  0x000002206b0b1800 JavaThread "jar transforms Thread 33" [_thread_blocked, id=7868, stack(0x000000566b200000,0x000000566b300000)]
  0x000002206b0b0000 JavaThread "jar transforms Thread 34" [_thread_blocked, id=6784, stack(0x000000566b300000,0x000000566b400000)]
  0x000002206b0b8000 JavaThread "jar transforms Thread 35" [_thread_blocked, id=9868, stack(0x000000566b400000,0x000000566b500000)]
  0x000002206b0b7000 JavaThread "jar transforms Thread 36" [_thread_blocked, id=4416, stack(0x000000566b500000,0x000000566b600000)]
  0x000002206b0b9000 JavaThread "jar transforms Thread 37" [_thread_blocked, id=6464, stack(0x000000566b600000,0x000000566b700000)]
  0x000002206b0b9800 JavaThread "jar transforms Thread 38" [_thread_blocked, id=4196, stack(0x000000566b700000,0x000000566b800000)]
  0x000002206b0bb000 JavaThread "jar transforms Thread 39" [_thread_blocked, id=2012, stack(0x000000566b800000,0x000000566b900000)]
  0x000002206b0ba800 JavaThread "jar transforms Thread 40" [_thread_blocked, id=9288, stack(0x000000566b900000,0x000000566ba00000)]
  0x000002206b0b6800 JavaThread "jar transforms Thread 41" [_thread_blocked, id=2836, stack(0x000000566ba00000,0x000000566bb00000)]
  0x000002206b0b5800 JavaThread "jar transforms Thread 42" [_thread_blocked, id=3724, stack(0x000000566bb00000,0x000000566bc00000)]
  0x000002206b0bd800 JavaThread "jar transforms Thread 43" [_thread_blocked, id=2076, stack(0x000000566bc00000,0x000000566bd00000)]
  0x000002206b0bc000 JavaThread "jar transforms Thread 44" [_thread_blocked, id=916, stack(0x000000566bd00000,0x000000566be00000)]
  0x000002206b0bd000 JavaThread "jar transforms Thread 45" [_thread_blocked, id=2108, stack(0x000000566be00000,0x000000566bf00000)]
  0x000002206b0be800 JavaThread "jar transforms Thread 46" [_thread_blocked, id=7472, stack(0x000000566bf00000,0x000000566c000000)]
  0x000002206709d800 JavaThread "jar transforms Thread 47" [_thread_blocked, id=6720, stack(0x000000566c000000,0x000000566c100000)]
  0x000002206709c000 JavaThread "jar transforms Thread 48" [_thread_blocked, id=9772, stack(0x000000566c100000,0x000000566c200000)]
  0x000002206709f000 JavaThread "jar transforms Thread 49" [_thread_blocked, id=11140, stack(0x000000566c200000,0x000000566c300000)]
  0x000002206709d000 JavaThread "jar transforms Thread 50" [_thread_blocked, id=5896, stack(0x000000566c300000,0x000000566c400000)]
  0x000002206709a800 JavaThread "jar transforms Thread 51" [_thread_blocked, id=8360, stack(0x000000566c400000,0x000000566c500000)]
  0x000002206709e800 JavaThread "jar transforms Thread 52" [_thread_blocked, id=7708, stack(0x000000566c500000,0x000000566c600000)]
  0x0000022067099800 JavaThread "jar transforms Thread 53" [_thread_blocked, id=8152, stack(0x000000566c600000,0x000000566c700000)]
  0x00000220670a0000 JavaThread "jar transforms Thread 54" [_thread_blocked, id=6876, stack(0x000000566c700000,0x000000566c800000)]
  0x00000220670a1000 JavaThread "jar transforms Thread 55" [_thread_blocked, id=8832, stack(0x000000566c800000,0x000000566c900000)]
  0x000002206709b000 JavaThread "jar transforms Thread 56" [_thread_blocked, id=264, stack(0x000000566c900000,0x000000566ca00000)]
  0x00000220670a6000 JavaThread "jar transforms Thread 57" [_thread_blocked, id=7880, stack(0x000000566ca00000,0x000000566cb00000)]
  0x00000220670a4000 JavaThread "jar transforms Thread 58" [_thread_blocked, id=2820, stack(0x000000566cb00000,0x000000566cc00000)]
  0x00000220670a2800 JavaThread "jar transforms Thread 59" [_thread_blocked, id=4904, stack(0x000000566cc00000,0x000000566cd00000)]
  0x00000220670a5000 JavaThread "jar transforms Thread 60" [_thread_blocked, id=11040, stack(0x000000566cd00000,0x000000566ce00000)]
  0x00000220670a3800 JavaThread "jar transforms Thread 61" [_thread_blocked, id=3644, stack(0x000000566ce00000,0x000000566cf00000)]
  0x00000220670a6800 JavaThread "jar transforms Thread 62" [_thread_blocked, id=1288, stack(0x000000566cf00000,0x000000566d000000)]
  0x00000220670a7800 JavaThread "jar transforms Thread 63" [_thread_blocked, id=5000, stack(0x000000566d000000,0x000000566d100000)]
  0x00000220670a1800 JavaThread "jar transforms Thread 64" [_thread_blocked, id=4024, stack(0x000000566d100000,0x000000566d200000)]
  0x00000220670a8000 JavaThread "jar transforms Thread 65" [_thread_blocked, id=8072, stack(0x000000566d200000,0x000000566d300000)]
  0x00000220691f5800 JavaThread "jar transforms Thread 66" [_thread_blocked, id=2844, stack(0x000000566d300000,0x000000566d400000)]
  0x00000220691f4800 JavaThread "jar transforms Thread 67" [_thread_blocked, id=5508, stack(0x000000566d400000,0x000000566d500000)]
  0x00000220691f6000 JavaThread "jar transforms Thread 68" [_thread_blocked, id=3708, stack(0x000000566d500000,0x000000566d600000)]
  0x00000220691f8000 JavaThread "jar transforms Thread 69" [_thread_blocked, id=5756, stack(0x000000566d600000,0x000000566d700000)]
  0x00000220691f7000 JavaThread "jar transforms Thread 70" [_thread_blocked, id=9652, stack(0x000000566d700000,0x000000566d800000)]
  0x00000220691f2000 JavaThread "jar transforms Thread 71" [_thread_blocked, id=2752, stack(0x000000566d800000,0x000000566d900000)]
  0x00000220691f8800 JavaThread "jar transforms Thread 72" [_thread_blocked, id=4028, stack(0x000000566d900000,0x000000566da00000)]
  0x00000220691f3000 JavaThread "jar transforms Thread 73" [_thread_blocked, id=10380, stack(0x000000566da00000,0x000000566db00000)]
  0x00000220691f9800 JavaThread "jar transforms Thread 74" [_thread_blocked, id=7284, stack(0x000000566db00000,0x000000566dc00000)]
  0x00000220691f4000 JavaThread "jar transforms Thread 75" [_thread_blocked, id=7804, stack(0x000000566dc00000,0x000000566dd00000)]
  0x00000220691fc000 JavaThread "jar transforms Thread 76" [_thread_blocked, id=2420, stack(0x000000566dd00000,0x000000566de00000)]
  0x0000022069200000 JavaThread "jar transforms Thread 77" [_thread_blocked, id=6748, stack(0x000000566de00000,0x000000566df00000)]
  0x00000220691fd000 JavaThread "jar transforms Thread 78" [_thread_blocked, id=1328, stack(0x000000566df00000,0x000000566e000000)]
  0x00000220691fe800 JavaThread "jar transforms Thread 79" [_thread_blocked, id=8752, stack(0x000000566e000000,0x000000566e100000)]
  0x00000220691fd800 JavaThread "jar transforms Thread 80" [_thread_blocked, id=2220, stack(0x000000566e100000,0x000000566e200000)]
  0x00000220691fa800 JavaThread "jar transforms Thread 81" [_thread_blocked, id=7968, stack(0x000000566e200000,0x000000566e300000)]
  0x00000220691fb000 JavaThread "jar transforms Thread 82" [_thread_blocked, id=7016, stack(0x000000566e300000,0x000000566e400000)]
  0x0000022069201000 JavaThread "jar transforms Thread 83" [_thread_blocked, id=4780, stack(0x000000566e400000,0x000000566e500000)]
  0x00000220691ff000 JavaThread "jar transforms Thread 84" [_thread_blocked, id=1108, stack(0x000000566e500000,0x000000566e600000)]
  0x0000022068dea000 JavaThread "jar transforms Thread 85" [_thread_blocked, id=2204, stack(0x000000566e600000,0x000000566e700000)]
  0x0000022068deb800 JavaThread "jar transforms Thread 86" [_thread_blocked, id=2128, stack(0x000000566e700000,0x000000566e800000)]
  0x0000022068de6000 JavaThread "jar transforms Thread 87" [_thread_blocked, id=6340, stack(0x000000566e800000,0x000000566e900000)]
  0x0000022068de7800 JavaThread "jar transforms Thread 88" [_thread_blocked, id=8204, stack(0x000000566e900000,0x000000566ea00000)]
  0x0000022068de8800 JavaThread "jar transforms Thread 89" [_thread_blocked, id=912, stack(0x000000566ea00000,0x000000566eb00000)]
  0x0000022068deb000 JavaThread "jar transforms Thread 90" [_thread_blocked, id=4252, stack(0x000000566eb00000,0x000000566ec00000)]
  0x0000022068dec800 JavaThread "jar transforms Thread 91" [_thread_blocked, id=5884, stack(0x000000566ec00000,0x000000566ed00000)]
  0x0000022068de7000 JavaThread "jar transforms Thread 92" [_thread_blocked, id=3320, stack(0x000000566ed00000,0x000000566ee00000)]
  0x0000022068ded800 JavaThread "jar transforms Thread 93" [_thread_blocked, id=5376, stack(0x000000566ee00000,0x000000566ef00000)]
  0x0000022068dee000 JavaThread "jar transforms Thread 94" [_thread_blocked, id=7356, stack(0x000000566ef00000,0x000000566f000000)]
  0x0000022068def000 JavaThread "jar transforms Thread 95" [_thread_blocked, id=3028, stack(0x000000566f000000,0x000000566f100000)]
  0x0000022068de9000 JavaThread "jar transforms Thread 96" [_thread_blocked, id=4972, stack(0x000000566f100000,0x000000566f200000)]
  0x0000022068df0000 JavaThread "jar transforms Thread 97" [_thread_blocked, id=8912, stack(0x000000566f200000,0x000000566f300000)]
  0x0000022068df2000 JavaThread "jar transforms Thread 98" [_thread_blocked, id=3156, stack(0x000000566f300000,0x000000566f400000)]
  0x0000022068df0800 JavaThread "jar transforms Thread 99" [_thread_blocked, id=2276, stack(0x000000566f400000,0x000000566f500000)]
  0x0000022068df3000 JavaThread "jar transforms Thread 100" [_thread_blocked, id=944, stack(0x000000566f500000,0x000000566f600000)]
  0x0000022068df1800 JavaThread "jar transforms Thread 101" [_thread_blocked, id=8388, stack(0x000000566f600000,0x000000566f700000)]
  0x0000022068df4000 JavaThread "jar transforms Thread 102" [_thread_blocked, id=5696, stack(0x000000566f700000,0x000000566f800000)]
  0x0000022068df4800 JavaThread "jar transforms Thread 103" [_thread_blocked, id=6488, stack(0x000000566f800000,0x000000566f900000)]
  0x000002206b29e000 JavaThread "jar transforms Thread 104" [_thread_blocked, id=2512, stack(0x000000566f900000,0x000000566fa00000)]
  0x000002206b29f800 JavaThread "jar transforms Thread 105" [_thread_blocked, id=1512, stack(0x000000566fa00000,0x000000566fb00000)]
  0x000002206b2a1800 JavaThread "jar transforms Thread 106" [_thread_blocked, id=2332, stack(0x000000566fb00000,0x000000566fc00000)]
  0x000002206b2a0800 JavaThread "jar transforms Thread 107" [_thread_blocked, id=9768, stack(0x000000566fc00000,0x000000566fd00000)]
  0x000002206b2a2000 JavaThread "jar transforms Thread 108" [_thread_blocked, id=8456, stack(0x000000566fd00000,0x000000566fe00000)]
  0x000002206b2a3000 JavaThread "jar transforms Thread 109" [_thread_blocked, id=9748, stack(0x000000566fe00000,0x000000566ff00000)]
  0x000002206b2a3800 JavaThread "jar transforms Thread 110" [_thread_blocked, id=6660, stack(0x000000566ff00000,0x0000005670000000)]
  0x000002206b2a4800 JavaThread "jar transforms Thread 111" [_thread_blocked, id=11048, stack(0x0000005670000000,0x0000005670100000)]
  0x000002206b29f000 JavaThread "jar transforms Thread 112" [_thread_blocked, id=11268, stack(0x0000005670100000,0x0000005670200000)]
  0x000002206b2a5800 JavaThread "jar transforms Thread 113" [_thread_blocked, id=11272, stack(0x0000005670200000,0x0000005670300000)]
  0x000002206b2aa800 JavaThread "jar transforms Thread 114" [_thread_blocked, id=11276, stack(0x0000005670300000,0x0000005670400000)]
  0x000002206b2a7000 JavaThread "jar transforms Thread 115" [_thread_blocked, id=11280, stack(0x0000005670400000,0x0000005670500000)]
  0x000002206b2ac000 JavaThread "jar transforms Thread 116" [_thread_blocked, id=11284, stack(0x0000005670500000,0x0000005670600000)]
  0x000002206b2a8800 JavaThread "jar transforms Thread 117" [_thread_blocked, id=11288, stack(0x0000005670600000,0x0000005670700000)]
  0x000002206b2a9800 JavaThread "jar transforms Thread 118" [_thread_blocked, id=11292, stack(0x0000005670700000,0x0000005670800000)]
  0x000002206b2a6000 JavaThread "jar transforms Thread 119" [_thread_blocked, id=11296, stack(0x0000005670800000,0x0000005670900000)]
  0x000002206b2ac800 JavaThread "jar transforms Thread 120" [_thread_blocked, id=11300, stack(0x0000005670900000,0x0000005670a00000)]
  0x000002206b2ab000 JavaThread "jar transforms Thread 121" [_thread_blocked, id=11304, stack(0x0000005670a00000,0x0000005670b00000)]
  0x000002206b2a8000 JavaThread "jar transforms Thread 122" [_thread_blocked, id=11308, stack(0x0000005670b00000,0x0000005670c00000)]
  0x000002206867e000 JavaThread "jar transforms Thread 123" [_thread_blocked, id=11312, stack(0x0000005670c00000,0x0000005670d00000)]
  0x000002206867c000 JavaThread "jar transforms Thread 124" [_thread_blocked, id=11316, stack(0x0000005670d00000,0x0000005670e00000)]
  0x000002206867d000 JavaThread "jar transforms Thread 125" [_thread_blocked, id=11320, stack(0x0000005670e00000,0x0000005670f00000)]
  0x000002206867a000 JavaThread "jar transforms Thread 126" [_thread_blocked, id=11324, stack(0x0000005670f00000,0x0000005671000000)]
  0x0000022068678000 JavaThread "jar transforms Thread 127" [_thread_blocked, id=11328, stack(0x0000005671000000,0x0000005671100000)]

Other Threads:
  0x0000022065ee2800 VMThread "VM Thread" [stack: 0x0000005666900000,0x0000005666a00000] [id=10488]
  0x0000022066a00000 WatcherThread [stack: 0x0000005667300000,0x0000005667400000] [id=5008]
  0x000002204c335800 GCTaskThread "GC Thread#0" [stack: 0x0000005666400000,0x0000005666500000] [id=4852]
  0x0000022066a4f800 GCTaskThread "GC Thread#1" [stack: 0x0000005667500000,0x0000005667600000] [id=6912]
  0x0000022066a51000 GCTaskThread "GC Thread#2" [stack: 0x0000005667d00000,0x0000005667e00000] [id=3584]
  0x0000022066a50800 GCTaskThread "GC Thread#3" [stack: 0x0000005667e00000,0x0000005667f00000] [id=3444]
  0x000002204c366800 ConcurrentGCThread "G1 Main Marker" [stack: 0x0000005666500000,0x0000005666600000] [id=2192]
  0x000002204c367800 ConcurrentGCThread "G1 Conc#0" [stack: 0x0000005666600000,0x0000005666700000] [id=3212]
  0x000002204c3dd000 ConcurrentGCThread "G1 Refine#0" [stack: 0x0000005666700000,0x0000005666800000] [id=10984]
  0x000002204c3de000 ConcurrentGCThread "G1 Young RemSet Sampling" [stack: 0x0000005666800000,0x0000005666900000] [id=7348]

Threads with active compile tasks:
C2 CompilerThread1  11493 4759       4       java.lang.PublicMethods::merge (81 bytes)

VM state:not at safepoint (normal execution)

VM Mutex/Monitor currently owned by a thread: None

Heap address: 0x0000000080000000, size: 2048 MB, Compressed Oops mode: 32-bit
Narrow klass base: 0x0000000000000000, Narrow klass shift: 3
Compressed class space size: 1073741824 Address: 0x0000000100000000

Heap:
 garbage-first heap   total 118784K, used 71646K [0x0000000080000000, 0x0000000100000000)
  region size 1024K, 45 young (46080K), 9 survivors (9216K)
 Metaspace       used 45243K, capacity 46334K, committed 46412K, reserved 1089536K
  class space    used 5780K, capacity 6205K, committed 6272K, reserved 1048576K
Heap Regions: E=young(eden), S=young(survivor), O=old, HS=humongous(starts), HC=humongous(continues), CS=collection set, F=free, A=archive, TAMS=top-at-mark-start (previous, next)
|   0|0x0000000080000000, 0x0000000080100000, 0x0000000080100000|100%| O|  |TAMS 0x0000000080100000, 0x0000000080000000| Untracked 
|   1|0x0000000080100000, 0x0000000080200000, 0x0000000080200000|100%| O|  |TAMS 0x0000000080200000, 0x0000000080100000| Untracked 
|   2|0x0000000080200000, 0x0000000080300000, 0x0000000080300000|100%| O|  |TAMS 0x0000000080300000, 0x0000000080200000| Untracked 
|   3|0x0000000080300000, 0x0000000080400000, 0x0000000080400000|100%|HS|  |TAMS 0x0000000080400000, 0x0000000080300000| Complete 
|   4|0x0000000080400000, 0x0000000080500000, 0x0000000080500000|100%|HC|  |TAMS 0x0000000080500000, 0x0000000080400000| Complete 
|   5|0x0000000080500000, 0x0000000080600000, 0x0000000080600000|100%|HC|  |TAMS 0x0000000080600000, 0x0000000080500000| Complete 
|   6|0x0000000080600000, 0x0000000080700000, 0x0000000080700000|100%| O|  |TAMS 0x0000000080700000, 0x0000000080600000| Untracked 
|   7|0x0000000080700000, 0x0000000080800000, 0x0000000080800000|100%| O|  |TAMS 0x0000000080800000, 0x0000000080700000| Untracked 
|   8|0x0000000080800000, 0x0000000080900000, 0x0000000080900000|100%| O|  |TAMS 0x0000000080900000, 0x0000000080800000| Untracked 
|   9|0x0000000080900000, 0x0000000080a00000, 0x0000000080a00000|100%| O|  |TAMS 0x0000000080a00000, 0x0000000080900000| Untracked 
|  10|0x0000000080a00000, 0x0000000080b00000, 0x0000000080b00000|100%| O|  |TAMS 0x0000000080b00000, 0x0000000080a00000| Untracked 
|  11|0x0000000080b00000, 0x0000000080c00000, 0x0000000080c00000|100%| O|  |TAMS 0x0000000080c00000, 0x0000000080b00000| Untracked 
|  12|0x0000000080c00000, 0x0000000080d00000, 0x0000000080d00000|100%| O|  |TAMS 0x0000000080d00000, 0x0000000080c00000| Untracked 
|  13|0x0000000080d00000, 0x0000000080e00000, 0x0000000080e00000|100%| O|  |TAMS 0x0000000080e00000, 0x0000000080d00000| Untracked 
|  14|0x0000000080e00000, 0x0000000080f00000, 0x0000000080f00000|100%| O|  |TAMS 0x0000000080e91200, 0x0000000080e00000| Untracked 
|  15|0x0000000080f00000, 0x0000000081000000, 0x0000000081000000|100%| O|  |TAMS 0x0000000080f00000, 0x0000000080f00000| Untracked 
|  16|0x0000000081000000, 0x0000000081100000, 0x0000000081100000|100%| O|  |TAMS 0x0000000081000000, 0x0000000081000000| Untracked 
|  17|0x0000000081100000, 0x00000000811f7a00, 0x0000000081200000| 96%| O|  |TAMS 0x0000000081100000, 0x0000000081100000| Untracked 
|  18|0x0000000081200000, 0x0000000081300000, 0x0000000081300000|100%|HS|  |TAMS 0x0000000081200000, 0x0000000081200000| Complete 
|  19|0x0000000081300000, 0x0000000081400000, 0x0000000081400000|100%| O|  |TAMS 0x0000000081300000, 0x0000000081300000| Untracked 
|  20|0x0000000081400000, 0x0000000081500000, 0x0000000081500000|100%| O|  |TAMS 0x0000000081400000, 0x0000000081400000| Untracked 
|  21|0x0000000081500000, 0x0000000081600000, 0x0000000081600000|100%| O|  |TAMS 0x0000000081500000, 0x0000000081500000| Untracked 
|  22|0x0000000081600000, 0x0000000081700000, 0x0000000081700000|100%|HS|  |TAMS 0x0000000081600000, 0x0000000081600000| Complete 
|  23|0x0000000081700000, 0x0000000081800000, 0x0000000081800000|100%|HC|  |TAMS 0x0000000081700000, 0x0000000081700000| Complete 
|  24|0x0000000081800000, 0x0000000081900000, 0x0000000081900000|100%|HC|  |TAMS 0x0000000081800000, 0x0000000081800000| Complete 
|  25|0x0000000081900000, 0x0000000081a00000, 0x0000000081a00000|100%|HS|  |TAMS 0x0000000081900000, 0x0000000081900000| Complete 
|  26|0x0000000081a00000, 0x0000000081b00000, 0x0000000081b00000|100%|HC|  |TAMS 0x0000000081a00000, 0x0000000081a00000| Complete 
|  27|0x0000000081b00000, 0x0000000081b00000, 0x0000000081c00000|  0%| F|  |TAMS 0x0000000081b00000, 0x0000000081b00000| Untracked 
|  28|0x0000000081c00000, 0x0000000081c00000, 0x0000000081d00000|  0%| F|  |TAMS 0x0000000081c00000, 0x0000000081c00000| Untracked 
|  29|0x0000000081d00000, 0x0000000081d00000, 0x0000000081e00000|  0%| F|  |TAMS 0x0000000081d00000, 0x0000000081d00000| Untracked 
|  30|0x0000000081e00000, 0x0000000081e00000, 0x0000000081f00000|  0%| F|  |TAMS 0x0000000081e00000, 0x0000000081e00000| Untracked 
|  31|0x0000000081f00000, 0x0000000081f00000, 0x0000000082000000|  0%| F|  |TAMS 0x0000000081f00000, 0x0000000081f00000| Untracked 
|  32|0x0000000082000000, 0x0000000082000000, 0x0000000082100000|  0%| F|  |TAMS 0x0000000082000000, 0x0000000082000000| Untracked 
|  33|0x0000000082100000, 0x0000000082100000, 0x0000000082200000|  0%| F|  |TAMS 0x0000000082100000, 0x0000000082100000| Untracked 
|  34|0x0000000082200000, 0x0000000082200000, 0x0000000082300000|  0%| F|  |TAMS 0x0000000082200000, 0x0000000082200000| Untracked 
|  35|0x0000000082300000, 0x0000000082300000, 0x0000000082400000|  0%| F|  |TAMS 0x0000000082300000, 0x0000000082300000| Untracked 
|  36|0x0000000082400000, 0x0000000082400000, 0x0000000082500000|  0%| F|  |TAMS 0x0000000082400000, 0x0000000082400000| Untracked 
|  37|0x0000000082500000, 0x0000000082500000, 0x0000000082600000|  0%| F|  |TAMS 0x0000000082500000, 0x0000000082500000| Untracked 
|  38|0x0000000082600000, 0x0000000082600000, 0x0000000082700000|  0%| F|  |TAMS 0x0000000082600000, 0x0000000082600000| Untracked 
|  39|0x0000000082700000, 0x0000000082700000, 0x0000000082800000|  0%| F|  |TAMS 0x0000000082700000, 0x0000000082700000| Untracked 
|  40|0x0000000082800000, 0x0000000082900000, 0x0000000082900000|100%| S|CS|TAMS 0x0000000082800000, 0x0000000082800000| Complete 
|  41|0x0000000082900000, 0x0000000082900000, 0x0000000082a00000|  0%| F|  |TAMS 0x0000000082900000, 0x0000000082900000| Untracked 
|  42|0x0000000082a00000, 0x0000000082a00000, 0x0000000082b00000|  0%| F|  |TAMS 0x0000000082a00000, 0x0000000082a00000| Untracked 
|  43|0x0000000082b00000, 0x0000000082b00000, 0x0000000082c00000|  0%| F|  |TAMS 0x0000000082b00000, 0x0000000082b00000| Untracked 
|  44|0x0000000082c00000, 0x0000000082c00000, 0x0000000082d00000|  0%| F|  |TAMS 0x0000000082c00000, 0x0000000082c00000| Untracked 
|  45|0x0000000082d00000, 0x0000000082d00000, 0x0000000082e00000|  0%| F|  |TAMS 0x0000000082d00000, 0x0000000082d00000| Untracked 
|  46|0x0000000082e00000, 0x0000000082f00000, 0x0000000082f00000|100%| S|CS|TAMS 0x0000000082e00000, 0x0000000082e00000| Complete 
|  47|0x0000000082f00000, 0x0000000083000000, 0x0000000083000000|100%| S|CS|TAMS 0x0000000082f00000, 0x0000000082f00000| Complete 
|  48|0x0000000083000000, 0x0000000083100000, 0x0000000083100000|100%| S|CS|TAMS 0x0000000083000000, 0x0000000083000000| Complete 
|  49|0x0000000083100000, 0x0000000083200000, 0x0000000083200000|100%| S|CS|TAMS 0x0000000083100000, 0x0000000083100000| Complete 
|  50|0x0000000083200000, 0x0000000083300000, 0x0000000083300000|100%| S|CS|TAMS 0x0000000083200000, 0x0000000083200000| Complete 
|  51|0x0000000083300000, 0x0000000083400000, 0x0000000083400000|100%| S|CS|TAMS 0x0000000083300000, 0x0000000083300000| Complete 
|  52|0x0000000083400000, 0x0000000083500000, 0x0000000083500000|100%| S|CS|TAMS 0x0000000083400000, 0x0000000083400000| Complete 
|  53|0x0000000083500000, 0x0000000083500000, 0x0000000083600000|  0%| F|  |TAMS 0x0000000083500000, 0x0000000083500000| Untracked 
|  54|0x0000000083600000, 0x0000000083600000, 0x0000000083700000|  0%| F|  |TAMS 0x0000000083600000, 0x0000000083600000| Untracked 
|  55|0x0000000083700000, 0x0000000083700000, 0x0000000083800000|  0%| F|  |TAMS 0x0000000083700000, 0x0000000083700000| Untracked 
|  56|0x0000000083800000, 0x0000000083900000, 0x0000000083900000|100%| S|CS|TAMS 0x0000000083800000, 0x0000000083800000| Complete 
|  57|0x0000000083900000, 0x0000000083900000, 0x0000000083a00000|  0%| F|  |TAMS 0x0000000083900000, 0x0000000083900000| Untracked 
|  58|0x0000000083a00000, 0x0000000083a00000, 0x0000000083b00000|  0%| F|  |TAMS 0x0000000083a00000, 0x0000000083a00000| Untracked 
|  59|0x0000000083b00000, 0x0000000083b00000, 0x0000000083c00000|  0%| F|  |TAMS 0x0000000083b00000, 0x0000000083b00000| Untracked 
|  60|0x0000000083c00000, 0x0000000083c00000, 0x0000000083d00000|  0%| F|  |TAMS 0x0000000083c00000, 0x0000000083c00000| Untracked 
|  61|0x0000000083d00000, 0x0000000083d00000, 0x0000000083e00000|  0%| F|  |TAMS 0x0000000083d00000, 0x0000000083d00000| Untracked 
|  62|0x0000000083e00000, 0x0000000083e00000, 0x0000000083f00000|  0%| F|  |TAMS 0x0000000083e00000, 0x0000000083e00000| Untracked 
|  63|0x0000000083f00000, 0x0000000083f00000, 0x0000000084000000|  0%| F|  |TAMS 0x0000000083f00000, 0x0000000083f00000| Untracked 
|  64|0x0000000084000000, 0x0000000084000000, 0x0000000084100000|  0%| F|  |TAMS 0x0000000084000000, 0x0000000084000000| Untracked 
|  65|0x0000000084100000, 0x0000000084100000, 0x0000000084200000|  0%| F|  |TAMS 0x0000000084100000, 0x0000000084100000| Untracked 
|  66|0x0000000084200000, 0x0000000084200000, 0x0000000084300000|  0%| F|  |TAMS 0x0000000084200000, 0x0000000084200000| Untracked 
|  67|0x0000000084300000, 0x0000000084300000, 0x0000000084400000|  0%| F|  |TAMS 0x0000000084300000, 0x0000000084300000| Untracked 
|  68|0x0000000084400000, 0x0000000084400000, 0x0000000084500000|  0%| F|  |TAMS 0x0000000084400000, 0x0000000084400000| Untracked 
|  69|0x0000000084500000, 0x0000000084500000, 0x0000000084600000|  0%| F|  |TAMS 0x0000000084500000, 0x0000000084500000| Untracked 
|  70|0x0000000084600000, 0x0000000084600000, 0x0000000084700000|  0%| F|  |TAMS 0x0000000084600000, 0x0000000084600000| Untracked 
|  71|0x0000000084700000, 0x0000000084700000, 0x0000000084800000|  0%| F|  |TAMS 0x0000000084700000, 0x0000000084700000| Untracked 
|  72|0x0000000084800000, 0x0000000084800000, 0x0000000084900000|  0%| F|  |TAMS 0x0000000084800000, 0x0000000084800000| Untracked 
|  73|0x0000000084900000, 0x0000000084900000, 0x0000000084a00000|  0%| F|  |TAMS 0x0000000084900000, 0x0000000084900000| Untracked 
|  74|0x0000000084a00000, 0x0000000084a00000, 0x0000000084b00000|  0%| F|  |TAMS 0x0000000084a00000, 0x0000000084a00000| Untracked 
|  75|0x0000000084b00000, 0x0000000084b00000, 0x0000000084c00000|  0%| F|  |TAMS 0x0000000084b00000, 0x0000000084b00000| Untracked 
|  76|0x0000000084c00000, 0x0000000084c00000, 0x0000000084d00000|  0%| F|  |TAMS 0x0000000084c00000, 0x0000000084c00000| Untracked 
|  77|0x0000000084d00000, 0x0000000084d00000, 0x0000000084e00000|  0%| F|  |TAMS 0x0000000084d00000, 0x0000000084d00000| Untracked 
|  78|0x0000000084e00000, 0x0000000084e00000, 0x0000000084f00000|  0%| F|  |TAMS 0x0000000084e00000, 0x0000000084e00000| Untracked 
|  79|0x0000000084f00000, 0x0000000084f07468, 0x0000000085000000|  2%| E|  |TAMS 0x0000000084f00000, 0x0000000084f00000| Complete 
|  80|0x0000000085000000, 0x0000000085100000, 0x0000000085100000|100%| E|CS|TAMS 0x0000000085000000, 0x0000000085000000| Complete 
|  81|0x0000000085100000, 0x0000000085200000, 0x0000000085200000|100%| E|CS|TAMS 0x0000000085100000, 0x0000000085100000| Complete 
|  82|0x0000000085200000, 0x0000000085300000, 0x0000000085300000|100%| E|CS|TAMS 0x0000000085200000, 0x0000000085200000| Complete 
|  83|0x0000000085300000, 0x0000000085400000, 0x0000000085400000|100%| E|CS|TAMS 0x0000000085300000, 0x0000000085300000| Complete 
|  84|0x0000000085400000, 0x0000000085500000, 0x0000000085500000|100%| E|CS|TAMS 0x0000000085400000, 0x0000000085400000| Complete 
|  85|0x0000000085500000, 0x0000000085600000, 0x0000000085600000|100%| E|CS|TAMS 0x0000000085500000, 0x0000000085500000| Complete 
|  86|0x0000000085600000, 0x0000000085700000, 0x0000000085700000|100%| E|CS|TAMS 0x0000000085600000, 0x0000000085600000| Complete 
|  87|0x0000000085700000, 0x0000000085800000, 0x0000000085800000|100%| E|CS|TAMS 0x0000000085700000, 0x0000000085700000| Complete 
|  88|0x0000000085800000, 0x0000000085900000, 0x0000000085900000|100%| E|CS|TAMS 0x0000000085800000, 0x0000000085800000| Complete 
|  89|0x0000000085900000, 0x0000000085a00000, 0x0000000085a00000|100%| E|CS|TAMS 0x0000000085900000, 0x0000000085900000| Complete 
|  90|0x0000000085a00000, 0x0000000085b00000, 0x0000000085b00000|100%| E|CS|TAMS 0x0000000085a00000, 0x0000000085a00000| Complete 
|  91|0x0000000085b00000, 0x0000000085c00000, 0x0000000085c00000|100%| E|CS|TAMS 0x0000000085b00000, 0x0000000085b00000| Complete 
|  92|0x0000000085c00000, 0x0000000085d00000, 0x0000000085d00000|100%| E|CS|TAMS 0x0000000085c00000, 0x0000000085c00000| Complete 
|  93|0x0000000085d00000, 0x0000000085e00000, 0x0000000085e00000|100%| E|  |TAMS 0x0000000085d00000, 0x0000000085d00000| Complete 
|  94|0x0000000085e00000, 0x0000000085f00000, 0x0000000085f00000|100%| E|CS|TAMS 0x0000000085e00000, 0x0000000085e00000| Complete 
|  95|0x0000000085f00000, 0x0000000086000000, 0x0000000086000000|100%| E|CS|TAMS 0x0000000085f00000, 0x0000000085f00000| Complete 
|  96|0x0000000086000000, 0x0000000086100000, 0x0000000086100000|100%| E|CS|TAMS 0x0000000086000000, 0x0000000086000000| Complete 
|  97|0x0000000086100000, 0x0000000086200000, 0x0000000086200000|100%| E|CS|TAMS 0x0000000086100000, 0x0000000086100000| Complete 
|  98|0x0000000086200000, 0x0000000086300000, 0x0000000086300000|100%| E|CS|TAMS 0x0000000086200000, 0x0000000086200000| Complete 
|  99|0x0000000086300000, 0x0000000086400000, 0x0000000086400000|100%| E|CS|TAMS 0x0000000086300000, 0x0000000086300000| Complete 
| 100|0x0000000086400000, 0x0000000086500000, 0x0000000086500000|100%| E|CS|TAMS 0x0000000086400000, 0x0000000086400000| Complete 
| 101|0x0000000086500000, 0x0000000086600000, 0x0000000086600000|100%| E|CS|TAMS 0x0000000086500000, 0x0000000086500000| Complete 
| 102|0x0000000086600000, 0x0000000086700000, 0x0000000086700000|100%| E|CS|TAMS 0x0000000086600000, 0x0000000086600000| Complete 
| 103|0x0000000086700000, 0x0000000086800000, 0x0000000086800000|100%| E|CS|TAMS 0x0000000086700000, 0x0000000086700000| Complete 
| 104|0x0000000086800000, 0x0000000086900000, 0x0000000086900000|100%| E|CS|TAMS 0x0000000086800000, 0x0000000086800000| Complete 
| 105|0x0000000086900000, 0x0000000086a00000, 0x0000000086a00000|100%| E|CS|TAMS 0x0000000086900000, 0x0000000086900000| Complete 
| 106|0x0000000086a00000, 0x0000000086b00000, 0x0000000086b00000|100%| E|CS|TAMS 0x0000000086a00000, 0x0000000086a00000| Complete 
| 107|0x0000000086b00000, 0x0000000086c00000, 0x0000000086c00000|100%| E|CS|TAMS 0x0000000086b00000, 0x0000000086b00000| Complete 
| 108|0x0000000086c00000, 0x0000000086d00000, 0x0000000086d00000|100%| E|CS|TAMS 0x0000000086c00000, 0x0000000086c00000| Complete 
| 109|0x0000000086d00000, 0x0000000086e00000, 0x0000000086e00000|100%| E|CS|TAMS 0x0000000086d00000, 0x0000000086d00000| Complete 
| 110|0x0000000086e00000, 0x0000000086f00000, 0x0000000086f00000|100%| E|CS|TAMS 0x0000000086e00000, 0x0000000086e00000| Complete 
| 111|0x0000000086f00000, 0x0000000087000000, 0x0000000087000000|100%| E|CS|TAMS 0x0000000086f00000, 0x0000000086f00000| Complete 
| 112|0x0000000087000000, 0x0000000087100000, 0x0000000087100000|100%| E|CS|TAMS 0x0000000087000000, 0x0000000087000000| Complete 
| 113|0x0000000087100000, 0x0000000087200000, 0x0000000087200000|100%| E|CS|TAMS 0x0000000087100000, 0x0000000087100000| Complete 
| 114|0x0000000087200000, 0x0000000087300000, 0x0000000087300000|100%| E|CS|TAMS 0x0000000087200000, 0x0000000087200000| Complete 
| 115|0x0000000087300000, 0x0000000087400000, 0x0000000087400000|100%| E|CS|TAMS 0x0000000087300000, 0x0000000087300000| Complete 

Card table byte_map: [0x000002205f220000,0x000002205f620000] _byte_map_base: 0x000002205ee20000

Marking Bits (Prev, Next): (CMBitMap*) 0x000002204c35d868, (CMBitMap*) 0x000002204c35d8a0
 Prev Bits: [0x000002205fa20000, 0x0000022061a20000)
 Next Bits: [0x0000022061a20000, 0x0000022063a20000)

Polling page: 0x000002204a150000

Metaspace:

Usage:
  Non-class:     39.19 MB capacity,    38.54 MB ( 98%) used,   566.16 KB (  1%) free+waste,    99.94 KB ( <1%) overhead. 
      Class:      6.06 MB capacity,     5.65 MB ( 93%) used,   377.59 KB (  6%) free+waste,    47.75 KB ( <1%) overhead. 
       Both:     45.25 MB capacity,    44.19 MB ( 98%) used,   943.76 KB (  2%) free+waste,   147.69 KB ( <1%) overhead. 

Virtual space:
  Non-class space:       40.00 MB reserved,      39.20 MB ( 98%) committed 
      Class space:        1.00 GB reserved,       6.13 MB ( <1%) committed 
             Both:        1.04 GB reserved,      45.32 MB (  4%) committed 

Chunk freelists:
   Non-Class:  6.00 KB
       Class:  2.00 KB
        Both:  8.00 KB

MaxMetaspaceSize: 17179869184.00 GB
CompressedClassSpaceSize: 1.00 GB

CodeHeap 'non-profiled nmethods': size=120064Kb used=2419Kb max_used=2419Kb free=117644Kb
 bounds [0x00000220578e0000, 0x0000022057b50000, 0x000002205ee20000]
CodeHeap 'profiled nmethods': size=120000Kb used=9783Kb max_used=9783Kb free=110217Kb
 bounds [0x00000220503b0000, 0x0000022050d40000, 0x00000220578e0000]
CodeHeap 'non-nmethods': size=5696Kb used=2196Kb max_used=2240Kb free=3499Kb
 bounds [0x000002204fe20000, 0x0000022050090000, 0x00000220503b0000]
 total_blobs=5560 nmethods=4800 adapters=670
 compilation: enabled
              stopped_count=0, restarted_count=0
 full_count=0

Compilation events (20 events):
Event: 11.426 Thread 0x0000022065f0e800 4772       3       java.beans.PropertyDescriptor::getPropertyEditorClass (22 bytes)
Event: 11.427 Thread 0x0000022065f0e800 nmethod 4772 0x0000022050d25a10 code [0x0000022050d25be0, 0x0000022050d25ee8]
Event: 11.427 Thread 0x0000022065f0e800 4766   !   3       java.util.regex.Pattern::<init> (144 bytes)
Event: 11.429 Thread 0x0000022065f0e800 nmethod 4766 0x0000022050d26010 code [0x0000022050d26340, 0x0000022050d276b8]
Event: 11.429 Thread 0x0000022065f0e800 4774       3       java.lang.reflect.Proxy::<init> (15 bytes)
Event: 11.429 Thread 0x0000022065f0e800 nmethod 4774 0x0000022050d27d10 code [0x0000022050d27ee0, 0x0000022050d281e8]
Event: 11.429 Thread 0x0000022065f0e800 4773       3       sun.reflect.generics.repository.ConstructorRepository::computeExceptionTypes (62 bytes)
Event: 11.430 Thread 0x0000022065f0e800 nmethod 4773 0x0000022050d28310 code [0x0000022050d28540, 0x0000022050d28f08]
Event: 11.432 Thread 0x0000022065f0d000 4775       4       java.beans.MethodRef::get (91 bytes)
Event: 11.435 Thread 0x0000022065f0d000 nmethod 4775 0x0000022057b3ad90 code [0x0000022057b3af40, 0x0000022057b3b098]
Event: 11.437 Thread 0x0000022065f0e800 4776       3       com.sun.beans.util.Cache::index (7 bytes)
Event: 11.437 Thread 0x0000022065f0e800 nmethod 4776 0x0000022050d29210 code [0x0000022050d293c0, 0x0000022050d294b8]
Event: 11.438 Thread 0x0000022065f0e800 4777       3       groovy.lang.MetaClassImpl::addFields (45 bytes)
Event: 11.438 Thread 0x0000022065f0e800 nmethod 4777 0x0000022050d29590 code [0x0000022050d29780, 0x0000022050d29e58]
Event: 11.438 Thread 0x0000022065f0e800 4779       3       groovy.lang.MetaClassImpl::copyNonPrivateFields (70 bytes)
Event: 11.440 Thread 0x0000022065f0e800 nmethod 4779 0x0000022050d2a110 code [0x0000022050d2a3a0, 0x0000022050d2b118]
Event: 11.440 Thread 0x0000022065f0e800 4780       3       groovy.lang.MetaClassImpl::addMetaBeanProperty (119 bytes)
Event: 11.441 Thread 0x0000022065f0e800 nmethod 4780 0x0000022050d2b590 code [0x0000022050d2b860, 0x0000022050d2cde8]
Event: 11.441 Thread 0x0000022065f0e800 4778       3       org.codehaus.groovy.reflection.CachedClass::getFields (11 bytes)
Event: 11.441 Thread 0x0000022065f0e800 nmethod 4778 0x0000022050d2d290 code [0x0000022050d2d460, 0x0000022050d2d708]

GC Heap History (18 events):
Event: 0.971 GC heap before
{Heap before GC invocations=0 (full 0):
 garbage-first heap   total 98304K, used 19456K [0x0000000080000000, 0x0000000100000000)
  region size 1024K, 14 young (14336K), 0 survivors (0K)
 Metaspace       used 7447K, capacity 7575K, committed 7680K, reserved 1056768K
  class space    used 673K, capacity 716K, committed 768K, reserved 1048576K
}
Event: 0.979 GC heap after
{Heap after GC invocations=1 (full 0):
 garbage-first heap   total 98304K, used 7820K [0x0000000080000000, 0x0000000100000000)
  region size 1024K, 2 young (2048K), 2 survivors (2048K)
 Metaspace       used 7447K, capacity 7575K, committed 7680K, reserved 1056768K
  class space    used 673K, capacity 716K, committed 768K, reserved 1048576K
}
Event: 1.505 GC heap before
{Heap before GC invocations=1 (full 0):
 garbage-first heap   total 98304K, used 16012K [0x0000000080000000, 0x0000000100000000)
  region size 1024K, 10 young (10240K), 2 survivors (2048K)
 Metaspace       used 9730K, capacity 9876K, committed 10112K, reserved 1058816K
  class space    used 1002K, capacity 1060K, committed 1152K, reserved 1048576K
}
Event: 1.511 GC heap after
{Heap after GC invocations=2 (full 0):
 garbage-first heap   total 98304K, used 8448K [0x0000000080000000, 0x0000000100000000)
  region size 1024K, 1 young (1024K), 1 survivors (1024K)
 Metaspace       used 9730K, capacity 9876K, committed 10112K, reserved 1058816K
  class space    used 1002K, capacity 1060K, committed 1152K, reserved 1048576K
}
Event: 2.374 GC heap before
{Heap before GC invocations=2 (full 0):
 garbage-first heap   total 98304K, used 32000K [0x0000000080000000, 0x0000000100000000)
  region size 1024K, 25 young (25600K), 1 survivors (1024K)
 Metaspace       used 10669K, capacity 10829K, committed 11008K, reserved 1058816K
  class space    used 1103K, capacity 1164K, committed 1280K, reserved 1048576K
}
Event: 2.379 GC heap after
{Heap after GC invocations=3 (full 0):
 garbage-first heap   total 98304K, used 10825K [0x0000000080000000, 0x0000000100000000)
  region size 1024K, 3 young (3072K), 3 survivors (3072K)
 Metaspace       used 10669K, capacity 10829K, committed 11008K, reserved 1058816K
  class space    used 1103K, capacity 1164K, committed 1280K, reserved 1048576K
}
Event: 4.410 GC heap before
{Heap before GC invocations=3 (full 0):
 garbage-first heap   total 98304K, used 44617K [0x0000000080000000, 0x0000000100000000)
  region size 1024K, 37 young (37888K), 3 survivors (3072K)
 Metaspace       used 16805K, capacity 17238K, committed 17536K, reserved 1064960K
  class space    used 1929K, capacity 2074K, committed 2176K, reserved 1048576K
}
Event: 4.420 GC heap after
{Heap after GC invocations=4 (full 0):
 garbage-first heap   total 98304K, used 14879K [0x0000000080000000, 0x0000000100000000)
  region size 1024K, 5 young (5120K), 5 survivors (5120K)
 Metaspace       used 16805K, capacity 17238K, committed 17536K, reserved 1064960K
  class space    used 1929K, capacity 2074K, committed 2176K, reserved 1048576K
}
Event: 5.255 GC heap before
{Heap before GC invocations=4 (full 0):
 garbage-first heap   total 98304K, used 42527K [0x0000000080000000, 0x0000000100000000)
  region size 1024K, 34 young (34816K), 5 survivors (5120K)
 Metaspace       used 20639K, capacity 21101K, committed 21248K, reserved 1067008K
  class space    used 2525K, capacity 2710K, committed 2816K, reserved 1048576K
}
Event: 5.267 GC heap after
{Heap after GC invocations=5 (full 0):
 garbage-first heap   total 98304K, used 16189K [0x0000000080000000, 0x0000000100000000)
  region size 1024K, 2 young (2048K), 2 survivors (2048K)
 Metaspace       used 20639K, capacity 21101K, committed 21248K, reserved 1067008K
  class space    used 2525K, capacity 2710K, committed 2816K, reserved 1048576K
}
Event: 6.170 GC heap before
{Heap before GC invocations=6 (full 0):
 garbage-first heap   total 98304K, used 54077K [0x0000000080000000, 0x0000000100000000)
  region size 1024K, 39 young (39936K), 2 survivors (2048K)
 Metaspace       used 24973K, capacity 25475K, committed 25728K, reserved 1071104K
  class space    used 3214K, capacity 3426K, committed 3456K, reserved 1048576K
}
Event: 6.175 GC heap after
{Heap after GC invocations=7 (full 0):
 garbage-first heap   total 118784K, used 17572K [0x0000000080000000, 0x0000000100000000)
  region size 1024K, 3 young (3072K), 3 survivors (3072K)
 Metaspace       used 24973K, capacity 25475K, committed 25728K, reserved 1071104K
  class space    used 3214K, capacity 3426K, committed 3456K, reserved 1048576K
}
Event: 7.976 GC heap before
{Heap before GC invocations=7 (full 0):
 garbage-first heap   total 118784K, used 77988K [0x0000000080000000, 0x0000000100000000)
  region size 1024K, 63 young (64512K), 3 survivors (3072K)
 Metaspace       used 35121K, capacity 35825K, committed 35840K, reserved 1081344K
  class space    used 4561K, capacity 4856K, committed 4864K, reserved 1048576K
}
Event: 7.991 GC heap after
{Heap after GC invocations=8 (full 0):
 garbage-first heap   total 118784K, used 21284K [0x0000000080000000, 0x0000000100000000)
  region size 1024K, 7 young (7168K), 7 survivors (7168K)
 Metaspace       used 35121K, capacity 35825K, committed 35840K, reserved 1081344K
  class space    used 4561K, capacity 4856K, committed 4864K, reserved 1048576K
}
Event: 9.357 GC heap before
{Heap before GC invocations=9 (full 0):
 garbage-first heap   total 118784K, used 85796K [0x0000000080000000, 0x0000000100000000)
  region size 1024K, 67 young (68608K), 7 survivors (7168K)
 Metaspace       used 41055K, capacity 41884K, committed 42188K, reserved 1085440K
  class space    used 5248K, capacity 5542K, committed 5632K, reserved 1048576K
}
Event: 9.375 GC heap after
{Heap after GC invocations=10 (full 0):
 garbage-first heap   total 118784K, used 25140K [0x0000000080000000, 0x0000000100000000)
  region size 1024K, 8 young (8192K), 8 survivors (8192K)
 Metaspace       used 41055K, capacity 41884K, committed 42188K, reserved 1085440K
  class space    used 5248K, capacity 5542K, committed 5632K, reserved 1048576K
}
Event: 10.762 GC heap before
{Heap before GC invocations=10 (full 0):
 garbage-first heap   total 118784K, used 85556K [0x0000000080000000, 0x0000000100000000)
  region size 1024K, 67 young (68608K), 8 survivors (8192K)
 Metaspace       used 44502K, capacity 45518K, committed 45772K, reserved 1089536K
  class space    used 5676K, capacity 6049K, committed 6144K, reserved 1048576K
}
Event: 10.784 GC heap after
{Heap after GC invocations=11 (full 0):
 garbage-first heap   total 118784K, used 30686K [0x0000000080000000, 0x0000000100000000)
  region size 1024K, 9 young (9216K), 9 survivors (9216K)
 Metaspace       used 44502K, capacity 45518K, committed 45772K, reserved 1089536K
  class space    used 5676K, capacity 6049K, committed 6144K, reserved 1048576K
}

Deoptimization events (20 events):
Event: 11.025 Thread 0x0000022068378000 DEOPT PACKING pc=0x0000022050ac08f1 sp=0x0000005667ff9d30
Event: 11.025 Thread 0x0000022068378000 DEOPT UNPACKING pc=0x000002204fe46d5e sp=0x0000005667ff9228 mode 0
Event: 11.037 Thread 0x0000022068378000 DEOPT PACKING pc=0x0000022050ac08f1 sp=0x0000005667ff9d30
Event: 11.037 Thread 0x0000022068378000 DEOPT UNPACKING pc=0x000002204fe46d5e sp=0x0000005667ff9228 mode 0
Event: 11.067 Thread 0x0000022068378000 Uncommon trap: trap_request=0xffffffc6 fr.pc=0x0000022057a48524 relative=0x0000000000002fe4
Event: 11.067 Thread 0x0000022068378000 Uncommon trap: reason=bimorphic_or_optimized_type_check action=maybe_recompile pc=0x0000022057a48524 method=java.util.AbstractCollection.addAll(Ljava/util/Collection;)Z @ 29 c2
Event: 11.067 Thread 0x0000022068378000 DEOPT PACKING pc=0x0000022057a48524 sp=0x0000005667ff96c0
Event: 11.067 Thread 0x0000022068378000 DEOPT UNPACKING pc=0x000002204fe465af sp=0x0000005667ff96c0 mode 2
Event: 11.111 Thread 0x0000022068378000 DEOPT PACKING pc=0x0000022050ce13aa sp=0x0000005667feae10
Event: 11.111 Thread 0x0000022068378000 DEOPT UNPACKING pc=0x000002204fe46d5e sp=0x0000005667fea3e8 mode 0
Event: 11.145 Thread 0x0000022068378000 DEOPT PACKING pc=0x0000022050ce13aa sp=0x0000005667feae10
Event: 11.145 Thread 0x0000022068378000 DEOPT UNPACKING pc=0x000002204fe46d5e sp=0x0000005667fea3e8 mode 0
Event: 11.168 Thread 0x0000022068378000 DEOPT PACKING pc=0x0000022050ce13aa sp=0x0000005667feae10
Event: 11.168 Thread 0x0000022068378000 DEOPT UNPACKING pc=0x000002204fe46d5e sp=0x0000005667fea3e8 mode 0
Event: 11.189 Thread 0x0000022068378000 DEOPT PACKING pc=0x0000022050ce13aa sp=0x0000005667feae10
Event: 11.189 Thread 0x0000022068378000 DEOPT UNPACKING pc=0x000002204fe46d5e sp=0x0000005667fea3e8 mode 0
Event: 11.206 Thread 0x0000022068378000 DEOPT PACKING pc=0x0000022050ce13aa sp=0x0000005667feae10
Event: 11.206 Thread 0x0000022068378000 DEOPT UNPACKING pc=0x000002204fe46d5e sp=0x0000005667fea3e8 mode 0
Event: 11.242 Thread 0x0000022068378000 DEOPT PACKING pc=0x0000022050ce13aa sp=0x0000005667feade0
Event: 11.242 Thread 0x0000022068378000 DEOPT UNPACKING pc=0x000002204fe46d5e sp=0x0000005667fea3b8 mode 0

Classes redefined (0 events):
No events

Internal exceptions (20 events):
Event: 11.259 Thread 0x0000022068378000 Exception <a 'java/lang/ClassNotFoundException'{0x0000000085ab7770}: org/gradle/api/internal/artifacts/repositories/AbstractArtifactRepositoryBeanInfo> (0x0000000085ab7770) thrown at [./src/hotspot/share/classfile/systemDictionary.cpp, line 231]
Event: 11.262 Thread 0x0000022068378000 Exception <a 'java/lang/ClassNotFoundException'{0x0000000085afe400}: org/gradle/api/internal/artifacts/repositories/AbstractArtifactRepositoryCustomizer> (0x0000000085afe400) thrown at [./src/hotspot/share/classfile/systemDictionary.cpp, line 231]
Event: 11.269 Thread 0x0000022068378000 Exception <a 'java/lang/ClassNotFoundException'{0x00000000859652a0}: org/gradle/api/internal/artifacts/repositories/AbstractResolutionAwareArtifactRepositoryCustomizer> (0x00000000859652a0) thrown at [./src/hotspot/share/classfile/systemDictionary.cpp, line 231]
Event: 11.272 Thread 0x0000022068378000 Exception <a 'java/lang/ClassNotFoundException'{0x00000000859b8150}: org/gradle/api/internal/artifacts/repositories/AbstractAuthenticationSupportedRepositoryCustomizer> (0x00000000859b8150) thrown at [./src/hotspot/share/classfile/systemDictionary.cpp, line 231]
Event: 11.280 Thread 0x0000022068378000 Exception <a 'java/lang/ClassNotFoundException'{0x000000008580eb78}: org/gradle/api/internal/artifacts/repositories/DefaultMavenArtifactRepositoryCustomizer> (0x000000008580eb78) thrown at [./src/hotspot/share/classfile/systemDictionary.cpp, line 231]
Event: 11.284 Thread 0x0000022068378000 Exception <a 'java/lang/ClassNotFoundException'{0x000000008586c428}: org/gradle/api/internal/artifacts/repositories/DefaultMavenArtifactRepository_DecoratedCustomizer> (0x000000008586c428) thrown at [./src/hotspot/share/classfile/systemDictionary.cpp, line 231]
Event: 11.324 Thread 0x0000022068378000 Exception <a 'java/lang/ClassNotFoundException'{0x00000000857b5930}: org/gradle/api/internal/artifacts/repositories/DefaultFlatDirArtifactRepository_DecoratedBeanInfo> (0x00000000857b5930) thrown at [./src/hotspot/share/classfile/systemDictionary.cpp, line 231]
Event: 11.326 Thread 0x0000022068378000 Exception <a 'java/lang/ClassNotFoundException'{0x00000000857fb848}: org/gradle/api/internal/artifacts/repositories/DefaultFlatDirArtifactRepositoryBeanInfo> (0x00000000857fb848) thrown at [./src/hotspot/share/classfile/systemDictionary.cpp, line 231]
Event: 11.328 Thread 0x0000022068378000 Exception <a 'java/lang/ClassNotFoundException'{0x0000000085641808}: org/gradle/api/internal/artifacts/repositories/DefaultFlatDirArtifactRepositoryCustomizer> (0x0000000085641808) thrown at [./src/hotspot/share/classfile/systemDictionary.cpp, line 231]
Event: 11.332 Thread 0x0000022068378000 Exception <a 'java/lang/ClassNotFoundException'{0x0000000085697e38}: org/gradle/api/internal/artifacts/repositories/DefaultFlatDirArtifactRepository_DecoratedCustomizer> (0x0000000085697e38) thrown at [./src/hotspot/share/classfile/systemDictionary.cpp, line 231]
Event: 11.394 Thread 0x0000022068378000 Exception <a 'java/lang/ClassNotFoundException'{0x0000000085352290}: org/gradle/api/tasks/Delete_DecoratedBeanInfo> (0x0000000085352290) thrown at [./src/hotspot/share/classfile/systemDictionary.cpp, line 231]
Event: 11.396 Thread 0x0000022068378000 Exception <a 'java/lang/ClassNotFoundException'{0x0000000085375fa0}: org/gradle/api/tasks/DeleteBeanInfo> (0x0000000085375fa0) thrown at [./src/hotspot/share/classfile/systemDictionary.cpp, line 231]
Event: 11.398 Thread 0x0000022068378000 Exception <a 'java/lang/ClassNotFoundException'{0x000000008539c4a0}: org/gradle/api/internal/ConventionTaskBeanInfo> (0x000000008539c4a0) thrown at [./src/hotspot/share/classfile/systemDictionary.cpp, line 231]
Event: 11.401 Thread 0x0000022068378000 Exception <a 'java/lang/ClassNotFoundException'{0x00000000853bfc30}: org/gradle/api/DefaultTaskBeanInfo> (0x00000000853bfc30) thrown at [./src/hotspot/share/classfile/systemDictionary.cpp, line 231]
Event: 11.402 Thread 0x0000022068378000 Exception <a 'java/lang/ClassNotFoundException'{0x00000000853e6b80}: org/gradle/api/internal/AbstractTaskBeanInfo> (0x00000000853e6b80) thrown at [./src/hotspot/share/classfile/systemDictionary.cpp, line 231]
Event: 11.404 Thread 0x0000022068378000 Exception <a 'java/lang/ClassNotFoundException'{0x000000008520dcb8}: org/gradle/api/internal/AbstractTaskCustomizer> (0x000000008520dcb8) thrown at [./src/hotspot/share/classfile/systemDictionary.cpp, line 231]
Event: 11.410 Thread 0x0000022068378000 Exception <a 'java/lang/ClassNotFoundException'{0x0000000085273f30}: org/gradle/api/DefaultTaskCustomizer> (0x0000000085273f30) thrown at [./src/hotspot/share/classfile/systemDictionary.cpp, line 231]
Event: 11.422 Thread 0x0000022068378000 Exception <a 'java/lang/ClassNotFoundException'{0x00000000852ef3e0}: org/gradle/api/internal/ConventionTaskCustomizer> (0x00000000852ef3e0) thrown at [./src/hotspot/share/classfile/systemDictionary.cpp, line 231]
Event: 11.432 Thread 0x0000022068378000 Exception <a 'java/lang/ClassNotFoundException'{0x0000000085122108}: org/gradle/api/tasks/DeleteCustomizer> (0x0000000085122108) thrown at [./src/hotspot/share/classfile/systemDictionary.cpp, line 231]
Event: 11.436 Thread 0x0000022068378000 Exception <a 'java/lang/ClassNotFoundException'{0x000000008515b428}: org/gradle/api/tasks/Delete_DecoratedCustomizer> (0x000000008515b428) thrown at [./src/hotspot/share/classfile/systemDictionary.cpp, line 231]

Events (20 events):
Event: 11.434 loading class org/gradle/api/tasks/Delete_DecoratedCustomizer
Event: 11.434 loading class org/gradle/api/tasks/Delete_DecoratedCustomizer done
Event: 11.435 loading class org/gradle/api/tasks/Delete_DecoratedCustomizer
Event: 11.435 loading class org/gradle/api/tasks/Delete_DecoratedCustomizer done
Event: 11.435 loading class org/gradle/api/tasks/Delete_DecoratedCustomizer
Event: 11.435 loading class org/gradle/api/tasks/Delete_DecoratedCustomizer done
Event: 11.436 loading class org/gradle/api/tasks/Delete_DecoratedCustomizer
Event: 11.436 loading class org/gradle/api/tasks/Delete_DecoratedCustomizer done
Event: 11.440 loading class org/gradle/api/internal/file/DefaultFilePropertyFactory$FixedDirectory
Event: 11.440 loading class org/gradle/api/internal/file/DefaultFilePropertyFactory$FixedDirectory done
Event: 11.441 loading class org/gradle/api/internal/file/DefaultFilePropertyFactory$DefaultDirectoryVar
Event: 11.441 loading class org/gradle/api/internal/file/DefaultFilePropertyFactory$DefaultDirectoryVar done
Event: 11.443 loading class org/gradle/api/internal/provider/MappingProvider
Event: 11.443 loading class org/gradle/api/internal/provider/MappingProvider done
Event: 11.444 loading class org/gradle/api/internal/file/DefaultFilePropertyFactory$ToFileTransformer
Event: 11.444 loading class org/gradle/api/internal/file/DefaultFilePropertyFactory$ToFileTransformer done
Event: 11.445 loading class org/gradle/api/internal/file/collections/DefaultConfigurableFileCollection$UnresolvedItemsCollector
Event: 11.445 loading class org/gradle/api/internal/file/collections/DefaultConfigurableFileCollection$UnresolvedItemsCollector done
Event: 11.449 loading class org/gradle/configuration/project/DefaultProjectConfigurationActionContainer
Event: 11.449 loading class org/gradle/configuration/project/DefaultProjectConfigurationActionContainer done


Dynamic libraries:
0x00007ff651110000 - 0x00007ff65111a000 	C:\Program Files\Android\Android Studio\jre\bin\java.exe
0x00007ffc11f10000 - 0x00007ffc12105000 	C:\Windows\SYSTEM32\ntdll.dll
0x00007ffc0ff60000 - 0x00007ffc1001e000 	C:\Windows\System32\KERNEL32.DLL
0x00007ffc0f9f0000 - 0x00007ffc0fcb8000 	C:\Windows\System32\KERNELBASE.dll
0x00007ffc0f6c0000 - 0x00007ffc0f7c0000 	C:\Windows\System32\ucrtbase.dll
0x00007ffbfb5d0000 - 0x00007ffbfb5e7000 	C:\Program Files\Android\Android Studio\jre\bin\VCRUNTIME140.dll
0x00007ffbfde00000 - 0x00007ffbfde19000 	C:\Program Files\Android\Android Studio\jre\bin\jli.dll
0x00007ffc11200000 - 0x00007ffc113a0000 	C:\Windows\System32\USER32.dll
0x00007ffc0f620000 - 0x00007ffc0f642000 	C:\Windows\System32\win32u.dll
0x00007ffc11050000 - 0x00007ffc1107b000 	C:\Windows\System32\GDI32.dll
0x00007ffbfec80000 - 0x00007ffbfef1a000 	C:\Windows\WinSxS\amd64_microsoft.windows.common-controls_6595b64144ccf1df_6.0.19041.1110_none_60b5254171f9507e\COMCTL32.dll
0x00007ffc0fe50000 - 0x00007ffc0ff5d000 	C:\Windows\System32\gdi32full.dll
0x00007ffc11080000 - 0x00007ffc1111e000 	C:\Windows\System32\msvcrt.dll
0x00007ffc0f7c0000 - 0x00007ffc0f85d000 	C:\Windows\System32\msvcp_win.dll
0x00007ffc11020000 - 0x00007ffc11050000 	C:\Windows\System32\IMM32.DLL
0x00007ffbcecd0000 - 0x00007ffbced6d000 	C:\Program Files\Android\Android Studio\jre\bin\msvcp140.dll
0x00007ffbac7c0000 - 0x00007ffbad295000 	C:\Program Files\Android\Android Studio\jre\bin\server\jvm.dll
0x00007ffc119d0000 - 0x00007ffc11a7e000 	C:\Windows\System32\ADVAPI32.dll
0x00007ffc114b0000 - 0x00007ffc1154c000 	C:\Windows\System32\sechost.dll
0x00007ffc10020000 - 0x00007ffc10145000 	C:\Windows\System32\RPCRT4.dll
0x00007ffc11e60000 - 0x00007ffc11e68000 	C:\Windows\System32\PSAPI.DLL
0x00007ffbfb8f0000 - 0x00007ffbfb8f9000 	C:\Windows\SYSTEM32\WSOCK32.dll
0x00007ffc05f60000 - 0x00007ffc05f87000 	C:\Windows\SYSTEM32\WINMM.dll
0x00007ffc05f50000 - 0x00007ffc05f5a000 	C:\Windows\SYSTEM32\VERSION.dll
0x00007ffc10fb0000 - 0x00007ffc1101b000 	C:\Windows\System32\WS2_32.dll
0x00007ffc0d4d0000 - 0x00007ffc0d4e2000 	C:\Windows\SYSTEM32\kernel.appcore.dll
0x00007ffc04f60000 - 0x00007ffc04f71000 	C:\Program Files\Android\Android Studio\jre\bin\verify.dll
0x00007ffbfd900000 - 0x00007ffbfdae4000 	C:\Windows\SYSTEM32\DBGHELP.DLL
0x00007ffbfd890000 - 0x00007ffbfd8bc000 	C:\Windows\SYSTEM32\dbgcore.DLL
0x00007ffc0f860000 - 0x00007ffc0f8e2000 	C:\Windows\System32\bcryptPrimitives.dll
0x00007ffc00d60000 - 0x00007ffc00d89000 	C:\Program Files\Android\Android Studio\jre\bin\java.dll
0x00007ffc08f70000 - 0x00007ffc08f7b000 	C:\Program Files\Android\Android Studio\jre\bin\jimage.dll
0x00007ffbfddc0000 - 0x00007ffbfddd8000 	C:\Program Files\Android\Android Studio\jre\bin\zip.dll
0x00007ffc10840000 - 0x00007ffc10f84000 	C:\Windows\System32\SHELL32.dll
0x00007ffc0d6d0000 - 0x00007ffc0de64000 	C:\Windows\SYSTEM32\windows.storage.dll
0x00007ffc104e0000 - 0x00007ffc10835000 	C:\Windows\System32\combase.dll
0x00007ffc0ef90000 - 0x00007ffc0efbe000 	C:\Windows\SYSTEM32\Wldp.dll
0x00007ffc113a0000 - 0x00007ffc1144d000 	C:\Windows\System32\SHCORE.dll
0x00007ffc11cd0000 - 0x00007ffc11d25000 	C:\Windows\System32\shlwapi.dll
0x00007ffc0f560000 - 0x00007ffc0f57f000 	C:\Windows\SYSTEM32\profapi.dll
0x00007ffbfc8f0000 - 0x00007ffbfc90a000 	C:\Program Files\Android\Android Studio\jre\bin\net.dll
0x00007ffc08bc0000 - 0x00007ffc08ccc000 	C:\Windows\SYSTEM32\WINHTTP.dll
0x00007ffc0ed00000 - 0x00007ffc0ed6a000 	C:\Windows\system32\mswsock.dll
0x00007ffbfb5a0000 - 0x00007ffbfb5b4000 	C:\Program Files\Android\Android Studio\jre\bin\nio.dll
0x00007ffc00da0000 - 0x00007ffc00dc7000 	C:\Users\Ali Usman\.gradle\native\fdc75f09e3144964f2cf3f50f0aa648679c211496f362492102eb8c894070792\windows-amd64\native-platform.dll
0x00007ffbc69e0000 - 0x00007ffbc6b76000 	C:\Users\Ali Usman\.gradle\native\12488b8bf47d2d4c9fbf2f6322a914ad602e24e48041cd04a747c6da556b65c4\windows-amd64\native-platform-file-events.dll
0x00007ffc08e90000 - 0x00007ffc08e9a000 	C:\Program Files\Android\Android Studio\jre\bin\management.dll
0x00007ffbffdf0000 - 0x00007ffbffdfd000 	C:\Program Files\Android\Android Studio\jre\bin\management_ext.dll
0x00007ffc0f310000 - 0x00007ffc0f328000 	C:\Windows\SYSTEM32\CRYPTSP.dll
0x00007ffc0e640000 - 0x00007ffc0e674000 	C:\Windows\system32\rsaenh.dll
0x00007ffc0fcc0000 - 0x00007ffc0fce7000 	C:\Windows\System32\bcrypt.dll
0x00007ffc0f520000 - 0x00007ffc0f54e000 	C:\Windows\SYSTEM32\USERENV.dll
0x00007ffc0ee90000 - 0x00007ffc0ee9c000 	C:\Windows\SYSTEM32\CRYPTBASE.dll
0x00007ffc0ea10000 - 0x00007ffc0ea4b000 	C:\Windows\SYSTEM32\IPHLPAPI.DLL
0x00007ffc102e0000 - 0x00007ffc102e8000 	C:\Windows\System32\NSI.dll
0x00007ffc080a0000 - 0x00007ffc080b7000 	C:\Windows\SYSTEM32\dhcpcsvc6.DLL
0x00007ffc07f90000 - 0x00007ffc07fad000 	C:\Windows\SYSTEM32\dhcpcsvc.DLL
0x00007ffc0ea50000 - 0x00007ffc0eb1b000 	C:\Windows\SYSTEM32\DNSAPI.dll
0x00007ffc08eb0000 - 0x00007ffc08ebb000 	C:\Windows\SYSTEM32\WINNSI.DLL

dbghelp: loaded successfully - version: 4.0.5 - missing functions: none
symbol engine: initialized successfully - sym options: 0x614 - pdb path: .;C:\Program Files\Android\Android Studio\jre\bin;C:\Windows\SYSTEM32;C:\Windows\WinSxS\amd64_microsoft.windows.common-controls_6595b64144ccf1df_6.0.19041.1110_none_60b5254171f9507e;C:\Program Files\Android\Android Studio\jre\bin\server;C:\Users\Ali Usman\.gradle\native\fdc75f09e3144964f2cf3f50f0aa648679c211496f362492102eb8c894070792\windows-amd64;C:\Users\Ali Usman\.gradle\native\12488b8bf47d2d4c9fbf2f6322a914ad602e24e48041cd04a747c6da556b65c4\windows-amd64

VM Arguments:
jvm_args: --add-opens=java.base/java.util=ALL-UNNAMED --add-opens=java.base/java.lang=ALL-UNNAMED --add-opens=java.base/java.lang.invoke=ALL-UNNAMED --add-opens=java.prefs/java.util.prefs=ALL-UNNAMED -Xmx2048m -Dfile.encoding=windows-1252 -Duser.country=US -Duser.language=en -Duser.variant 
java_command: org.gradle.launcher.daemon.bootstrap.GradleDaemon 6.7.1
java_class_path (initial): C:\Users\Ali Usman\.gradle\wrapper\dists\gradle-6.7.1-all\2moa8rlfac5eqlcfgk98k0deb\gradle-6.7.1\lib\gradle-launcher-6.7.1.jar
Launcher Type: SUN_STANDARD

[Global flags]
     intx CICompilerCount                          = 3                                         {product} {ergonomic}
     uint ConcGCThreads                            = 1                                         {product} {ergonomic}
     uint G1ConcRefinementThreads                  = 4                                         {product} {ergonomic}
   size_t G1HeapRegionSize                         = 1048576                                   {product} {ergonomic}
    uintx GCDrainStackTargetSize                   = 64                                        {product} {ergonomic}
   size_t InitialHeapSize                          = 100663296                                 {product} {ergonomic}
   size_t MarkStackSize                            = 4194304                                   {product} {ergonomic}
   size_t MaxHeapSize                              = 2147483648                                {product} {command line}
   size_t MaxNewSize                               = 1287651328                                {product} {ergonomic}
   size_t MinHeapDeltaBytes                        = 1048576                                   {product} {ergonomic}
    uintx NonNMethodCodeHeapSize                   = 5830732                                {pd product} {ergonomic}
    uintx NonProfiledCodeHeapSize                  = 122913754                              {pd product} {ergonomic}
    uintx ProfiledCodeHeapSize                     = 122913754                              {pd product} {ergonomic}
    uintx ReservedCodeCacheSize                    = 251658240                              {pd product} {ergonomic}
     bool SegmentedCodeCache                       = true                                      {product} {ergonomic}
     bool UseCompressedClassPointers               = true                                 {lp64_product} {ergonomic}
     bool UseCompressedOops                        = true                                 {lp64_product} {ergonomic}
     bool UseG1GC                                  = true                                      {product} {ergonomic}
     bool UseLargePagesIndividualAllocation        = false                                  {pd product} {ergonomic}

Logging:
Log output configuration:
 #0: stdout all=warning uptime,level,tags
 #1: stderr all=off uptime,level,tags

Environment Variables:
JAVA_HOME=C:\Program Files\Java\jdk1.8.0_291
PATH=C:\Python310\Scripts\;C:\Python310\;c:\mingw\bin;C:\Program Files (x86)\Common Files\Oracle\Java\javapath;C:\Program Files\Python37\Scripts\;C:\Program Files\Python37\;C:\Windows\system32;C:\Windows;C:\Windows\System32\Wbem;C:\Windows\System32\WindowsPowerShell\v1.0\;C:\Windows\System32\OpenSSH\;C:\Program Files (x86)\AMD\ATI.ACE\Core-Static;C:\Users\Ali Usman\AppData\Roaming\Python\Python37\Scripts;F:\download\Compressed\openjfx-11.0.2_windows-x64_bin-sdk\javafx-sdk-11.0.2\lib;C:\Program Files (x86)\Inno Setup 6;C:\Program Files\Java\jdk1.8.0_291\bin;C:\Program Files\Git\cmd;C:\Program Files\PostgreSQL\13\bin;C:\Program Files\nodejs\;C:\ProgramData\chocolatey\bin;C:\Users\Ali Usman\AppData\Local\Microsoft\WindowsApps;C:\Program Files\JetBrains\PyCharm Community Edition 2020.3.4\bin;;F:\download\Compressed\openjfx-11.0.2_windows-x64_bin-sdk\javafx-sdk-11.0.2\lib;C:\Program Files\Java\jdk1.8.0_291\bin;C:\Users\Ali Usman\AppData\Local\Programs\Microsoft VS Code\bin;C:\Program Files\heroku\bin;C:\Users\Ali Usman\flutter\flutter\bin;C:\Users\Ali Usman\dart\dart-sdk;C:\Users\Ali Usman\AppData\Local\Android\Sdk\platform-tools;C:\Users\Ali Usman\AppData\Roaming\npm
USERNAME=Ali Usman
OS=Windows_NT
PROCESSOR_IDENTIFIER=Intel64 Family 6 Model 58 Stepping 9, GenuineIntel



---------------  S Y S T E M  ---------------

OS: Windows 10 , 64 bit Build 19041 (10.0.19041.1503)
OS uptime: 0 days 3:29 hours
Hyper-V role detected

CPU:total 4 (initial active 4) (2 cores per cpu, 2 threads per core) family 6 model 58 stepping 9 microcode 0x21, cmov, cx8, fxsr, mmx, sse, sse2, sse3, ssse3, sse4.1, sse4.2, popcnt, avx, aes, clmul, erms, ht, tsc, tscinvbit, tscinv

Memory: 4k page, system-wide physical 6075M (577M free)
TotalPageFile size 12093M (AvailPageFile size 3M)
current process WorkingSet (physical memory assigned to process): 251M, peak: 260M
current process commit charge ("private bytes"): 299M, peak: 311M

vm_info: OpenJDK 64-Bit Server VM (11.0.11+9-b60-7590822) for windows-amd64 JRE (11.0.11+9-b60-7590822), built on Jul 29 2021 21:43:44 by "builder" with MS VC++ 14.0 (VS2015)

END.
