#
# There is insufficient memory for the Java Runtime Environment to continue.
# Native memory allocation (mmap) failed to map 25165824 bytes for Failed to commit area from 0x0000000087400000 to 0x0000000088c00000 of length 25165824.
# Possible reasons:
#   The system is out of physical RAM or swap space
#   The process is running with CompressedOops enabled, and the Java Heap may be blocking the growth of the native heap
# Possible solutions:
#   Reduce memory load on the system
#   Increase physical memory or swap space
#   Check if swap backing store is full
#   Decrease Java heap size (-Xmx/-Xms)
#   Decrease number of Java threads
#   Decrease Java thread stack sizes (-Xss)
#   Set larger code cache with -XX:ReservedCodeCacheSize=
#   JVM is running with Unscaled Compressed Oops mode in which the Java heap is
#     placed in the first 4GB address space. The Java Heap base address is the
#     maximum limit for the native heap growth. Please use -XX:HeapBaseMinAddress
#     to set the Java Heap base and to place the Java Heap above 4GB virtual address.
# This output file may be truncated or incomplete.
#
#  Out of Memory Error (./src/hotspot/os/windows/os_windows.cpp:3301), pid=11444, tid=11536
#
# JRE version: OpenJDK Runtime Environment (11.0.11+9) (build 11.0.11+9-b60-7590822)
# Java VM: OpenJDK 64-Bit Server VM (11.0.11+9-b60-7590822, mixed mode, tiered, compressed oops, g1 gc, windows-amd64)
# No core dump will be written. Minidumps are not enabled by default on client versions of Windows
#

---------------  S U M M A R Y ------------

Command Line: --add-opens=java.base/java.util=ALL-UNNAMED --add-opens=java.base/java.lang=ALL-UNNAMED --add-opens=java.base/java.lang.invoke=ALL-UNNAMED --add-opens=java.prefs/java.util.prefs=ALL-UNNAMED -Xmx2048m -Dfile.encoding=windows-1252 -Duser.country=US -Duser.language=en -Duser.variant org.gradle.launcher.daemon.bootstrap.GradleDaemon 6.7.1

Host: Intel(R) Core(TM) i5-3320M CPU @ 2.60GHz, 4 cores, 5G,  Windows 10 , 64 bit Build 19041 (10.0.19041.1503)
Time: Thu Apr  7 16:12:04 2022 Pakistan Standard Time elapsed time: 8.721754 seconds (0d 0h 0m 8s)

---------------  T H R E A D  ---------------

Current thread (0x00000291ad63f800):  VMThread "VM Thread" [stack: 0x000000f84db00000,0x000000f84dc00000] [id=11536]

Stack: [0x000000f84db00000,0x000000f84dc00000]
[error occurred during error reporting (printing stack bounds), id 0xc0000005, EXCEPTION_ACCESS_VIOLATION (0xc0000005) at pc=0x0000029196e40f2d]

Native frames: (J=compiled Java code, j=interpreted, Vv=VM code, C=native code)
V  [jvm.dll+0x5f214a]
V  [jvm.dll+0x726fb5]
V  [jvm.dll+0x7285cd]
V  [jvm.dll+0x728be5]
V  [jvm.dll+0x728b9b]
V  [jvm.dll+0x5f14e8]
V  [jvm.dll+0x5f1c78]
C  [ntdll.dll+0xa20cf]
C  [ntdll.dll+0x51454]
C  [ntdll.dll+0xa0bfe]
C  0x0000029196e40f2d

VM_Operation (0x000000f84f0f4df0): G1CollectForAllocation, mode: safepoint, requested by thread 0x00000291ae12b800


---------------  P R O C E S S  ---------------

Threads class SMR info:
_java_thread_list=0x00000291aefcf180, length=162, elements={
0x000002919333c000, 0x00000291ad644000, 0x00000291ad647000, 0x00000291ad661800,
0x00000291ad666800, 0x00000291ad667800, 0x00000291ad678000, 0x00000291ad67b000,
0x00000291ad684800, 0x00000291ae126800, 0x00000291ae12a800, 0x00000291ae128000,
0x00000291ae127000, 0x00000291ae129000, 0x00000291ae129800, 0x00000291ae125000,
0x00000291ae12b800, 0x00000291ae125800, 0x00000291b028a800, 0x00000291b028b800,
0x00000291b028d000, 0x00000291b028c000, 0x00000291b028e800, 0x00000291b0562000,
0x00000291b028f800, 0x00000291b028e000, 0x00000291b028a000, 0x00000291b0293800,
0x00000291b0290800, 0x00000291b0291000, 0x00000291b0297800, 0x00000291b0292800,
0x00000291b0292000, 0x00000291b0298800, 0x00000291b2628000, 0x00000291b2625800,
0x00000291b2626800, 0x00000291b2629000, 0x00000291b2627000, 0x00000291b2629800,
0x00000291b2624000, 0x00000291b262a800, 0x00000291b2624800, 0x00000291b262c000,
0x00000291b262b000, 0x00000291b2631000, 0x00000291b2632000, 0x00000291b2632800,
0x00000291b262e800, 0x00000291b262d000, 0x00000291b262d800, 0x00000291b262f800,
0x00000291b2630000, 0x00000291ae4db800, 0x00000291ae4da000, 0x00000291ae4de000,
0x00000291ae4dc800, 0x00000291ae4dd000, 0x00000291ae4df000, 0x00000291ae4da800,
0x00000291ae4d9000, 0x00000291ae4e0800, 0x00000291ae4e1800, 0x00000291ae4e2000,
0x00000291ae4e4800, 0x00000291ae4e5800, 0x00000291ae4e3000, 0x00000291ae4e3800,
0x00000291ae4df800, 0x00000291ae4e6000, 0x00000291ae4e7000, 0x00000291ae4e8000,
0x00000291b3e83800, 0x00000291b3e82000, 0x00000291b3e7e000, 0x00000291b3e82800,
0x00000291b3e7e800, 0x00000291b3e84800, 0x00000291b3e81000, 0x00000291b3e85000,
0x00000291b3e7f800, 0x00000291b3e86000, 0x00000291b3e80800, 0x00000291b3e89000,
0x00000291b3e88800, 0x00000291b3e8a000, 0x00000291b3e8b000, 0x00000291b3e8b800,
0x00000291b3e8c800, 0x00000291b3e87000, 0x00000291b3e87800, 0x00000291b40fb000,
0x00000291b4100000, 0x00000291b40fc000, 0x00000291b40fc800, 0x00000291b40fd800,
0x00000291b40ff000, 0x00000291b40fe800, 0x00000291b40fa800, 0x00000291b4102800,
0x00000291b4101800, 0x00000291b4103800, 0x00000291b4104000, 0x00000291b4105000,
0x00000291b4106800, 0x00000291b4105800, 0x00000291b4101000, 0x00000291b4107800,
0x00000291b4108000, 0x00000291b4109000, 0x00000291b0ac2800, 0x00000291b0abf000,
0x00000291b0ac3000, 0x00000291b0ac0800, 0x00000291b0ac5800, 0x00000291b0ac0000,
0x00000291b0ac6800, 0x00000291b0ac5000, 0x00000291b0ac4000, 0x00000291b0ac7000,
0x00000291b0ac1800, 0x00000291b0ac8000, 0x00000291b0ac9000, 0x00000291b0ac9800,
0x00000291b0aca800, 0x00000291b0acb800, 0x00000291b0acc000, 0x00000291b0acd000,
0x00000291b0acd800, 0x00000291ae682800, 0x00000291ae684000, 0x00000291ae683000,
0x00000291ae681000, 0x00000291ae680000, 0x00000291ae67f000, 0x00000291ae681800,
0x00000291ae67e800, 0x00000291ae688000, 0x00000291ae685000, 0x00000291ae687800,
0x00000291ae689000, 0x00000291ae689800, 0x00000291ae685800, 0x00000291ae68c000,
0x00000291ae686800, 0x00000291ae68b800, 0x00000291ae68d000, 0x00000291ae68a800,
0x00000291b239a800, 0x00000291b2398000, 0x00000291b239d000, 0x00000291b239b800,
0x00000291b239e000, 0x00000291b239c000, 0x00000291b239e800, 0x00000291b2399000,
0x00000291b2399800, 0x00000291b23a2000, 0x00000291b239f800, 0x00000291b23a4800,
0x00000291b23a0800, 0x00000291b23a2800
}

Java Threads: ( => current thread )
  0x000002919333c000 JavaThread "main" [_thread_blocked, id=11512, stack(0x000000f84d500000,0x000000f84d600000)]
  0x00000291ad644000 JavaThread "Reference Handler" daemon [_thread_blocked, id=11540, stack(0x000000f84dc00000,0x000000f84dd00000)]
  0x00000291ad647000 JavaThread "Finalizer" daemon [_thread_blocked, id=11544, stack(0x000000f84dd00000,0x000000f84de00000)]
  0x00000291ad661800 JavaThread "Signal Dispatcher" daemon [_thread_blocked, id=11548, stack(0x000000f84de00000,0x000000f84df00000)]
  0x00000291ad666800 JavaThread "Attach Listener" daemon [_thread_blocked, id=11552, stack(0x000000f84df00000,0x000000f84e000000)]
  0x00000291ad667800 JavaThread "Service Thread" daemon [_thread_blocked, id=11556, stack(0x000000f84e000000,0x000000f84e100000)]
  0x00000291ad678000 JavaThread "C2 CompilerThread0" daemon [_thread_blocked, id=11560, stack(0x000000f84e100000,0x000000f84e200000)]
  0x00000291ad67b000 JavaThread "C1 CompilerThread0" daemon [_thread_blocked, id=11564, stack(0x000000f84e200000,0x000000f84e300000)]
  0x00000291ad684800 JavaThread "Sweeper thread" daemon [_thread_blocked, id=11568, stack(0x000000f84e300000,0x000000f84e400000)]
  0x00000291ae126800 JavaThread "Common-Cleaner" daemon [_thread_blocked, id=11572, stack(0x000000f84e400000,0x000000f84e500000)]
  0x00000291ae12a800 JavaThread "Daemon health stats" [_thread_blocked, id=11592, stack(0x000000f84e800000,0x000000f84e900000)]
  0x00000291ae128000 JavaThread "Incoming local TCP Connector on port 51290" [_thread_in_native, id=11604, stack(0x000000f84ea00000,0x000000f84eb00000)]
  0x00000291ae127000 JavaThread "Daemon periodic checks" [_thread_blocked, id=11608, stack(0x000000f84eb00000,0x000000f84ec00000)]
  0x00000291ae129000 JavaThread "Daemon" [_thread_blocked, id=11612, stack(0x000000f84ec00000,0x000000f84ed00000)]
  0x00000291ae129800 JavaThread "Handler for socket connection from /127.0.0.1:51290 to /127.0.0.1:51291" [_thread_in_native, id=11616, stack(0x000000f84ed00000,0x000000f84ee00000)]
  0x00000291ae125000 JavaThread "Cancel handler" [_thread_blocked, id=11624, stack(0x000000f84ef00000,0x000000f84f000000)]
  0x00000291ae12b800 JavaThread "Daemon worker" [_thread_blocked, id=11628, stack(0x000000f84f000000,0x000000f84f100000)]
  0x00000291ae125800 JavaThread "Asynchronous log dispatcher for DefaultDaemonConnection: socket connection from /127.0.0.1:51290 to /127.0.0.1:51291" [_thread_blocked, id=11640, stack(0x000000f84f100000,0x000000f84f200000)]
  0x00000291b028a800 JavaThread "Stdin handler" [_thread_blocked, id=11644, stack(0x000000f84f200000,0x000000f84f300000)]
  0x00000291b028b800 JavaThread "Thread-8" [_thread_blocked, id=11648, stack(0x000000f84f300000,0x000000f84f400000)]
  0x00000291b028d000 JavaThread "Cache worker for file hash cache (C:\Users\Ali Usman\.gradle\caches\6.7.1\fileHashes)" [_thread_blocked, id=11652, stack(0x000000f84ee00000,0x000000f84ef00000)]
  0x00000291b028c000 JavaThread "File lock request listener" [_thread_in_native, id=11664, stack(0x000000f84f600000,0x000000f84f700000)]
  0x00000291b028e800 JavaThread "Cache worker for journal cache (C:\Users\Ali Usman\.gradle\caches\journal-1)" [_thread_blocked, id=11668, stack(0x000000f84f700000,0x000000f84f800000)]
  0x00000291b0562000 JavaThread "C2 CompilerThread1" daemon [_thread_blocked, id=11672, stack(0x000000f84f800000,0x000000f84f900000)]
  0x00000291b028f800 JavaThread "Cache worker for file hash cache (C:\Users\Ali Usman\AndroidStudioProjects\BaseArchitectureProject\.gradle\6.7.1\fileHashes)" [_thread_blocked, id=11680, stack(0x000000f84f900000,0x000000f84fa00000)]
  0x00000291b028e000 JavaThread "Cache worker for checksums cache (C:\Users\Ali Usman\AndroidStudioProjects\BaseArchitectureProject\.gradle\checksums)" [_thread_blocked, id=11696, stack(0x000000f84fa00000,0x000000f84fb00000)]
  0x00000291b028a000 JavaThread "Cache worker for cache directory md-supplier (C:\Users\Ali Usman\.gradle\caches\6.7.1\md-supplier)" [_thread_blocked, id=11700, stack(0x000000f84fb00000,0x000000f84fc00000)]
  0x00000291b0293800 JavaThread "Cache worker for cache directory md-rule (C:\Users\Ali Usman\.gradle\caches\6.7.1\md-rule)" [_thread_blocked, id=11704, stack(0x000000f84fc00000,0x000000f84fd00000)]
  0x00000291b0290800 JavaThread "Cache worker for execution history cache (C:\Users\Ali Usman\.gradle\caches\6.7.1\executionHistory)" [_thread_blocked, id=11708, stack(0x000000f84fd00000,0x000000f84fe00000)]
  0x00000291b0291000 JavaThread "jar transforms" [_thread_blocked, id=11716, stack(0x000000f84fe00000,0x000000f84ff00000)]
  0x00000291b0297800 JavaThread "Cache worker for file content cache (C:\Users\Ali Usman\.gradle\caches\6.7.1\fileContent)" [_thread_blocked, id=11720, stack(0x000000f84ff00000,0x000000f850000000)]
  0x00000291b0292800 JavaThread "Cache worker for Build Output Cleanup Cache (C:\Users\Ali Usman\AndroidStudioProjects\BaseArchitectureProject\.gradle\buildOutputCleanup)" [_thread_blocked, id=11724, stack(0x000000f850000000,0x000000f850100000)]
  0x00000291b0292000 JavaThread "Build operations" [_thread_blocked, id=11732, stack(0x000000f850100000,0x000000f850200000)]
  0x00000291b0298800 JavaThread "Build operations Thread 2" [_thread_blocked, id=11736, stack(0x000000f850200000,0x000000f850300000)]
  0x00000291b2628000 JavaThread "Build operations Thread 3" [_thread_blocked, id=11740, stack(0x000000f850300000,0x000000f850400000)]
  0x00000291b2625800 JavaThread "Build operations Thread 4" [_thread_blocked, id=11744, stack(0x000000f850400000,0x000000f850500000)]
  0x00000291b2626800 JavaThread "jar transforms Thread 2" [_thread_blocked, id=11748, stack(0x000000f850500000,0x000000f850600000)]
  0x00000291b2629000 JavaThread "jar transforms Thread 3" [_thread_blocked, id=11752, stack(0x000000f850600000,0x000000f850700000)]
  0x00000291b2627000 JavaThread "jar transforms Thread 4" [_thread_blocked, id=11756, stack(0x000000f850700000,0x000000f850800000)]
  0x00000291b2629800 JavaThread "jar transforms Thread 5" [_thread_blocked, id=11760, stack(0x000000f850800000,0x000000f850900000)]
  0x00000291b2624000 JavaThread "jar transforms Thread 6" [_thread_blocked, id=11764, stack(0x000000f850900000,0x000000f850a00000)]
  0x00000291b262a800 JavaThread "jar transforms Thread 7" [_thread_blocked, id=11768, stack(0x000000f850a00000,0x000000f850b00000)]
  0x00000291b2624800 JavaThread "jar transforms Thread 8" [_thread_blocked, id=11772, stack(0x000000f850b00000,0x000000f850c00000)]
  0x00000291b262c000 JavaThread "jar transforms Thread 9" [_thread_blocked, id=11776, stack(0x000000f850c00000,0x000000f850d00000)]
  0x00000291b262b000 JavaThread "jar transforms Thread 10" [_thread_blocked, id=11780, stack(0x000000f850d00000,0x000000f850e00000)]
  0x00000291b2631000 JavaThread "jar transforms Thread 11" [_thread_blocked, id=11784, stack(0x000000f850e00000,0x000000f850f00000)]
  0x00000291b2632000 JavaThread "jar transforms Thread 12" [_thread_blocked, id=11788, stack(0x000000f850f00000,0x000000f851000000)]
  0x00000291b2632800 JavaThread "jar transforms Thread 13" [_thread_blocked, id=11792, stack(0x000000f851000000,0x000000f851100000)]
  0x00000291b262e800 JavaThread "jar transforms Thread 14" [_thread_blocked, id=11796, stack(0x000000f851100000,0x000000f851200000)]
  0x00000291b262d000 JavaThread "jar transforms Thread 15" [_thread_blocked, id=11800, stack(0x000000f851200000,0x000000f851300000)]
  0x00000291b262d800 JavaThread "jar transforms Thread 16" [_thread_blocked, id=11804, stack(0x000000f851300000,0x000000f851400000)]
  0x00000291b262f800 JavaThread "jar transforms Thread 17" [_thread_blocked, id=11808, stack(0x000000f851400000,0x000000f851500000)]
  0x00000291b2630000 JavaThread "jar transforms Thread 18" [_thread_blocked, id=11812, stack(0x000000f851500000,0x000000f851600000)]
  0x00000291ae4db800 JavaThread "jar transforms Thread 19" [_thread_blocked, id=11816, stack(0x000000f851600000,0x000000f851700000)]
  0x00000291ae4da000 JavaThread "jar transforms Thread 20" [_thread_blocked, id=11820, stack(0x000000f851700000,0x000000f851800000)]
  0x00000291ae4de000 JavaThread "jar transforms Thread 21" [_thread_blocked, id=11824, stack(0x000000f851800000,0x000000f851900000)]
  0x00000291ae4dc800 JavaThread "jar transforms Thread 22" [_thread_blocked, id=11828, stack(0x000000f851900000,0x000000f851a00000)]
  0x00000291ae4dd000 JavaThread "jar transforms Thread 23" [_thread_blocked, id=11832, stack(0x000000f851a00000,0x000000f851b00000)]
  0x00000291ae4df000 JavaThread "jar transforms Thread 24" [_thread_blocked, id=11836, stack(0x000000f851b00000,0x000000f851c00000)]
  0x00000291ae4da800 JavaThread "jar transforms Thread 25" [_thread_blocked, id=11840, stack(0x000000f851c00000,0x000000f851d00000)]
  0x00000291ae4d9000 JavaThread "jar transforms Thread 26" [_thread_blocked, id=11844, stack(0x000000f851d00000,0x000000f851e00000)]
  0x00000291ae4e0800 JavaThread "jar transforms Thread 27" [_thread_blocked, id=11848, stack(0x000000f851e00000,0x000000f851f00000)]
  0x00000291ae4e1800 JavaThread "jar transforms Thread 28" [_thread_blocked, id=11852, stack(0x000000f851f00000,0x000000f852000000)]
  0x00000291ae4e2000 JavaThread "jar transforms Thread 29" [_thread_blocked, id=11856, stack(0x000000f852000000,0x000000f852100000)]
  0x00000291ae4e4800 JavaThread "jar transforms Thread 30" [_thread_blocked, id=11860, stack(0x000000f852100000,0x000000f852200000)]
  0x00000291ae4e5800 JavaThread "jar transforms Thread 31" [_thread_blocked, id=11864, stack(0x000000f852200000,0x000000f852300000)]
  0x00000291ae4e3000 JavaThread "jar transforms Thread 32" [_thread_blocked, id=11868, stack(0x000000f852300000,0x000000f852400000)]
  0x00000291ae4e3800 JavaThread "jar transforms Thread 33" [_thread_blocked, id=11872, stack(0x000000f852400000,0x000000f852500000)]
  0x00000291ae4df800 JavaThread "jar transforms Thread 34" [_thread_blocked, id=11876, stack(0x000000f852500000,0x000000f852600000)]
  0x00000291ae4e6000 JavaThread "jar transforms Thread 35" [_thread_blocked, id=11880, stack(0x000000f852600000,0x000000f852700000)]
  0x00000291ae4e7000 JavaThread "jar transforms Thread 36" [_thread_blocked, id=11884, stack(0x000000f852700000,0x000000f852800000)]
  0x00000291ae4e8000 JavaThread "jar transforms Thread 37" [_thread_blocked, id=11888, stack(0x000000f852800000,0x000000f852900000)]
  0x00000291b3e83800 JavaThread "jar transforms Thread 38" [_thread_blocked, id=11892, stack(0x000000f852900000,0x000000f852a00000)]
  0x00000291b3e82000 JavaThread "jar transforms Thread 39" [_thread_blocked, id=11896, stack(0x000000f852a00000,0x000000f852b00000)]
  0x00000291b3e7e000 JavaThread "jar transforms Thread 40" [_thread_blocked, id=11900, stack(0x000000f852b00000,0x000000f852c00000)]
  0x00000291b3e82800 JavaThread "jar transforms Thread 41" [_thread_blocked, id=11904, stack(0x000000f852c00000,0x000000f852d00000)]
  0x00000291b3e7e800 JavaThread "jar transforms Thread 42" [_thread_blocked, id=11908, stack(0x000000f852d00000,0x000000f852e00000)]
  0x00000291b3e84800 JavaThread "jar transforms Thread 43" [_thread_blocked, id=11912, stack(0x000000f852e00000,0x000000f852f00000)]
  0x00000291b3e81000 JavaThread "jar transforms Thread 44" [_thread_blocked, id=11916, stack(0x000000f852f00000,0x000000f853000000)]
  0x00000291b3e85000 JavaThread "jar transforms Thread 45" [_thread_blocked, id=11920, stack(0x000000f853000000,0x000000f853100000)]
  0x00000291b3e7f800 JavaThread "jar transforms Thread 46" [_thread_blocked, id=11924, stack(0x000000f853100000,0x000000f853200000)]
  0x00000291b3e86000 JavaThread "jar transforms Thread 47" [_thread_blocked, id=11928, stack(0x000000f853200000,0x000000f853300000)]
  0x00000291b3e80800 JavaThread "jar transforms Thread 48" [_thread_blocked, id=11932, stack(0x000000f853300000,0x000000f853400000)]
  0x00000291b3e89000 JavaThread "jar transforms Thread 49" [_thread_blocked, id=11936, stack(0x000000f853400000,0x000000f853500000)]
  0x00000291b3e88800 JavaThread "jar transforms Thread 50" [_thread_blocked, id=11940, stack(0x000000f853500000,0x000000f853600000)]
  0x00000291b3e8a000 JavaThread "jar transforms Thread 51" [_thread_blocked, id=11944, stack(0x000000f853600000,0x000000f853700000)]
  0x00000291b3e8b000 JavaThread "jar transforms Thread 52" [_thread_blocked, id=11948, stack(0x000000f853700000,0x000000f853800000)]
  0x00000291b3e8b800 JavaThread "jar transforms Thread 53" [_thread_blocked, id=11952, stack(0x000000f853800000,0x000000f853900000)]
  0x00000291b3e8c800 JavaThread "jar transforms Thread 54" [_thread_blocked, id=11956, stack(0x000000f853900000,0x000000f853a00000)]
  0x00000291b3e87000 JavaThread "jar transforms Thread 55" [_thread_blocked, id=11960, stack(0x000000f853a00000,0x000000f853b00000)]
  0x00000291b3e87800 JavaThread "jar transforms Thread 56" [_thread_blocked, id=11964, stack(0x000000f853b00000,0x000000f853c00000)]
  0x00000291b40fb000 JavaThread "jar transforms Thread 57" [_thread_blocked, id=11968, stack(0x000000f853c00000,0x000000f853d00000)]
  0x00000291b4100000 JavaThread "jar transforms Thread 58" [_thread_blocked, id=11972, stack(0x000000f853d00000,0x000000f853e00000)]
  0x00000291b40fc000 JavaThread "jar transforms Thread 59" [_thread_blocked, id=11976, stack(0x000000f853e00000,0x000000f853f00000)]
  0x00000291b40fc800 JavaThread "jar transforms Thread 60" [_thread_blocked, id=11980, stack(0x000000f853f00000,0x000000f854000000)]
  0x00000291b40fd800 JavaThread "jar transforms Thread 61" [_thread_blocked, id=11984, stack(0x000000f854000000,0x000000f854100000)]
  0x00000291b40ff000 JavaThread "jar transforms Thread 62" [_thread_blocked, id=11988, stack(0x000000f854100000,0x000000f854200000)]
  0x00000291b40fe800 JavaThread "jar transforms Thread 63" [_thread_blocked, id=11992, stack(0x000000f854200000,0x000000f854300000)]
  0x00000291b40fa800 JavaThread "jar transforms Thread 64" [_thread_blocked, id=11996, stack(0x000000f854300000,0x000000f854400000)]
  0x00000291b4102800 JavaThread "jar transforms Thread 65" [_thread_blocked, id=12000, stack(0x000000f854400000,0x000000f854500000)]
  0x00000291b4101800 JavaThread "jar transforms Thread 66" [_thread_blocked, id=12004, stack(0x000000f854500000,0x000000f854600000)]
  0x00000291b4103800 JavaThread "jar transforms Thread 67" [_thread_blocked, id=12008, stack(0x000000f854600000,0x000000f854700000)]
  0x00000291b4104000 JavaThread "jar transforms Thread 68" [_thread_blocked, id=12012, stack(0x000000f854700000,0x000000f854800000)]
  0x00000291b4105000 JavaThread "jar transforms Thread 69" [_thread_blocked, id=12016, stack(0x000000f854800000,0x000000f854900000)]
  0x00000291b4106800 JavaThread "jar transforms Thread 70" [_thread_blocked, id=12020, stack(0x000000f854900000,0x000000f854a00000)]
  0x00000291b4105800 JavaThread "jar transforms Thread 71" [_thread_blocked, id=12024, stack(0x000000f854a00000,0x000000f854b00000)]
  0x00000291b4101000 JavaThread "jar transforms Thread 72" [_thread_blocked, id=12028, stack(0x000000f854b00000,0x000000f854c00000)]
  0x00000291b4107800 JavaThread "jar transforms Thread 73" [_thread_blocked, id=12032, stack(0x000000f854c00000,0x000000f854d00000)]
  0x00000291b4108000 JavaThread "jar transforms Thread 74" [_thread_blocked, id=12036, stack(0x000000f854d00000,0x000000f854e00000)]
  0x00000291b4109000 JavaThread "jar transforms Thread 75" [_thread_blocked, id=12040, stack(0x000000f854e00000,0x000000f854f00000)]
  0x00000291b0ac2800 JavaThread "jar transforms Thread 76" [_thread_blocked, id=12044, stack(0x000000f854f00000,0x000000f855000000)]
  0x00000291b0abf000 JavaThread "jar transforms Thread 77" [_thread_blocked, id=12048, stack(0x000000f855000000,0x000000f855100000)]
  0x00000291b0ac3000 JavaThread "jar transforms Thread 78" [_thread_blocked, id=12052, stack(0x000000f855100000,0x000000f855200000)]
  0x00000291b0ac0800 JavaThread "jar transforms Thread 79" [_thread_blocked, id=12056, stack(0x000000f855200000,0x000000f855300000)]
  0x00000291b0ac5800 JavaThread "jar transforms Thread 80" [_thread_blocked, id=12060, stack(0x000000f855300000,0x000000f855400000)]
  0x00000291b0ac0000 JavaThread "jar transforms Thread 81" [_thread_blocked, id=12064, stack(0x000000f855400000,0x000000f855500000)]
  0x00000291b0ac6800 JavaThread "jar transforms Thread 82" [_thread_blocked, id=12068, stack(0x000000f855500000,0x000000f855600000)]
  0x00000291b0ac5000 JavaThread "jar transforms Thread 83" [_thread_blocked, id=12072, stack(0x000000f855600000,0x000000f855700000)]
  0x00000291b0ac4000 JavaThread "jar transforms Thread 84" [_thread_blocked, id=12076, stack(0x000000f855700000,0x000000f855800000)]
  0x00000291b0ac7000 JavaThread "jar transforms Thread 85" [_thread_blocked, id=12080, stack(0x000000f855800000,0x000000f855900000)]
  0x00000291b0ac1800 JavaThread "jar transforms Thread 86" [_thread_blocked, id=12084, stack(0x000000f855900000,0x000000f855a00000)]
  0x00000291b0ac8000 JavaThread "jar transforms Thread 87" [_thread_blocked, id=12088, stack(0x000000f855a00000,0x000000f855b00000)]
  0x00000291b0ac9000 JavaThread "jar transforms Thread 88" [_thread_blocked, id=12092, stack(0x000000f855b00000,0x000000f855c00000)]
  0x00000291b0ac9800 JavaThread "jar transforms Thread 89" [_thread_blocked, id=12096, stack(0x000000f855c00000,0x000000f855d00000)]
  0x00000291b0aca800 JavaThread "jar transforms Thread 90" [_thread_blocked, id=12100, stack(0x000000f855d00000,0x000000f855e00000)]
  0x00000291b0acb800 JavaThread "jar transforms Thread 91" [_thread_blocked, id=12104, stack(0x000000f855e00000,0x000000f855f00000)]
  0x00000291b0acc000 JavaThread "jar transforms Thread 92" [_thread_blocked, id=12108, stack(0x000000f855f00000,0x000000f856000000)]
  0x00000291b0acd000 JavaThread "jar transforms Thread 93" [_thread_blocked, id=12112, stack(0x000000f856000000,0x000000f856100000)]
  0x00000291b0acd800 JavaThread "jar transforms Thread 94" [_thread_blocked, id=12116, stack(0x000000f856100000,0x000000f856200000)]
  0x00000291ae682800 JavaThread "jar transforms Thread 95" [_thread_blocked, id=12120, stack(0x000000f856200000,0x000000f856300000)]
  0x00000291ae684000 JavaThread "jar transforms Thread 96" [_thread_blocked, id=12124, stack(0x000000f856300000,0x000000f856400000)]
  0x00000291ae683000 JavaThread "jar transforms Thread 97" [_thread_blocked, id=12128, stack(0x000000f856400000,0x000000f856500000)]
  0x00000291ae681000 JavaThread "jar transforms Thread 98" [_thread_blocked, id=12132, stack(0x000000f856500000,0x000000f856600000)]
  0x00000291ae680000 JavaThread "jar transforms Thread 99" [_thread_blocked, id=12136, stack(0x000000f856600000,0x000000f856700000)]
  0x00000291ae67f000 JavaThread "jar transforms Thread 100" [_thread_blocked, id=12140, stack(0x000000f856700000,0x000000f856800000)]
  0x00000291ae681800 JavaThread "jar transforms Thread 101" [_thread_blocked, id=12144, stack(0x000000f856800000,0x000000f856900000)]
  0x00000291ae67e800 JavaThread "jar transforms Thread 102" [_thread_blocked, id=12148, stack(0x000000f856900000,0x000000f856a00000)]
  0x00000291ae688000 JavaThread "jar transforms Thread 103" [_thread_blocked, id=12152, stack(0x000000f856a00000,0x000000f856b00000)]
  0x00000291ae685000 JavaThread "jar transforms Thread 104" [_thread_blocked, id=12156, stack(0x000000f856b00000,0x000000f856c00000)]
  0x00000291ae687800 JavaThread "jar transforms Thread 105" [_thread_blocked, id=12160, stack(0x000000f856c00000,0x000000f856d00000)]
  0x00000291ae689000 JavaThread "jar transforms Thread 106" [_thread_blocked, id=12164, stack(0x000000f856d00000,0x000000f856e00000)]
  0x00000291ae689800 JavaThread "jar transforms Thread 107" [_thread_blocked, id=12168, stack(0x000000f856e00000,0x000000f856f00000)]
  0x00000291ae685800 JavaThread "jar transforms Thread 108" [_thread_blocked, id=12172, stack(0x000000f856f00000,0x000000f857000000)]
  0x00000291ae68c000 JavaThread "jar transforms Thread 109" [_thread_blocked, id=12176, stack(0x000000f857000000,0x000000f857100000)]
  0x00000291ae686800 JavaThread "jar transforms Thread 110" [_thread_blocked, id=12180, stack(0x000000f857100000,0x000000f857200000)]
  0x00000291ae68b800 JavaThread "jar transforms Thread 111" [_thread_blocked, id=12184, stack(0x000000f857200000,0x000000f857300000)]
  0x00000291ae68d000 JavaThread "jar transforms Thread 112" [_thread_blocked, id=12188, stack(0x000000f857300000,0x000000f857400000)]
  0x00000291ae68a800 JavaThread "jar transforms Thread 113" [_thread_blocked, id=12192, stack(0x000000f857400000,0x000000f857500000)]
  0x00000291b239a800 JavaThread "jar transforms Thread 114" [_thread_blocked, id=12196, stack(0x000000f857500000,0x000000f857600000)]
  0x00000291b2398000 JavaThread "jar transforms Thread 115" [_thread_blocked, id=12200, stack(0x000000f857600000,0x000000f857700000)]
  0x00000291b239d000 JavaThread "jar transforms Thread 116" [_thread_blocked, id=12204, stack(0x000000f857700000,0x000000f857800000)]
  0x00000291b239b800 JavaThread "jar transforms Thread 117" [_thread_blocked, id=12208, stack(0x000000f857800000,0x000000f857900000)]
  0x00000291b239e000 JavaThread "jar transforms Thread 118" [_thread_blocked, id=12212, stack(0x000000f857900000,0x000000f857a00000)]
  0x00000291b239c000 JavaThread "jar transforms Thread 119" [_thread_blocked, id=12216, stack(0x000000f857a00000,0x000000f857b00000)]
  0x00000291b239e800 JavaThread "jar transforms Thread 120" [_thread_blocked, id=12220, stack(0x000000f857b00000,0x000000f857c00000)]
  0x00000291b2399000 JavaThread "jar transforms Thread 121" [_thread_blocked, id=12224, stack(0x000000f857c00000,0x000000f857d00000)]
  0x00000291b2399800 JavaThread "jar transforms Thread 122" [_thread_blocked, id=12228, stack(0x000000f857d00000,0x000000f857e00000)]
  0x00000291b23a2000 JavaThread "jar transforms Thread 123" [_thread_blocked, id=12232, stack(0x000000f857e00000,0x000000f857f00000)]
  0x00000291b239f800 JavaThread "jar transforms Thread 124" [_thread_blocked, id=12236, stack(0x000000f857f00000,0x000000f858000000)]
  0x00000291b23a4800 JavaThread "jar transforms Thread 125" [_thread_blocked, id=12240, stack(0x000000f858000000,0x000000f858100000)]
  0x00000291b23a0800 JavaThread "jar transforms Thread 126" [_thread_blocked, id=12244, stack(0x000000f858100000,0x000000f858200000)]
  0x00000291b23a2800 JavaThread "jar transforms Thread 127" [_thread_blocked, id=12248, stack(0x000000f858200000,0x000000f858300000)]

Other Threads:
=>0x00000291ad63f800 VMThread "VM Thread" [stack: 0x000000f84db00000,0x000000f84dc00000] [id=11536]
  0x00000291ae145000 WatcherThread [stack: 0x000000f84e500000,0x000000f84e600000] [id=11576]
  0x0000029193355800 GCTaskThread "GC Thread#0" [stack: 0x000000f84d600000,0x000000f84d700000] [id=11516]
  0x00000291aea83000 GCTaskThread "GC Thread#1" [stack: 0x000000f84e700000,0x000000f84e800000] [id=11584]
  0x00000291af30e000 GCTaskThread "GC Thread#2" [stack: 0x000000f84f400000,0x000000f84f500000] [id=11656]
  0x00000291ae30a800 GCTaskThread "GC Thread#3" [stack: 0x000000f84f500000,0x000000f84f600000] [id=11660]
  0x0000029193386800 ConcurrentGCThread "G1 Main Marker" [stack: 0x000000f84d700000,0x000000f84d800000] [id=11520]
  0x0000029193388800 ConcurrentGCThread "G1 Conc#0" [stack: 0x000000f84d800000,0x000000f84d900000] [id=11524]
  0x00000291933fd000 ConcurrentGCThread "G1 Refine#0" [stack: 0x000000f84d900000,0x000000f84da00000] [id=11528]
  0x00000291933fe000 ConcurrentGCThread "G1 Young RemSet Sampling" [stack: 0x000000f84da00000,0x000000f84db00000] [id=11532]

Threads with active compile tasks:
C2 CompilerThread0   8740 4690       4       java.util.zip.ZipFile$Source::initCEN (658 bytes)
C2 CompilerThread1   8740 4742       4       jdk.internal.loader.ClassLoaders$BootClassLoader::loadClassOrNull (11 bytes)

VM state:at safepoint (normal execution)

VM Mutex/Monitor currently owned by a thread:  ([mutex/lock_event])
[0x0000029193339090] Threads_lock - owner thread: 0x00000291ad63f800
[0x0000029193339510] Heap_lock - owner thread: 0x00000291ae12b800

Heap address: 0x0000000080000000, size: 2048 MB, Compressed Oops mode: 32-bit
Narrow klass base: 0x0000000000000000, Narrow klass shift: 3
Compressed class space size: 1073741824 Address: 0x0000000100000000

Heap:
 garbage-first heap   total 143360K, used 45512K [0x0000000080000000, 0x0000000100000000)
  region size 1024K, 8 young (8192K), 8 survivors (8192K)
 Metaspace       used 45060K, capacity 46187K, committed 46412K, reserved 1089536K
  class space    used 5750K, capacity 6163K, committed 6220K, reserved 1048576K
Heap Regions: E=young(eden), S=young(survivor), O=old, HS=humongous(starts), HC=humongous(continues), CS=collection set, F=free, A=archive, TAMS=top-at-mark-start (previous, next)
|   0|0x0000000080000000, 0x0000000080100000, 0x0000000080100000|100%| O|  |TAMS 0x0000000080100000, 0x0000000080000000| Untracked 
|   1|0x0000000080100000, 0x0000000080200000, 0x0000000080200000|100%| O|  |TAMS 0x0000000080200000, 0x0000000080100000| Untracked 
|   2|0x0000000080200000, 0x0000000080300000, 0x0000000080300000|100%| O|  |TAMS 0x0000000080300000, 0x0000000080200000| Untracked 
|   3|0x0000000080300000, 0x0000000080400000, 0x0000000080400000|100%|HS|  |TAMS 0x0000000080400000, 0x0000000080300000| Complete 
|   4|0x0000000080400000, 0x0000000080500000, 0x0000000080500000|100%|HC|  |TAMS 0x0000000080500000, 0x0000000080400000| Complete 
|   5|0x0000000080500000, 0x0000000080600000, 0x0000000080600000|100%|HC|  |TAMS 0x0000000080600000, 0x0000000080500000| Complete 
|   6|0x0000000080600000, 0x0000000080700000, 0x0000000080700000|100%| O|  |TAMS 0x0000000080700000, 0x0000000080600000| Untracked 
|   7|0x0000000080700000, 0x0000000080800000, 0x0000000080800000|100%| O|  |TAMS 0x0000000080800000, 0x0000000080700000| Untracked 
|   8|0x0000000080800000, 0x0000000080900000, 0x0000000080900000|100%| O|  |TAMS 0x0000000080900000, 0x0000000080800000| Untracked 
|   9|0x0000000080900000, 0x0000000080a00000, 0x0000000080a00000|100%| O|  |TAMS 0x0000000080a00000, 0x0000000080900000| Untracked 
|  10|0x0000000080a00000, 0x0000000080b00000, 0x0000000080b00000|100%| O|  |TAMS 0x0000000080b00000, 0x0000000080a00000| Untracked 
|  11|0x0000000080b00000, 0x0000000080c00000, 0x0000000080c00000|100%| O|  |TAMS 0x0000000080c00000, 0x0000000080b00000| Untracked 
|  12|0x0000000080c00000, 0x0000000080d00000, 0x0000000080d00000|100%| O|  |TAMS 0x0000000080d00000, 0x0000000080c00000| Untracked 
|  13|0x0000000080d00000, 0x0000000080e00000, 0x0000000080e00000|100%| O|  |TAMS 0x0000000080e00000, 0x0000000080d00000| Untracked 
|  14|0x0000000080e00000, 0x0000000080f00000, 0x0000000080f00000|100%| O|  |TAMS 0x0000000080f00000, 0x0000000080e00000| Untracked 
|  15|0x0000000080f00000, 0x0000000081000000, 0x0000000081000000|100%| O|  |TAMS 0x0000000080f76a00, 0x0000000080f00000| Untracked 
|  16|0x0000000081000000, 0x0000000081100000, 0x0000000081100000|100%| O|  |TAMS 0x0000000081000000, 0x0000000081000000| Untracked 
|  17|0x0000000081100000, 0x0000000081200000, 0x0000000081200000|100%| O|  |TAMS 0x0000000081100000, 0x0000000081100000| Untracked 
|  18|0x0000000081200000, 0x0000000081300000, 0x0000000081300000|100%|HS|  |TAMS 0x0000000081200000, 0x0000000081200000| Complete 
|  19|0x0000000081300000, 0x0000000081400000, 0x0000000081400000|100%| O|  |TAMS 0x0000000081300000, 0x0000000081300000| Untracked 
|  20|0x0000000081400000, 0x0000000081500000, 0x0000000081500000|100%| O|  |TAMS 0x0000000081400000, 0x0000000081400000| Untracked 
|  21|0x0000000081500000, 0x0000000081600000, 0x0000000081600000|100%| O|  |TAMS 0x0000000081500000, 0x0000000081500000| Untracked 
|  22|0x0000000081600000, 0x0000000081700000, 0x0000000081700000|100%| O|  |TAMS 0x0000000081600000, 0x0000000081600000| Untracked 
|  23|0x0000000081700000, 0x0000000081800000, 0x0000000081800000|100%|HS|  |TAMS 0x0000000081700000, 0x0000000081700000| Complete 
|  24|0x0000000081800000, 0x0000000081900000, 0x0000000081900000|100%|HC|  |TAMS 0x0000000081800000, 0x0000000081800000| Complete 
|  25|0x0000000081900000, 0x0000000081a00000, 0x0000000081a00000|100%|HC|  |TAMS 0x0000000081900000, 0x0000000081900000| Complete 
|  26|0x0000000081a00000, 0x0000000081b00000, 0x0000000081b00000|100%|HS|  |TAMS 0x0000000081a00000, 0x0000000081a00000| Complete 
|  27|0x0000000081b00000, 0x0000000081c00000, 0x0000000081c00000|100%|HC|  |TAMS 0x0000000081b00000, 0x0000000081b00000| Complete 
|  28|0x0000000081c00000, 0x0000000081d00000, 0x0000000081d00000|100%| O|  |TAMS 0x0000000081c00000, 0x0000000081c00000| Untracked 
|  29|0x0000000081d00000, 0x0000000081e00000, 0x0000000081e00000|100%| O|  |TAMS 0x0000000081d00000, 0x0000000081d00000| Untracked 
|  30|0x0000000081e00000, 0x0000000081f00000, 0x0000000081f00000|100%| O|  |TAMS 0x0000000081e00000, 0x0000000081e00000| Untracked 
|  31|0x0000000081f00000, 0x0000000082000000, 0x0000000082000000|100%| O|  |TAMS 0x0000000081f00000, 0x0000000081f00000| Untracked 
|  32|0x0000000082000000, 0x0000000082100000, 0x0000000082100000|100%| O|  |TAMS 0x0000000082000000, 0x0000000082000000| Untracked 
|  33|0x0000000082100000, 0x0000000082200000, 0x0000000082200000|100%| O|  |TAMS 0x0000000082100000, 0x0000000082100000| Untracked 
|  34|0x0000000082200000, 0x0000000082300000, 0x0000000082300000|100%| O|  |TAMS 0x0000000082200000, 0x0000000082200000| Untracked 
|  35|0x0000000082300000, 0x0000000082400000, 0x0000000082400000|100%| O|  |TAMS 0x0000000082300000, 0x0000000082300000| Untracked 
|  36|0x0000000082400000, 0x0000000082472000, 0x0000000082500000| 44%| O|  |TAMS 0x0000000082400000, 0x0000000082400000| Untracked 
|  37|0x0000000082500000, 0x0000000082500000, 0x0000000082600000|  0%| F|  |TAMS 0x0000000082500000, 0x0000000082500000| Untracked 
|  38|0x0000000082600000, 0x0000000082600000, 0x0000000082700000|  0%| F|  |TAMS 0x0000000082600000, 0x0000000082600000| Untracked 
|  39|0x0000000082700000, 0x0000000082700000, 0x0000000082800000|  0%| F|  |TAMS 0x0000000082700000, 0x0000000082700000| Untracked 
|  40|0x0000000082800000, 0x0000000082800000, 0x0000000082900000|  0%| F|  |TAMS 0x0000000082800000, 0x0000000082800000| Untracked 
|  41|0x0000000082900000, 0x0000000082900000, 0x0000000082a00000|  0%| F|  |TAMS 0x0000000082900000, 0x0000000082900000| Untracked 
|  42|0x0000000082a00000, 0x0000000082a00000, 0x0000000082b00000|  0%| F|  |TAMS 0x0000000082a00000, 0x0000000082a00000| Untracked 
|  43|0x0000000082b00000, 0x0000000082b00000, 0x0000000082c00000|  0%| F|  |TAMS 0x0000000082b00000, 0x0000000082b00000| Untracked 
|  44|0x0000000082c00000, 0x0000000082c00000, 0x0000000082d00000|  0%| F|  |TAMS 0x0000000082c00000, 0x0000000082c00000| Untracked 
|  45|0x0000000082d00000, 0x0000000082d00000, 0x0000000082e00000|  0%| F|  |TAMS 0x0000000082d00000, 0x0000000082d00000| Untracked 
|  46|0x0000000082e00000, 0x0000000082e00000, 0x0000000082f00000|  0%| F|  |TAMS 0x0000000082e00000, 0x0000000082e00000| Untracked 
|  47|0x0000000082f00000, 0x0000000082f00000, 0x0000000083000000|  0%| F|  |TAMS 0x0000000082f00000, 0x0000000082f00000| Untracked 
|  48|0x0000000083000000, 0x0000000083000000, 0x0000000083100000|  0%| F|  |TAMS 0x0000000083000000, 0x0000000083000000| Untracked 
|  49|0x0000000083100000, 0x0000000083200000, 0x0000000083200000|100%| S|CS|TAMS 0x0000000083100000, 0x0000000083100000| Complete 
|  50|0x0000000083200000, 0x0000000083300000, 0x0000000083300000|100%| S|CS|TAMS 0x0000000083200000, 0x0000000083200000| Complete 
|  51|0x0000000083300000, 0x0000000083400000, 0x0000000083400000|100%| S|CS|TAMS 0x0000000083300000, 0x0000000083300000| Complete 
|  52|0x0000000083400000, 0x0000000083400000, 0x0000000083500000|  0%| F|  |TAMS 0x0000000083400000, 0x0000000083400000| Untracked 
|  53|0x0000000083500000, 0x0000000083500000, 0x0000000083600000|  0%| F|  |TAMS 0x0000000083500000, 0x0000000083500000| Untracked 
|  54|0x0000000083600000, 0x0000000083600000, 0x0000000083700000|  0%| F|  |TAMS 0x0000000083600000, 0x0000000083600000| Untracked 
|  55|0x0000000083700000, 0x0000000083700000, 0x0000000083800000|  0%| F|  |TAMS 0x0000000083700000, 0x0000000083700000| Untracked 
|  56|0x0000000083800000, 0x0000000083900000, 0x0000000083900000|100%| S|CS|TAMS 0x0000000083800000, 0x0000000083800000| Complete 
|  57|0x0000000083900000, 0x0000000083a00000, 0x0000000083a00000|100%| S|CS|TAMS 0x0000000083900000, 0x0000000083900000| Complete 
|  58|0x0000000083a00000, 0x0000000083b00000, 0x0000000083b00000|100%| S|CS|TAMS 0x0000000083a00000, 0x0000000083a00000| Complete 
|  59|0x0000000083b00000, 0x0000000083c00000, 0x0000000083c00000|100%| S|CS|TAMS 0x0000000083b00000, 0x0000000083b00000| Complete 
|  60|0x0000000083c00000, 0x0000000083d00000, 0x0000000083d00000|100%| S|CS|TAMS 0x0000000083c00000, 0x0000000083c00000| Complete 
|  61|0x0000000083d00000, 0x0000000083d00000, 0x0000000083e00000|  0%| F|  |TAMS 0x0000000083d00000, 0x0000000083d00000| Untracked 
|  62|0x0000000083e00000, 0x0000000083e00000, 0x0000000083f00000|  0%| F|  |TAMS 0x0000000083e00000, 0x0000000083e00000| Untracked 
|  63|0x0000000083f00000, 0x0000000083f00000, 0x0000000084000000|  0%| F|  |TAMS 0x0000000083f00000, 0x0000000083f00000| Untracked 
|  64|0x0000000084000000, 0x0000000084000000, 0x0000000084100000|  0%| F|  |TAMS 0x0000000084000000, 0x0000000084000000| Untracked 
|  65|0x0000000084100000, 0x0000000084100000, 0x0000000084200000|  0%| F|  |TAMS 0x0000000084100000, 0x0000000084100000| Untracked 
|  66|0x0000000084200000, 0x0000000084200000, 0x0000000084300000|  0%| F|  |TAMS 0x0000000084200000, 0x0000000084200000| Untracked 
|  67|0x0000000084300000, 0x0000000084300000, 0x0000000084400000|  0%| F|  |TAMS 0x0000000084300000, 0x0000000084300000| Untracked 
|  68|0x0000000084400000, 0x0000000084400000, 0x0000000084500000|  0%| F|  |TAMS 0x0000000084400000, 0x0000000084400000| Untracked 
|  69|0x0000000084500000, 0x0000000084500000, 0x0000000084600000|  0%| F|  |TAMS 0x0000000084500000, 0x0000000084500000| Untracked 
|  70|0x0000000084600000, 0x0000000084600000, 0x0000000084700000|  0%| F|  |TAMS 0x0000000084600000, 0x0000000084600000| Untracked 
|  71|0x0000000084700000, 0x0000000084700000, 0x0000000084800000|  0%| F|  |TAMS 0x0000000084700000, 0x0000000084700000| Untracked 
|  72|0x0000000084800000, 0x0000000084800000, 0x0000000084900000|  0%| F|  |TAMS 0x0000000084800000, 0x0000000084800000| Untracked 
|  73|0x0000000084900000, 0x0000000084900000, 0x0000000084a00000|  0%| F|  |TAMS 0x0000000084900000, 0x0000000084900000| Untracked 
|  74|0x0000000084a00000, 0x0000000084a00000, 0x0000000084b00000|  0%| F|  |TAMS 0x0000000084a00000, 0x0000000084a00000| Untracked 
|  75|0x0000000084b00000, 0x0000000084b00000, 0x0000000084c00000|  0%| F|  |TAMS 0x0000000084b00000, 0x0000000084b00000| Untracked 
|  76|0x0000000084c00000, 0x0000000084c00000, 0x0000000084d00000|  0%| F|  |TAMS 0x0000000084c00000, 0x0000000084c00000| Untracked 
|  77|0x0000000084d00000, 0x0000000084d00000, 0x0000000084e00000|  0%| F|  |TAMS 0x0000000084d00000, 0x0000000084d00000| Untracked 
|  78|0x0000000084e00000, 0x0000000084e00000, 0x0000000084f00000|  0%| F|  |TAMS 0x0000000084e00000, 0x0000000084e00000| Untracked 
|  79|0x0000000084f00000, 0x0000000084f00000, 0x0000000085000000|  0%| F|  |TAMS 0x0000000084f00000, 0x0000000084f00000| Untracked 
|  80|0x0000000085000000, 0x0000000085000000, 0x0000000085100000|  0%| F|  |TAMS 0x0000000085000000, 0x0000000085000000| Untracked 
|  81|0x0000000085100000, 0x0000000085100000, 0x0000000085200000|  0%| F|  |TAMS 0x0000000085100000, 0x0000000085100000| Untracked 
|  82|0x0000000085200000, 0x0000000085200000, 0x0000000085300000|  0%| F|  |TAMS 0x0000000085200000, 0x0000000085200000| Untracked 
|  83|0x0000000085300000, 0x0000000085300000, 0x0000000085400000|  0%| F|  |TAMS 0x0000000085300000, 0x0000000085300000| Untracked 
|  84|0x0000000085400000, 0x0000000085400000, 0x0000000085500000|  0%| F|  |TAMS 0x0000000085400000, 0x0000000085400000| Untracked 
|  85|0x0000000085500000, 0x0000000085500000, 0x0000000085600000|  0%| F|  |TAMS 0x0000000085500000, 0x0000000085500000| Untracked 
|  86|0x0000000085600000, 0x0000000085600000, 0x0000000085700000|  0%| F|  |TAMS 0x0000000085600000, 0x0000000085600000| Untracked 
|  87|0x0000000085700000, 0x0000000085700000, 0x0000000085800000|  0%| F|  |TAMS 0x0000000085700000, 0x0000000085700000| Untracked 
|  88|0x0000000085800000, 0x0000000085800000, 0x0000000085900000|  0%| F|  |TAMS 0x0000000085800000, 0x0000000085800000| Untracked 
|  89|0x0000000085900000, 0x0000000085900000, 0x0000000085a00000|  0%| F|  |TAMS 0x0000000085900000, 0x0000000085900000| Untracked 
|  90|0x0000000085a00000, 0x0000000085a00000, 0x0000000085b00000|  0%| F|  |TAMS 0x0000000085a00000, 0x0000000085a00000| Untracked 
|  91|0x0000000085b00000, 0x0000000085b00000, 0x0000000085c00000|  0%| F|  |TAMS 0x0000000085b00000, 0x0000000085b00000| Untracked 
|  92|0x0000000085c00000, 0x0000000085c00000, 0x0000000085d00000|  0%| F|  |TAMS 0x0000000085c00000, 0x0000000085c00000| Untracked 
|  93|0x0000000085d00000, 0x0000000085d00000, 0x0000000085e00000|  0%| F|  |TAMS 0x0000000085d00000, 0x0000000085d00000| Untracked 
|  94|0x0000000085e00000, 0x0000000085e00000, 0x0000000085f00000|  0%| F|  |TAMS 0x0000000085e00000, 0x0000000085e00000| Untracked 
|  95|0x0000000085f00000, 0x0000000085f00000, 0x0000000086000000|  0%| F|  |TAMS 0x0000000085f00000, 0x0000000085f00000| Untracked 
|  96|0x0000000086000000, 0x0000000086000000, 0x0000000086100000|  0%| F|  |TAMS 0x0000000086000000, 0x0000000086000000| Untracked 
|  97|0x0000000086100000, 0x0000000086100000, 0x0000000086200000|  0%| F|  |TAMS 0x0000000086100000, 0x0000000086100000| Untracked 
|  98|0x0000000086200000, 0x0000000086200000, 0x0000000086300000|  0%| F|  |TAMS 0x0000000086200000, 0x0000000086200000| Untracked 
|  99|0x0000000086300000, 0x0000000086300000, 0x0000000086400000|  0%| F|  |TAMS 0x0000000086300000, 0x0000000086300000| Untracked 
| 100|0x0000000086400000, 0x0000000086400000, 0x0000000086500000|  0%| F|  |TAMS 0x0000000086400000, 0x0000000086400000| Untracked 
| 101|0x0000000086500000, 0x0000000086500000, 0x0000000086600000|  0%| F|  |TAMS 0x0000000086500000, 0x0000000086500000| Untracked 
| 102|0x0000000086600000, 0x0000000086600000, 0x0000000086700000|  0%| F|  |TAMS 0x0000000086600000, 0x0000000086600000| Untracked 
| 103|0x0000000086700000, 0x0000000086700000, 0x0000000086800000|  0%| F|  |TAMS 0x0000000086700000, 0x0000000086700000| Untracked 
| 104|0x0000000086800000, 0x0000000086800000, 0x0000000086900000|  0%| F|  |TAMS 0x0000000086800000, 0x0000000086800000| Untracked 
| 105|0x0000000086900000, 0x0000000086900000, 0x0000000086a00000|  0%| F|  |TAMS 0x0000000086900000, 0x0000000086900000| Untracked 
| 106|0x0000000086a00000, 0x0000000086a00000, 0x0000000086b00000|  0%| F|  |TAMS 0x0000000086a00000, 0x0000000086a00000| Untracked 
| 107|0x0000000086b00000, 0x0000000086b00000, 0x0000000086c00000|  0%| F|  |TAMS 0x0000000086b00000, 0x0000000086b00000| Untracked 
| 108|0x0000000086c00000, 0x0000000086c00000, 0x0000000086d00000|  0%| F|  |TAMS 0x0000000086c00000, 0x0000000086c00000| Untracked 
| 109|0x0000000086d00000, 0x0000000086d00000, 0x0000000086e00000|  0%| F|  |TAMS 0x0000000086d00000, 0x0000000086d00000| Untracked 
| 110|0x0000000086e00000, 0x0000000086e00000, 0x0000000086f00000|  0%| F|  |TAMS 0x0000000086e00000, 0x0000000086e00000| Untracked 
| 111|0x0000000086f00000, 0x0000000086f00000, 0x0000000087000000|  0%| F|  |TAMS 0x0000000086f00000, 0x0000000086f00000| Untracked 
| 112|0x0000000087000000, 0x0000000087000000, 0x0000000087100000|  0%| F|  |TAMS 0x0000000087000000, 0x0000000087000000| Untracked 
| 113|0x0000000087100000, 0x0000000087100000, 0x0000000087200000|  0%| F|  |TAMS 0x0000000087100000, 0x0000000087100000| Untracked 
| 114|0x0000000087200000, 0x0000000087200000, 0x0000000087300000|  0%| F|  |TAMS 0x0000000087200000, 0x0000000087200000| Untracked 
| 115|0x0000000087300000, 0x0000000087300000, 0x0000000087400000|  0%| F|  |TAMS 0x0000000087300000, 0x0000000087300000| Untracked 

Card table byte_map: [0x00000291a6870000,0x00000291a6c70000] _byte_map_base: 0x00000291a6470000

Marking Bits (Prev, Next): (CMBitMap*) 0x000002919337d868, (CMBitMap*) 0x000002919337d8a0
 Prev Bits: [0x00000291a7070000, 0x00000291a9070000)
 Next Bits: [0x00000291a9070000, 0x00000291ab070000)

Polling page: 0x0000029191ac0000

Metaspace:

Usage:
  Non-class:     39.09 MB capacity,    38.39 MB ( 98%) used,   615.37 KB (  2%) free+waste,    98.69 KB ( <1%) overhead. 
      Class:      6.02 MB capacity,     5.62 MB ( 93%) used,   365.23 KB (  6%) free+waste,    47.06 KB ( <1%) overhead. 
       Both:     45.10 MB capacity,    44.00 MB ( 98%) used,   980.60 KB (  2%) free+waste,   145.75 KB ( <1%) overhead. 

Virtual space:
  Non-class space:       40.00 MB reserved,      39.25 MB ( 98%) committed 
      Class space:        1.00 GB reserved,       6.07 MB ( <1%) committed 
             Both:        1.04 GB reserved,      45.32 MB (  4%) committed 

Chunk freelists:
   Non-Class:  40.00 KB
       Class:  13.00 KB
        Both:  53.00 KB

MaxMetaspaceSize: 17179869184.00 GB
CompressedClassSpaceSize: 1.00 GB

CodeHeap 'non-profiled nmethods': size=120064Kb used=2362Kb max_used=2362Kb free=117701Kb
 bounds [0x000002919e900000, 0x000002919eb70000, 0x00000291a5e40000]
CodeHeap 'profiled nmethods': size=120000Kb used=9700Kb max_used=9700Kb free=110299Kb
 bounds [0x00000291973d0000, 0x0000029197d50000, 0x000002919e900000]
CodeHeap 'non-nmethods': size=5696Kb used=2199Kb max_used=2242Kb free=3496Kb
 bounds [0x0000029196e40000, 0x00000291970b0000, 0x00000291973d0000]
 total_blobs=5495 nmethods=4736 adapters=670
 compilation: enabled
              stopped_count=0, restarted_count=0
 full_count=0

Compilation events (20 events):
Event: 8.673 Thread 0x00000291ad67b000 nmethod 4732 0x0000029197d40210 code [0x0000029197d403c0, 0x0000029197d40578]
Event: 8.673 Thread 0x00000291ad67b000 4733       3       org.gradle.internal.instantiation.generator.AbstractClassGenerator$ClassGenerationHandler::<init> (5 bytes)
Event: 8.674 Thread 0x00000291ad67b000 nmethod 4733 0x0000029197d40690 code [0x0000029197d40840, 0x0000029197d40998]
Event: 8.678 Thread 0x00000291ad67b000 4735       3       java.lang.reflect.Proxy$ProxyBuilder::getElementType (19 bytes)
Event: 8.679 Thread 0x00000291ad67b000 nmethod 4735 0x0000029197d40a90 code [0x0000029197d40c60, 0x0000029197d40f18]
Event: 8.679 Thread 0x00000291ad67b000 4734       3       java.lang.reflect.Proxy$ProxyBuilder::addElementType (19 bytes)
Event: 8.679 Thread 0x00000291ad67b000 nmethod 4734 0x0000029197d41090 code [0x0000029197d412a0, 0x0000029197d41828]
Event: 8.686 Thread 0x00000291ad67b000 4736       3       sun.reflect.annotation.AnnotationParser::parseAnnotations2 (135 bytes)
Event: 8.688 Thread 0x00000291ad67b000 nmethod 4736 0x0000029197d41a10 code [0x0000029197d41e00, 0x0000029197d437b8]
Event: 8.689 Thread 0x00000291ad67b000 4741       3       org.gradle.internal.instantiation.generator.AbstractClassGenerator$AbstractInjectedPropertyHandler::claimPropertyImplementation (61 bytes)
Event: 8.690 Thread 0x00000291ad67b000 nmethod 4741 0x0000029197d44310 code [0x0000029197d445c0, 0x0000029197d45288]
Event: 8.690 Thread 0x00000291ad67b000 4740       3       org.gradle.internal.instantiation.generator.AbstractClassGenerator$ManagedPropertiesHandler::claimPropertyImplementation (141 bytes)
Event: 8.691 Thread 0x00000291ad67b000 nmethod 4740 0x0000029197d45690 code [0x0000029197d459a0, 0x0000029197d46c58]
Event: 8.691 Thread 0x00000291ad67b000 4737       3       org.gradle.internal.instantiation.generator.AbstractClassGenerator$ExtensibleTypePropertyHandler::claimPropertyImplementation (95 bytes)
Event: 8.692 Thread 0x00000291ad67b000 nmethod 4737 0x0000029197d47110 code [0x0000029197d47380, 0x0000029197d47c78]
Event: 8.692 Thread 0x00000291ad67b000 4738       3       org.gradle.internal.instantiation.generator.AbstractClassGenerator$DslMixInPropertyType::claimPropertyImplementation (21 bytes)
Event: 8.692 Thread 0x00000291ad67b000 nmethod 4738 0x0000029197d47f90 code [0x0000029197d48160, 0x0000029197d48328]
Event: 8.692 Thread 0x00000291ad67b000 4739       3       org.gradle.internal.instantiation.generator.AbstractClassGenerator$ServicesPropertyHandler::claimPropertyImplementation (40 bytes)
Event: 8.693 Thread 0x00000291ad67b000 nmethod 4739 0x0000029197d48410 code [0x0000029197d48660, 0x0000029197d48e98]
Event: 8.698 Thread 0x00000291b0562000 4742       4       jdk.internal.loader.ClassLoaders$BootClassLoader::loadClassOrNull (11 bytes)

GC Heap History (20 events):
Event: 0.672 GC heap after
{Heap after GC invocations=1 (full 0):
 garbage-first heap   total 98304K, used 8094K [0x0000000080000000, 0x0000000100000000)
  region size 1024K, 2 young (2048K), 2 survivors (2048K)
 Metaspace       used 7444K, capacity 7575K, committed 7680K, reserved 1056768K
  class space    used 673K, capacity 716K, committed 768K, reserved 1048576K
}
Event: 1.109 GC heap before
{Heap before GC invocations=1 (full 0):
 garbage-first heap   total 98304K, used 19358K [0x0000000080000000, 0x0000000100000000)
  region size 1024K, 13 young (13312K), 2 survivors (2048K)
 Metaspace       used 10475K, capacity 10700K, committed 11008K, reserved 1058816K
  class space    used 1101K, capacity 1164K, committed 1280K, reserved 1048576K
}
Event: 1.112 GC heap after
{Heap after GC invocations=2 (full 0):
 garbage-first heap   total 98304K, used 8508K [0x0000000080000000, 0x0000000100000000)
  region size 1024K, 1 young (1024K), 1 survivors (1024K)
 Metaspace       used 10475K, capacity 10700K, committed 11008K, reserved 1058816K
  class space    used 1101K, capacity 1164K, committed 1280K, reserved 1048576K
}
Event: 1.714 GC heap before
{Heap before GC invocations=2 (full 0):
 garbage-first heap   total 98304K, used 45372K [0x0000000080000000, 0x0000000100000000)
  region size 1024K, 38 young (38912K), 1 survivors (1024K)
 Metaspace       used 10911K, capacity 11173K, committed 11264K, reserved 1058816K
  class space    used 1159K, capacity 1236K, committed 1280K, reserved 1048576K
}
Event: 1.722 GC heap after
{Heap after GC invocations=3 (full 0):
 garbage-first heap   total 98304K, used 13116K [0x0000000080000000, 0x0000000100000000)
  region size 1024K, 5 young (5120K), 5 survivors (5120K)
 Metaspace       used 10911K, capacity 11173K, committed 11264K, reserved 1058816K
  class space    used 1159K, capacity 1236K, committed 1280K, reserved 1048576K
}
Event: 3.534 GC heap before
{Heap before GC invocations=3 (full 0):
 garbage-first heap   total 98304K, used 55100K [0x0000000080000000, 0x0000000100000000)
  region size 1024K, 46 young (47104K), 5 survivors (5120K)
 Metaspace       used 19718K, capacity 20127K, committed 20224K, reserved 1067008K
  class space    used 2397K, capacity 2530K, committed 2560K, reserved 1048576K
}
Event: 3.543 GC heap after
{Heap after GC invocations=4 (full 0):
 garbage-first heap   total 98304K, used 16230K [0x0000000080000000, 0x0000000100000000)
  region size 1024K, 3 young (3072K), 3 survivors (3072K)
 Metaspace       used 19718K, capacity 20127K, committed 20224K, reserved 1067008K
  class space    used 2397K, capacity 2530K, committed 2560K, reserved 1048576K
}
Event: 3.641 GC heap before
{Heap before GC invocations=4 (full 0):
 garbage-first heap   total 98304K, used 21350K [0x0000000080000000, 0x0000000100000000)
  region size 1024K, 9 young (9216K), 3 survivors (3072K)
 Metaspace       used 20631K, capacity 21101K, committed 21248K, reserved 1067008K
  class space    used 2525K, capacity 2710K, committed 2816K, reserved 1048576K
}
Event: 3.647 GC heap after
{Heap after GC invocations=5 (full 0):
 garbage-first heap   total 98304K, used 16237K [0x0000000080000000, 0x0000000100000000)
  region size 1024K, 3 young (3072K), 3 survivors (3072K)
 Metaspace       used 20631K, capacity 21101K, committed 21248K, reserved 1067008K
  class space    used 2525K, capacity 2710K, committed 2816K, reserved 1048576K
}
Event: 4.319 GC heap before
{Heap before GC invocations=6 (full 0):
 garbage-first heap   total 98304K, used 53101K [0x0000000080000000, 0x0000000100000000)
  region size 1024K, 39 young (39936K), 3 survivors (3072K)
 Metaspace       used 24833K, capacity 25408K, committed 25472K, reserved 1071104K
  class space    used 3192K, capacity 3425K, committed 3456K, reserved 1048576K
}
Event: 4.326 GC heap after
{Heap after GC invocations=7 (full 0):
 garbage-first heap   total 98304K, used 17739K [0x0000000080000000, 0x0000000100000000)
  region size 1024K, 2 young (2048K), 2 survivors (2048K)
 Metaspace       used 24833K, capacity 25408K, committed 25472K, reserved 1071104K
  class space    used 3192K, capacity 3425K, committed 3456K, reserved 1048576K
}
Event: 5.243 GC heap before
{Heap before GC invocations=7 (full 0):
 garbage-first heap   total 98304K, used 56651K [0x0000000080000000, 0x0000000100000000)
  region size 1024K, 40 young (40960K), 2 survivors (2048K)
 Metaspace       used 28886K, capacity 29513K, committed 29696K, reserved 1075200K
  class space    used 3846K, capacity 4092K, committed 4096K, reserved 1048576K
}
Event: 5.251 GC heap after
{Heap after GC invocations=8 (full 0):
 garbage-first heap   total 118784K, used 19020K [0x0000000080000000, 0x0000000100000000)
  region size 1024K, 4 young (4096K), 4 survivors (4096K)
 Metaspace       used 28886K, capacity 29513K, committed 29696K, reserved 1075200K
  class space    used 3846K, capacity 4092K, committed 4096K, reserved 1048576K
}
Event: 5.937 GC heap before
{Heap before GC invocations=8 (full 0):
 garbage-first heap   total 118784K, used 41548K [0x0000000080000000, 0x0000000100000000)
  region size 1024K, 27 young (27648K), 4 survivors (4096K)
 Metaspace       used 35094K, capacity 35819K, committed 35840K, reserved 1081344K
  class space    used 4559K, capacity 4854K, committed 4864K, reserved 1048576K
}
Event: 5.948 GC heap after
{Heap after GC invocations=9 (full 0):
 garbage-first heap   total 118784K, used 21482K [0x0000000080000000, 0x0000000100000000)
  region size 1024K, 6 young (6144K), 6 survivors (6144K)
 Metaspace       used 35094K, capacity 35819K, committed 35840K, reserved 1081344K
  class space    used 4559K, capacity 4854K, committed 4864K, reserved 1048576K
}
Event: 6.874 GC heap before
{Heap before GC invocations=10 (full 0):
 garbage-first heap   total 118784K, used 73706K [0x0000000080000000, 0x0000000100000000)
  region size 1024K, 54 young (55296K), 6 survivors (6144K)
 Metaspace       used 40140K, capacity 40898K, committed 41036K, reserved 1085440K
  class space    used 5105K, capacity 5403K, committed 5452K, reserved 1048576K
}
Event: 6.889 GC heap after
{Heap after GC invocations=11 (full 0):
 garbage-first heap   total 118784K, used 24795K [0x0000000080000000, 0x0000000100000000)
  region size 1024K, 6 young (6144K), 6 survivors (6144K)
 Metaspace       used 40140K, capacity 40898K, committed 41036K, reserved 1085440K
  class space    used 5105K, capacity 5403K, committed 5452K, reserved 1048576K
}
Event: 8.049 GC heap before
{Heap before GC invocations=11 (full 0):
 garbage-first heap   total 118784K, used 78043K [0x0000000080000000, 0x0000000100000000)
  region size 1024K, 58 young (59392K), 6 survivors (6144K)
 Metaspace       used 44116K, capacity 45104K, committed 45260K, reserved 1089536K
  class space    used 5633K, capacity 5998K, committed 6092K, reserved 1048576K
}
Event: 8.062 GC heap after
{Heap after GC invocations=12 (full 0):
 garbage-first heap   total 118784K, used 27427K [0x0000000080000000, 0x0000000100000000)
  region size 1024K, 6 young (6144K), 6 survivors (6144K)
 Metaspace       used 44116K, capacity 45104K, committed 45260K, reserved 1089536K
  class space    used 5633K, capacity 5998K, committed 6092K, reserved 1048576K
}
Event: 8.700 GC heap before
{Heap before GC invocations=12 (full 0):
 garbage-first heap   total 118784K, used 86819K [0x0000000080000000, 0x0000000100000000)
  region size 1024K, 59 young (60416K), 6 survivors (6144K)
 Metaspace       used 45060K, capacity 46187K, committed 46412K, reserved 1089536K
  class space    used 5750K, capacity 6163K, committed 6220K, reserved 1048576K
}

Deoptimization events (20 events):
Event: 8.506 Thread 0x00000291ae12b800 Uncommon trap: trap_request=0xffffff6e fr.pc=0x000002919eb1b368 relative=0x0000000000000308
Event: 8.506 Thread 0x00000291ae12b800 Uncommon trap: reason=speculate_class_check action=maybe_recompile pc=0x000002919eb1b368 method=java.lang.ThreadLocal.setInitialValue()Ljava/lang/Object; @ 35 c2
Event: 8.506 Thread 0x00000291ae12b800 DEOPT PACKING pc=0x000002919eb1b368 sp=0x000000f84f0f3da0
Event: 8.506 Thread 0x00000291ae12b800 DEOPT UNPACKING pc=0x0000029196e665af sp=0x000000f84f0f3ce8 mode 2
Event: 8.532 Thread 0x00000291ae12b800 DEOPT PACKING pc=0x0000029197d1752a sp=0x000000f84f0ea960
Event: 8.532 Thread 0x00000291ae12b800 DEOPT UNPACKING pc=0x0000029196e66d5e sp=0x000000f84f0e9f38 mode 0
Event: 8.550 Thread 0x00000291ae12b800 DEOPT PACKING pc=0x0000029197d1752a sp=0x000000f84f0ea9a0
Event: 8.550 Thread 0x00000291ae12b800 DEOPT UNPACKING pc=0x0000029196e66d5e sp=0x000000f84f0e9f78 mode 0
Event: 8.558 Thread 0x00000291ae12b800 DEOPT PACKING pc=0x0000029197d1752a sp=0x000000f84f0ea9a0
Event: 8.558 Thread 0x00000291ae12b800 DEOPT UNPACKING pc=0x0000029196e66d5e sp=0x000000f84f0e9f78 mode 0
Event: 8.571 Thread 0x00000291ae12b800 DEOPT PACKING pc=0x0000029197d1752a sp=0x000000f84f0ea9a0
Event: 8.571 Thread 0x00000291ae12b800 DEOPT UNPACKING pc=0x0000029196e66d5e sp=0x000000f84f0e9f78 mode 0
Event: 8.582 Thread 0x00000291ae12b800 DEOPT PACKING pc=0x0000029197d1752a sp=0x000000f84f0ea9a0
Event: 8.582 Thread 0x00000291ae12b800 DEOPT UNPACKING pc=0x0000029196e66d5e sp=0x000000f84f0e9f78 mode 0
Event: 8.601 Thread 0x00000291ae12b800 DEOPT PACKING pc=0x0000029197d1752a sp=0x000000f84f0ea870
Event: 8.601 Thread 0x00000291ae12b800 DEOPT UNPACKING pc=0x0000029196e66d5e sp=0x000000f84f0e9e48 mode 0
Event: 8.679 Thread 0x00000291ae12b800 Uncommon trap: trap_request=0xffffff4d fr.pc=0x000002919eb2c8cc relative=0x00000000000004ec
Event: 8.679 Thread 0x00000291ae12b800 Uncommon trap: reason=unstable_if action=reinterpret pc=0x000002919eb2c8cc method=com.google.common.collect.RegularImmutableMap.get([I[Ljava/lang/Object;IILjava/lang/Object;)Ljava/lang/Object; @ 34 c2
Event: 8.679 Thread 0x00000291ae12b800 DEOPT PACKING pc=0x000002919eb2c8cc sp=0x000000f84f0f7ca0
Event: 8.679 Thread 0x00000291ae12b800 DEOPT UNPACKING pc=0x0000029196e665af sp=0x000000f84f0f7c20 mode 2

Classes redefined (0 events):
No events

Internal exceptions (20 events):
Event: 8.592 Thread 0x00000291ae12b800 Exception <a 'java/security/PrivilegedActionException'{0x00000000847fd808}> (0x00000000847fd808) thrown at [./src/hotspot/share/prims/jvm.cpp, line 1306]
Event: 8.592 Thread 0x00000291ae12b800 Exception <a 'java/security/PrivilegedActionException'{0x00000000846024c0}> (0x00000000846024c0) thrown at [./src/hotspot/share/prims/jvm.cpp, line 1306]
Event: 8.592 Thread 0x00000291ae12b800 Exception <a 'java/security/PrivilegedActionException'{0x0000000084604220}> (0x0000000084604220) thrown at [./src/hotspot/share/prims/jvm.cpp, line 1306]
Event: 8.592 Thread 0x00000291ae12b800 Exception <a 'java/security/PrivilegedActionException'{0x00000000846087a8}> (0x00000000846087a8) thrown at [./src/hotspot/share/prims/jvm.cpp, line 1306]
Event: 8.593 Thread 0x00000291ae12b800 Exception <a 'java/security/PrivilegedActionException'{0x000000008460a508}> (0x000000008460a508) thrown at [./src/hotspot/share/prims/jvm.cpp, line 1306]
Event: 8.605 Thread 0x00000291ae12b800 Exception <a 'java/lang/ClassNotFoundException'{0x000000008452c460}: org/gradle/api/internal/artifacts/repositories/DefaultMavenArtifactRepository_DecoratedBeanInfo> (0x000000008452c460) thrown at [./src/hotspot/share/classfile/systemDictionary.cpp, line 231]
Event: 8.607 Thread 0x00000291ae12b800 Exception <a 'java/lang/ClassNotFoundException'{0x0000000084572080}: org/gradle/api/internal/artifacts/repositories/DefaultMavenArtifactRepositoryBeanInfo> (0x0000000084572080) thrown at [./src/hotspot/share/classfile/systemDictionary.cpp, line 231]
Event: 8.609 Thread 0x00000291ae12b800 Exception <a 'java/lang/ClassNotFoundException'{0x00000000845bc0f0}: org/gradle/api/internal/artifacts/repositories/AbstractAuthenticationSupportedRepositoryBeanInfo> (0x00000000845bc0f0) thrown at [./src/hotspot/share/classfile/systemDictionary.cpp, line 231]
Event: 8.610 Thread 0x00000291ae12b800 Exception <a 'java/lang/ClassNotFoundException'{0x00000000844063e8}: org/gradle/api/internal/artifacts/repositories/AbstractResolutionAwareArtifactRepositoryBeanInfo> (0x00000000844063e8) thrown at [./src/hotspot/share/classfile/systemDictionary.cpp, line 231]
Event: 8.612 Thread 0x00000291ae12b800 Exception <a 'java/lang/ClassNotFoundException'{0x000000008444a730}: org/gradle/api/internal/artifacts/repositories/AbstractArtifactRepositoryBeanInfo> (0x000000008444a730) thrown at [./src/hotspot/share/classfile/systemDictionary.cpp, line 231]
Event: 8.616 Thread 0x00000291ae12b800 Exception <a 'java/lang/ClassNotFoundException'{0x0000000084491648}: org/gradle/api/internal/artifacts/repositories/AbstractArtifactRepositoryCustomizer> (0x0000000084491648) thrown at [./src/hotspot/share/classfile/systemDictionary.cpp, line 231]
Event: 8.621 Thread 0x00000291ae12b800 Exception <a 'java/lang/ClassNotFoundException'{0x00000000844f8020}: org/gradle/api/internal/artifacts/repositories/AbstractResolutionAwareArtifactRepositoryCustomizer> (0x00000000844f8020) thrown at [./src/hotspot/share/classfile/systemDictionary.cpp, line 231]
Event: 8.623 Thread 0x00000291ae12b800 Exception <a 'java/lang/ClassNotFoundException'{0x000000008434b180}: org/gradle/api/internal/artifacts/repositories/AbstractAuthenticationSupportedRepositoryCustomizer> (0x000000008434b180) thrown at [./src/hotspot/share/classfile/systemDictionary.cpp, line 231]
Event: 8.627 Thread 0x00000291ae12b800 Exception <a 'java/lang/ClassNotFoundException'{0x00000000843a1878}: org/gradle/api/internal/artifacts/repositories/DefaultMavenArtifactRepositoryCustomizer> (0x00000000843a1878) thrown at [./src/hotspot/share/classfile/systemDictionary.cpp, line 231]
Event: 8.631 Thread 0x00000291ae12b800 Exception <a 'java/lang/ClassNotFoundException'{0x00000000843ff128}: org/gradle/api/internal/artifacts/repositories/DefaultMavenArtifactRepository_DecoratedCustomizer> (0x00000000843ff128) thrown at [./src/hotspot/share/classfile/systemDictionary.cpp, line 231]
Event: 8.653 Thread 0x00000291ae12b800 Exception <a 'java/lang/ClassNotFoundException'{0x0000000084146e78}: org/gradle/api/internal/artifacts/repositories/DefaultFlatDirArtifactRepository_DecoratedBeanInfo> (0x0000000084146e78) thrown at [./src/hotspot/share/classfile/systemDictionary.cpp, line 231]
Event: 8.655 Thread 0x00000291ae12b800 Exception <a 'java/lang/ClassNotFoundException'{0x000000008418d020}: org/gradle/api/internal/artifacts/repositories/DefaultFlatDirArtifactRepositoryBeanInfo> (0x000000008418d020) thrown at [./src/hotspot/share/classfile/systemDictionary.cpp, line 231]
Event: 8.656 Thread 0x00000291ae12b800 Exception <a 'java/lang/ClassNotFoundException'{0x00000000841d2a70}: org/gradle/api/internal/artifacts/repositories/DefaultFlatDirArtifactRepositoryCustomizer> (0x00000000841d2a70) thrown at [./src/hotspot/share/classfile/systemDictionary.cpp, line 231]
Event: 8.659 Thread 0x00000291ae12b800 Exception <a 'java/lang/ClassNotFoundException'{0x0000000084029400}: org/gradle/api/internal/artifacts/repositories/DefaultFlatDirArtifactRepository_DecoratedCustomizer> (0x0000000084029400) thrown at [./src/hotspot/share/classfile/systemDictionary.cpp, line 231]
Event: 8.679 Thread 0x00000291ae12b800 Implicit null exception at 0x000002919eb2c413 to 0x000002919eb2c8b8

Events (20 events):
Event: 8.693 loading class org/gradle/api/internal/FilePropertyContainer done
Event: 8.694 loading class org/gradle/api/internal/tasks/DefaultTaskInputs$TaskInputUnionFileCollection
Event: 8.694 loading class org/gradle/api/internal/tasks/DefaultTaskInputs$TaskInputUnionFileCollection done
Event: 8.694 loading class org/gradle/api/internal/file/CompositeFileCollection
Event: 8.694 loading class org/gradle/api/internal/file/CompositeFileCollection done
Event: 8.695 loading class org/gradle/api/internal/tasks/TaskInputsDeprecationSupport
Event: 8.695 loading class org/gradle/api/internal/tasks/TaskInputsDeprecationSupport done
Event: 8.695 loading class org/gradle/api/internal/tasks/DefaultTaskOutputs
Event: 8.695 loading class org/gradle/api/internal/tasks/DefaultTaskOutputs done
Event: 8.696 loading class org/gradle/api/internal/tasks/DefaultTaskOutputs$TaskOutputUnionFileCollection
Event: 8.696 loading class org/gradle/api/internal/tasks/DefaultTaskOutputs$TaskOutputUnionFileCollection done
Event: 8.697 loading class org/gradle/api/internal/tasks/DefaultTaskDestroyables
Event: 8.697 loading class org/gradle/api/internal/tasks/DefaultTaskDestroyables done
Event: 8.698 loading class org/gradle/api/internal/tasks/TaskDestroyablesInternal
Event: 8.698 loading class org/gradle/api/internal/tasks/TaskDestroyablesInternal done
Event: 8.698 loading class org/gradle/api/internal/tasks/DefaultTaskLocalState
Event: 8.698 loading class org/gradle/api/internal/tasks/DefaultTaskLocalState done
Event: 8.699 loading class org/gradle/api/internal/file/collections/DefaultConfigurableFileCollection
Event: 8.699 loading class org/gradle/api/internal/file/collections/DefaultConfigurableFileCollection done
Event: 8.699 Executing VM operation: G1CollectForAllocation


Dynamic libraries:
0x00007ff651110000 - 0x00007ff65111a000 	C:\Program Files\Android\Android Studio\jre\bin\java.exe
0x00007ffc11f10000 - 0x00007ffc12105000 	C:\Windows\SYSTEM32\ntdll.dll
0x00007ffc0ff60000 - 0x00007ffc1001e000 	C:\Windows\System32\KERNEL32.DLL
0x00007ffc0f9f0000 - 0x00007ffc0fcb8000 	C:\Windows\System32\KERNELBASE.dll
0x00007ffc0f6c0000 - 0x00007ffc0f7c0000 	C:\Windows\System32\ucrtbase.dll
0x00007ffbfde20000 - 0x00007ffbfde37000 	C:\Program Files\Android\Android Studio\jre\bin\VCRUNTIME140.dll
0x00007ffbfde00000 - 0x00007ffbfde19000 	C:\Program Files\Android\Android Studio\jre\bin\jli.dll
0x00007ffc11200000 - 0x00007ffc113a0000 	C:\Windows\System32\USER32.dll
0x00007ffbfec80000 - 0x00007ffbfef1a000 	C:\Windows\WinSxS\amd64_microsoft.windows.common-controls_6595b64144ccf1df_6.0.19041.1110_none_60b5254171f9507e\COMCTL32.dll
0x00007ffc0f620000 - 0x00007ffc0f642000 	C:\Windows\System32\win32u.dll
0x00007ffc11080000 - 0x00007ffc1111e000 	C:\Windows\System32\msvcrt.dll
0x00007ffc11050000 - 0x00007ffc1107b000 	C:\Windows\System32\GDI32.dll
0x00007ffc0fe50000 - 0x00007ffc0ff5d000 	C:\Windows\System32\gdi32full.dll
0x00007ffc0f7c0000 - 0x00007ffc0f85d000 	C:\Windows\System32\msvcp_win.dll
0x00007ffc11020000 - 0x00007ffc11050000 	C:\Windows\System32\IMM32.DLL
0x00007ffbcecd0000 - 0x00007ffbced6d000 	C:\Program Files\Android\Android Studio\jre\bin\msvcp140.dll
0x00007ffbac7c0000 - 0x00007ffbad295000 	C:\Program Files\Android\Android Studio\jre\bin\server\jvm.dll
0x00007ffc119d0000 - 0x00007ffc11a7e000 	C:\Windows\System32\ADVAPI32.dll
0x00007ffc114b0000 - 0x00007ffc1154c000 	C:\Windows\System32\sechost.dll
0x00007ffc10020000 - 0x00007ffc10145000 	C:\Windows\System32\RPCRT4.dll
0x00007ffc11e60000 - 0x00007ffc11e68000 	C:\Windows\System32\PSAPI.DLL
0x00007ffbfb8f0000 - 0x00007ffbfb8f9000 	C:\Windows\SYSTEM32\WSOCK32.dll
0x00007ffc05f60000 - 0x00007ffc05f87000 	C:\Windows\SYSTEM32\WINMM.dll
0x00007ffc05f50000 - 0x00007ffc05f5a000 	C:\Windows\SYSTEM32\VERSION.dll
0x00007ffc10fb0000 - 0x00007ffc1101b000 	C:\Windows\System32\WS2_32.dll
0x00007ffc0d4d0000 - 0x00007ffc0d4e2000 	C:\Windows\SYSTEM32\kernel.appcore.dll
0x00007ffc04f60000 - 0x00007ffc04f71000 	C:\Program Files\Android\Android Studio\jre\bin\verify.dll
0x00007ffbfd900000 - 0x00007ffbfdae4000 	C:\Windows\SYSTEM32\DBGHELP.DLL
0x00007ffbfd890000 - 0x00007ffbfd8bc000 	C:\Windows\SYSTEM32\dbgcore.DLL
0x00007ffc0f860000 - 0x00007ffc0f8e2000 	C:\Windows\System32\bcryptPrimitives.dll
0x00007ffc00d60000 - 0x00007ffc00d89000 	C:\Program Files\Android\Android Studio\jre\bin\java.dll
0x00007ffc08f70000 - 0x00007ffc08f7b000 	C:\Program Files\Android\Android Studio\jre\bin\jimage.dll
0x00007ffbfddc0000 - 0x00007ffbfddd8000 	C:\Program Files\Android\Android Studio\jre\bin\zip.dll
0x00007ffc10840000 - 0x00007ffc10f84000 	C:\Windows\System32\SHELL32.dll
0x00007ffc0d6d0000 - 0x00007ffc0de64000 	C:\Windows\SYSTEM32\windows.storage.dll
0x00007ffc104e0000 - 0x00007ffc10835000 	C:\Windows\System32\combase.dll
0x00007ffc0ef90000 - 0x00007ffc0efbe000 	C:\Windows\SYSTEM32\Wldp.dll
0x00007ffc113a0000 - 0x00007ffc1144d000 	C:\Windows\System32\SHCORE.dll
0x00007ffc11cd0000 - 0x00007ffc11d25000 	C:\Windows\System32\shlwapi.dll
0x00007ffc0f560000 - 0x00007ffc0f57f000 	C:\Windows\SYSTEM32\profapi.dll
0x00007ffbfc8f0000 - 0x00007ffbfc90a000 	C:\Program Files\Android\Android Studio\jre\bin\net.dll
0x00007ffc08bc0000 - 0x00007ffc08ccc000 	C:\Windows\SYSTEM32\WINHTTP.dll
0x00007ffc0ed00000 - 0x00007ffc0ed6a000 	C:\Windows\system32\mswsock.dll
0x00007ffbfb5a0000 - 0x00007ffbfb5b4000 	C:\Program Files\Android\Android Studio\jre\bin\nio.dll
0x00007ffc00da0000 - 0x00007ffc00dc7000 	C:\Users\Ali Usman\.gradle\native\fdc75f09e3144964f2cf3f50f0aa648679c211496f362492102eb8c894070792\windows-amd64\native-platform.dll
0x00007ffbc69e0000 - 0x00007ffbc6b76000 	C:\Users\Ali Usman\.gradle\native\12488b8bf47d2d4c9fbf2f6322a914ad602e24e48041cd04a747c6da556b65c4\windows-amd64\native-platform-file-events.dll
0x00007ffc08e90000 - 0x00007ffc08e9a000 	C:\Program Files\Android\Android Studio\jre\bin\management.dll
0x00007ffbffdf0000 - 0x00007ffbffdfd000 	C:\Program Files\Android\Android Studio\jre\bin\management_ext.dll
0x00007ffc0f310000 - 0x00007ffc0f328000 	C:\Windows\SYSTEM32\CRYPTSP.dll
0x00007ffc0e640000 - 0x00007ffc0e674000 	C:\Windows\system32\rsaenh.dll
0x00007ffc0fcc0000 - 0x00007ffc0fce7000 	C:\Windows\System32\bcrypt.dll
0x00007ffc0f520000 - 0x00007ffc0f54e000 	C:\Windows\SYSTEM32\USERENV.dll
0x00007ffc0ee90000 - 0x00007ffc0ee9c000 	C:\Windows\SYSTEM32\CRYPTBASE.dll
0x00007ffc0ea10000 - 0x00007ffc0ea4b000 	C:\Windows\SYSTEM32\IPHLPAPI.DLL
0x00007ffc102e0000 - 0x00007ffc102e8000 	C:\Windows\System32\NSI.dll
0x00007ffc080a0000 - 0x00007ffc080b7000 	C:\Windows\SYSTEM32\dhcpcsvc6.DLL
0x00007ffc07f90000 - 0x00007ffc07fad000 	C:\Windows\SYSTEM32\dhcpcsvc.DLL
0x00007ffc0ea50000 - 0x00007ffc0eb1b000 	C:\Windows\SYSTEM32\DNSAPI.dll
0x00007ffc08eb0000 - 0x00007ffc08ebb000 	C:\Windows\SYSTEM32\WINNSI.DLL

dbghelp: loaded successfully - version: 4.0.5 - missing functions: none
symbol engine: initialized successfully - sym options: 0x614 - pdb path: .;C:\Program Files\Android\Android Studio\jre\bin;C:\Windows\SYSTEM32;C:\Windows\WinSxS\amd64_microsoft.windows.common-controls_6595b64144ccf1df_6.0.19041.1110_none_60b5254171f9507e;C:\Program Files\Android\Android Studio\jre\bin\server;C:\Users\Ali Usman\.gradle\native\fdc75f09e3144964f2cf3f50f0aa648679c211496f362492102eb8c894070792\windows-amd64;C:\Users\Ali Usman\.gradle\native\12488b8bf47d2d4c9fbf2f6322a914ad602e24e48041cd04a747c6da556b65c4\windows-amd64

VM Arguments:
jvm_args: --add-opens=java.base/java.util=ALL-UNNAMED --add-opens=java.base/java.lang=ALL-UNNAMED --add-opens=java.base/java.lang.invoke=ALL-UNNAMED --add-opens=java.prefs/java.util.prefs=ALL-UNNAMED -Xmx2048m -Dfile.encoding=windows-1252 -Duser.country=US -Duser.language=en -Duser.variant 
java_command: org.gradle.launcher.daemon.bootstrap.GradleDaemon 6.7.1
java_class_path (initial): C:\Users\Ali Usman\.gradle\wrapper\dists\gradle-6.7.1-all\2moa8rlfac5eqlcfgk98k0deb\gradle-6.7.1\lib\gradle-launcher-6.7.1.jar
Launcher Type: SUN_STANDARD

[Global flags]
     intx CICompilerCount                          = 3                                         {product} {ergonomic}
     uint ConcGCThreads                            = 1                                         {product} {ergonomic}
     uint G1ConcRefinementThreads                  = 4                                         {product} {ergonomic}
   size_t G1HeapRegionSize                         = 1048576                                   {product} {ergonomic}
    uintx GCDrainStackTargetSize                   = 64                                        {product} {ergonomic}
   size_t InitialHeapSize                          = 100663296                                 {product} {ergonomic}
   size_t MarkStackSize                            = 4194304                                   {product} {ergonomic}
   size_t MaxHeapSize                              = 2147483648                                {product} {command line}
   size_t MaxNewSize                               = 1287651328                                {product} {ergonomic}
   size_t MinHeapDeltaBytes                        = 1048576                                   {product} {ergonomic}
    uintx NonNMethodCodeHeapSize                   = 5830732                                {pd product} {ergonomic}
    uintx NonProfiledCodeHeapSize                  = 122913754                              {pd product} {ergonomic}
    uintx ProfiledCodeHeapSize                     = 122913754                              {pd product} {ergonomic}
    uintx ReservedCodeCacheSize                    = 251658240                              {pd product} {ergonomic}
     bool SegmentedCodeCache                       = true                                      {product} {ergonomic}
     bool UseCompressedClassPointers               = true                                 {lp64_product} {ergonomic}
     bool UseCompressedOops                        = true                                 {lp64_product} {ergonomic}
     bool UseG1GC                                  = true                                      {product} {ergonomic}
     bool UseLargePagesIndividualAllocation        = false                                  {pd product} {ergonomic}

Logging:
Log output configuration:
 #0: stdout all=warning uptime,level,tags
 #1: stderr all=off uptime,level,tags

Environment Variables:
JAVA_HOME=C:\Program Files\Java\jdk1.8.0_291
PATH=C:\Python310\Scripts\;C:\Python310\;c:\mingw\bin;C:\Program Files (x86)\Common Files\Oracle\Java\javapath;C:\Program Files\Python37\Scripts\;C:\Program Files\Python37\;C:\Windows\system32;C:\Windows;C:\Windows\System32\Wbem;C:\Windows\System32\WindowsPowerShell\v1.0\;C:\Windows\System32\OpenSSH\;C:\Program Files (x86)\AMD\ATI.ACE\Core-Static;C:\Users\Ali Usman\AppData\Roaming\Python\Python37\Scripts;F:\download\Compressed\openjfx-11.0.2_windows-x64_bin-sdk\javafx-sdk-11.0.2\lib;C:\Program Files (x86)\Inno Setup 6;C:\Program Files\Java\jdk1.8.0_291\bin;C:\Program Files\Git\cmd;C:\Program Files\PostgreSQL\13\bin;C:\Program Files\nodejs\;C:\ProgramData\chocolatey\bin;C:\Users\Ali Usman\AppData\Local\Microsoft\WindowsApps;C:\Program Files\JetBrains\PyCharm Community Edition 2020.3.4\bin;;F:\download\Compressed\openjfx-11.0.2_windows-x64_bin-sdk\javafx-sdk-11.0.2\lib;C:\Program Files\Java\jdk1.8.0_291\bin;C:\Users\Ali Usman\AppData\Local\Programs\Microsoft VS Code\bin;C:\Program Files\heroku\bin;C:\Users\Ali Usman\flutter\flutter\bin;C:\Users\Ali Usman\dart\dart-sdk;C:\Users\Ali Usman\AppData\Local\Android\Sdk\platform-tools;C:\Users\Ali Usman\AppData\Roaming\npm
USERNAME=Ali Usman
OS=Windows_NT
PROCESSOR_IDENTIFIER=Intel64 Family 6 Model 58 Stepping 9, GenuineIntel



---------------  S Y S T E M  ---------------

OS: Windows 10 , 64 bit Build 19041 (10.0.19041.1503)
OS uptime: 0 days 3:29 hours
Hyper-V role detected

CPU:total 4 (initial active 4) (2 cores per cpu, 2 threads per core) family 6 model 58 stepping 9 microcode 0x21, cmov, cx8, fxsr, mmx, sse, sse2, sse3, ssse3, sse4.1, sse4.2, popcnt, avx, aes, clmul, erms, ht, tsc, tscinvbit, tscinv

Memory: 4k page, system-wide physical 6075M (537M free)
TotalPageFile size 12093M (AvailPageFile size 15M)
current process WorkingSet (physical memory assigned to process): 267M, peak: 267M
current process commit charge ("private bytes"): 310M, peak: 334M

vm_info: OpenJDK 64-Bit Server VM (11.0.11+9-b60-7590822) for windows-amd64 JRE (11.0.11+9-b60-7590822), built on Jul 29 2021 21:43:44 by "builder" with MS VC++ 14.0 (VS2015)

END.
