#
# There is insufficient memory for the Java Runtime Environment to continue.
# Native memory allocation (malloc) failed to allocate 1635376 bytes for Chunk::new
# Possible reasons:
#   The system is out of physical RAM or swap space
#   The process is running with CompressedOops enabled, and the Java Heap may be blocking the growth of the native heap
# Possible solutions:
#   Reduce memory load on the system
#   Increase physical memory or swap space
#   Check if swap backing store is full
#   Decrease Java heap size (-Xmx/-Xms)
#   Decrease number of Java threads
#   Decrease Java thread stack sizes (-Xss)
#   Set larger code cache with -XX:ReservedCodeCacheSize=
#   JVM is running with Unscaled Compressed Oops mode in which the Java heap is
#     placed in the first 4GB address space. The Java Heap base address is the
#     maximum limit for the native heap growth. Please use -XX:HeapBaseMinAddress
#     to set the Java Heap base and to place the Java Heap above 4GB virtual address.
# This output file may be truncated or incomplete.
#
#  Out of Memory Error (./src/hotspot/share/memory/arena.cpp:197), pid=6028, tid=3584
#
# JRE version: OpenJDK Runtime Environment (11.0.11+9) (build 11.0.11+9-b60-7590822)
# Java VM: OpenJDK 64-Bit Server VM (11.0.11+9-b60-7590822, mixed mode, tiered, compressed oops, g1 gc, windows-amd64)
# No core dump will be written. Minidumps are not enabled by default on client versions of Windows
#

---------------  S U M M A R Y ------------

Command Line: --add-opens=java.base/java.util=ALL-UNNAMED --add-opens=java.base/java.lang=ALL-UNNAMED --add-opens=java.base/java.lang.invoke=ALL-UNNAMED --add-opens=java.prefs/java.util.prefs=ALL-UNNAMED -Xmx2048m -Dfile.encoding=windows-1252 -Duser.country=US -Duser.language=en -Duser.variant org.gradle.launcher.daemon.bootstrap.GradleDaemon 6.7.1

Host: Intel(R) Core(TM) i5-3320M CPU @ 2.60GHz, 4 cores, 5G,  Windows 10 , 64 bit Build 19041 (10.0.19041.1503)
Time: Thu Apr  7 16:11:10 2022 Pakistan Standard Time elapsed time: 22.548613 seconds (0d 0h 0m 22s)

---------------  T H R E A D  ---------------

Current thread (0x000001c1ca2be800):  JavaThread "C2 CompilerThread1" daemon [_thread_in_native, id=3584, stack(0x0000001c20f00000,0x0000001c21000000)]


Current CompileTask:
C2:  22548 6185       4       java.net.URLClassLoader$1::run (5 bytes)

Stack: [0x0000001c20f00000,0x0000001c21000000]
Native frames: (J=compiled Java code, j=interpreted, Vv=VM code, C=native code)
V  [jvm.dll+0x5f214a]
V  [jvm.dll+0x726fb5]
V  [jvm.dll+0x7285cd]
V  [jvm.dll+0x728c83]
V  [jvm.dll+0x243278]
V  [jvm.dll+0xbc53c]
V  [jvm.dll+0xbca3c]
V  [jvm.dll+0x353e7d]
V  [jvm.dll+0x321893]
V  [jvm.dll+0x320d8a]
V  [jvm.dll+0x1fc1e2]
V  [jvm.dll+0x1fb3d4]
V  [jvm.dll+0x183d6c]
V  [jvm.dll+0x209a57]
V  [jvm.dll+0x2082a1]
V  [jvm.dll+0x6ef58f]
V  [jvm.dll+0x6e80b5]
V  [jvm.dll+0x5f1036]
C  [ucrtbase.dll+0x21bb2]
C  [KERNEL32.DLL+0x17034]
C  [ntdll.dll+0x52651]


---------------  P R O C E S S  ---------------

Threads class SMR info:
_java_thread_list=0x000001c1cfc6c840, length=163, elements={
0x000001c1ad8fd000, 0x000001c1c9441000, 0x000001c1c944f000, 0x000001c1c9461000,
0x000001c1c9466800, 0x000001c1c9468800, 0x000001c1c946c000, 0x000001c1c9493000,
0x000001c1c9496800, 0x000001c1c9f3e800, 0x000001c1cc3cf800, 0x000001c1cc3ce000,
0x000001c1cc3d0800, 0x000001c1cc3d1800, 0x000001c1cc3d2000, 0x000001c1cc3d3000,
0x000001c1cc3d4000, 0x000001c1cc3d4800, 0x000001c1cc3cf000, 0x000001c1cbd70800,
0x000001c1cbd72800, 0x000001c1cbd77800, 0x000001c1cbd76800, 0x000001c1cbd74000,
0x000001c1cbd73000, 0x000001c1cbd71800, 0x000001c1cbd78000, 0x000001c1cbd79000,
0x000001c1cbd79800, 0x000001c1cbd7a800, 0x000001c1cbd7e800, 0x000001c1cbd7f800,
0x000001c1cbd7c000, 0x000001c1cbd7d000, 0x000001c1cbd7e000, 0x000001c1cca56000,
0x000001c1cca54800, 0x000001c1cca55000, 0x000001c1cca57000, 0x000001c1cca57800,
0x000001c1cca52000, 0x000001c1cca53800, 0x000001c1cca58800, 0x000001c1cca52800,
0x000001c1cca5a000, 0x000001c1cca5e000, 0x000001c1cca5b000, 0x000001c1cca5b800,
0x000001c1cca5c800, 0x000001c1cca5d800, 0x000001c1cca5f000, 0x000001c1cca59000,
0x000001c1cca5f800, 0x000001c1cca60800, 0x000001c1cc55c800, 0x000001c1cc55b800,
0x000001c1cc55d800, 0x000001c1cc55e000, 0x000001c1cc55b000, 0x000001c1cc558800,
0x000001c1cc55f000, 0x000001c1cc559000, 0x000001c1cc560000, 0x000001c1cc55a000,
0x000001c1cc564800, 0x000001c1cc563000, 0x000001c1cc560800, 0x000001c1cc564000,
0x000001c1cc566800, 0x000001c1cc565800, 0x000001c1cc567000, 0x000001c1cc562000,
0x000001c1cc561800, 0x000001c1c9e67800, 0x000001c1c9e6b800, 0x000001c1c9e68800,
0x000001c1c9e6c800, 0x000001c1c9e69800, 0x000001c1c9e6d800, 0x000001c1c9e6f000,
0x000001c1c9e6e000, 0x000001c1c9e70000, 0x000001c1c9e6a000, 0x000001c1c9e70800,
0x000001c1c9e6b000, 0x000001c1c9e74000, 0x000001c1c9e71800, 0x000001c1c9e73000,
0x000001c1c9e72800, 0x000001c1c9e76800, 0x000001c1c9e74800, 0x000001c1c9e75800,
0x000001c1ca390800, 0x000001c1ca38f800, 0x000001c1ca394800, 0x000001c1ca393000,
0x000001c1ca392000, 0x000001c1ca394000, 0x000001c1ca395800, 0x000001c1ca396000,
0x000001c1ca397000, 0x000001c1ca391800, 0x000001c1ca39c800, 0x000001c1ca399800,
0x000001c1ca39b000, 0x000001c1ca39a800, 0x000001c1ca398800, 0x000001c1ca39c000,
0x000001c1ca39d800, 0x000001c1ca398000, 0x000001c1ca39e800, 0x000001c1cbf7d800,
0x000001c1cbf78800, 0x000001c1cbf7b000, 0x000001c1cbf7a800, 0x000001c1cbf7c000,
0x000001c1cbf7c800, 0x000001c1cbf78000, 0x000001c1cbf79800, 0x000001c1cbf7f000,
0x000001c1cbf81000, 0x000001c1cbf83800, 0x000001c1cbf81800, 0x000001c1cbf82800,
0x000001c1cbf84000, 0x000001c1cbf7e800, 0x000001c1cbf85000, 0x000001c1cbf85800,
0x000001c1cbf80000, 0x000001c1cbf86800, 0x000001c1cadbf000, 0x000001c1cadbc800,
0x000001c1cadc1800, 0x000001c1cadbb800, 0x000001c1cadbe000, 0x000001c1cadbf800,
0x000001c1cadbd000, 0x000001c1cadc3000, 0x000001c1cadc0800, 0x000001c1cadc6000,
0x000001c1cadc2000, 0x000001c1cadc9800, 0x000001c1cadc3800, 0x000001c1cadca000,
0x000001c1cadc7000, 0x000001c1cadc8800, 0x000001c1cadc4800, 0x000001c1cadc5800,
0x000001c1cadc8000, 0x000001c1cc383000, 0x000001c1cc387000, 0x000001c1cc386800,
0x000001c1cc384000, 0x000001c1cc388000, 0x000001c1cc385000, 0x000001c1cc382800,
0x000001c1cc389800, 0x000001c1cc389000, 0x000001c1cc38a800, 0x000001c1cc38b800,
0x000001c1cc385800, 0x000001c1cc38f800, 0x000001c1ca2be800
}

Java Threads: ( => current thread )
  0x000001c1ad8fd000 JavaThread "main" [_thread_blocked, id=5156, stack(0x0000001c16200000,0x0000001c16300000)]
  0x000001c1c9441000 JavaThread "Reference Handler" daemon [_thread_blocked, id=236, stack(0x0000001c16900000,0x0000001c16a00000)]
  0x000001c1c944f000 JavaThread "Finalizer" daemon [_thread_blocked, id=11032, stack(0x0000001c16a00000,0x0000001c16b00000)]
  0x000001c1c9461000 JavaThread "Signal Dispatcher" daemon [_thread_blocked, id=2296, stack(0x0000001c16b00000,0x0000001c16c00000)]
  0x000001c1c9466800 JavaThread "Attach Listener" daemon [_thread_blocked, id=7220, stack(0x0000001c16c00000,0x0000001c16d00000)]
  0x000001c1c9468800 JavaThread "Service Thread" daemon [_thread_blocked, id=6884, stack(0x0000001c16d00000,0x0000001c16e00000)]
  0x000001c1c946c000 JavaThread "C2 CompilerThread0" daemon [_thread_in_native, id=10912, stack(0x0000001c16e00000,0x0000001c16f00000)]
  0x000001c1c9493000 JavaThread "C1 CompilerThread0" daemon [_thread_blocked, id=11128, stack(0x0000001c16f00000,0x0000001c17000000)]
  0x000001c1c9496800 JavaThread "Sweeper thread" daemon [_thread_blocked, id=5828, stack(0x0000001c17000000,0x0000001c17100000)]
  0x000001c1c9f3e800 JavaThread "Common-Cleaner" daemon [_thread_blocked, id=9188, stack(0x0000001c17100000,0x0000001c17200000)]
  0x000001c1cc3cf800 JavaThread "Daemon health stats" [_thread_blocked, id=2144, stack(0x0000001c17500000,0x0000001c17600000)]
  0x000001c1cc3ce000 JavaThread "Incoming local TCP Connector on port 51223" [_thread_in_native, id=4756, stack(0x0000001c17700000,0x0000001c17800000)]
  0x000001c1cc3d0800 JavaThread "Daemon periodic checks" [_thread_blocked, id=2660, stack(0x0000001c17800000,0x0000001c17900000)]
  0x000001c1cc3d1800 JavaThread "Daemon" [_thread_blocked, id=5072, stack(0x0000001c17900000,0x0000001c17a00000)]
  0x000001c1cc3d2000 JavaThread "Handler for socket connection from /127.0.0.1:51223 to /127.0.0.1:51224" [_thread_in_native, id=1356, stack(0x0000001c17a00000,0x0000001c17b00000)]
  0x000001c1cc3d3000 JavaThread "Cancel handler" [_thread_blocked, id=2140, stack(0x0000001c17c00000,0x0000001c17d00000)]
  0x000001c1cc3d4000 JavaThread "Daemon worker" [_thread_in_vm, id=4552, stack(0x0000001c17d00000,0x0000001c17e00000)]
  0x000001c1cc3d4800 JavaThread "Asynchronous log dispatcher for DefaultDaemonConnection: socket connection from /127.0.0.1:51223 to /127.0.0.1:51224" [_thread_blocked, id=4576, stack(0x0000001c17e00000,0x0000001c17f00000)]
  0x000001c1cc3cf000 JavaThread "Stdin handler" [_thread_blocked, id=7904, stack(0x0000001c17f00000,0x0000001c18000000)]
  0x000001c1cbd70800 JavaThread "Thread-8" [_thread_blocked, id=4024, stack(0x0000001c18000000,0x0000001c18100000)]
  0x000001c1cbd72800 JavaThread "Cache worker for file hash cache (C:\Users\Ali Usman\.gradle\caches\6.7.1\fileHashes)" [_thread_blocked, id=7420, stack(0x0000001c18100000,0x0000001c18200000)]
  0x000001c1cbd77800 JavaThread "File lock request listener" [_thread_in_native, id=8428, stack(0x0000001c18200000,0x0000001c18300000)]
  0x000001c1cbd76800 JavaThread "Cache worker for journal cache (C:\Users\Ali Usman\.gradle\caches\journal-1)" [_thread_blocked, id=8916, stack(0x0000001c17b00000,0x0000001c17c00000)]
  0x000001c1cbd74000 JavaThread "Cache worker for file hash cache (C:\Users\Ali Usman\AndroidStudioProjects\BaseArchitectureProject\.gradle\6.7.1\fileHashes)" [_thread_blocked, id=10536, stack(0x0000001c18500000,0x0000001c18600000)]
  0x000001c1cbd73000 JavaThread "Cache worker for checksums cache (C:\Users\Ali Usman\AndroidStudioProjects\BaseArchitectureProject\.gradle\checksums)" [_thread_blocked, id=7092, stack(0x0000001c18700000,0x0000001c18800000)]
  0x000001c1cbd71800 JavaThread "Cache worker for cache directory md-supplier (C:\Users\Ali Usman\.gradle\caches\6.7.1\md-supplier)" [_thread_blocked, id=6644, stack(0x0000001c18800000,0x0000001c18900000)]
  0x000001c1cbd78000 JavaThread "Cache worker for cache directory md-rule (C:\Users\Ali Usman\.gradle\caches\6.7.1\md-rule)" [_thread_blocked, id=6904, stack(0x0000001c18900000,0x0000001c18a00000)]
  0x000001c1cbd79000 JavaThread "Cache worker for execution history cache (C:\Users\Ali Usman\.gradle\caches\6.7.1\executionHistory)" [_thread_blocked, id=2652, stack(0x0000001c18a00000,0x0000001c18b00000)]
  0x000001c1cbd79800 JavaThread "jar transforms" [_thread_blocked, id=11236, stack(0x0000001c18b00000,0x0000001c18c00000)]
  0x000001c1cbd7a800 JavaThread "Cache worker for file content cache (C:\Users\Ali Usman\.gradle\caches\6.7.1\fileContent)" [_thread_blocked, id=3644, stack(0x0000001c18c00000,0x0000001c18d00000)]
  0x000001c1cbd7e800 JavaThread "Cache worker for Build Output Cleanup Cache (C:\Users\Ali Usman\AndroidStudioProjects\BaseArchitectureProject\.gradle\buildOutputCleanup)" [_thread_blocked, id=7472, stack(0x0000001c18d00000,0x0000001c18e00000)]
  0x000001c1cbd7f800 JavaThread "Build operations" [_thread_blocked, id=9772, stack(0x0000001c18e00000,0x0000001c18f00000)]
  0x000001c1cbd7c000 JavaThread "Build operations Thread 2" [_thread_blocked, id=6720, stack(0x0000001c18f00000,0x0000001c19000000)]
  0x000001c1cbd7d000 JavaThread "Build operations Thread 3" [_thread_blocked, id=7708, stack(0x0000001c19000000,0x0000001c19100000)]
  0x000001c1cbd7e000 JavaThread "Build operations Thread 4" [_thread_blocked, id=1676, stack(0x0000001c19100000,0x0000001c19200000)]
  0x000001c1cca56000 JavaThread "jar transforms Thread 2" [_thread_blocked, id=7880, stack(0x0000001c19200000,0x0000001c19300000)]
  0x000001c1cca54800 JavaThread "jar transforms Thread 3" [_thread_blocked, id=2076, stack(0x0000001c19300000,0x0000001c19400000)]
  0x000001c1cca55000 JavaThread "jar transforms Thread 4" [_thread_blocked, id=2820, stack(0x0000001c19400000,0x0000001c19500000)]
  0x000001c1cca57000 JavaThread "jar transforms Thread 5" [_thread_blocked, id=1288, stack(0x0000001c19500000,0x0000001c19600000)]
  0x000001c1cca57800 JavaThread "jar transforms Thread 6" [_thread_blocked, id=3724, stack(0x0000001c19600000,0x0000001c19700000)]
  0x000001c1cca52000 JavaThread "jar transforms Thread 7" [_thread_blocked, id=4904, stack(0x0000001c19700000,0x0000001c19800000)]
  0x000001c1cca53800 JavaThread "jar transforms Thread 8" [_thread_blocked, id=3076, stack(0x0000001c19800000,0x0000001c19900000)]
  0x000001c1cca58800 JavaThread "jar transforms Thread 9" [_thread_blocked, id=11040, stack(0x0000001c19900000,0x0000001c19a00000)]
  0x000001c1cca52800 JavaThread "jar transforms Thread 10" [_thread_blocked, id=7012, stack(0x0000001c19a00000,0x0000001c19b00000)]
  0x000001c1cca5a000 JavaThread "jar transforms Thread 11" [_thread_blocked, id=5032, stack(0x0000001c19b00000,0x0000001c19c00000)]
  0x000001c1cca5e000 JavaThread "jar transforms Thread 12" [_thread_blocked, id=1004, stack(0x0000001c19c00000,0x0000001c19d00000)]
  0x000001c1cca5b000 JavaThread "jar transforms Thread 13" [_thread_blocked, id=7924, stack(0x0000001c19d00000,0x0000001c19e00000)]
  0x000001c1cca5b800 JavaThread "jar transforms Thread 14" [_thread_blocked, id=952, stack(0x0000001c19e00000,0x0000001c19f00000)]
  0x000001c1cca5c800 JavaThread "jar transforms Thread 15" [_thread_blocked, id=6304, stack(0x0000001c19f00000,0x0000001c1a000000)]
  0x000001c1cca5d800 JavaThread "jar transforms Thread 16" [_thread_blocked, id=6692, stack(0x0000001c1a000000,0x0000001c1a100000)]
  0x000001c1cca5f000 JavaThread "jar transforms Thread 17" [_thread_blocked, id=8360, stack(0x0000001c1a100000,0x0000001c1a200000)]
  0x000001c1cca59000 JavaThread "jar transforms Thread 18" [_thread_blocked, id=11140, stack(0x0000001c1a200000,0x0000001c1a300000)]
  0x000001c1cca5f800 JavaThread "jar transforms Thread 19" [_thread_blocked, id=5232, stack(0x0000001c1a300000,0x0000001c1a400000)]
  0x000001c1cca60800 JavaThread "jar transforms Thread 20" [_thread_blocked, id=2112, stack(0x0000001c1a400000,0x0000001c1a500000)]
  0x000001c1cc55c800 JavaThread "jar transforms Thread 21" [_thread_blocked, id=10540, stack(0x0000001c1a500000,0x0000001c1a600000)]
  0x000001c1cc55b800 JavaThread "jar transforms Thread 22" [_thread_blocked, id=6344, stack(0x0000001c1a600000,0x0000001c1a700000)]
  0x000001c1cc55d800 JavaThread "jar transforms Thread 23" [_thread_blocked, id=8616, stack(0x0000001c1a700000,0x0000001c1a800000)]
  0x000001c1cc55e000 JavaThread "jar transforms Thread 24" [_thread_blocked, id=8876, stack(0x0000001c1a800000,0x0000001c1a900000)]
  0x000001c1cc55b000 JavaThread "jar transforms Thread 25" [_thread_blocked, id=4604, stack(0x0000001c1a900000,0x0000001c1aa00000)]
  0x000001c1cc558800 JavaThread "jar transforms Thread 26" [_thread_blocked, id=9824, stack(0x0000001c1aa00000,0x0000001c1ab00000)]
  0x000001c1cc55f000 JavaThread "jar transforms Thread 27" [_thread_blocked, id=1632, stack(0x0000001c1ab00000,0x0000001c1ac00000)]
  0x000001c1cc559000 JavaThread "jar transforms Thread 28" [_thread_blocked, id=10732, stack(0x0000001c1ac00000,0x0000001c1ad00000)]
  0x000001c1cc560000 JavaThread "jar transforms Thread 29" [_thread_blocked, id=4236, stack(0x0000001c1ad00000,0x0000001c1ae00000)]
  0x000001c1cc55a000 JavaThread "jar transforms Thread 30" [_thread_blocked, id=4440, stack(0x0000001c1ae00000,0x0000001c1af00000)]
  0x000001c1cc564800 JavaThread "jar transforms Thread 31" [_thread_blocked, id=1512, stack(0x0000001c1af00000,0x0000001c1b000000)]
  0x000001c1cc563000 JavaThread "jar transforms Thread 32" [_thread_blocked, id=5696, stack(0x0000001c1b000000,0x0000001c1b100000)]
  0x000001c1cc560800 JavaThread "jar transforms Thread 33" [_thread_blocked, id=7716, stack(0x0000001c1b100000,0x0000001c1b200000)]
  0x000001c1cc564000 JavaThread "jar transforms Thread 34" [_thread_blocked, id=8388, stack(0x0000001c1b200000,0x0000001c1b300000)]
  0x000001c1cc566800 JavaThread "jar transforms Thread 35" [_thread_blocked, id=6488, stack(0x0000001c1b300000,0x0000001c1b400000)]
  0x000001c1cc565800 JavaThread "jar transforms Thread 36" [_thread_blocked, id=7228, stack(0x0000001c1b400000,0x0000001c1b500000)]
  0x000001c1cc567000 JavaThread "jar transforms Thread 37" [_thread_blocked, id=3064, stack(0x0000001c1b500000,0x0000001c1b600000)]
  0x000001c1cc562000 JavaThread "jar transforms Thread 38" [_thread_blocked, id=8092, stack(0x0000001c1b600000,0x0000001c1b700000)]
  0x000001c1cc561800 JavaThread "jar transforms Thread 39" [_thread_blocked, id=3140, stack(0x0000001c1b700000,0x0000001c1b800000)]
  0x000001c1c9e67800 JavaThread "jar transforms Thread 40" [_thread_blocked, id=2772, stack(0x0000001c1b800000,0x0000001c1b900000)]
  0x000001c1c9e6b800 JavaThread "jar transforms Thread 41" [_thread_blocked, id=6172, stack(0x0000001c1b900000,0x0000001c1ba00000)]
  0x000001c1c9e68800 JavaThread "jar transforms Thread 42" [_thread_blocked, id=11240, stack(0x0000001c1ba00000,0x0000001c1bb00000)]
  0x000001c1c9e6c800 JavaThread "jar transforms Thread 43" [_thread_blocked, id=9768, stack(0x0000001c1bb00000,0x0000001c1bc00000)]
  0x000001c1c9e69800 JavaThread "jar transforms Thread 44" [_thread_blocked, id=9620, stack(0x0000001c1bc00000,0x0000001c1bd00000)]
  0x000001c1c9e6d800 JavaThread "jar transforms Thread 45" [_thread_blocked, id=9396, stack(0x0000001c1bd00000,0x0000001c1be00000)]
  0x000001c1c9e6f000 JavaThread "jar transforms Thread 46" [_thread_blocked, id=2512, stack(0x0000001c1be00000,0x0000001c1bf00000)]
  0x000001c1c9e6e000 JavaThread "jar transforms Thread 47" [_thread_blocked, id=7868, stack(0x0000001c1bf00000,0x0000001c1c000000)]
  0x000001c1c9e70000 JavaThread "jar transforms Thread 48" [_thread_blocked, id=2836, stack(0x0000001c1c000000,0x0000001c1c100000)]
  0x000001c1c9e6a000 JavaThread "jar transforms Thread 49" [_thread_blocked, id=9288, stack(0x0000001c1c100000,0x0000001c1c200000)]
  0x000001c1c9e70800 JavaThread "jar transforms Thread 50" [_thread_blocked, id=6784, stack(0x0000001c1c200000,0x0000001c1c300000)]
  0x000001c1c9e6b000 JavaThread "jar transforms Thread 51" [_thread_blocked, id=8152, stack(0x0000001c1c300000,0x0000001c1c400000)]
  0x000001c1c9e74000 JavaThread "jar transforms Thread 52" [_thread_blocked, id=916, stack(0x0000001c1c400000,0x0000001c1c500000)]
  0x000001c1c9e71800 JavaThread "jar transforms Thread 53" [_thread_blocked, id=2108, stack(0x0000001c1c500000,0x0000001c1c600000)]
  0x000001c1c9e73000 JavaThread "jar transforms Thread 54" [_thread_blocked, id=9828, stack(0x0000001c1c600000,0x0000001c1c700000)]
  0x000001c1c9e72800 JavaThread "jar transforms Thread 55" [_thread_blocked, id=4752, stack(0x0000001c1c700000,0x0000001c1c800000)]
  0x000001c1c9e76800 JavaThread "jar transforms Thread 56" [_thread_blocked, id=1304, stack(0x0000001c1c800000,0x0000001c1c900000)]
  0x000001c1c9e74800 JavaThread "jar transforms Thread 57" [_thread_blocked, id=7028, stack(0x0000001c1c900000,0x0000001c1ca00000)]
  0x000001c1c9e75800 JavaThread "jar transforms Thread 58" [_thread_blocked, id=11048, stack(0x0000001c1ca00000,0x0000001c1cb00000)]
  0x000001c1ca390800 JavaThread "jar transforms Thread 59" [_thread_blocked, id=8156, stack(0x0000001c1cb00000,0x0000001c1cc00000)]
  0x000001c1ca38f800 JavaThread "jar transforms Thread 60" [_thread_blocked, id=8760, stack(0x0000001c1cc00000,0x0000001c1cd00000)]
  0x000001c1ca394800 JavaThread "jar transforms Thread 61" [_thread_blocked, id=6188, stack(0x0000001c1cd00000,0x0000001c1ce00000)]
  0x000001c1ca393000 JavaThread "jar transforms Thread 62" [_thread_blocked, id=72, stack(0x0000001c1ce00000,0x0000001c1cf00000)]
  0x000001c1ca392000 JavaThread "jar transforms Thread 63" [_thread_blocked, id=6340, stack(0x0000001c1cf00000,0x0000001c1d000000)]
  0x000001c1ca394000 JavaThread "jar transforms Thread 64" [_thread_blocked, id=7288, stack(0x0000001c1d000000,0x0000001c1d100000)]
  0x000001c1ca395800 JavaThread "jar transforms Thread 65" [_thread_blocked, id=8100, stack(0x0000001c1d100000,0x0000001c1d200000)]
  0x000001c1ca396000 JavaThread "jar transforms Thread 66" [_thread_blocked, id=9652, stack(0x0000001c1d200000,0x0000001c1d300000)]
  0x000001c1ca397000 JavaThread "jar transforms Thread 67" [_thread_blocked, id=8204, stack(0x0000001c1d300000,0x0000001c1d400000)]
  0x000001c1ca391800 JavaThread "jar transforms Thread 68" [_thread_blocked, id=9724, stack(0x0000001c1d400000,0x0000001c1d500000)]
  0x000001c1ca39c800 JavaThread "jar transforms Thread 69" [_thread_blocked, id=2012, stack(0x0000001c1d500000,0x0000001c1d600000)]
  0x000001c1ca399800 JavaThread "jar transforms Thread 70" [_thread_blocked, id=6464, stack(0x0000001c1d600000,0x0000001c1d700000)]
  0x000001c1ca39b000 JavaThread "jar transforms Thread 71" [_thread_blocked, id=4196, stack(0x0000001c1d700000,0x0000001c1d800000)]
  0x000001c1ca39a800 JavaThread "jar transforms Thread 72" [_thread_blocked, id=7804, stack(0x0000001c1d800000,0x0000001c1d900000)]
  0x000001c1ca398800 JavaThread "jar transforms Thread 73" [_thread_blocked, id=1328, stack(0x0000001c1d900000,0x0000001c1da00000)]
  0x000001c1ca39c000 JavaThread "jar transforms Thread 74" [_thread_blocked, id=2420, stack(0x0000001c1da00000,0x0000001c1db00000)]
  0x000001c1ca39d800 JavaThread "jar transforms Thread 75" [_thread_blocked, id=7824, stack(0x0000001c1db00000,0x0000001c1dc00000)]
  0x000001c1ca398000 JavaThread "jar transforms Thread 76" [_thread_blocked, id=8392, stack(0x0000001c1dc00000,0x0000001c1dd00000)]
  0x000001c1ca39e800 JavaThread "jar transforms Thread 77" [_thread_blocked, id=8728, stack(0x0000001c1dd00000,0x0000001c1de00000)]
  0x000001c1cbf7d800 JavaThread "jar transforms Thread 78" [_thread_blocked, id=4852, stack(0x0000001c1de00000,0x0000001c1df00000)]
  0x000001c1cbf78800 JavaThread "jar transforms Thread 79" [_thread_blocked, id=2192, stack(0x0000001c1df00000,0x0000001c1e000000)]
  0x000001c1cbf7b000 JavaThread "jar transforms Thread 80" [_thread_blocked, id=3212, stack(0x0000001c1e000000,0x0000001c1e100000)]
  0x000001c1cbf7a800 JavaThread "jar transforms Thread 81" [_thread_blocked, id=10984, stack(0x0000001c1e100000,0x0000001c1e200000)]
  0x000001c1cbf7c000 JavaThread "jar transforms Thread 82" [_thread_blocked, id=7348, stack(0x0000001c1e200000,0x0000001c1e300000)]
  0x000001c1cbf7c800 JavaThread "jar transforms Thread 83" [_thread_blocked, id=10488, stack(0x0000001c1e300000,0x0000001c1e400000)]
  0x000001c1cbf78000 JavaThread "jar transforms Thread 84" [_thread_blocked, id=9796, stack(0x0000001c1e400000,0x0000001c1e500000)]
  0x000001c1cbf79800 JavaThread "jar transforms Thread 85" [_thread_blocked, id=4300, stack(0x0000001c1e500000,0x0000001c1e600000)]
  0x000001c1cbf7f000 JavaThread "jar transforms Thread 86" [_thread_blocked, id=11096, stack(0x0000001c1e600000,0x0000001c1e700000)]
  0x000001c1cbf81000 JavaThread "jar transforms Thread 87" [_thread_blocked, id=6748, stack(0x0000001c1e700000,0x0000001c1e800000)]
  0x000001c1cbf83800 JavaThread "jar transforms Thread 88" [_thread_blocked, id=8748, stack(0x0000001c1e800000,0x0000001c1e900000)]
  0x000001c1cbf81800 JavaThread "jar transforms Thread 89" [_thread_blocked, id=2340, stack(0x0000001c1e900000,0x0000001c1ea00000)]
  0x000001c1cbf82800 JavaThread "jar transforms Thread 90" [_thread_blocked, id=4232, stack(0x0000001c1ea00000,0x0000001c1eb00000)]
  0x000001c1cbf84000 JavaThread "jar transforms Thread 91" [_thread_blocked, id=7916, stack(0x0000001c1eb00000,0x0000001c1ec00000)]
  0x000001c1cbf7e800 JavaThread "jar transforms Thread 92" [_thread_blocked, id=8332, stack(0x0000001c1ec00000,0x0000001c1ed00000)]
  0x000001c1cbf85000 JavaThread "jar transforms Thread 93" [_thread_blocked, id=1936, stack(0x0000001c1ed00000,0x0000001c1ee00000)]
  0x000001c1cbf85800 JavaThread "jar transforms Thread 94" [_thread_blocked, id=10472, stack(0x0000001c18600000,0x0000001c18700000)]
  0x000001c1cbf80000 JavaThread "jar transforms Thread 95" [_thread_blocked, id=1572, stack(0x0000001c1ee00000,0x0000001c1ef00000)]
  0x000001c1cbf86800 JavaThread "jar transforms Thread 96" [_thread_blocked, id=5008, stack(0x0000001c1ef00000,0x0000001c1f000000)]
  0x000001c1cadbf000 JavaThread "jar transforms Thread 97" [_thread_blocked, id=6912, stack(0x0000001c1f000000,0x0000001c1f100000)]
  0x000001c1cadbc800 JavaThread "jar transforms Thread 98" [_thread_blocked, id=5896, stack(0x0000001c1f100000,0x0000001c1f200000)]
  0x000001c1cadc1800 JavaThread "jar transforms Thread 99" [_thread_blocked, id=2128, stack(0x0000001c1f200000,0x0000001c1f300000)]
  0x000001c1cadbb800 JavaThread "jar transforms Thread 100" [_thread_blocked, id=6556, stack(0x0000001c1f300000,0x0000001c1f400000)]
  0x000001c1cadbe000 JavaThread "jar transforms Thread 101" [_thread_blocked, id=9156, stack(0x0000001c1f400000,0x0000001c1f500000)]
  0x000001c1cadbf800 JavaThread "jar transforms Thread 102" [_thread_blocked, id=8752, stack(0x0000001c1f500000,0x0000001c1f600000)]
  0x000001c1cadbd000 JavaThread "jar transforms Thread 103" [_thread_blocked, id=5616, stack(0x0000001c1f600000,0x0000001c1f700000)]
  0x000001c1cadc3000 JavaThread "jar transforms Thread 104" [_thread_blocked, id=8912, stack(0x0000001c1f700000,0x0000001c1f800000)]
  0x000001c1cadc0800 JavaThread "jar transforms Thread 105" [_thread_blocked, id=4980, stack(0x0000001c1f800000,0x0000001c1f900000)]
  0x000001c1cadc6000 JavaThread "jar transforms Thread 106" [_thread_blocked, id=2100, stack(0x0000001c1f900000,0x0000001c1fa00000)]
  0x000001c1cadc2000 JavaThread "jar transforms Thread 107" [_thread_blocked, id=8976, stack(0x0000001c1fa00000,0x0000001c1fb00000)]
  0x000001c1cadc9800 JavaThread "jar transforms Thread 108" [_thread_blocked, id=4172, stack(0x0000001c1fb00000,0x0000001c1fc00000)]
  0x000001c1cadc3800 JavaThread "jar transforms Thread 109" [_thread_blocked, id=2196, stack(0x0000001c1fc00000,0x0000001c1fd00000)]
  0x000001c1cadca000 JavaThread "jar transforms Thread 110" [_thread_blocked, id=4536, stack(0x0000001c1fd00000,0x0000001c1fe00000)]
  0x000001c1cadc7000 JavaThread "jar transforms Thread 111" [_thread_blocked, id=6604, stack(0x0000001c1fe00000,0x0000001c1ff00000)]
  0x000001c1cadc8800 JavaThread "jar transforms Thread 112" [_thread_blocked, id=5844, stack(0x0000001c1ff00000,0x0000001c20000000)]
  0x000001c1cadc4800 JavaThread "jar transforms Thread 113" [_thread_blocked, id=7984, stack(0x0000001c20000000,0x0000001c20100000)]
  0x000001c1cadc5800 JavaThread "jar transforms Thread 114" [_thread_blocked, id=4960, stack(0x0000001c20100000,0x0000001c20200000)]
  0x000001c1cadc8000 JavaThread "jar transforms Thread 115" [_thread_blocked, id=11064, stack(0x0000001c20200000,0x0000001c20300000)]
  0x000001c1cc383000 JavaThread "jar transforms Thread 116" [_thread_blocked, id=8872, stack(0x0000001c20300000,0x0000001c20400000)]
  0x000001c1cc387000 JavaThread "jar transforms Thread 117" [_thread_blocked, id=6836, stack(0x0000001c20400000,0x0000001c20500000)]
  0x000001c1cc386800 JavaThread "jar transforms Thread 118" [_thread_blocked, id=2216, stack(0x0000001c20500000,0x0000001c20600000)]
  0x000001c1cc384000 JavaThread "jar transforms Thread 119" [_thread_blocked, id=9100, stack(0x0000001c20600000,0x0000001c20700000)]
  0x000001c1cc388000 JavaThread "jar transforms Thread 120" [_thread_blocked, id=5980, stack(0x0000001c20700000,0x0000001c20800000)]
  0x000001c1cc385000 JavaThread "jar transforms Thread 121" [_thread_blocked, id=5280, stack(0x0000001c20800000,0x0000001c20900000)]
  0x000001c1cc382800 JavaThread "jar transforms Thread 122" [_thread_blocked, id=8140, stack(0x0000001c20900000,0x0000001c20a00000)]
  0x000001c1cc389800 JavaThread "jar transforms Thread 123" [_thread_blocked, id=11164, stack(0x0000001c20a00000,0x0000001c20b00000)]
  0x000001c1cc389000 JavaThread "jar transforms Thread 124" [_thread_blocked, id=10164, stack(0x0000001c20b00000,0x0000001c20c00000)]
  0x000001c1cc38a800 JavaThread "jar transforms Thread 125" [_thread_blocked, id=9432, stack(0x0000001c20c00000,0x0000001c20d00000)]
  0x000001c1cc38b800 JavaThread "jar transforms Thread 126" [_thread_blocked, id=5228, stack(0x0000001c20d00000,0x0000001c20e00000)]
  0x000001c1cc385800 JavaThread "jar transforms Thread 127" [_thread_blocked, id=2812, stack(0x0000001c20e00000,0x0000001c20f00000)]
  0x000001c1cc38f800 JavaThread "Memory manager" [_thread_blocked, id=7500, stack(0x0000001c21000000,0x0000001c21100000)]
=>0x000001c1ca2be800 JavaThread "C2 CompilerThread1" daemon [_thread_in_native, id=3584, stack(0x0000001c20f00000,0x0000001c21000000)]

Other Threads:
  0x000001c1c943d800 VMThread "VM Thread" [stack: 0x0000001c16800000,0x0000001c16900000] [id=1188]
  0x000001c1c9f43800 WatcherThread [stack: 0x0000001c17200000,0x0000001c17300000] [id=6052]
  0x000001c1ad915000 GCTaskThread "GC Thread#0" [stack: 0x0000001c16300000,0x0000001c16400000] [id=5752]
  0x000001c1ca152000 GCTaskThread "GC Thread#1" [stack: 0x0000001c17400000,0x0000001c17500000] [id=1016]
  0x000001c1cc2ef800 GCTaskThread "GC Thread#2" [stack: 0x0000001c18300000,0x0000001c18400000] [id=6996]
  0x000001c1cb2e6800 GCTaskThread "GC Thread#3" [stack: 0x0000001c18400000,0x0000001c18500000] [id=2000]
  0x000001c1ad947800 ConcurrentGCThread "G1 Main Marker" [stack: 0x0000001c16400000,0x0000001c16500000] [id=604]
  0x000001c1ad948800 ConcurrentGCThread "G1 Conc#0" [stack: 0x0000001c16500000,0x0000001c16600000] [id=2172]
  0x000001c1ad9b9800 ConcurrentGCThread "G1 Refine#0" [stack: 0x0000001c16600000,0x0000001c16700000] [id=3672]
  0x000001c1ad9bb000 ConcurrentGCThread "G1 Young RemSet Sampling" [stack: 0x0000001c16700000,0x0000001c16800000] [id=932]

Threads with active compile tasks:
C2 CompilerThread0  22612 6230       4       java.util.AbstractCollection::addAll (42 bytes)
C2 CompilerThread1  22612 6185       4       java.net.URLClassLoader$1::run (5 bytes)

VM state:not at safepoint (normal execution)

VM Mutex/Monitor currently owned by a thread: None

Heap address: 0x0000000080000000, size: 2048 MB, Compressed Oops mode: 32-bit
Narrow klass base: 0x0000000000000000, Narrow klass shift: 3
Compressed class space size: 1073741824 Address: 0x0000000100000000

Heap:
 garbage-first heap   total 143360K, used 64556K [0x0000000080000000, 0x0000000100000000)
  region size 1024K, 14 young (14336K), 4 survivors (4096K)
 Metaspace       used 62156K, capacity 63618K, committed 63744K, reserved 1103872K
  class space    used 7867K, capacity 8397K, committed 8448K, reserved 1048576K
Heap Regions: E=young(eden), S=young(survivor), O=old, HS=humongous(starts), HC=humongous(continues), CS=collection set, F=free, A=archive, TAMS=top-at-mark-start (previous, next)
|   0|0x0000000080000000, 0x0000000080100000, 0x0000000080100000|100%| O|  |TAMS 0x0000000080100000, 0x0000000080000000| Untracked 
|   1|0x0000000080100000, 0x0000000080200000, 0x0000000080200000|100%| O|  |TAMS 0x0000000080200000, 0x0000000080100000| Untracked 
|   2|0x0000000080200000, 0x0000000080300000, 0x0000000080300000|100%| O|  |TAMS 0x0000000080300000, 0x0000000080200000| Untracked 
|   3|0x0000000080300000, 0x0000000080400000, 0x0000000080400000|100%|HS|  |TAMS 0x0000000080400000, 0x0000000080300000| Complete 
|   4|0x0000000080400000, 0x0000000080500000, 0x0000000080500000|100%|HC|  |TAMS 0x0000000080500000, 0x0000000080400000| Complete 
|   5|0x0000000080500000, 0x0000000080600000, 0x0000000080600000|100%|HC|  |TAMS 0x0000000080600000, 0x0000000080500000| Complete 
|   6|0x0000000080600000, 0x0000000080700000, 0x0000000080700000|100%| O|  |TAMS 0x0000000080700000, 0x0000000080600000| Untracked 
|   7|0x0000000080700000, 0x0000000080800000, 0x0000000080800000|100%| O|  |TAMS 0x0000000080800000, 0x0000000080700000| Untracked 
|   8|0x0000000080800000, 0x0000000080900000, 0x0000000080900000|100%| O|  |TAMS 0x0000000080900000, 0x0000000080800000| Untracked 
|   9|0x0000000080900000, 0x0000000080a00000, 0x0000000080a00000|100%| O|  |TAMS 0x0000000080a00000, 0x0000000080900000| Untracked 
|  10|0x0000000080a00000, 0x0000000080b00000, 0x0000000080b00000|100%| O|  |TAMS 0x0000000080b00000, 0x0000000080a00000| Untracked 
|  11|0x0000000080b00000, 0x0000000080c00000, 0x0000000080c00000|100%| O|  |TAMS 0x0000000080c00000, 0x0000000080b00000| Untracked 
|  12|0x0000000080c00000, 0x0000000080d00000, 0x0000000080d00000|100%| O|  |TAMS 0x0000000080d00000, 0x0000000080c00000| Untracked 
|  13|0x0000000080d00000, 0x0000000080e00000, 0x0000000080e00000|100%| O|  |TAMS 0x0000000080e00000, 0x0000000080d00000| Untracked 
|  14|0x0000000080e00000, 0x0000000080f00000, 0x0000000080f00000|100%| O|  |TAMS 0x0000000080f00000, 0x0000000080e00000| Untracked 
|  15|0x0000000080f00000, 0x0000000081000000, 0x0000000081000000|100%| O|  |TAMS 0x0000000081000000, 0x0000000080f00000| Untracked 
|  16|0x0000000081000000, 0x0000000081100000, 0x0000000081100000|100%| O|  |TAMS 0x0000000081100000, 0x0000000081000000| Untracked 
|  17|0x0000000081100000, 0x0000000081200000, 0x0000000081200000|100%| O|  |TAMS 0x0000000081200000, 0x0000000081100000| Untracked 
|  18|0x0000000081200000, 0x0000000081300000, 0x0000000081300000|100%|HS|  |TAMS 0x0000000081300000, 0x0000000081200000| Complete 
|  19|0x0000000081300000, 0x0000000081400000, 0x0000000081400000|100%| O|  |TAMS 0x0000000081400000, 0x0000000081300000| Untracked 
|  20|0x0000000081400000, 0x0000000081500000, 0x0000000081500000|100%| O|  |TAMS 0x0000000081500000, 0x0000000081400000| Untracked 
|  21|0x0000000081500000, 0x0000000081600000, 0x0000000081600000|100%| O|  |TAMS 0x0000000081600000, 0x0000000081500000| Untracked 
|  22|0x0000000081600000, 0x0000000081700000, 0x0000000081700000|100%| O|  |TAMS 0x0000000081700000, 0x0000000081600000| Untracked 
|  23|0x0000000081700000, 0x0000000081800000, 0x0000000081800000|100%|HS|  |TAMS 0x0000000081800000, 0x0000000081700000| Complete 
|  24|0x0000000081800000, 0x0000000081900000, 0x0000000081900000|100%|HC|  |TAMS 0x0000000081900000, 0x0000000081800000| Complete 
|  25|0x0000000081900000, 0x0000000081a00000, 0x0000000081a00000|100%|HC|  |TAMS 0x0000000081a00000, 0x0000000081900000| Complete 
|  26|0x0000000081a00000, 0x0000000081b00000, 0x0000000081b00000|100%|HS|  |TAMS 0x0000000081b00000, 0x0000000081a00000| Complete 
|  27|0x0000000081b00000, 0x0000000081c00000, 0x0000000081c00000|100%|HC|  |TAMS 0x0000000081c00000, 0x0000000081b00000| Complete 
|  28|0x0000000081c00000, 0x0000000081d00000, 0x0000000081d00000|100%| O|  |TAMS 0x0000000081d00000, 0x0000000081c00000| Untracked 
|  29|0x0000000081d00000, 0x0000000081e00000, 0x0000000081e00000|100%| O|  |TAMS 0x0000000081e00000, 0x0000000081d00000| Untracked 
|  30|0x0000000081e00000, 0x0000000081f00000, 0x0000000081f00000|100%| O|  |TAMS 0x0000000081f00000, 0x0000000081e00000| Untracked 
|  31|0x0000000081f00000, 0x0000000082000000, 0x0000000082000000|100%| O|  |TAMS 0x0000000082000000, 0x0000000081f00000| Untracked 
|  32|0x0000000082000000, 0x0000000082100000, 0x0000000082100000|100%| O|  |TAMS 0x0000000082100000, 0x0000000082000000| Untracked 
|  33|0x0000000082100000, 0x0000000082200000, 0x0000000082200000|100%| O|  |TAMS 0x0000000082200000, 0x0000000082100000| Untracked 
|  34|0x0000000082200000, 0x0000000082300000, 0x0000000082300000|100%| O|  |TAMS 0x0000000082300000, 0x0000000082200000| Untracked 
|  35|0x0000000082300000, 0x0000000082400000, 0x0000000082400000|100%| O|  |TAMS 0x0000000082400000, 0x0000000082300000| Untracked 
|  36|0x0000000082400000, 0x0000000082500000, 0x0000000082500000|100%| O|  |TAMS 0x0000000082500000, 0x0000000082400000| Untracked 
|  37|0x0000000082500000, 0x0000000082600000, 0x0000000082600000|100%| O|  |TAMS 0x0000000082600000, 0x0000000082500000| Untracked 
|  38|0x0000000082600000, 0x0000000082700000, 0x0000000082700000|100%| O|  |TAMS 0x0000000082700000, 0x0000000082600000| Untracked 
|  39|0x0000000082700000, 0x0000000082800000, 0x0000000082800000|100%| O|  |TAMS 0x0000000082800000, 0x0000000082700000| Untracked 
|  40|0x0000000082800000, 0x0000000082900000, 0x0000000082900000|100%| O|  |TAMS 0x0000000082900000, 0x0000000082800000| Untracked 
|  41|0x0000000082900000, 0x0000000082a00000, 0x0000000082a00000|100%| O|  |TAMS 0x0000000082a00000, 0x0000000082900000| Untracked 
|  42|0x0000000082a00000, 0x0000000082b00000, 0x0000000082b00000|100%| O|  |TAMS 0x0000000082b00000, 0x0000000082a00000| Untracked 
|  43|0x0000000082b00000, 0x0000000082c00000, 0x0000000082c00000|100%| O|  |TAMS 0x0000000082c00000, 0x0000000082b00000| Untracked 
|  44|0x0000000082c00000, 0x0000000082d00000, 0x0000000082d00000|100%| O|  |TAMS 0x0000000082d00000, 0x0000000082c00000| Untracked 
|  45|0x0000000082d00000, 0x0000000082e00000, 0x0000000082e00000|100%| O|  |TAMS 0x0000000082e00000, 0x0000000082d00000| Untracked 
|  46|0x0000000082e00000, 0x0000000082f00000, 0x0000000082f00000|100%| O|  |TAMS 0x0000000082f00000, 0x0000000082e00000| Untracked 
|  47|0x0000000082f00000, 0x0000000083000000, 0x0000000083000000|100%| O|  |TAMS 0x0000000082f26600, 0x0000000082f00000| Untracked 
|  48|0x0000000083000000, 0x0000000083000000, 0x0000000083100000|  0%| F|  |TAMS 0x0000000083000000, 0x0000000083000000| Untracked 
|  49|0x0000000083100000, 0x0000000083200000, 0x0000000083200000|100%| O|  |TAMS 0x0000000083100000, 0x0000000083100000| Untracked 
|  50|0x0000000083200000, 0x0000000083300000, 0x0000000083300000|100%| O|  |TAMS 0x0000000083200000, 0x0000000083200000| Untracked 
|  51|0x0000000083300000, 0x00000000833a4a00, 0x0000000083400000| 64%| O|  |TAMS 0x0000000083300000, 0x0000000083300000| Untracked 
|  52|0x0000000083400000, 0x0000000083400000, 0x0000000083500000|  0%| F|  |TAMS 0x0000000083400000, 0x0000000083400000| Untracked 
|  53|0x0000000083500000, 0x0000000083500000, 0x0000000083600000|  0%| F|  |TAMS 0x0000000083500000, 0x0000000083500000| Untracked 
|  54|0x0000000083600000, 0x0000000083600000, 0x0000000083700000|  0%| F|  |TAMS 0x0000000083600000, 0x0000000083600000| Untracked 
|  55|0x0000000083700000, 0x0000000083700000, 0x0000000083800000|  0%| F|  |TAMS 0x0000000083700000, 0x0000000083700000| Untracked 
|  56|0x0000000083800000, 0x0000000083800000, 0x0000000083900000|  0%| F|  |TAMS 0x0000000083800000, 0x0000000083800000| Untracked 
|  57|0x0000000083900000, 0x0000000083900000, 0x0000000083a00000|  0%| F|  |TAMS 0x0000000083900000, 0x0000000083900000| Untracked 
|  58|0x0000000083a00000, 0x0000000083a00000, 0x0000000083b00000|  0%| F|  |TAMS 0x0000000083a00000, 0x0000000083a00000| Untracked 
|  59|0x0000000083b00000, 0x0000000083b00000, 0x0000000083c00000|  0%| F|  |TAMS 0x0000000083b00000, 0x0000000083b00000| Untracked 
|  60|0x0000000083c00000, 0x0000000083c00000, 0x0000000083d00000|  0%| F|  |TAMS 0x0000000083c00000, 0x0000000083c00000| Untracked 
|  61|0x0000000083d00000, 0x0000000083d00000, 0x0000000083e00000|  0%| F|  |TAMS 0x0000000083d00000, 0x0000000083d00000| Untracked 
|  62|0x0000000083e00000, 0x0000000083e00000, 0x0000000083f00000|  0%| F|  |TAMS 0x0000000083e00000, 0x0000000083e00000| Untracked 
|  63|0x0000000083f00000, 0x0000000083f00000, 0x0000000084000000|  0%| F|  |TAMS 0x0000000083f00000, 0x0000000083f00000| Untracked 
|  64|0x0000000084000000, 0x0000000084000000, 0x0000000084100000|  0%| F|  |TAMS 0x0000000084000000, 0x0000000084000000| Untracked 
|  65|0x0000000084100000, 0x0000000084100000, 0x0000000084200000|  0%| F|  |TAMS 0x0000000084100000, 0x0000000084100000| Untracked 
|  66|0x0000000084200000, 0x0000000084200000, 0x0000000084300000|  0%| F|  |TAMS 0x0000000084200000, 0x0000000084200000| Untracked 
|  67|0x0000000084300000, 0x0000000084300000, 0x0000000084400000|  0%| F|  |TAMS 0x0000000084300000, 0x0000000084300000| Untracked 
|  68|0x0000000084400000, 0x0000000084400000, 0x0000000084500000|  0%| F|  |TAMS 0x0000000084400000, 0x0000000084400000| Untracked 
|  69|0x0000000084500000, 0x0000000084500000, 0x0000000084600000|  0%| F|  |TAMS 0x0000000084500000, 0x0000000084500000| Untracked 
|  70|0x0000000084600000, 0x0000000084600000, 0x0000000084700000|  0%| F|  |TAMS 0x0000000084600000, 0x0000000084600000| Untracked 
|  71|0x0000000084700000, 0x0000000084700000, 0x0000000084800000|  0%| F|  |TAMS 0x0000000084700000, 0x0000000084700000| Untracked 
|  72|0x0000000084800000, 0x0000000084800000, 0x0000000084900000|  0%| F|  |TAMS 0x0000000084800000, 0x0000000084800000| Untracked 
|  73|0x0000000084900000, 0x0000000084900000, 0x0000000084a00000|  0%| F|  |TAMS 0x0000000084900000, 0x0000000084900000| Untracked 
|  74|0x0000000084a00000, 0x0000000084a00000, 0x0000000084b00000|  0%| F|  |TAMS 0x0000000084a00000, 0x0000000084a00000| Untracked 
|  75|0x0000000084b00000, 0x0000000084b00000, 0x0000000084c00000|  0%| F|  |TAMS 0x0000000084b00000, 0x0000000084b00000| Untracked 
|  76|0x0000000084c00000, 0x0000000084c00000, 0x0000000084d00000|  0%| F|  |TAMS 0x0000000084c00000, 0x0000000084c00000| Untracked 
|  77|0x0000000084d00000, 0x0000000084d00000, 0x0000000084e00000|  0%| F|  |TAMS 0x0000000084d00000, 0x0000000084d00000| Untracked 
|  78|0x0000000084e00000, 0x0000000084e00000, 0x0000000084f00000|  0%| F|  |TAMS 0x0000000084e00000, 0x0000000084e00000| Untracked 
|  79|0x0000000084f00000, 0x0000000084f00000, 0x0000000085000000|  0%| F|  |TAMS 0x0000000084f00000, 0x0000000084f00000| Untracked 
|  80|0x0000000085000000, 0x0000000085000000, 0x0000000085100000|  0%| F|  |TAMS 0x0000000085000000, 0x0000000085000000| Untracked 
|  81|0x0000000085100000, 0x0000000085100000, 0x0000000085200000|  0%| F|  |TAMS 0x0000000085100000, 0x0000000085100000| Untracked 
|  82|0x0000000085200000, 0x0000000085200000, 0x0000000085300000|  0%| F|  |TAMS 0x0000000085200000, 0x0000000085200000| Untracked 
|  83|0x0000000085300000, 0x0000000085300000, 0x0000000085400000|  0%| F|  |TAMS 0x0000000085300000, 0x0000000085300000| Untracked 
|  84|0x0000000085400000, 0x0000000085400000, 0x0000000085500000|  0%| F|  |TAMS 0x0000000085400000, 0x0000000085400000| Untracked 
|  85|0x0000000085500000, 0x0000000085500000, 0x0000000085600000|  0%| F|  |TAMS 0x0000000085500000, 0x0000000085500000| Untracked 
|  86|0x0000000085600000, 0x0000000085600000, 0x0000000085700000|  0%| F|  |TAMS 0x0000000085600000, 0x0000000085600000| Untracked 
|  87|0x0000000085700000, 0x0000000085700000, 0x0000000085800000|  0%| F|  |TAMS 0x0000000085700000, 0x0000000085700000| Untracked 
|  88|0x0000000085800000, 0x0000000085800000, 0x0000000085900000|  0%| F|  |TAMS 0x0000000085800000, 0x0000000085800000| Untracked 
|  89|0x0000000085900000, 0x0000000085966700, 0x0000000085a00000| 40%| S|CS|TAMS 0x0000000085900000, 0x0000000085900000| Complete 
|  90|0x0000000085a00000, 0x0000000085b00000, 0x0000000085b00000|100%| S|CS|TAMS 0x0000000085a00000, 0x0000000085a00000| Complete 
|  91|0x0000000085b00000, 0x0000000085c00000, 0x0000000085c00000|100%| S|CS|TAMS 0x0000000085b00000, 0x0000000085b00000| Complete 
|  92|0x0000000085c00000, 0x0000000085d00000, 0x0000000085d00000|100%| S|CS|TAMS 0x0000000085c00000, 0x0000000085c00000| Complete 
|  93|0x0000000085d00000, 0x0000000085d00000, 0x0000000085e00000|  0%| F|  |TAMS 0x0000000085d00000, 0x0000000085d00000| Untracked 
|  94|0x0000000085e00000, 0x0000000085e00000, 0x0000000085f00000|  0%| F|  |TAMS 0x0000000085e00000, 0x0000000085e00000| Untracked 
|  95|0x0000000085f00000, 0x0000000085f00000, 0x0000000086000000|  0%| F|  |TAMS 0x0000000085f00000, 0x0000000085f00000| Untracked 
|  96|0x0000000086000000, 0x0000000086000000, 0x0000000086100000|  0%| F|  |TAMS 0x0000000086000000, 0x0000000086000000| Untracked 
|  97|0x0000000086100000, 0x0000000086100000, 0x0000000086200000|  0%| F|  |TAMS 0x0000000086100000, 0x0000000086100000| Untracked 
|  98|0x0000000086200000, 0x0000000086200000, 0x0000000086300000|  0%| F|  |TAMS 0x0000000086200000, 0x0000000086200000| Untracked 
|  99|0x0000000086300000, 0x0000000086300000, 0x0000000086400000|  0%| F|  |TAMS 0x0000000086300000, 0x0000000086300000| Untracked 
| 100|0x0000000086400000, 0x0000000086400000, 0x0000000086500000|  0%| F|  |TAMS 0x0000000086400000, 0x0000000086400000| Untracked 
| 101|0x0000000086500000, 0x0000000086500000, 0x0000000086600000|  0%| F|  |TAMS 0x0000000086500000, 0x0000000086500000| Untracked 
| 102|0x0000000086600000, 0x0000000086600000, 0x0000000086700000|  0%| F|  |TAMS 0x0000000086600000, 0x0000000086600000| Untracked 
| 103|0x0000000086700000, 0x0000000086700000, 0x0000000086800000|  0%| F|  |TAMS 0x0000000086700000, 0x0000000086700000| Untracked 
| 104|0x0000000086800000, 0x0000000086800000, 0x0000000086900000|  0%| F|  |TAMS 0x0000000086800000, 0x0000000086800000| Untracked 
| 105|0x0000000086900000, 0x0000000086900000, 0x0000000086a00000|  0%| F|  |TAMS 0x0000000086900000, 0x0000000086900000| Untracked 
| 106|0x0000000086a00000, 0x0000000086a00000, 0x0000000086b00000|  0%| F|  |TAMS 0x0000000086a00000, 0x0000000086a00000| Untracked 
| 107|0x0000000086b00000, 0x0000000086b00000, 0x0000000086c00000|  0%| F|  |TAMS 0x0000000086b00000, 0x0000000086b00000| Untracked 
| 108|0x0000000086c00000, 0x0000000086c00000, 0x0000000086d00000|  0%| F|  |TAMS 0x0000000086c00000, 0x0000000086c00000| Untracked 
| 109|0x0000000086d00000, 0x0000000086d00000, 0x0000000086e00000|  0%| F|  |TAMS 0x0000000086d00000, 0x0000000086d00000| Untracked 
| 110|0x0000000086e00000, 0x0000000086e00000, 0x0000000086f00000|  0%| F|  |TAMS 0x0000000086e00000, 0x0000000086e00000| Untracked 
| 111|0x0000000086f00000, 0x0000000086f00000, 0x0000000087000000|  0%| F|  |TAMS 0x0000000086f00000, 0x0000000086f00000| Untracked 
| 112|0x0000000087000000, 0x0000000087000000, 0x0000000087100000|  0%| F|  |TAMS 0x0000000087000000, 0x0000000087000000| Untracked 
| 113|0x0000000087100000, 0x0000000087100000, 0x0000000087200000|  0%| F|  |TAMS 0x0000000087100000, 0x0000000087100000| Untracked 
| 114|0x0000000087200000, 0x0000000087200000, 0x0000000087300000|  0%| F|  |TAMS 0x0000000087200000, 0x0000000087200000| Untracked 
| 115|0x0000000087300000, 0x0000000087300000, 0x0000000087400000|  0%| F|  |TAMS 0x0000000087300000, 0x0000000087300000| Untracked 
| 116|0x0000000087400000, 0x0000000087400000, 0x0000000087500000|  0%| F|  |TAMS 0x0000000087400000, 0x0000000087400000| Untracked 
| 117|0x0000000087500000, 0x0000000087500000, 0x0000000087600000|  0%| F|  |TAMS 0x0000000087500000, 0x0000000087500000| Untracked 
| 118|0x0000000087600000, 0x0000000087600000, 0x0000000087700000|  0%| F|  |TAMS 0x0000000087600000, 0x0000000087600000| Untracked 
| 119|0x0000000087700000, 0x0000000087700000, 0x0000000087800000|  0%| F|  |TAMS 0x0000000087700000, 0x0000000087700000| Untracked 
| 120|0x0000000087800000, 0x0000000087800000, 0x0000000087900000|  0%| F|  |TAMS 0x0000000087800000, 0x0000000087800000| Untracked 
| 121|0x0000000087900000, 0x0000000087900000, 0x0000000087a00000|  0%| F|  |TAMS 0x0000000087900000, 0x0000000087900000| Untracked 
| 122|0x0000000087a00000, 0x0000000087a00000, 0x0000000087b00000|  0%| F|  |TAMS 0x0000000087a00000, 0x0000000087a00000| Untracked 
| 123|0x0000000087b00000, 0x0000000087b00000, 0x0000000087c00000|  0%| F|  |TAMS 0x0000000087b00000, 0x0000000087b00000| Untracked 
| 124|0x0000000087c00000, 0x0000000087c00000, 0x0000000087d00000|  0%| F|  |TAMS 0x0000000087c00000, 0x0000000087c00000| Untracked 
| 125|0x0000000087d00000, 0x0000000087d00000, 0x0000000087e00000|  0%| F|  |TAMS 0x0000000087d00000, 0x0000000087d00000| Untracked 
| 126|0x0000000087e00000, 0x0000000087e00000, 0x0000000087f00000|  0%| F|  |TAMS 0x0000000087e00000, 0x0000000087e00000| Untracked 
| 127|0x0000000087f00000, 0x0000000087f00000, 0x0000000088000000|  0%| F|  |TAMS 0x0000000087f00000, 0x0000000087f00000| Untracked 
| 128|0x0000000088000000, 0x0000000088000000, 0x0000000088100000|  0%| F|  |TAMS 0x0000000088000000, 0x0000000088000000| Untracked 
| 129|0x0000000088100000, 0x0000000088100000, 0x0000000088200000|  0%| F|  |TAMS 0x0000000088100000, 0x0000000088100000| Untracked 
| 130|0x0000000088200000, 0x0000000088300000, 0x0000000088300000|100%| E|  |TAMS 0x0000000088200000, 0x0000000088200000| Complete 
| 131|0x0000000088300000, 0x0000000088400000, 0x0000000088400000|100%| E|CS|TAMS 0x0000000088300000, 0x0000000088300000| Complete 
| 132|0x0000000088400000, 0x0000000088500000, 0x0000000088500000|100%| E|CS|TAMS 0x0000000088400000, 0x0000000088400000| Complete 
| 133|0x0000000088500000, 0x0000000088600000, 0x0000000088600000|100%| E|CS|TAMS 0x0000000088500000, 0x0000000088500000| Complete 
| 134|0x0000000088600000, 0x0000000088700000, 0x0000000088700000|100%| E|CS|TAMS 0x0000000088600000, 0x0000000088600000| Complete 
| 135|0x0000000088700000, 0x0000000088800000, 0x0000000088800000|100%| E|CS|TAMS 0x0000000088700000, 0x0000000088700000| Complete 
| 136|0x0000000088800000, 0x0000000088900000, 0x0000000088900000|100%| E|CS|TAMS 0x0000000088800000, 0x0000000088800000| Complete 
| 137|0x0000000088900000, 0x0000000088a00000, 0x0000000088a00000|100%| E|CS|TAMS 0x0000000088900000, 0x0000000088900000| Complete 
| 138|0x0000000088a00000, 0x0000000088b00000, 0x0000000088b00000|100%| E|CS|TAMS 0x0000000088a00000, 0x0000000088a00000| Complete 
| 139|0x0000000088b00000, 0x0000000088c00000, 0x0000000088c00000|100%| E|CS|TAMS 0x0000000088b00000, 0x0000000088b00000| Complete 

Card table byte_map: [0x000001c1c2620000,0x000001c1c2a20000] _byte_map_base: 0x000001c1c2220000

Marking Bits (Prev, Next): (CMBitMap*) 0x000001c1ad93eea0, (CMBitMap*) 0x000001c1ad93ee68
 Prev Bits: [0x000001c1c4e20000, 0x000001c1c6e20000)
 Next Bits: [0x000001c1c2e20000, 0x000001c1c4e20000)

Polling page: 0x000001c1ad9e0000

Metaspace:

Usage:
  Non-class:     53.93 MB capacity,    53.02 MB ( 98%) used,   790.51 KB (  1%) free+waste,   141.38 KB ( <1%) overhead. 
      Class:      8.20 MB capacity,     7.68 MB ( 94%) used,   463.57 KB (  6%) free+waste,    65.69 KB ( <1%) overhead. 
       Both:     62.13 MB capacity,    60.70 MB ( 98%) used,     1.22 MB (  2%) free+waste,   207.06 KB ( <1%) overhead. 

Virtual space:
  Non-class space:       54.00 MB reserved,      54.00 MB (100%) committed 
      Class space:        1.00 GB reserved,       8.25 MB ( <1%) committed 
             Both:        1.05 GB reserved,      62.25 MB (  6%) committed 

Chunk freelists:
   Non-Class:  11.00 KB
       Class:  19.00 KB
        Both:  30.00 KB

MaxMetaspaceSize: 17179869184.00 GB
CompressedClassSpaceSize: 1.00 GB

CodeHeap 'non-profiled nmethods': size=120064Kb used=3584Kb max_used=3584Kb free=116479Kb
 bounds [0x000001c1ba6c0000, 0x000001c1baa50000, 0x000001c1c1c00000]
CodeHeap 'profiled nmethods': size=120000Kb used=13504Kb max_used=13504Kb free=106495Kb
 bounds [0x000001c1b3190000, 0x000001c1b3ed0000, 0x000001c1ba6c0000]
CodeHeap 'non-nmethods': size=5696Kb used=2237Kb max_used=2270Kb free=3459Kb
 bounds [0x000001c1b2c00000, 0x000001c1b2e70000, 0x000001c1b3190000]
 total_blobs=7047 nmethods=6232 adapters=726
 compilation: enabled
              stopped_count=0, restarted_count=0
 full_count=0

Compilation events (20 events):
Event: 22.388 Thread 0x000001c1c9493000 6231   !   3       java.lang.ClassLoader::loadClass (122 bytes)
Event: 22.391 Thread 0x000001c1c9493000 nmethod 6231 0x000001c1b3ea5810 code [0x000001c1b3ea5be0, 0x000001c1b3ea7e58]
Event: 22.429 Thread 0x000001c1c9493000 6233       3       sun.reflect.generics.repository.ConstructorRepository::computeExceptionTypes (62 bytes)
Event: 22.430 Thread 0x000001c1c9493000 nmethod 6233 0x000001c1b3ea8b90 code [0x000001c1b3ea8dc0, 0x000001c1b3ea9788]
Event: 22.430 Thread 0x000001c1c9493000 6234       3       java.util.StringJoiner::add (104 bytes)
Event: 22.431 Thread 0x000001c1c9493000 nmethod 6234 0x000001c1b3ea9a90 code [0x000001c1b3ea9ce0, 0x000001c1b3eaa6b8]
Event: 22.433 Thread 0x000001c1c9493000 6235       3       java.beans.Introspector::isAssignable (27 bytes)
Event: 22.433 Thread 0x000001c1c9493000 nmethod 6235 0x000001c1b3eaaa10 code [0x000001c1b3eaabe0, 0x000001c1b3eaade8]
Event: 22.447 Thread 0x000001c1c9493000 6236       3       java.util.TimSort::countRunAndMakeAscending (128 bytes)
Event: 22.448 Thread 0x000001c1c9493000 nmethod 6236 0x000001c1b3eaae90 code [0x000001c1b3eab0e0, 0x000001c1b3eabbe8]
Event: 22.453 Thread 0x000001c1c9493000 6237       3       java.beans.FeatureDescriptor::<init> (69 bytes)
Event: 22.454 Thread 0x000001c1c9493000 nmethod 6237 0x000001c1b3eabf10 code [0x000001c1b3eac160, 0x000001c1b3eac8e8]
Event: 22.487 Thread 0x000001c1c9493000 6239   !   3       java.beans.PropertyDescriptor::<init> (347 bytes)
Event: 22.497 Thread 0x000001c1c9493000 nmethod 6239 0x000001c1b3eacb10 code [0x000001c1b3ead440, 0x000001c1b3eb39a8]
Event: 22.497 Thread 0x000001c1c9493000 6240       3       java.beans.PropertyDescriptor::setPropertyEditorClass (9 bytes)
Event: 22.497 Thread 0x000001c1c9493000 nmethod 6240 0x000001c1b3eb5810 code [0x000001c1b3eb5a00, 0x000001c1b3eb5d88]
Event: 22.497 Thread 0x000001c1c9493000 6241  s    3       java.beans.PropertyDescriptor::setReadMethod (22 bytes)
Event: 22.498 Thread 0x000001c1c9493000 nmethod 6241 0x000001c1b3eb5f10 code [0x000001c1b3eb6120, 0x000001c1b3eb6758]
Event: 22.501 Thread 0x000001c1c9493000 6242       3       org.codehaus.groovy.util.ManagedReference::get (10 bytes)
Event: 22.502 Thread 0x000001c1c9493000 nmethod 6242 0x000001c1b3eb6990 code [0x000001c1b3eb6b40, 0x000001c1b3eb6d08]

GC Heap History (20 events):
Event: 5.055 GC heap before
{Heap before GC invocations=6 (full 0):
 garbage-first heap   total 98304K, used 53109K [0x0000000080000000, 0x0000000100000000)
  region size 1024K, 40 young (40960K), 4 survivors (4096K)
 Metaspace       used 24846K, capacity 25416K, committed 25472K, reserved 1071104K
  class space    used 3189K, capacity 3425K, committed 3456K, reserved 1048576K
}
Event: 5.064 GC heap after
{Heap after GC invocations=7 (full 0):
 garbage-first heap   total 98304K, used 17660K [0x0000000080000000, 0x0000000100000000)
  region size 1024K, 2 young (2048K), 2 survivors (2048K)
 Metaspace       used 24846K, capacity 25416K, committed 25472K, reserved 1071104K
  class space    used 3189K, capacity 3425K, committed 3456K, reserved 1048576K
}
Event: 6.242 GC heap before
{Heap before GC invocations=7 (full 0):
 garbage-first heap   total 98304K, used 57596K [0x0000000080000000, 0x0000000100000000)
  region size 1024K, 41 young (41984K), 2 survivors (2048K)
 Metaspace       used 28984K, capacity 29653K, committed 29696K, reserved 1075200K
  class space    used 3859K, capacity 4093K, committed 4096K, reserved 1048576K
}
Event: 6.249 GC heap after
{Heap after GC invocations=8 (full 0):
 garbage-first heap   total 118784K, used 18942K [0x0000000080000000, 0x0000000100000000)
  region size 1024K, 4 young (4096K), 4 survivors (4096K)
 Metaspace       used 28984K, capacity 29653K, committed 29696K, reserved 1075200K
  class space    used 3859K, capacity 4093K, committed 4096K, reserved 1048576K
}
Event: 7.284 GC heap before
{Heap before GC invocations=8 (full 0):
 garbage-first heap   total 118784K, used 40446K [0x0000000080000000, 0x0000000100000000)
  region size 1024K, 27 young (27648K), 4 survivors (4096K)
 Metaspace       used 35117K, capacity 35795K, committed 35840K, reserved 1081344K
  class space    used 4556K, capacity 4822K, committed 4864K, reserved 1048576K
}
Event: 7.296 GC heap after
{Heap after GC invocations=9 (full 0):
 garbage-first heap   total 118784K, used 21409K [0x0000000080000000, 0x0000000100000000)
  region size 1024K, 6 young (6144K), 6 survivors (6144K)
 Metaspace       used 35117K, capacity 35795K, committed 35840K, reserved 1081344K
  class space    used 4556K, capacity 4822K, committed 4864K, reserved 1048576K
}
Event: 8.560 GC heap before
{Heap before GC invocations=10 (full 0):
 garbage-first heap   total 118784K, used 74657K [0x0000000080000000, 0x0000000100000000)
  region size 1024K, 55 young (56320K), 6 survivors (6144K)
 Metaspace       used 40161K, capacity 40906K, committed 41088K, reserved 1085440K
  class space    used 5104K, capacity 5403K, committed 5504K, reserved 1048576K
}
Event: 8.575 GC heap after
{Heap after GC invocations=11 (full 0):
 garbage-first heap   total 118784K, used 24696K [0x0000000080000000, 0x0000000100000000)
  region size 1024K, 6 young (6144K), 6 survivors (6144K)
 Metaspace       used 40161K, capacity 40906K, committed 41088K, reserved 1085440K
  class space    used 5104K, capacity 5403K, committed 5504K, reserved 1048576K
}
Event: 10.983 GC heap before
{Heap before GC invocations=11 (full 0):
 garbage-first heap   total 118784K, used 78968K [0x0000000080000000, 0x0000000100000000)
  region size 1024K, 59 young (60416K), 6 survivors (6144K)
 Metaspace       used 44259K, capacity 45250K, committed 45440K, reserved 1089536K
  class space    used 5648K, capacity 6001K, committed 6016K, reserved 1048576K
}
Event: 10.996 GC heap after
{Heap after GC invocations=12 (full 0):
 garbage-first heap   total 118784K, used 27592K [0x0000000080000000, 0x0000000100000000)
  region size 1024K, 7 young (7168K), 7 survivors (7168K)
 Metaspace       used 44259K, capacity 45250K, committed 45440K, reserved 1089536K
  class space    used 5648K, capacity 6001K, committed 6016K, reserved 1048576K
}
Event: 13.092 GC heap before
{Heap before GC invocations=12 (full 0):
 garbage-first heap   total 118784K, used 86984K [0x0000000080000000, 0x0000000100000000)
  region size 1024K, 60 young (61440K), 7 survivors (7168K)
 Metaspace       used 45166K, capacity 46218K, committed 46336K, reserved 1089536K
  class space    used 5753K, capacity 6127K, committed 6144K, reserved 1048576K
}
Event: 13.113 GC heap after
{Heap after GC invocations=13 (full 0):
 garbage-first heap   total 118784K, used 46648K [0x0000000080000000, 0x0000000100000000)
  region size 1024K, 8 young (8192K), 8 survivors (8192K)
 Metaspace       used 45166K, capacity 46218K, committed 46336K, reserved 1089536K
  class space    used 5753K, capacity 6127K, committed 6144K, reserved 1048576K
}
Event: 16.434 GC heap before
{Heap before GC invocations=13 (full 0):
 garbage-first heap   total 118784K, used 87608K [0x0000000080000000, 0x0000000100000000)
  region size 1024K, 48 young (49152K), 8 survivors (8192K)
 Metaspace       used 50551K, capacity 51759K, committed 51968K, reserved 1093632K
  class space    used 6400K, capacity 6858K, committed 6912K, reserved 1048576K
}
Event: 16.447 GC heap after
{Heap after GC invocations=14 (full 0):
 garbage-first heap   total 143360K, used 48537K [0x0000000080000000, 0x0000000100000000)
  region size 1024K, 2 young (2048K), 2 survivors (2048K)
 Metaspace       used 50551K, capacity 51759K, committed 51968K, reserved 1093632K
  class space    used 6400K, capacity 6858K, committed 6912K, reserved 1048576K
}
Event: 19.727 GC heap before
{Heap before GC invocations=14 (full 0):
 garbage-first heap   total 143360K, used 100761K [0x0000000080000000, 0x0000000100000000)
  region size 1024K, 53 young (54272K), 2 survivors (2048K)
 Metaspace       used 57385K, capacity 58811K, committed 59136K, reserved 1099776K
  class space    used 7273K, capacity 7830K, committed 7936K, reserved 1048576K
}
Event: 19.736 GC heap after
{Heap after GC invocations=15 (full 0):
 garbage-first heap   total 143360K, used 51784K [0x0000000080000000, 0x0000000100000000)
  region size 1024K, 5 young (5120K), 5 survivors (5120K)
 Metaspace       used 57385K, capacity 58811K, committed 59136K, reserved 1099776K
  class space    used 7273K, capacity 7830K, committed 7936K, reserved 1048576K
}
Event: 20.302 GC heap before
{Heap before GC invocations=15 (full 0):
 garbage-first heap   total 143360K, used 63048K [0x0000000080000000, 0x0000000100000000)
  region size 1024K, 17 young (17408K), 5 survivors (5120K)
 Metaspace       used 58544K, capacity 59906K, committed 60160K, reserved 1101824K
  class space    used 7413K, capacity 7936K, committed 7936K, reserved 1048576K
}
Event: 20.315 GC heap after
{Heap after GC invocations=16 (full 0):
 garbage-first heap   total 143360K, used 52783K [0x0000000080000000, 0x0000000100000000)
  region size 1024K, 5 young (5120K), 5 survivors (5120K)
 Metaspace       used 58544K, capacity 59906K, committed 60160K, reserved 1101824K
  class space    used 7413K, capacity 7936K, committed 7936K, reserved 1048576K
}
Event: 22.285 GC heap before
{Heap before GC invocations=17 (full 0):
 garbage-first heap   total 143360K, used 96815K [0x0000000080000000, 0x0000000100000000)
  region size 1024K, 47 young (48128K), 5 survivors (5120K)
 Metaspace       used 62015K, capacity 63450K, committed 63744K, reserved 1103872K
  class space    used 7836K, capacity 8361K, committed 8448K, reserved 1048576K
}
Event: 22.297 GC heap after
{Heap after GC invocations=18 (full 0):
 garbage-first heap   total 143360K, used 55340K [0x0000000080000000, 0x0000000100000000)
  region size 1024K, 4 young (4096K), 4 survivors (4096K)
 Metaspace       used 62015K, capacity 63450K, committed 63744K, reserved 1103872K
  class space    used 7836K, capacity 8361K, committed 8448K, reserved 1048576K
}

Deoptimization events (20 events):
Event: 22.253 Thread 0x000001c1cc3d4000 Uncommon trap: trap_request=0xffffff4d fr.pc=0x000001c1ba94706c relative=0x0000000000000c2c
Event: 22.253 Thread 0x000001c1cc3d4000 Uncommon trap: reason=unstable_if action=reinterpret pc=0x000001c1ba94706c method=java.lang.ClassLoader.loadClass(Ljava/lang/String;Z)Ljava/lang/Class; @ 29 c2
Event: 22.253 Thread 0x000001c1cc3d4000 DEOPT PACKING pc=0x000001c1ba94706c sp=0x0000001c17df7e70
Event: 22.253 Thread 0x000001c1cc3d4000 DEOPT UNPACKING pc=0x000001c1b2c265af sp=0x0000001c17df7e38 mode 2
Event: 22.300 Thread 0x000001c1c9f3e800 Uncommon trap: trap_request=0xffffffde fr.pc=0x000001c1ba80456c relative=0x000000000000052c
Event: 22.301 Thread 0x000001c1c9f3e800 Uncommon trap: reason=class_check action=maybe_recompile pc=0x000001c1ba80456c method=jdk.internal.ref.PhantomCleanable.clean()V @ 12 c2
Event: 22.301 Thread 0x000001c1c9f3e800 DEOPT PACKING pc=0x000001c1ba80456c sp=0x0000001c171fef10
Event: 22.301 Thread 0x000001c1c9f3e800 DEOPT UNPACKING pc=0x000001c1b2c265af sp=0x0000001c171feef0 mode 2
Event: 22.304 Thread 0x000001c1cc3d4000 Uncommon trap: trap_request=0xffffff4d fr.pc=0x000001c1ba9aaf30 relative=0x0000000000001eb0
Event: 22.304 Thread 0x000001c1cc3d4000 Uncommon trap: reason=unstable_if action=reinterpret pc=0x000001c1ba9aaf30 method=org.codehaus.groovy.reflection.CachedMethod.compareToMethod(Ljava/lang/reflect/Method;)I @ 71 c2
Event: 22.304 Thread 0x000001c1cc3d4000 DEOPT PACKING pc=0x000001c1ba9aaf30 sp=0x0000001c17df9d00
Event: 22.304 Thread 0x000001c1cc3d4000 DEOPT UNPACKING pc=0x000001c1b2c265af sp=0x0000001c17df9b48 mode 2
Event: 22.429 Thread 0x000001c1cc3d4000 Uncommon trap: trap_request=0xffffff4d fr.pc=0x000001c1baa337f4 relative=0x0000000000000334
Event: 22.429 Thread 0x000001c1cc3d4000 Uncommon trap: reason=unstable_if action=reinterpret pc=0x000001c1baa337f4 method=java.util.StringJoiner.add(Ljava/lang/CharSequence;)Ljava/util/StringJoiner; @ 33 c2
Event: 22.429 Thread 0x000001c1cc3d4000 DEOPT PACKING pc=0x000001c1baa337f4 sp=0x0000001c17df5eb0
Event: 22.429 Thread 0x000001c1cc3d4000 DEOPT UNPACKING pc=0x000001c1b2c265af sp=0x0000001c17df5e60 mode 2
Event: 22.527 Thread 0x000001c1cc3d4000 Uncommon trap: trap_request=0xfffffff4 fr.pc=0x000001c1baa3534c relative=0x000000000000082c
Event: 22.527 Thread 0x000001c1cc3d4000 Uncommon trap: reason=null_check action=make_not_entrant pc=0x000001c1baa3534c method=com.sun.beans.introspect.MethodInfo$MethodOrder.compare(Ljava/lang/reflect/Method;Ljava/lang/reflect/Method;)I @ 133 c2
Event: 22.527 Thread 0x000001c1cc3d4000 DEOPT PACKING pc=0x000001c1baa3534c sp=0x0000001c17df3fb0
Event: 22.527 Thread 0x000001c1cc3d4000 DEOPT UNPACKING pc=0x000001c1b2c265af sp=0x0000001c17df3f50 mode 2

Classes redefined (0 events):
No events

Internal exceptions (20 events):
Event: 22.321 Thread 0x000001c1cc3d4000 Exception <a 'java/lang/ClassNotFoundException'{0x0000000088b656b8}: groovy/lang/ReferenceCustomizer> (0x0000000088b656b8) thrown at [./src/hotspot/share/classfile/systemDictionary.cpp, line 231]
Event: 22.417 Thread 0x000001c1cc3d4000 Exception <a 'java/lang/ClassNotFoundException'{0x000000008881b528}: com/android/build/gradle/internal/dsl/BaseAppModuleExtension_DecoratedBeanInfo> (0x000000008881b528) thrown at [./src/hotspot/share/classfile/systemDictionary.cpp, line 231]
Event: 22.418 Thread 0x000001c1cc3d4000 Exception <a 'java/lang/ClassNotFoundException'{0x0000000088835710}: com/android/build/gradle/internal/dsl/BaseAppModuleExtensionBeanInfo> (0x0000000088835710) thrown at [./src/hotspot/share/classfile/systemDictionary.cpp, line 231]
Event: 22.419 Thread 0x000001c1cc3d4000 Exception <a 'java/lang/ClassNotFoundException'{0x000000008884bcf0}: com/android/build/gradle/AppExtensionBeanInfo> (0x000000008884bcf0) thrown at [./src/hotspot/share/classfile/systemDictionary.cpp, line 231]
Event: 22.419 Thread 0x000001c1cc3d4000 Exception <a 'java/lang/ClassNotFoundException'{0x00000000888636f8}: com/android/build/gradle/AbstractAppExtensionBeanInfo> (0x00000000888636f8) thrown at [./src/hotspot/share/classfile/systemDictionary.cpp, line 231]
Event: 22.420 Thread 0x000001c1cc3d4000 Exception <a 'java/lang/ClassNotFoundException'{0x000000008887a008}: com/android/build/gradle/TestedExtensionBeanInfo> (0x000000008887a008) thrown at [./src/hotspot/share/classfile/systemDictionary.cpp, line 231]
Event: 22.421 Thread 0x000001c1cc3d4000 Exception <a 'java/lang/ClassNotFoundException'{0x0000000088890d00}: com/android/build/gradle/BaseExtensionBeanInfo> (0x0000000088890d00) thrown at [./src/hotspot/share/classfile/systemDictionary.cpp, line 231]
Event: 22.422 Thread 0x000001c1cc3d4000 Exception <a 'java/lang/ClassNotFoundException'{0x00000000888a75d8}: com/android/build/gradle/BaseExtensionCustomizer> (0x00000000888a75d8) thrown at [./src/hotspot/share/classfile/systemDictionary.cpp, line 231]
Event: 22.434 Thread 0x000001c1cc3d4000 Exception <a 'java/lang/ClassNotFoundException'{0x00000000887164c0}: com/android/build/gradle/TestedExtensionCustomizer> (0x00000000887164c0) thrown at [./src/hotspot/share/classfile/systemDictionary.cpp, line 231]
Event: 22.436 Thread 0x000001c1cc3d4000 Exception <a 'java/lang/ClassNotFoundException'{0x0000000088746770}: com/android/build/gradle/AbstractAppExtensionCustomizer> (0x0000000088746770) thrown at [./src/hotspot/share/classfile/systemDictionary.cpp, line 231]
Event: 22.438 Thread 0x000001c1cc3d4000 Exception <a 'java/lang/ClassNotFoundException'{0x0000000088772e58}: com/android/build/gradle/AppExtensionCustomizer> (0x0000000088772e58) thrown at [./src/hotspot/share/classfile/systemDictionary.cpp, line 231]
Event: 22.440 Thread 0x000001c1cc3d4000 Exception <a 'java/lang/ClassNotFoundException'{0x00000000887a1b58}: com/android/build/gradle/internal/dsl/BaseAppModuleExtensionCustomizer> (0x00000000887a1b58) thrown at [./src/hotspot/share/classfile/systemDictionary.cpp, line 231]
Event: 22.460 Thread 0x000001c1cc3d4000 Exception <a 'java/lang/ClassNotFoundException'{0x000000008864b620}: com/android/build/gradle/internal/dsl/BaseAppModuleExtension_DecoratedCustomizer> (0x000000008864b620) thrown at [./src/hotspot/share/classfile/systemDictionary.cpp, line 231]
Event: 22.520 Thread 0x000001c1cc3d4000 Exception <a 'java/lang/ClassNotFoundException'{0x0000000088486a38}: com/android/build/gradle/internal/dsl/DefaultConfig_DecoratedBeanInfo> (0x0000000088486a38) thrown at [./src/hotspot/share/classfile/systemDictionary.cpp, line 231]
Event: 22.521 Thread 0x000001c1cc3d4000 Exception <a 'java/lang/ClassNotFoundException'{0x00000000884a0a78}: com/android/build/gradle/internal/dsl/DefaultConfigBeanInfo> (0x00000000884a0a78) thrown at [./src/hotspot/share/classfile/systemDictionary.cpp, line 231]
Event: 22.522 Thread 0x000001c1cc3d4000 Exception <a 'java/lang/ClassNotFoundException'{0x00000000884b9a58}: com/android/build/gradle/internal/dsl/BaseFlavorBeanInfo> (0x00000000884b9a58) thrown at [./src/hotspot/share/classfile/systemDictionary.cpp, line 231]
Event: 22.522 Thread 0x000001c1cc3d4000 Exception <a 'java/lang/ClassNotFoundException'{0x00000000884d2930}: com/android/builder/core/AbstractProductFlavorBeanInfo> (0x00000000884d2930) thrown at [./src/hotspot/share/classfile/systemDictionary.cpp, line 231]
Event: 22.526 Thread 0x000001c1cc3d4000 Exception <a 'java/lang/ClassNotFoundException'{0x00000000884eb7e0}: com/android/builder/internal/BaseConfigImplBeanInfo> (0x00000000884eb7e0) thrown at [./src/hotspot/share/classfile/systemDictionary.cpp, line 231]
Event: 22.526 Thread 0x000001c1cc3d4000 Exception <a 'java/lang/ClassNotFoundException'{0x0000000088304930}: com/android/builder/internal/BaseConfigImplCustomizer> (0x0000000088304930) thrown at [./src/hotspot/share/classfile/systemDictionary.cpp, line 231]
Event: 22.527 Thread 0x000001c1cc3d4000 Implicit null exception at 0x000001c1baa34dd8 to 0x000001c1baa3533c

Events (20 events):
Event: 22.521 loading class com/android/build/gradle/internal/dsl/DefaultConfigBeanInfo
Event: 22.521 loading class com/android/build/gradle/internal/dsl/DefaultConfigBeanInfo done
Event: 22.521 loading class com/android/build/gradle/internal/dsl/BaseFlavorBeanInfo
Event: 22.521 loading class com/android/build/gradle/internal/dsl/BaseFlavorBeanInfo done
Event: 22.522 loading class com/android/build/gradle/internal/dsl/BaseFlavorBeanInfo
Event: 22.522 loading class com/android/build/gradle/internal/dsl/BaseFlavorBeanInfo done
Event: 22.522 loading class com/android/builder/core/AbstractProductFlavorBeanInfo
Event: 22.522 loading class com/android/builder/core/AbstractProductFlavorBeanInfo done
Event: 22.522 loading class com/android/builder/core/AbstractProductFlavorBeanInfo
Event: 22.522 loading class com/android/builder/core/AbstractProductFlavorBeanInfo done
Event: 22.524 loading class com/android/builder/internal/BaseConfigImplBeanInfo
Event: 22.524 loading class com/android/builder/internal/BaseConfigImplBeanInfo done
Event: 22.525 loading class com/android/builder/internal/BaseConfigImplBeanInfo
Event: 22.525 loading class com/android/builder/internal/BaseConfigImplBeanInfo done
Event: 22.526 loading class com/android/builder/internal/BaseConfigImplCustomizer
Event: 22.526 loading class com/android/builder/internal/BaseConfigImplCustomizer done
Event: 22.526 loading class com/android/builder/internal/BaseConfigImplCustomizer
Event: 22.526 loading class com/android/builder/internal/BaseConfigImplCustomizer done
Event: 22.545 loading class com/android/builder/core/AbstractProductFlavorCustomizer
Event: 22.545 loading class com/android/builder/core/AbstractProductFlavorCustomizer done


Dynamic libraries:
0x00007ff651110000 - 0x00007ff65111a000 	C:\Program Files\Android\Android Studio\jre\bin\java.exe
0x00007ffc11f10000 - 0x00007ffc12105000 	C:\Windows\SYSTEM32\ntdll.dll
0x00007ffc0ff60000 - 0x00007ffc1001e000 	C:\Windows\System32\KERNEL32.DLL
0x00007ffc0f9f0000 - 0x00007ffc0fcb8000 	C:\Windows\System32\KERNELBASE.dll
0x00007ffc0f6c0000 - 0x00007ffc0f7c0000 	C:\Windows\System32\ucrtbase.dll
0x00007ffbfae20000 - 0x00007ffbfae37000 	C:\Program Files\Android\Android Studio\jre\bin\VCRUNTIME140.dll
0x00007ffbfde00000 - 0x00007ffbfde19000 	C:\Program Files\Android\Android Studio\jre\bin\jli.dll
0x00007ffc11200000 - 0x00007ffc113a0000 	C:\Windows\System32\USER32.dll
0x00007ffbfec80000 - 0x00007ffbfef1a000 	C:\Windows\WinSxS\amd64_microsoft.windows.common-controls_6595b64144ccf1df_6.0.19041.1110_none_60b5254171f9507e\COMCTL32.dll
0x00007ffc0f620000 - 0x00007ffc0f642000 	C:\Windows\System32\win32u.dll
0x00007ffc11080000 - 0x00007ffc1111e000 	C:\Windows\System32\msvcrt.dll
0x00007ffc11050000 - 0x00007ffc1107b000 	C:\Windows\System32\GDI32.dll
0x00007ffc0fe50000 - 0x00007ffc0ff5d000 	C:\Windows\System32\gdi32full.dll
0x00007ffc0f7c0000 - 0x00007ffc0f85d000 	C:\Windows\System32\msvcp_win.dll
0x00007ffc11020000 - 0x00007ffc11050000 	C:\Windows\System32\IMM32.DLL
0x00007ffbcecd0000 - 0x00007ffbced6d000 	C:\Program Files\Android\Android Studio\jre\bin\msvcp140.dll
0x00007ffbac7c0000 - 0x00007ffbad295000 	C:\Program Files\Android\Android Studio\jre\bin\server\jvm.dll
0x00007ffc119d0000 - 0x00007ffc11a7e000 	C:\Windows\System32\ADVAPI32.dll
0x00007ffc114b0000 - 0x00007ffc1154c000 	C:\Windows\System32\sechost.dll
0x00007ffc10020000 - 0x00007ffc10145000 	C:\Windows\System32\RPCRT4.dll
0x00007ffc11e60000 - 0x00007ffc11e68000 	C:\Windows\System32\PSAPI.DLL
0x00007ffbfb8f0000 - 0x00007ffbfb8f9000 	C:\Windows\SYSTEM32\WSOCK32.dll
0x00007ffc05f50000 - 0x00007ffc05f5a000 	C:\Windows\SYSTEM32\VERSION.dll
0x00007ffc10fb0000 - 0x00007ffc1101b000 	C:\Windows\System32\WS2_32.dll
0x00007ffc05f60000 - 0x00007ffc05f87000 	C:\Windows\SYSTEM32\WINMM.dll
0x00007ffc0d4d0000 - 0x00007ffc0d4e2000 	C:\Windows\SYSTEM32\kernel.appcore.dll
0x00007ffc04f60000 - 0x00007ffc04f71000 	C:\Program Files\Android\Android Studio\jre\bin\verify.dll
0x00007ffbfd900000 - 0x00007ffbfdae4000 	C:\Windows\SYSTEM32\DBGHELP.DLL
0x00007ffbfd890000 - 0x00007ffbfd8bc000 	C:\Windows\SYSTEM32\dbgcore.DLL
0x00007ffc0f860000 - 0x00007ffc0f8e2000 	C:\Windows\System32\bcryptPrimitives.dll
0x00007ffc00d60000 - 0x00007ffc00d89000 	C:\Program Files\Android\Android Studio\jre\bin\java.dll
0x00007ffc08f70000 - 0x00007ffc08f7b000 	C:\Program Files\Android\Android Studio\jre\bin\jimage.dll
0x00007ffbfddc0000 - 0x00007ffbfddd8000 	C:\Program Files\Android\Android Studio\jre\bin\zip.dll
0x00007ffc10840000 - 0x00007ffc10f84000 	C:\Windows\System32\SHELL32.dll
0x00007ffc0d6d0000 - 0x00007ffc0de64000 	C:\Windows\SYSTEM32\windows.storage.dll
0x00007ffc104e0000 - 0x00007ffc10835000 	C:\Windows\System32\combase.dll
0x00007ffc0ef90000 - 0x00007ffc0efbe000 	C:\Windows\SYSTEM32\Wldp.dll
0x00007ffc113a0000 - 0x00007ffc1144d000 	C:\Windows\System32\SHCORE.dll
0x00007ffc11cd0000 - 0x00007ffc11d25000 	C:\Windows\System32\shlwapi.dll
0x00007ffc0f560000 - 0x00007ffc0f57f000 	C:\Windows\SYSTEM32\profapi.dll
0x00007ffbfc8f0000 - 0x00007ffbfc90a000 	C:\Program Files\Android\Android Studio\jre\bin\net.dll
0x00007ffc08bc0000 - 0x00007ffc08ccc000 	C:\Windows\SYSTEM32\WINHTTP.dll
0x00007ffc0ed00000 - 0x00007ffc0ed6a000 	C:\Windows\system32\mswsock.dll
0x00007ffbfb5a0000 - 0x00007ffbfb5b4000 	C:\Program Files\Android\Android Studio\jre\bin\nio.dll
0x00007ffc00da0000 - 0x00007ffc00dc7000 	C:\Users\Ali Usman\.gradle\native\fdc75f09e3144964f2cf3f50f0aa648679c211496f362492102eb8c894070792\windows-amd64\native-platform.dll
0x00007ffbc69e0000 - 0x00007ffbc6b76000 	C:\Users\Ali Usman\.gradle\native\12488b8bf47d2d4c9fbf2f6322a914ad602e24e48041cd04a747c6da556b65c4\windows-amd64\native-platform-file-events.dll
0x00007ffc08e90000 - 0x00007ffc08e9a000 	C:\Program Files\Android\Android Studio\jre\bin\management.dll
0x00007ffbffdf0000 - 0x00007ffbffdfd000 	C:\Program Files\Android\Android Studio\jre\bin\management_ext.dll
0x00007ffc0f310000 - 0x00007ffc0f328000 	C:\Windows\SYSTEM32\CRYPTSP.dll
0x00007ffc0e640000 - 0x00007ffc0e674000 	C:\Windows\system32\rsaenh.dll
0x00007ffc0fcc0000 - 0x00007ffc0fce7000 	C:\Windows\System32\bcrypt.dll
0x00007ffc0f520000 - 0x00007ffc0f54e000 	C:\Windows\SYSTEM32\USERENV.dll
0x00007ffc0ee90000 - 0x00007ffc0ee9c000 	C:\Windows\SYSTEM32\CRYPTBASE.dll
0x00007ffc0ea10000 - 0x00007ffc0ea4b000 	C:\Windows\SYSTEM32\IPHLPAPI.DLL
0x00007ffc102e0000 - 0x00007ffc102e8000 	C:\Windows\System32\NSI.dll
0x00007ffc080a0000 - 0x00007ffc080b7000 	C:\Windows\SYSTEM32\dhcpcsvc6.DLL
0x00007ffc07f90000 - 0x00007ffc07fad000 	C:\Windows\SYSTEM32\dhcpcsvc.DLL
0x00007ffc0ea50000 - 0x00007ffc0eb1b000 	C:\Windows\SYSTEM32\DNSAPI.dll
0x00007ffc08eb0000 - 0x00007ffc08ebb000 	C:\Windows\SYSTEM32\WINNSI.DLL

dbghelp: loaded successfully - version: 4.0.5 - missing functions: none
symbol engine: initialized successfully - sym options: 0x614 - pdb path: .;C:\Program Files\Android\Android Studio\jre\bin;C:\Windows\SYSTEM32;C:\Windows\WinSxS\amd64_microsoft.windows.common-controls_6595b64144ccf1df_6.0.19041.1110_none_60b5254171f9507e;C:\Program Files\Android\Android Studio\jre\bin\server;C:\Users\Ali Usman\.gradle\native\fdc75f09e3144964f2cf3f50f0aa648679c211496f362492102eb8c894070792\windows-amd64;C:\Users\Ali Usman\.gradle\native\12488b8bf47d2d4c9fbf2f6322a914ad602e24e48041cd04a747c6da556b65c4\windows-amd64

VM Arguments:
jvm_args: --add-opens=java.base/java.util=ALL-UNNAMED --add-opens=java.base/java.lang=ALL-UNNAMED --add-opens=java.base/java.lang.invoke=ALL-UNNAMED --add-opens=java.prefs/java.util.prefs=ALL-UNNAMED -Xmx2048m -Dfile.encoding=windows-1252 -Duser.country=US -Duser.language=en -Duser.variant 
java_command: org.gradle.launcher.daemon.bootstrap.GradleDaemon 6.7.1
java_class_path (initial): C:\Users\Ali Usman\.gradle\wrapper\dists\gradle-6.7.1-all\2moa8rlfac5eqlcfgk98k0deb\gradle-6.7.1\lib\gradle-launcher-6.7.1.jar
Launcher Type: SUN_STANDARD

[Global flags]
     intx CICompilerCount                          = 3                                         {product} {ergonomic}
     uint ConcGCThreads                            = 1                                         {product} {ergonomic}
     uint G1ConcRefinementThreads                  = 4                                         {product} {ergonomic}
   size_t G1HeapRegionSize                         = 1048576                                   {product} {ergonomic}
    uintx GCDrainStackTargetSize                   = 64                                        {product} {ergonomic}
   size_t InitialHeapSize                          = 100663296                                 {product} {ergonomic}
   size_t MarkStackSize                            = 4194304                                   {product} {ergonomic}
   size_t MaxHeapSize                              = 2147483648                                {product} {command line}
   size_t MaxNewSize                               = 1287651328                                {product} {ergonomic}
   size_t MinHeapDeltaBytes                        = 1048576                                   {product} {ergonomic}
    uintx NonNMethodCodeHeapSize                   = 5830732                                {pd product} {ergonomic}
    uintx NonProfiledCodeHeapSize                  = 122913754                              {pd product} {ergonomic}
    uintx ProfiledCodeHeapSize                     = 122913754                              {pd product} {ergonomic}
    uintx ReservedCodeCacheSize                    = 251658240                              {pd product} {ergonomic}
     bool SegmentedCodeCache                       = true                                      {product} {ergonomic}
     bool UseCompressedClassPointers               = true                                 {lp64_product} {ergonomic}
     bool UseCompressedOops                        = true                                 {lp64_product} {ergonomic}
     bool UseG1GC                                  = true                                      {product} {ergonomic}
     bool UseLargePagesIndividualAllocation        = false                                  {pd product} {ergonomic}

Logging:
Log output configuration:
 #0: stdout all=warning uptime,level,tags
 #1: stderr all=off uptime,level,tags

Environment Variables:
JAVA_HOME=C:\Program Files\Java\jdk1.8.0_291
PATH=C:\Python310\Scripts\;C:\Python310\;c:\mingw\bin;C:\Program Files (x86)\Common Files\Oracle\Java\javapath;C:\Program Files\Python37\Scripts\;C:\Program Files\Python37\;C:\Windows\system32;C:\Windows;C:\Windows\System32\Wbem;C:\Windows\System32\WindowsPowerShell\v1.0\;C:\Windows\System32\OpenSSH\;C:\Program Files (x86)\AMD\ATI.ACE\Core-Static;C:\Users\Ali Usman\AppData\Roaming\Python\Python37\Scripts;F:\download\Compressed\openjfx-11.0.2_windows-x64_bin-sdk\javafx-sdk-11.0.2\lib;C:\Program Files (x86)\Inno Setup 6;C:\Program Files\Java\jdk1.8.0_291\bin;C:\Program Files\Git\cmd;C:\Program Files\PostgreSQL\13\bin;C:\Program Files\nodejs\;C:\ProgramData\chocolatey\bin;C:\Users\Ali Usman\AppData\Local\Microsoft\WindowsApps;C:\Program Files\JetBrains\PyCharm Community Edition 2020.3.4\bin;;F:\download\Compressed\openjfx-11.0.2_windows-x64_bin-sdk\javafx-sdk-11.0.2\lib;C:\Program Files\Java\jdk1.8.0_291\bin;C:\Users\Ali Usman\AppData\Local\Programs\Microsoft VS Code\bin;C:\Program Files\heroku\bin;C:\Users\Ali Usman\flutter\flutter\bin;C:\Users\Ali Usman\dart\dart-sdk;C:\Users\Ali Usman\AppData\Local\Android\Sdk\platform-tools;C:\Users\Ali Usman\AppData\Roaming\npm
USERNAME=Ali Usman
OS=Windows_NT
PROCESSOR_IDENTIFIER=Intel64 Family 6 Model 58 Stepping 9, GenuineIntel



---------------  S Y S T E M  ---------------

OS: Windows 10 , 64 bit Build 19041 (10.0.19041.1503)
OS uptime: 0 days 3:28 hours
Hyper-V role detected

CPU:total 4 (initial active 4) (2 cores per cpu, 2 threads per core) family 6 model 58 stepping 9 microcode 0x21, cmov, cx8, fxsr, mmx, sse, sse2, sse3, ssse3, sse4.1, sse4.2, popcnt, avx, aes, clmul, erms, ht, tsc, tscinvbit, tscinv

Memory: 4k page, system-wide physical 6075M (759M free)
TotalPageFile size 12093M (AvailPageFile size 6M)
current process WorkingSet (physical memory assigned to process): 336M, peak: 336M
current process commit charge ("private bytes"): 371M, peak: 372M

vm_info: OpenJDK 64-Bit Server VM (11.0.11+9-b60-7590822) for windows-amd64 JRE (11.0.11+9-b60-7590822), built on Jul 29 2021 21:43:44 by "builder" with MS VC++ 14.0 (VS2015)

END.
