#
# There is insufficient memory for the Java Runtime Environment to continue.
# Native memory allocation (malloc) failed to allocate 652496 bytes for Chunk::new
# Possible reasons:
#   The system is out of physical RAM or swap space
#   The process is running with CompressedOops enabled, and the Java Heap may be blocking the growth of the native heap
# Possible solutions:
#   Reduce memory load on the system
#   Increase physical memory or swap space
#   Check if swap backing store is full
#   Decrease Java heap size (-Xmx/-Xms)
#   Decrease number of Java threads
#   Decrease Java thread stack sizes (-Xss)
#   Set larger code cache with -XX:ReservedCodeCacheSize=
#   JVM is running with Unscaled Compressed Oops mode in which the Java heap is
#     placed in the first 4GB address space. The Java Heap base address is the
#     maximum limit for the native heap growth. Please use -XX:HeapBaseMinAddress
#     to set the Java Heap base and to place the Java Heap above 4GB virtual address.
# This output file may be truncated or incomplete.
#
#  Out of Memory Error (./src/hotspot/share/memory/arena.cpp:197), pid=7916, tid=7868
#
# JRE version: OpenJDK Runtime Environment (11.0.11+9) (build 11.0.11+9-b60-7590822)
# Java VM: OpenJDK 64-Bit Server VM (11.0.11+9-b60-7590822, mixed mode, tiered, compressed oops, g1 gc, windows-amd64)
# No core dump will be written. Minidumps are not enabled by default on client versions of Windows
#

---------------  S U M M A R Y ------------

Command Line: --add-opens=java.base/java.util=ALL-UNNAMED --add-opens=java.base/java.lang=ALL-UNNAMED --add-opens=java.base/java.lang.invoke=ALL-UNNAMED --add-opens=java.prefs/java.util.prefs=ALL-UNNAMED -Xmx2048m -Dfile.encoding=windows-1252 -Duser.country=US -Duser.language=en -Duser.variant org.gradle.launcher.daemon.bootstrap.GradleDaemon 6.7.1

Host: Intel(R) Core(TM) i5-3320M CPU @ 2.60GHz, 4 cores, 5G,  Windows 10 , 64 bit Build 19041 (10.0.19041.1503)
Time: Thu Apr  7 16:12:33 2022 Pakistan Standard Time elapsed time: 12.227863 seconds (0d 0h 0m 12s)

---------------  T H R E A D  ---------------

Current thread (0x000002159d789000):  JavaThread "C2 CompilerThread1" daemon [_thread_in_native, id=7868, stack(0x000000321e000000,0x000000321e100000)]


Current CompileTask:
C2:  12227 5292       4       java.net.URLClassLoader$1::run (5 bytes)

Stack: [0x000000321e000000,0x000000321e100000]
Native frames: (J=compiled Java code, j=interpreted, Vv=VM code, C=native code)
V  [jvm.dll+0x5f214a]
V  [jvm.dll+0x726fb5]
V  [jvm.dll+0x7285cd]
V  [jvm.dll+0x728c83]
V  [jvm.dll+0x243278]
V  [jvm.dll+0xbc53c]
V  [jvm.dll+0xbca3c]
V  [jvm.dll+0x2b5c34]
V  [jvm.dll+0x508488]
V  [jvm.dll+0x1fd4b5]
V  [jvm.dll+0x1fb35f]
V  [jvm.dll+0x183d6c]
V  [jvm.dll+0x209a57]
V  [jvm.dll+0x2082a1]
V  [jvm.dll+0x6ef58f]
V  [jvm.dll+0x6e80b5]
V  [jvm.dll+0x5f1036]
C  [ucrtbase.dll+0x21bb2]
C  [KERNEL32.DLL+0x17034]
C  [ntdll.dll+0x52651]


---------------  P R O C E S S  ---------------

Threads class SMR info:
_java_thread_list=0x000002159f22c180, length=162, elements={
0x00000215fe8dc000, 0x000002159b6a3000, 0x000002159b6a6000, 0x000002159b6c3800,
0x000002159b6c6800, 0x000002159b6c7800, 0x000002159b6cf000, 0x000002159b6d2000,
0x000002159b6db800, 0x000002159c1a0800, 0x000002159db00000, 0x000002159e7bd000,
0x000002159d825000, 0x000002159f01a800, 0x000002159dc78800, 0x000002159dd18000,
0x000002159e2e4000, 0x000002159dd1b000, 0x000002159dd1c000, 0x000002159e2dd000,
0x000002159e2db000, 0x000002159e2da800, 0x000002159e2d8000, 0x000002159e2dd800,
0x000002159d789000, 0x000002159e2de800, 0x000002159e2dc000, 0x000002159e2d8800,
0x000002159e2d9800, 0x000002159f3e3000, 0x000002159f3df000, 0x000002159f3de000,
0x000002159f3e1800, 0x000002159f3e2800, 0x000002159f3dd800, 0x000002159f3e7000,
0x000002159f3e4000, 0x000002159f3e5800, 0x000002159f3e6800, 0x000002159f3e4800,
0x000002159f3ec000, 0x000002159f3e9000, 0x000002159f3ea800, 0x000002159f3e8000,
0x000002159f3e9800, 0x000002159f3eb000, 0x000002159f32a800, 0x000002159f328000,
0x000002159f329000, 0x000002159f329800, 0x000002159f327000, 0x000002159f330000,
0x000002159f32c000, 0x000002159f32f800, 0x000002159f331000, 0x000002159f32d000,
0x000002159f32b000, 0x000002159f32d800, 0x000002159f331800, 0x000002159f332800,
0x000002159f333800, 0x000002159f334000, 0x000002159f32e800, 0x000002159f335000,
0x000002159f336000, 0x00000215a214b000, 0x00000215a214c800, 0x00000215a214a800,
0x00000215a214d800, 0x00000215a214e800, 0x00000215a2151800, 0x00000215a214f000,
0x00000215a2150000, 0x00000215a2151000, 0x00000215a214c000, 0x00000215a2158000,
0x00000215a2157800, 0x00000215a2154000, 0x00000215a2155000, 0x00000215a2155800,
0x00000215a2156800, 0x00000215a2152800, 0x00000215a2159000, 0x00000215a2153800,
0x00000215a1493800, 0x00000215a1494800, 0x00000215a1495000, 0x00000215a1496000,
0x00000215a1490800, 0x00000215a1491000, 0x00000215a1497000, 0x00000215a1497800,
0x00000215a1492000, 0x00000215a1498800, 0x00000215a1493000, 0x00000215a149c800,
0x00000215a149b800, 0x00000215a149d800, 0x00000215a149e000, 0x00000215a149f000,
0x00000215a1499800, 0x00000215a149b000, 0x00000215a149a000, 0x000002159e350800,
0x000002159e350000, 0x000002159e354800, 0x000002159e355800, 0x000002159e356800,
0x000002159e357000, 0x000002159e351800, 0x000002159e358000, 0x000002159e352800,
0x000002159e359000, 0x000002159e353000, 0x000002159e359800, 0x000002159e354000,
0x000002159e35a800, 0x000002159e35d000, 0x000002159e35b800, 0x000002159e35e800,
0x000002159e35c000, 0x000002159e35d800, 0x000002159d1c2000, 0x000002159d1c3000,
0x000002159d1c6800, 0x000002159d1c4000, 0x000002159d1c5800, 0x000002159d1c7000,
0x000002159d1c4800, 0x000002159d1c1800, 0x000002159d1cd000, 0x000002159d1c8000,
0x000002159d1cd800, 0x000002159d1ca800, 0x000002159d1cc000, 0x000002159d1ce800,
0x000002159d1cb000, 0x000002159d1c8800, 0x000002159d1cf800, 0x000002159d1c9800,
0x000002159d1d0000, 0x000002159e54e800, 0x000002159e54f800, 0x000002159e551000,
0x000002159e54d000, 0x000002159e550800, 0x000002159e552000, 0x000002159e54c800,
0x000002159e553000, 0x000002159e54e000, 0x000002159e555800, 0x000002159e557800,
0x000002159e556000, 0x000002159e558800, 0x000002159e559800, 0x000002159e557000,
0x000002159e553800, 0x000002159e55a000, 0x000002159e554800, 0x000002159e55b000,
0x000002159f105000, 0x000002159f101800
}

Java Threads: ( => current thread )
  0x00000215fe8dc000 JavaThread "main" [_thread_blocked, id=3444, stack(0x000000321bc00000,0x000000321bd00000)]
  0x000002159b6a3000 JavaThread "Reference Handler" daemon [_thread_blocked, id=1756, stack(0x000000321c300000,0x000000321c400000)]
  0x000002159b6a6000 JavaThread "Finalizer" daemon [_thread_blocked, id=4256, stack(0x000000321c400000,0x000000321c500000)]
  0x000002159b6c3800 JavaThread "Signal Dispatcher" daemon [_thread_blocked, id=3836, stack(0x000000321c500000,0x000000321c600000)]
  0x000002159b6c6800 JavaThread "Attach Listener" daemon [_thread_blocked, id=4276, stack(0x000000321c600000,0x000000321c700000)]
  0x000002159b6c7800 JavaThread "Service Thread" daemon [_thread_blocked, id=3308, stack(0x000000321c700000,0x000000321c800000)]
  0x000002159b6cf000 JavaThread "C2 CompilerThread0" daemon [_thread_in_native, id=7476, stack(0x000000321c800000,0x000000321c900000)]
  0x000002159b6d2000 JavaThread "C1 CompilerThread0" daemon [_thread_blocked, id=8600, stack(0x000000321c900000,0x000000321ca00000)]
  0x000002159b6db800 JavaThread "Sweeper thread" daemon [_thread_blocked, id=7860, stack(0x000000321ca00000,0x000000321cb00000)]
  0x000002159c1a0800 JavaThread "Common-Cleaner" daemon [_thread_blocked, id=7224, stack(0x000000321cb00000,0x000000321cc00000)]
  0x000002159db00000 JavaThread "Daemon health stats" [_thread_blocked, id=6948, stack(0x000000321cf00000,0x000000321d000000)]
  0x000002159e7bd000 JavaThread "Incoming local TCP Connector on port 51307" [_thread_in_native, id=7760, stack(0x000000321d100000,0x000000321d200000)]
  0x000002159d825000 JavaThread "Daemon periodic checks" [_thread_blocked, id=5512, stack(0x000000321d200000,0x000000321d300000)]
  0x000002159f01a800 JavaThread "Daemon" [_thread_blocked, id=1472, stack(0x000000321d300000,0x000000321d400000)]
  0x000002159dc78800 JavaThread "Handler for socket connection from /127.0.0.1:51307 to /127.0.0.1:51308" [_thread_in_native, id=5552, stack(0x000000321d400000,0x000000321d500000)]
  0x000002159dd18000 JavaThread "Cancel handler" [_thread_blocked, id=1700, stack(0x000000321d500000,0x000000321d600000)]
  0x000002159e2e4000 JavaThread "Daemon worker" [_thread_in_native, id=2444, stack(0x000000321d800000,0x000000321d900000)]
  0x000002159dd1b000 JavaThread "Asynchronous log dispatcher for DefaultDaemonConnection: socket connection from /127.0.0.1:51307 to /127.0.0.1:51308" [_thread_blocked, id=5128, stack(0x000000321da00000,0x000000321db00000)]
  0x000002159dd1c000 JavaThread "Stdin handler" [_thread_blocked, id=9188, stack(0x000000321db00000,0x000000321dc00000)]
  0x000002159e2dd000 JavaThread "Thread-8" [_thread_blocked, id=11032, stack(0x000000321dc00000,0x000000321dd00000)]
  0x000002159e2db000 JavaThread "Cache worker for file hash cache (C:\Users\Ali Usman\.gradle\caches\6.7.1\fileHashes)" [_thread_blocked, id=4476, stack(0x000000321dd00000,0x000000321de00000)]
  0x000002159e2da800 JavaThread "File lock request listener" [_thread_in_native, id=10732, stack(0x000000321de00000,0x000000321df00000)]
  0x000002159e2d8000 JavaThread "Cache worker for journal cache (C:\Users\Ali Usman\.gradle\caches\journal-1)" [_thread_blocked, id=2732, stack(0x000000321df00000,0x000000321e000000)]
  0x000002159e2dd800 JavaThread "Cache worker for file hash cache (C:\Users\Ali Usman\AndroidStudioProjects\BaseArchitectureProject\.gradle\6.7.1\fileHashes)" [_thread_blocked, id=9620, stack(0x000000321d900000,0x000000321da00000)]
=>0x000002159d789000 JavaThread "C2 CompilerThread1" daemon [_thread_in_native, id=7868, stack(0x000000321e000000,0x000000321e100000)]
  0x000002159e2de800 JavaThread "Cache worker for checksums cache (C:\Users\Ali Usman\AndroidStudioProjects\BaseArchitectureProject\.gradle\checksums)" [_thread_blocked, id=6784, stack(0x000000321e100000,0x000000321e200000)]
  0x000002159e2dc000 JavaThread "Cache worker for cache directory md-supplier (C:\Users\Ali Usman\.gradle\caches\6.7.1\md-supplier)" [_thread_blocked, id=9868, stack(0x000000321e200000,0x000000321e300000)]
  0x000002159e2d8800 JavaThread "Cache worker for cache directory md-rule (C:\Users\Ali Usman\.gradle\caches\6.7.1\md-rule)" [_thread_blocked, id=4416, stack(0x000000321e300000,0x000000321e400000)]
  0x000002159e2d9800 JavaThread "Cache worker for execution history cache (C:\Users\Ali Usman\.gradle\caches\6.7.1\executionHistory)" [_thread_blocked, id=6464, stack(0x000000321e400000,0x000000321e500000)]
  0x000002159f3e3000 JavaThread "jar transforms" [_thread_blocked, id=2012, stack(0x000000321e500000,0x000000321e600000)]
  0x000002159f3df000 JavaThread "Cache worker for file content cache (C:\Users\Ali Usman\.gradle\caches\6.7.1\fileContent)" [_thread_blocked, id=9288, stack(0x000000321e600000,0x000000321e700000)]
  0x000002159f3de000 JavaThread "Cache worker for Build Output Cleanup Cache (C:\Users\Ali Usman\AndroidStudioProjects\BaseArchitectureProject\.gradle\buildOutputCleanup)" [_thread_blocked, id=2076, stack(0x000000321e700000,0x000000321e800000)]
  0x000002159f3e1800 JavaThread "Build operations" [_thread_blocked, id=7472, stack(0x000000321e800000,0x000000321e900000)]
  0x000002159f3e2800 JavaThread "Build operations Thread 2" [_thread_blocked, id=6720, stack(0x000000321e900000,0x000000321ea00000)]
  0x000002159f3dd800 JavaThread "Build operations Thread 3" [_thread_blocked, id=9772, stack(0x000000321ea00000,0x000000321eb00000)]
  0x000002159f3e7000 JavaThread "Build operations Thread 4" [_thread_blocked, id=11140, stack(0x000000321eb00000,0x000000321ec00000)]
  0x000002159f3e4000 JavaThread "jar transforms Thread 2" [_thread_blocked, id=5896, stack(0x000000321ec00000,0x000000321ed00000)]
  0x000002159f3e5800 JavaThread "jar transforms Thread 3" [_thread_blocked, id=8360, stack(0x000000321ed00000,0x000000321ee00000)]
  0x000002159f3e6800 JavaThread "jar transforms Thread 4" [_thread_blocked, id=7708, stack(0x000000321ee00000,0x000000321ef00000)]
  0x000002159f3e4800 JavaThread "jar transforms Thread 5" [_thread_blocked, id=8152, stack(0x000000321ef00000,0x000000321f000000)]
  0x000002159f3ec000 JavaThread "jar transforms Thread 6" [_thread_blocked, id=6876, stack(0x000000321f000000,0x000000321f100000)]
  0x000002159f3e9000 JavaThread "jar transforms Thread 7" [_thread_blocked, id=8832, stack(0x000000321f100000,0x000000321f200000)]
  0x000002159f3ea800 JavaThread "jar transforms Thread 8" [_thread_blocked, id=264, stack(0x000000321f200000,0x000000321f300000)]
  0x000002159f3e8000 JavaThread "jar transforms Thread 9" [_thread_blocked, id=7880, stack(0x000000321f300000,0x000000321f400000)]
  0x000002159f3e9800 JavaThread "jar transforms Thread 10" [_thread_blocked, id=2820, stack(0x000000321f400000,0x000000321f500000)]
  0x000002159f3eb000 JavaThread "jar transforms Thread 11" [_thread_blocked, id=4904, stack(0x000000321f500000,0x000000321f600000)]
  0x000002159f32a800 JavaThread "jar transforms Thread 12" [_thread_blocked, id=11040, stack(0x000000321f600000,0x000000321f700000)]
  0x000002159f328000 JavaThread "jar transforms Thread 13" [_thread_blocked, id=3644, stack(0x000000321f700000,0x000000321f800000)]
  0x000002159f329000 JavaThread "jar transforms Thread 14" [_thread_blocked, id=1288, stack(0x000000321f800000,0x000000321f900000)]
  0x000002159f329800 JavaThread "jar transforms Thread 15" [_thread_blocked, id=5000, stack(0x000000321f900000,0x000000321fa00000)]
  0x000002159f327000 JavaThread "jar transforms Thread 16" [_thread_blocked, id=4024, stack(0x000000321fa00000,0x000000321fb00000)]
  0x000002159f330000 JavaThread "jar transforms Thread 17" [_thread_blocked, id=8072, stack(0x000000321fb00000,0x000000321fc00000)]
  0x000002159f32c000 JavaThread "jar transforms Thread 18" [_thread_blocked, id=2752, stack(0x000000321fc00000,0x000000321fd00000)]
  0x000002159f32f800 JavaThread "jar transforms Thread 19" [_thread_blocked, id=2844, stack(0x000000321fd00000,0x000000321fe00000)]
  0x000002159f331000 JavaThread "jar transforms Thread 20" [_thread_blocked, id=5508, stack(0x000000321fe00000,0x000000321ff00000)]
  0x000002159f32d000 JavaThread "jar transforms Thread 21" [_thread_blocked, id=3708, stack(0x000000321ff00000,0x0000003220000000)]
  0x000002159f32b000 JavaThread "jar transforms Thread 22" [_thread_blocked, id=5756, stack(0x0000003220000000,0x0000003220100000)]
  0x000002159f32d800 JavaThread "jar transforms Thread 23" [_thread_blocked, id=9652, stack(0x0000003220100000,0x0000003220200000)]
  0x000002159f331800 JavaThread "jar transforms Thread 24" [_thread_blocked, id=4028, stack(0x0000003220200000,0x0000003220300000)]
  0x000002159f332800 JavaThread "jar transforms Thread 25" [_thread_blocked, id=10380, stack(0x0000003220300000,0x0000003220400000)]
  0x000002159f333800 JavaThread "jar transforms Thread 26" [_thread_blocked, id=7284, stack(0x0000003220400000,0x0000003220500000)]
  0x000002159f334000 JavaThread "jar transforms Thread 27" [_thread_blocked, id=7804, stack(0x0000003220500000,0x0000003220600000)]
  0x000002159f32e800 JavaThread "jar transforms Thread 28" [_thread_blocked, id=2420, stack(0x0000003220600000,0x0000003220700000)]
  0x000002159f335000 JavaThread "jar transforms Thread 29" [_thread_blocked, id=6748, stack(0x0000003220700000,0x0000003220800000)]
  0x000002159f336000 JavaThread "jar transforms Thread 30" [_thread_blocked, id=1328, stack(0x0000003220800000,0x0000003220900000)]
  0x00000215a214b000 JavaThread "jar transforms Thread 31" [_thread_blocked, id=8752, stack(0x0000003220900000,0x0000003220a00000)]
  0x00000215a214c800 JavaThread "jar transforms Thread 32" [_thread_blocked, id=2220, stack(0x0000003220a00000,0x0000003220b00000)]
  0x00000215a214a800 JavaThread "jar transforms Thread 33" [_thread_blocked, id=7968, stack(0x0000003220b00000,0x0000003220c00000)]
  0x00000215a214d800 JavaThread "jar transforms Thread 34" [_thread_blocked, id=7016, stack(0x0000003220c00000,0x0000003220d00000)]
  0x00000215a214e800 JavaThread "jar transforms Thread 35" [_thread_blocked, id=4780, stack(0x0000003220d00000,0x0000003220e00000)]
  0x00000215a2151800 JavaThread "jar transforms Thread 36" [_thread_blocked, id=1108, stack(0x0000003220e00000,0x0000003220f00000)]
  0x00000215a214f000 JavaThread "jar transforms Thread 37" [_thread_blocked, id=2204, stack(0x0000003220f00000,0x0000003221000000)]
  0x00000215a2150000 JavaThread "jar transforms Thread 38" [_thread_blocked, id=2128, stack(0x0000003221000000,0x0000003221100000)]
  0x00000215a2151000 JavaThread "jar transforms Thread 39" [_thread_blocked, id=6340, stack(0x0000003221100000,0x0000003221200000)]
  0x00000215a214c000 JavaThread "jar transforms Thread 40" [_thread_blocked, id=8204, stack(0x0000003221200000,0x0000003221300000)]
  0x00000215a2158000 JavaThread "jar transforms Thread 41" [_thread_blocked, id=912, stack(0x0000003221300000,0x0000003221400000)]
  0x00000215a2157800 JavaThread "jar transforms Thread 42" [_thread_blocked, id=4252, stack(0x0000003221400000,0x0000003221500000)]
  0x00000215a2154000 JavaThread "jar transforms Thread 43" [_thread_blocked, id=5884, stack(0x0000003221500000,0x0000003221600000)]
  0x00000215a2155000 JavaThread "jar transforms Thread 44" [_thread_blocked, id=3320, stack(0x0000003221600000,0x0000003221700000)]
  0x00000215a2155800 JavaThread "jar transforms Thread 45" [_thread_blocked, id=5376, stack(0x0000003221700000,0x0000003221800000)]
  0x00000215a2156800 JavaThread "jar transforms Thread 46" [_thread_blocked, id=7356, stack(0x0000003221800000,0x0000003221900000)]
  0x00000215a2152800 JavaThread "jar transforms Thread 47" [_thread_blocked, id=3028, stack(0x0000003221900000,0x0000003221a00000)]
  0x00000215a2159000 JavaThread "jar transforms Thread 48" [_thread_blocked, id=4972, stack(0x0000003221a00000,0x0000003221b00000)]
  0x00000215a2153800 JavaThread "jar transforms Thread 49" [_thread_blocked, id=8912, stack(0x0000003221b00000,0x0000003221c00000)]
  0x00000215a1493800 JavaThread "jar transforms Thread 50" [_thread_blocked, id=3156, stack(0x0000003221c00000,0x0000003221d00000)]
  0x00000215a1494800 JavaThread "jar transforms Thread 51" [_thread_blocked, id=2276, stack(0x0000003221d00000,0x0000003221e00000)]
  0x00000215a1495000 JavaThread "jar transforms Thread 52" [_thread_blocked, id=944, stack(0x0000003221e00000,0x0000003221f00000)]
  0x00000215a1496000 JavaThread "jar transforms Thread 53" [_thread_blocked, id=8388, stack(0x0000003221f00000,0x0000003222000000)]
  0x00000215a1490800 JavaThread "jar transforms Thread 54" [_thread_blocked, id=5696, stack(0x0000003222000000,0x0000003222100000)]
  0x00000215a1491000 JavaThread "jar transforms Thread 55" [_thread_blocked, id=6488, stack(0x0000003222100000,0x0000003222200000)]
  0x00000215a1497000 JavaThread "jar transforms Thread 56" [_thread_blocked, id=2512, stack(0x0000003222200000,0x0000003222300000)]
  0x00000215a1497800 JavaThread "jar transforms Thread 57" [_thread_blocked, id=1512, stack(0x0000003222300000,0x0000003222400000)]
  0x00000215a1492000 JavaThread "jar transforms Thread 58" [_thread_blocked, id=2332, stack(0x0000003222400000,0x0000003222500000)]
  0x00000215a1498800 JavaThread "jar transforms Thread 59" [_thread_blocked, id=9768, stack(0x0000003222500000,0x0000003222600000)]
  0x00000215a1493000 JavaThread "jar transforms Thread 60" [_thread_blocked, id=8456, stack(0x0000003222600000,0x0000003222700000)]
  0x00000215a149c800 JavaThread "jar transforms Thread 61" [_thread_blocked, id=9748, stack(0x0000003222700000,0x0000003222800000)]
  0x00000215a149b800 JavaThread "jar transforms Thread 62" [_thread_blocked, id=6660, stack(0x0000003222800000,0x0000003222900000)]
  0x00000215a149d800 JavaThread "jar transforms Thread 63" [_thread_blocked, id=11048, stack(0x0000003222900000,0x0000003222a00000)]
  0x00000215a149e000 JavaThread "jar transforms Thread 64" [_thread_blocked, id=11268, stack(0x0000003222a00000,0x0000003222b00000)]
  0x00000215a149f000 JavaThread "jar transforms Thread 65" [_thread_blocked, id=11272, stack(0x0000003222b00000,0x0000003222c00000)]
  0x00000215a1499800 JavaThread "jar transforms Thread 66" [_thread_blocked, id=11276, stack(0x0000003222c00000,0x0000003222d00000)]
  0x00000215a149b000 JavaThread "jar transforms Thread 67" [_thread_blocked, id=11280, stack(0x0000003222d00000,0x0000003222e00000)]
  0x00000215a149a000 JavaThread "jar transforms Thread 68" [_thread_blocked, id=11284, stack(0x0000003222e00000,0x0000003222f00000)]
  0x000002159e350800 JavaThread "jar transforms Thread 69" [_thread_blocked, id=11288, stack(0x0000003222f00000,0x0000003223000000)]
  0x000002159e350000 JavaThread "jar transforms Thread 70" [_thread_blocked, id=11292, stack(0x0000003223000000,0x0000003223100000)]
  0x000002159e354800 JavaThread "jar transforms Thread 71" [_thread_blocked, id=11296, stack(0x0000003223100000,0x0000003223200000)]
  0x000002159e355800 JavaThread "jar transforms Thread 72" [_thread_blocked, id=11300, stack(0x0000003223200000,0x0000003223300000)]
  0x000002159e356800 JavaThread "jar transforms Thread 73" [_thread_blocked, id=11304, stack(0x0000003223300000,0x0000003223400000)]
  0x000002159e357000 JavaThread "jar transforms Thread 74" [_thread_blocked, id=11308, stack(0x0000003223400000,0x0000003223500000)]
  0x000002159e351800 JavaThread "jar transforms Thread 75" [_thread_blocked, id=11312, stack(0x0000003223500000,0x0000003223600000)]
  0x000002159e358000 JavaThread "jar transforms Thread 76" [_thread_blocked, id=11316, stack(0x0000003223600000,0x0000003223700000)]
  0x000002159e352800 JavaThread "jar transforms Thread 77" [_thread_blocked, id=11320, stack(0x0000003223700000,0x0000003223800000)]
  0x000002159e359000 JavaThread "jar transforms Thread 78" [_thread_blocked, id=11324, stack(0x0000003223800000,0x0000003223900000)]
  0x000002159e353000 JavaThread "jar transforms Thread 79" [_thread_blocked, id=11328, stack(0x0000003223900000,0x0000003223a00000)]
  0x000002159e359800 JavaThread "jar transforms Thread 80" [_thread_blocked, id=8572, stack(0x0000003223a00000,0x0000003223b00000)]
  0x000002159e354000 JavaThread "jar transforms Thread 81" [_thread_blocked, id=7288, stack(0x0000003223b00000,0x0000003223c00000)]
  0x000002159e35a800 JavaThread "jar transforms Thread 82" [_thread_blocked, id=336, stack(0x0000003223c00000,0x0000003223d00000)]
  0x000002159e35d000 JavaThread "jar transforms Thread 83" [_thread_blocked, id=9836, stack(0x0000003223d00000,0x0000003223e00000)]
  0x000002159e35b800 JavaThread "jar transforms Thread 84" [_thread_blocked, id=1440, stack(0x0000003223e00000,0x0000003223f00000)]
  0x000002159e35e800 JavaThread "jar transforms Thread 85" [_thread_blocked, id=5940, stack(0x0000003223f00000,0x0000003224000000)]
  0x000002159e35c000 JavaThread "jar transforms Thread 86" [_thread_blocked, id=9820, stack(0x0000003224000000,0x0000003224100000)]
  0x000002159e35d800 JavaThread "jar transforms Thread 87" [_thread_blocked, id=5668, stack(0x0000003224100000,0x0000003224200000)]
  0x000002159d1c2000 JavaThread "jar transforms Thread 88" [_thread_blocked, id=8024, stack(0x0000003224200000,0x0000003224300000)]
  0x000002159d1c3000 JavaThread "jar transforms Thread 89" [_thread_blocked, id=6556, stack(0x0000003224300000,0x0000003224400000)]
  0x000002159d1c6800 JavaThread "jar transforms Thread 90" [_thread_blocked, id=6880, stack(0x0000003224400000,0x0000003224500000)]
  0x000002159d1c4000 JavaThread "jar transforms Thread 91" [_thread_blocked, id=8512, stack(0x0000003224500000,0x0000003224600000)]
  0x000002159d1c5800 JavaThread "jar transforms Thread 92" [_thread_blocked, id=11188, stack(0x0000003224600000,0x0000003224700000)]
  0x000002159d1c7000 JavaThread "jar transforms Thread 93" [_thread_blocked, id=7004, stack(0x0000003224700000,0x0000003224800000)]
  0x000002159d1c4800 JavaThread "jar transforms Thread 94" [_thread_blocked, id=3468, stack(0x0000003224800000,0x0000003224900000)]
  0x000002159d1c1800 JavaThread "jar transforms Thread 95" [_thread_blocked, id=5828, stack(0x0000003224900000,0x0000003224a00000)]
  0x000002159d1cd000 JavaThread "jar transforms Thread 96" [_thread_blocked, id=6468, stack(0x0000003224a00000,0x0000003224b00000)]
  0x000002159d1c8000 JavaThread "jar transforms Thread 97" [_thread_blocked, id=3080, stack(0x0000003224b00000,0x0000003224c00000)]
  0x000002159d1cd800 JavaThread "jar transforms Thread 98" [_thread_blocked, id=7852, stack(0x0000003224c00000,0x0000003224d00000)]
  0x000002159d1ca800 JavaThread "jar transforms Thread 99" [_thread_blocked, id=7636, stack(0x0000003224d00000,0x0000003224e00000)]
  0x000002159d1cc000 JavaThread "jar transforms Thread 100" [_thread_blocked, id=6544, stack(0x0000003224e00000,0x0000003224f00000)]
  0x000002159d1ce800 JavaThread "jar transforms Thread 101" [_thread_blocked, id=10588, stack(0x0000003224f00000,0x0000003225000000)]
  0x000002159d1cb000 JavaThread "jar transforms Thread 102" [_thread_blocked, id=6180, stack(0x0000003225000000,0x0000003225100000)]
  0x000002159d1c8800 JavaThread "jar transforms Thread 103" [_thread_blocked, id=8936, stack(0x0000003225100000,0x0000003225200000)]
  0x000002159d1cf800 JavaThread "jar transforms Thread 104" [_thread_blocked, id=860, stack(0x0000003225200000,0x0000003225300000)]
  0x000002159d1c9800 JavaThread "jar transforms Thread 105" [_thread_blocked, id=6220, stack(0x0000003225300000,0x0000003225400000)]
  0x000002159d1d0000 JavaThread "jar transforms Thread 106" [_thread_blocked, id=7652, stack(0x0000003225400000,0x0000003225500000)]
  0x000002159e54e800 JavaThread "jar transforms Thread 107" [_thread_blocked, id=4060, stack(0x0000003225500000,0x0000003225600000)]
  0x000002159e54f800 JavaThread "jar transforms Thread 108" [_thread_blocked, id=6520, stack(0x0000003225600000,0x0000003225700000)]
  0x000002159e551000 JavaThread "jar transforms Thread 109" [_thread_blocked, id=3312, stack(0x0000003225700000,0x0000003225800000)]
  0x000002159e54d000 JavaThread "jar transforms Thread 110" [_thread_blocked, id=11424, stack(0x0000003225800000,0x0000003225900000)]
  0x000002159e550800 JavaThread "jar transforms Thread 111" [_thread_blocked, id=7228, stack(0x0000003225900000,0x0000003225a00000)]
  0x000002159e552000 JavaThread "jar transforms Thread 112" [_thread_blocked, id=4236, stack(0x0000003225a00000,0x0000003225b00000)]
  0x000002159e54c800 JavaThread "jar transforms Thread 113" [_thread_blocked, id=4440, stack(0x0000003225b00000,0x0000003225c00000)]
  0x000002159e553000 JavaThread "jar transforms Thread 114" [_thread_blocked, id=1632, stack(0x0000003225c00000,0x0000003225d00000)]
  0x000002159e54e000 JavaThread "jar transforms Thread 115" [_thread_blocked, id=7716, stack(0x0000003225d00000,0x0000003225e00000)]
  0x000002159e555800 JavaThread "jar transforms Thread 116" [_thread_blocked, id=9824, stack(0x0000003225e00000,0x0000003225f00000)]
  0x000002159e557800 JavaThread "jar transforms Thread 117" [_thread_blocked, id=11432, stack(0x0000003225f00000,0x0000003226000000)]
  0x000002159e556000 JavaThread "jar transforms Thread 118" [_thread_blocked, id=11428, stack(0x0000003226000000,0x0000003226100000)]
  0x000002159e558800 JavaThread "jar transforms Thread 119" [_thread_blocked, id=3064, stack(0x0000003226100000,0x0000003226200000)]
  0x000002159e559800 JavaThread "jar transforms Thread 120" [_thread_blocked, id=9396, stack(0x0000003226200000,0x0000003226300000)]
  0x000002159e557000 JavaThread "jar transforms Thread 121" [_thread_blocked, id=4604, stack(0x0000003226300000,0x0000003226400000)]
  0x000002159e553800 JavaThread "jar transforms Thread 122" [_thread_blocked, id=8876, stack(0x0000003226400000,0x0000003226500000)]
  0x000002159e55a000 JavaThread "jar transforms Thread 123" [_thread_blocked, id=236, stack(0x0000003226500000,0x0000003226600000)]
  0x000002159e554800 JavaThread "jar transforms Thread 124" [_thread_blocked, id=6028, stack(0x0000003226600000,0x0000003226700000)]
  0x000002159e55b000 JavaThread "jar transforms Thread 125" [_thread_blocked, id=72, stack(0x0000003226700000,0x0000003226800000)]
  0x000002159f105000 JavaThread "jar transforms Thread 126" [_thread_blocked, id=1192, stack(0x0000003226800000,0x0000003226900000)]
  0x000002159f101800 JavaThread "jar transforms Thread 127" [_thread_blocked, id=6452, stack(0x0000003226900000,0x0000003226a00000)]

Other Threads:
  0x000002159b6a0800 VMThread "VM Thread" [stack: 0x000000321c200000,0x000000321c300000] [id=2256]
  0x000002159c1c0000 WatcherThread [stack: 0x000000321cc00000,0x000000321cd00000] [id=2780]
  0x00000215fe8f5000 GCTaskThread "GC Thread#0" [stack: 0x000000321bd00000,0x000000321be00000] [id=4244]
  0x000002159c3c4000 GCTaskThread "GC Thread#1" [stack: 0x000000321cd00000,0x000000321ce00000] [id=10608]
  0x000002159e7d2800 GCTaskThread "GC Thread#2" [stack: 0x000000321d600000,0x000000321d700000] [id=2548]
  0x000002159dc79000 GCTaskThread "GC Thread#3" [stack: 0x000000321d700000,0x000000321d800000] [id=2016]
  0x00000215fe925800 ConcurrentGCThread "G1 Main Marker" [stack: 0x000000321be00000,0x000000321bf00000] [id=1260]
  0x00000215fe927000 ConcurrentGCThread "G1 Conc#0" [stack: 0x000000321bf00000,0x000000321c000000] [id=3672]
  0x00000215fe999000 ConcurrentGCThread "G1 Refine#0" [stack: 0x000000321c000000,0x000000321c100000] [id=2172]
  0x00000215fe99a000 ConcurrentGCThread "G1 Young RemSet Sampling" [stack: 0x000000321c100000,0x000000321c200000] [id=7572]

Threads with active compile tasks:
C2 CompilerThread0  12267 5284   !   4       com.google.common.reflect.TypeVisitor::visit (225 bytes)
C2 CompilerThread1  12267 5292       4       java.net.URLClassLoader$1::run (5 bytes)

VM state:not at safepoint (normal execution)

VM Mutex/Monitor currently owned by a thread: None

Heap address: 0x0000000080000000, size: 2048 MB, Compressed Oops mode: 32-bit
Narrow klass base: 0x0000000000000000, Narrow klass shift: 3
Compressed class space size: 1073741824 Address: 0x0000000100000000

Heap:
 garbage-first heap   total 128000K, used 50176K [0x0000000080000000, 0x0000000100000000)
  region size 1024K, 3 young (3072K), 2 survivors (2048K)
 Metaspace       used 53362K, capacity 54660K, committed 54912K, reserved 1097728K
  class space    used 6751K, capacity 7221K, committed 7296K, reserved 1048576K
Heap Regions: E=young(eden), S=young(survivor), O=old, HS=humongous(starts), HC=humongous(continues), CS=collection set, F=free, A=archive, TAMS=top-at-mark-start (previous, next)
|   0|0x0000000080000000, 0x0000000080100000, 0x0000000080100000|100%| O|  |TAMS 0x0000000080100000, 0x0000000080000000| Untracked 
|   1|0x0000000080100000, 0x0000000080200000, 0x0000000080200000|100%| O|  |TAMS 0x0000000080200000, 0x0000000080100000| Untracked 
|   2|0x0000000080200000, 0x0000000080300000, 0x0000000080300000|100%| O|  |TAMS 0x0000000080300000, 0x0000000080200000| Untracked 
|   3|0x0000000080300000, 0x0000000080400000, 0x0000000080400000|100%|HS|  |TAMS 0x0000000080400000, 0x0000000080300000| Complete 
|   4|0x0000000080400000, 0x0000000080500000, 0x0000000080500000|100%|HC|  |TAMS 0x0000000080500000, 0x0000000080400000| Complete 
|   5|0x0000000080500000, 0x0000000080600000, 0x0000000080600000|100%|HC|  |TAMS 0x0000000080600000, 0x0000000080500000| Complete 
|   6|0x0000000080600000, 0x0000000080700000, 0x0000000080700000|100%| O|  |TAMS 0x0000000080700000, 0x0000000080600000| Untracked 
|   7|0x0000000080700000, 0x0000000080800000, 0x0000000080800000|100%| O|  |TAMS 0x0000000080800000, 0x0000000080700000| Untracked 
|   8|0x0000000080800000, 0x0000000080900000, 0x0000000080900000|100%| O|  |TAMS 0x0000000080900000, 0x0000000080800000| Untracked 
|   9|0x0000000080900000, 0x0000000080a00000, 0x0000000080a00000|100%| O|  |TAMS 0x0000000080a00000, 0x0000000080900000| Untracked 
|  10|0x0000000080a00000, 0x0000000080b00000, 0x0000000080b00000|100%| O|  |TAMS 0x0000000080b00000, 0x0000000080a00000| Untracked 
|  11|0x0000000080b00000, 0x0000000080c00000, 0x0000000080c00000|100%| O|  |TAMS 0x0000000080c00000, 0x0000000080b00000| Untracked 
|  12|0x0000000080c00000, 0x0000000080d00000, 0x0000000080d00000|100%| O|  |TAMS 0x0000000080d00000, 0x0000000080c00000| Untracked 
|  13|0x0000000080d00000, 0x0000000080e00000, 0x0000000080e00000|100%| O|  |TAMS 0x0000000080e00000, 0x0000000080d00000| Untracked 
|  14|0x0000000080e00000, 0x0000000080f00000, 0x0000000080f00000|100%| O|  |TAMS 0x0000000080f00000, 0x0000000080e00000| Untracked 
|  15|0x0000000080f00000, 0x0000000081000000, 0x0000000081000000|100%| O|  |TAMS 0x0000000081000000, 0x0000000080f00000| Untracked 
|  16|0x0000000081000000, 0x0000000081100000, 0x0000000081100000|100%| O|  |TAMS 0x0000000081100000, 0x0000000081000000| Untracked 
|  17|0x0000000081100000, 0x0000000081200000, 0x0000000081200000|100%| O|  |TAMS 0x0000000081168400, 0x0000000081100000| Untracked 
|  18|0x0000000081200000, 0x0000000081300000, 0x0000000081300000|100%| O|  |TAMS 0x0000000081200000, 0x0000000081200000| Untracked 
|  19|0x0000000081300000, 0x0000000081400000, 0x0000000081400000|100%| O|  |TAMS 0x0000000081300000, 0x0000000081300000| Untracked 
|  20|0x0000000081400000, 0x0000000081500000, 0x0000000081500000|100%| O|  |TAMS 0x0000000081400000, 0x0000000081400000| Untracked 
|  21|0x0000000081500000, 0x0000000081600000, 0x0000000081600000|100%| O|  |TAMS 0x0000000081500000, 0x0000000081500000| Untracked 
|  22|0x0000000081600000, 0x0000000081700000, 0x0000000081700000|100%| O|  |TAMS 0x0000000081600000, 0x0000000081600000| Untracked 
|  23|0x0000000081700000, 0x0000000081800000, 0x0000000081800000|100%| O|  |TAMS 0x0000000081700000, 0x0000000081700000| Untracked 
|  24|0x0000000081800000, 0x0000000081900000, 0x0000000081900000|100%|HS|  |TAMS 0x0000000081800000, 0x0000000081800000| Complete 
|  25|0x0000000081900000, 0x0000000081a00000, 0x0000000081a00000|100%|HS|  |TAMS 0x0000000081900000, 0x0000000081900000| Complete 
|  26|0x0000000081a00000, 0x0000000081b00000, 0x0000000081b00000|100%|HC|  |TAMS 0x0000000081a00000, 0x0000000081a00000| Complete 
|  27|0x0000000081b00000, 0x0000000081c00000, 0x0000000081c00000|100%|HC|  |TAMS 0x0000000081b00000, 0x0000000081b00000| Complete 
|  28|0x0000000081c00000, 0x0000000081d00000, 0x0000000081d00000|100%|HS|  |TAMS 0x0000000081c00000, 0x0000000081c00000| Complete 
|  29|0x0000000081d00000, 0x0000000081e00000, 0x0000000081e00000|100%|HC|  |TAMS 0x0000000081d00000, 0x0000000081d00000| Complete 
|  30|0x0000000081e00000, 0x0000000081f00000, 0x0000000081f00000|100%| O|  |TAMS 0x0000000081e00000, 0x0000000081e00000| Untracked 
|  31|0x0000000081f00000, 0x0000000082000000, 0x0000000082000000|100%| O|  |TAMS 0x0000000081f00000, 0x0000000081f00000| Untracked 
|  32|0x0000000082000000, 0x0000000082100000, 0x0000000082100000|100%| O|  |TAMS 0x0000000082000000, 0x0000000082000000| Untracked 
|  33|0x0000000082100000, 0x0000000082200000, 0x0000000082200000|100%| O|  |TAMS 0x0000000082100000, 0x0000000082100000| Untracked 
|  34|0x0000000082200000, 0x0000000082300000, 0x0000000082300000|100%| O|  |TAMS 0x0000000082200000, 0x0000000082200000| Untracked 
|  35|0x0000000082300000, 0x0000000082400000, 0x0000000082400000|100%| O|  |TAMS 0x0000000082300000, 0x0000000082300000| Untracked 
|  36|0x0000000082400000, 0x0000000082500000, 0x0000000082500000|100%| O|  |TAMS 0x0000000082400000, 0x0000000082400000| Untracked 
|  37|0x0000000082500000, 0x0000000082600000, 0x0000000082600000|100%| O|  |TAMS 0x0000000082500000, 0x0000000082500000| Untracked 
|  38|0x0000000082600000, 0x0000000082700000, 0x0000000082700000|100%| O|  |TAMS 0x0000000082600000, 0x0000000082600000| Untracked 
|  39|0x0000000082700000, 0x0000000082800000, 0x0000000082800000|100%| O|  |TAMS 0x0000000082700000, 0x0000000082700000| Untracked 
|  40|0x0000000082800000, 0x0000000082900000, 0x0000000082900000|100%| O|  |TAMS 0x0000000082800000, 0x0000000082800000| Untracked 
|  41|0x0000000082900000, 0x0000000082a00000, 0x0000000082a00000|100%| O|  |TAMS 0x0000000082900000, 0x0000000082900000| Untracked 
|  42|0x0000000082a00000, 0x0000000082b00000, 0x0000000082b00000|100%| O|  |TAMS 0x0000000082a00000, 0x0000000082a00000| Untracked 
|  43|0x0000000082b00000, 0x0000000082c00000, 0x0000000082c00000|100%| O|  |TAMS 0x0000000082b00000, 0x0000000082b00000| Untracked 
|  44|0x0000000082c00000, 0x0000000082d00000, 0x0000000082d00000|100%| O|  |TAMS 0x0000000082c00000, 0x0000000082c00000| Untracked 
|  45|0x0000000082d00000, 0x0000000082e00000, 0x0000000082e00000|100%| O|  |TAMS 0x0000000082d00000, 0x0000000082d00000| Untracked 
|  46|0x0000000082e00000, 0x0000000082f00000, 0x0000000082f00000|100%| O|  |TAMS 0x0000000082e00000, 0x0000000082e00000| Untracked 
|  47|0x0000000082f00000, 0x0000000082f00000, 0x0000000083000000|  0%| F|  |TAMS 0x0000000082f00000, 0x0000000082f00000| Untracked 
|  48|0x0000000083000000, 0x0000000083000000, 0x0000000083100000|  0%| F|  |TAMS 0x0000000083000000, 0x0000000083000000| Untracked 
|  49|0x0000000083100000, 0x0000000083100000, 0x0000000083200000|  0%| F|  |TAMS 0x0000000083100000, 0x0000000083100000| Untracked 
|  50|0x0000000083200000, 0x0000000083200000, 0x0000000083300000|  0%| F|  |TAMS 0x0000000083200000, 0x0000000083200000| Untracked 
|  51|0x0000000083300000, 0x0000000083300000, 0x0000000083400000|  0%| F|  |TAMS 0x0000000083300000, 0x0000000083300000| Untracked 
|  52|0x0000000083400000, 0x0000000083400000, 0x0000000083500000|  0%| F|  |TAMS 0x0000000083400000, 0x0000000083400000| Untracked 
|  53|0x0000000083500000, 0x0000000083500000, 0x0000000083600000|  0%| F|  |TAMS 0x0000000083500000, 0x0000000083500000| Untracked 
|  54|0x0000000083600000, 0x0000000083600000, 0x0000000083700000|  0%| F|  |TAMS 0x0000000083600000, 0x0000000083600000| Untracked 
|  55|0x0000000083700000, 0x0000000083700000, 0x0000000083800000|  0%| F|  |TAMS 0x0000000083700000, 0x0000000083700000| Untracked 
|  56|0x0000000083800000, 0x0000000083800000, 0x0000000083900000|  0%| F|  |TAMS 0x0000000083800000, 0x0000000083800000| Untracked 
|  57|0x0000000083900000, 0x0000000083900000, 0x0000000083a00000|  0%| F|  |TAMS 0x0000000083900000, 0x0000000083900000| Untracked 
|  58|0x0000000083a00000, 0x0000000083a00000, 0x0000000083b00000|  0%| F|  |TAMS 0x0000000083a00000, 0x0000000083a00000| Untracked 
|  59|0x0000000083b00000, 0x0000000083b00000, 0x0000000083c00000|  0%| F|  |TAMS 0x0000000083b00000, 0x0000000083b00000| Untracked 
|  60|0x0000000083c00000, 0x0000000083c00000, 0x0000000083d00000|  0%| F|  |TAMS 0x0000000083c00000, 0x0000000083c00000| Untracked 
|  61|0x0000000083d00000, 0x0000000083d00000, 0x0000000083e00000|  0%| F|  |TAMS 0x0000000083d00000, 0x0000000083d00000| Untracked 
|  62|0x0000000083e00000, 0x0000000083e00000, 0x0000000083f00000|  0%| F|  |TAMS 0x0000000083e00000, 0x0000000083e00000| Untracked 
|  63|0x0000000083f00000, 0x0000000083f00000, 0x0000000084000000|  0%| F|  |TAMS 0x0000000083f00000, 0x0000000083f00000| Untracked 
|  64|0x0000000084000000, 0x0000000084000000, 0x0000000084100000|  0%| F|  |TAMS 0x0000000084000000, 0x0000000084000000| Untracked 
|  65|0x0000000084100000, 0x0000000084100000, 0x0000000084200000|  0%| F|  |TAMS 0x0000000084100000, 0x0000000084100000| Untracked 
|  66|0x0000000084200000, 0x0000000084200000, 0x0000000084300000|  0%| F|  |TAMS 0x0000000084200000, 0x0000000084200000| Untracked 
|  67|0x0000000084300000, 0x0000000084300000, 0x0000000084400000|  0%| F|  |TAMS 0x0000000084300000, 0x0000000084300000| Untracked 
|  68|0x0000000084400000, 0x0000000084400000, 0x0000000084500000|  0%| F|  |TAMS 0x0000000084400000, 0x0000000084400000| Untracked 
|  69|0x0000000084500000, 0x0000000084500000, 0x0000000084600000|  0%| F|  |TAMS 0x0000000084500000, 0x0000000084500000| Untracked 
|  70|0x0000000084600000, 0x0000000084600000, 0x0000000084700000|  0%| F|  |TAMS 0x0000000084600000, 0x0000000084600000| Untracked 
|  71|0x0000000084700000, 0x0000000084700000, 0x0000000084800000|  0%| F|  |TAMS 0x0000000084700000, 0x0000000084700000| Untracked 
|  72|0x0000000084800000, 0x0000000084800000, 0x0000000084900000|  0%| F|  |TAMS 0x0000000084800000, 0x0000000084800000| Untracked 
|  73|0x0000000084900000, 0x0000000084900000, 0x0000000084a00000|  0%| F|  |TAMS 0x0000000084900000, 0x0000000084900000| Untracked 
|  74|0x0000000084a00000, 0x0000000084a00000, 0x0000000084b00000|  0%| F|  |TAMS 0x0000000084a00000, 0x0000000084a00000| Untracked 
|  75|0x0000000084b00000, 0x0000000084b00000, 0x0000000084c00000|  0%| F|  |TAMS 0x0000000084b00000, 0x0000000084b00000| Untracked 
|  76|0x0000000084c00000, 0x0000000084c00000, 0x0000000084d00000|  0%| F|  |TAMS 0x0000000084c00000, 0x0000000084c00000| Untracked 
|  77|0x0000000084d00000, 0x0000000084d00000, 0x0000000084e00000|  0%| F|  |TAMS 0x0000000084d00000, 0x0000000084d00000| Untracked 
|  78|0x0000000084e00000, 0x0000000084e00000, 0x0000000084f00000|  0%| F|  |TAMS 0x0000000084e00000, 0x0000000084e00000| Untracked 
|  79|0x0000000084f00000, 0x0000000084f00000, 0x0000000085000000|  0%| F|  |TAMS 0x0000000084f00000, 0x0000000084f00000| Untracked 
|  80|0x0000000085000000, 0x0000000085000000, 0x0000000085100000|  0%| F|  |TAMS 0x0000000085000000, 0x0000000085000000| Untracked 
|  81|0x0000000085100000, 0x0000000085200000, 0x0000000085200000|100%| S|CS|TAMS 0x0000000085100000, 0x0000000085100000| Complete 
|  82|0x0000000085200000, 0x0000000085300000, 0x0000000085300000|100%| S|CS|TAMS 0x0000000085200000, 0x0000000085200000| Complete 
|  83|0x0000000085300000, 0x0000000085300000, 0x0000000085400000|  0%| F|  |TAMS 0x0000000085300000, 0x0000000085300000| Untracked 
|  84|0x0000000085400000, 0x0000000085400000, 0x0000000085500000|  0%| F|  |TAMS 0x0000000085400000, 0x0000000085400000| Untracked 
|  85|0x0000000085500000, 0x0000000085500000, 0x0000000085600000|  0%| F|  |TAMS 0x0000000085500000, 0x0000000085500000| Untracked 
|  86|0x0000000085600000, 0x0000000085600000, 0x0000000085700000|  0%| F|  |TAMS 0x0000000085600000, 0x0000000085600000| Untracked 
|  87|0x0000000085700000, 0x0000000085700000, 0x0000000085800000|  0%| F|  |TAMS 0x0000000085700000, 0x0000000085700000| Untracked 
|  88|0x0000000085800000, 0x0000000085800000, 0x0000000085900000|  0%| F|  |TAMS 0x0000000085800000, 0x0000000085800000| Untracked 
|  89|0x0000000085900000, 0x0000000085900000, 0x0000000085a00000|  0%| F|  |TAMS 0x0000000085900000, 0x0000000085900000| Untracked 
|  90|0x0000000085a00000, 0x0000000085a00000, 0x0000000085b00000|  0%| F|  |TAMS 0x0000000085a00000, 0x0000000085a00000| Untracked 
|  91|0x0000000085b00000, 0x0000000085b00000, 0x0000000085c00000|  0%| F|  |TAMS 0x0000000085b00000, 0x0000000085b00000| Untracked 
|  92|0x0000000085c00000, 0x0000000085c00000, 0x0000000085d00000|  0%| F|  |TAMS 0x0000000085c00000, 0x0000000085c00000| Untracked 
|  93|0x0000000085d00000, 0x0000000085d00000, 0x0000000085e00000|  0%| F|  |TAMS 0x0000000085d00000, 0x0000000085d00000| Untracked 
|  94|0x0000000085e00000, 0x0000000085e00000, 0x0000000085f00000|  0%| F|  |TAMS 0x0000000085e00000, 0x0000000085e00000| Untracked 
|  95|0x0000000085f00000, 0x0000000085f00000, 0x0000000086000000|  0%| F|  |TAMS 0x0000000085f00000, 0x0000000085f00000| Untracked 
|  96|0x0000000086000000, 0x0000000086000000, 0x0000000086100000|  0%| F|  |TAMS 0x0000000086000000, 0x0000000086000000| Untracked 
|  97|0x0000000086100000, 0x0000000086100000, 0x0000000086200000|  0%| F|  |TAMS 0x0000000086100000, 0x0000000086100000| Untracked 
|  98|0x0000000086200000, 0x0000000086200000, 0x0000000086300000|  0%| F|  |TAMS 0x0000000086200000, 0x0000000086200000| Untracked 
|  99|0x0000000086300000, 0x0000000086300000, 0x0000000086400000|  0%| F|  |TAMS 0x0000000086300000, 0x0000000086300000| Untracked 
| 100|0x0000000086400000, 0x0000000086400000, 0x0000000086500000|  0%| F|  |TAMS 0x0000000086400000, 0x0000000086400000| Untracked 
| 101|0x0000000086500000, 0x0000000086500000, 0x0000000086600000|  0%| F|  |TAMS 0x0000000086500000, 0x0000000086500000| Untracked 
| 102|0x0000000086600000, 0x0000000086600000, 0x0000000086700000|  0%| F|  |TAMS 0x0000000086600000, 0x0000000086600000| Untracked 
| 103|0x0000000086700000, 0x0000000086700000, 0x0000000086800000|  0%| F|  |TAMS 0x0000000086700000, 0x0000000086700000| Untracked 
| 104|0x0000000086800000, 0x0000000086800000, 0x0000000086900000|  0%| F|  |TAMS 0x0000000086800000, 0x0000000086800000| Untracked 
| 105|0x0000000086900000, 0x0000000086900000, 0x0000000086a00000|  0%| F|  |TAMS 0x0000000086900000, 0x0000000086900000| Untracked 
| 106|0x0000000086a00000, 0x0000000086a00000, 0x0000000086b00000|  0%| F|  |TAMS 0x0000000086a00000, 0x0000000086a00000| Untracked 
| 107|0x0000000086b00000, 0x0000000086b00000, 0x0000000086c00000|  0%| F|  |TAMS 0x0000000086b00000, 0x0000000086b00000| Untracked 
| 108|0x0000000086c00000, 0x0000000086c00000, 0x0000000086d00000|  0%| F|  |TAMS 0x0000000086c00000, 0x0000000086c00000| Untracked 
| 109|0x0000000086d00000, 0x0000000086d00000, 0x0000000086e00000|  0%| F|  |TAMS 0x0000000086d00000, 0x0000000086d00000| Untracked 
| 110|0x0000000086e00000, 0x0000000086e00000, 0x0000000086f00000|  0%| F|  |TAMS 0x0000000086e00000, 0x0000000086e00000| Untracked 
| 111|0x0000000086f00000, 0x0000000086f00000, 0x0000000087000000|  0%| F|  |TAMS 0x0000000086f00000, 0x0000000086f00000| Untracked 
| 112|0x0000000087000000, 0x0000000087000000, 0x0000000087100000|  0%| F|  |TAMS 0x0000000087000000, 0x0000000087000000| Untracked 
| 113|0x0000000087100000, 0x0000000087100000, 0x0000000087200000|  0%| F|  |TAMS 0x0000000087100000, 0x0000000087100000| Untracked 
| 114|0x0000000087200000, 0x0000000087200000, 0x0000000087300000|  0%| F|  |TAMS 0x0000000087200000, 0x0000000087200000| Untracked 
| 115|0x0000000087300000, 0x0000000087300000, 0x0000000087400000|  0%| F|  |TAMS 0x0000000087300000, 0x0000000087300000| Untracked 
| 116|0x0000000087400000, 0x0000000087400000, 0x0000000087500000|  0%| F|  |TAMS 0x0000000087400000, 0x0000000087400000| Untracked 
| 117|0x0000000087500000, 0x0000000087500000, 0x0000000087600000|  0%| F|  |TAMS 0x0000000087500000, 0x0000000087500000| Untracked 
| 118|0x0000000087600000, 0x0000000087600000, 0x0000000087700000|  0%| F|  |TAMS 0x0000000087600000, 0x0000000087600000| Untracked 
| 119|0x0000000087700000, 0x0000000087700000, 0x0000000087800000|  0%| F|  |TAMS 0x0000000087700000, 0x0000000087700000| Untracked 
| 120|0x0000000087800000, 0x0000000087800000, 0x0000000087900000|  0%| F|  |TAMS 0x0000000087800000, 0x0000000087800000| Untracked 
| 121|0x0000000087900000, 0x0000000087900000, 0x0000000087a00000|  0%| F|  |TAMS 0x0000000087900000, 0x0000000087900000| Untracked 
| 122|0x0000000087a00000, 0x0000000087a00000, 0x0000000087b00000|  0%| F|  |TAMS 0x0000000087a00000, 0x0000000087a00000| Untracked 
| 123|0x0000000087b00000, 0x0000000087b00000, 0x0000000087c00000|  0%| F|  |TAMS 0x0000000087b00000, 0x0000000087b00000| Untracked 
| 124|0x0000000087c00000, 0x0000000087d00000, 0x0000000087d00000|100%| E|  |TAMS 0x0000000087c00000, 0x0000000087c00000| Complete 

Card table byte_map: [0x0000021594880000,0x0000021594c80000] _byte_map_base: 0x0000021594480000

Marking Bits (Prev, Next): (CMBitMap*) 0x00000215fe91cdc8, (CMBitMap*) 0x00000215fe91ce00
 Prev Bits: [0x0000021595080000, 0x0000021597080000)
 Next Bits: [0x0000021597080000, 0x0000021599080000)

Polling page: 0x0000021581410000

Metaspace:

Usage:
  Non-class:     46.39 MB capacity,    45.55 MB ( 98%) used,   737.86 KB (  2%) free+waste,   119.31 KB ( <1%) overhead. 
      Class:      7.08 MB capacity,     6.60 MB ( 93%) used,   442.38 KB (  6%) free+waste,    56.63 KB ( <1%) overhead. 
       Both:     53.47 MB capacity,    52.15 MB ( 98%) used,     1.15 MB (  2%) free+waste,   175.94 KB ( <1%) overhead. 

Virtual space:
  Non-class space:       48.00 MB reserved,      46.50 MB ( 97%) committed 
      Class space:        1.00 GB reserved,       7.13 MB ( <1%) committed 
             Both:        1.05 GB reserved,      53.63 MB (  5%) committed 

Chunk freelists:
   Non-Class:  49.00 KB
       Class:  11.00 KB
        Both:  60.00 KB

MaxMetaspaceSize: 17179869184.00 GB
CompressedClassSpaceSize: 1.00 GB

CodeHeap 'non-profiled nmethods': size=120064Kb used=2842Kb max_used=2842Kb free=117222Kb
 bounds [0x000002158c910000, 0x000002158cbe0000, 0x0000021593e50000]
CodeHeap 'profiled nmethods': size=120000Kb used=11193Kb max_used=11193Kb free=108806Kb
 bounds [0x00000215853e0000, 0x0000021585ed0000, 0x000002158c910000]
CodeHeap 'non-nmethods': size=5696Kb used=2212Kb max_used=2255Kb free=3483Kb
 bounds [0x0000021584e50000, 0x00000215850c0000, 0x00000215853e0000]
 total_blobs=6091 nmethods=5311 adapters=691
 compilation: enabled
              stopped_count=0, restarted_count=0
 full_count=0

Compilation events (20 events):
Event: 12.177 Thread 0x000002159b6d2000 5295       3       java.util.concurrent.ConcurrentHashMap$Traverser::<init> (36 bytes)
Event: 12.178 Thread 0x000002159b6d2000 nmethod 5295 0x0000021585eba410 code [0x0000021585eba5c0, 0x0000021585eba7b8]
Event: 12.197 Thread 0x000002159b6d2000 5296       3       org.objectweb.asm.AnnotationWriter::visit (959 bytes)
Event: 12.202 Thread 0x000002159b6d2000 nmethod 5296 0x0000021585eba890 code [0x0000021585ebaf60, 0x0000021585ebecf8]
Event: 12.202 Thread 0x000002159b6d2000 5299       3       org.objectweb.asm.SymbolTable::addConstantIntegerOrFloat (100 bytes)
Event: 12.202 Thread 0x000002159b6d2000 nmethod 5299 0x0000021585ec0310 code [0x0000021585ec0540, 0x0000021585ec0af8]
Event: 12.202 Thread 0x000002159b6d2000 5298       3       org.objectweb.asm.SymbolTable::addConstantInteger (7 bytes)
Event: 12.203 Thread 0x000002159b6d2000 nmethod 5298 0x0000021585ec0e10 code [0x0000021585ec0fc0, 0x0000021585ec10e8]
Event: 12.203 Thread 0x000002159b6d2000 5297       3       java.lang.Class::isEnum (27 bytes)
Event: 12.203 Thread 0x000002159b6d2000 nmethod 5297 0x0000021585ec1190 code [0x0000021585ec1360, 0x0000021585ec1578]
Event: 12.203 Thread 0x000002159b6d2000 5300       3       java.lang.reflect.AccessibleObject::checkAccess (40 bytes)
Event: 12.203 Thread 0x000002159b6d2000 nmethod 5300 0x0000021585ec1610 code [0x0000021585ec1800, 0x0000021585ec1b38]
Event: 12.208 Thread 0x000002159b6d2000 5302       3       sun.reflect.annotation.AnnotationParser::parseMemberValue (162 bytes)
Event: 12.210 Thread 0x000002159b6d2000 nmethod 5302 0x0000021585ec1c90 code [0x0000021585ec1fe0, 0x0000021585ec3258]
Event: 12.214 Thread 0x000002159b6d2000 5303       3       java.util.concurrent.ConcurrentHashMap$BaseIterator::<init> (21 bytes)
Event: 12.214 Thread 0x000002159b6d2000 nmethod 5303 0x0000021585ec3890 code [0x0000021585ec3a60, 0x0000021585ec3c38]
Event: 12.219 Thread 0x000002159b6d2000 5304       3       org.gradle.api.internal.provider.AbstractProperty::assertCanMutate (12 bytes)
Event: 12.219 Thread 0x000002159b6d2000 nmethod 5304 0x0000021585ec3d10 code [0x0000021585ec3ee0, 0x0000021585ec41c8]
Event: 12.219 Thread 0x000002159b6d2000 5305       3       org.gradle.api.internal.provider.AbstractProperty$NonFinalizedValue::beforeMutate (34 bytes)
Event: 12.220 Thread 0x000002159b6d2000 nmethod 5305 0x0000021585ec4290 code [0x0000021585ec4540, 0x0000021585ec5138]

GC Heap History (20 events):
Event: 2.355 GC heap before
{Heap before GC invocations=2 (full 0):
 garbage-first heap   total 98304K, used 32085K [0x0000000080000000, 0x0000000100000000)
  region size 1024K, 25 young (25600K), 1 survivors (1024K)
 Metaspace       used 10703K, capacity 10965K, committed 11264K, reserved 1058816K
  class space    used 1103K, capacity 1164K, committed 1280K, reserved 1048576K
}
Event: 2.360 GC heap after
{Heap after GC invocations=3 (full 0):
 garbage-first heap   total 98304K, used 10971K [0x0000000080000000, 0x0000000100000000)
  region size 1024K, 3 young (3072K), 3 survivors (3072K)
 Metaspace       used 10703K, capacity 10965K, committed 11264K, reserved 1058816K
  class space    used 1103K, capacity 1164K, committed 1280K, reserved 1048576K
}
Event: 4.601 GC heap before
{Heap before GC invocations=3 (full 0):
 garbage-first heap   total 98304K, used 44763K [0x0000000080000000, 0x0000000100000000)
  region size 1024K, 37 young (37888K), 3 survivors (3072K)
 Metaspace       used 16821K, capacity 17246K, committed 17536K, reserved 1064960K
  class space    used 1929K, capacity 2074K, committed 2176K, reserved 1048576K
}
Event: 4.610 GC heap after
{Heap after GC invocations=4 (full 0):
 garbage-first heap   total 98304K, used 15331K [0x0000000080000000, 0x0000000100000000)
  region size 1024K, 5 young (5120K), 5 survivors (5120K)
 Metaspace       used 16821K, capacity 17246K, committed 17536K, reserved 1064960K
  class space    used 1929K, capacity 2074K, committed 2176K, reserved 1048576K
}
Event: 5.147 GC heap before
{Heap before GC invocations=4 (full 0):
 garbage-first heap   total 98304K, used 42979K [0x0000000080000000, 0x0000000100000000)
  region size 1024K, 34 young (34816K), 5 survivors (5120K)
 Metaspace       used 20640K, capacity 21109K, committed 21248K, reserved 1067008K
  class space    used 2526K, capacity 2710K, committed 2816K, reserved 1048576K
}
Event: 5.156 GC heap after
{Heap after GC invocations=5 (full 0):
 garbage-first heap   total 98304K, used 16575K [0x0000000080000000, 0x0000000100000000)
  region size 1024K, 2 young (2048K), 2 survivors (2048K)
 Metaspace       used 20640K, capacity 21109K, committed 21248K, reserved 1067008K
  class space    used 2526K, capacity 2710K, committed 2816K, reserved 1048576K
}
Event: 5.863 GC heap before
{Heap before GC invocations=6 (full 0):
 garbage-first heap   total 98304K, used 54463K [0x0000000080000000, 0x0000000100000000)
  region size 1024K, 39 young (39936K), 2 survivors (2048K)
 Metaspace       used 24969K, capacity 25483K, committed 25728K, reserved 1071104K
  class space    used 3216K, capacity 3426K, committed 3456K, reserved 1048576K
}
Event: 5.868 GC heap after
{Heap after GC invocations=7 (full 0):
 garbage-first heap   total 98304K, used 17918K [0x0000000080000000, 0x0000000100000000)
  region size 1024K, 3 young (3072K), 3 survivors (3072K)
 Metaspace       used 24969K, capacity 25483K, committed 25728K, reserved 1071104K
  class space    used 3216K, capacity 3426K, committed 3456K, reserved 1048576K
}
Event: 6.848 GC heap before
{Heap before GC invocations=7 (full 0):
 garbage-first heap   total 98304K, used 63998K [0x0000000080000000, 0x0000000100000000)
  region size 1024K, 49 young (50176K), 3 survivors (3072K)
 Metaspace       used 30466K, capacity 31079K, committed 31232K, reserved 1077248K
  class space    used 4058K, capacity 4291K, committed 4352K, reserved 1048576K
}
Event: 6.856 GC heap after
{Heap after GC invocations=8 (full 0):
 garbage-first heap   total 98304K, used 20339K [0x0000000080000000, 0x0000000100000000)
  region size 1024K, 5 young (5120K), 5 survivors (5120K)
 Metaspace       used 30466K, capacity 31079K, committed 31232K, reserved 1077248K
  class space    used 4058K, capacity 4291K, committed 4352K, reserved 1048576K
}
Event: 7.340 GC heap before
{Heap before GC invocations=8 (full 0):
 garbage-first heap   total 98304K, used 33651K [0x0000000080000000, 0x0000000100000000)
  region size 1024K, 19 young (19456K), 5 survivors (5120K)
 Metaspace       used 35114K, capacity 35795K, committed 35840K, reserved 1081344K
  class space    used 4556K, capacity 4822K, committed 4864K, reserved 1048576K
}
Event: 7.351 GC heap after
{Heap after GC invocations=9 (full 0):
 garbage-first heap   total 98304K, used 21871K [0x0000000080000000, 0x0000000100000000)
  region size 1024K, 4 young (4096K), 4 survivors (4096K)
 Metaspace       used 35114K, capacity 35795K, committed 35840K, reserved 1081344K
  class space    used 4556K, capacity 4822K, committed 4864K, reserved 1048576K
}
Event: 8.194 GC heap before
{Heap before GC invocations=10 (full 0):
 garbage-first heap   total 98304K, used 62831K [0x0000000080000000, 0x0000000100000000)
  region size 1024K, 41 young (41984K), 4 survivors (4096K)
 Metaspace       used 39639K, capacity 40408K, committed 40704K, reserved 1085440K
  class space    used 5028K, capacity 5326K, committed 5376K, reserved 1048576K
}
Event: 8.204 GC heap after
{Heap after GC invocations=11 (full 0):
 garbage-first heap   total 98304K, used 23903K [0x0000000080000000, 0x0000000100000000)
  region size 1024K, 4 young (4096K), 4 survivors (4096K)
 Metaspace       used 39639K, capacity 40408K, committed 40704K, reserved 1085440K
  class space    used 5028K, capacity 5326K, committed 5376K, reserved 1048576K
}
Event: 8.992 GC heap before
{Heap before GC invocations=11 (full 0):
 garbage-first heap   total 98304K, used 62815K [0x0000000080000000, 0x0000000100000000)
  region size 1024K, 42 young (43008K), 4 survivors (4096K)
 Metaspace       used 42008K, capacity 42913K, committed 43136K, reserved 1087488K
  class space    used 5382K, capacity 5689K, committed 5760K, reserved 1048576K
}
Event: 9.003 GC heap after
{Heap after GC invocations=12 (full 0):
 garbage-first heap   total 128000K, used 26336K [0x0000000080000000, 0x0000000100000000)
  region size 1024K, 5 young (5120K), 5 survivors (5120K)
 Metaspace       used 42008K, capacity 42913K, committed 43136K, reserved 1087488K
  class space    used 5382K, capacity 5689K, committed 5760K, reserved 1048576K
}
Event: 10.290 GC heap before
{Heap before GC invocations=12 (full 0):
 garbage-first heap   total 128000K, used 77536K [0x0000000080000000, 0x0000000100000000)
  region size 1024K, 55 young (56320K), 5 survivors (5120K)
 Metaspace       used 44497K, capacity 45474K, committed 45568K, reserved 1089536K
  class space    used 5676K, capacity 6054K, committed 6144K, reserved 1048576K
}
Event: 10.305 GC heap after
{Heap after GC invocations=13 (full 0):
 garbage-first heap   total 128000K, used 31470K [0x0000000080000000, 0x0000000100000000)
  region size 1024K, 7 young (7168K), 7 survivors (7168K)
 Metaspace       used 44497K, capacity 45474K, committed 45568K, reserved 1089536K
  class space    used 5676K, capacity 6054K, committed 6144K, reserved 1048576K
}
Event: 11.123 GC heap before
{Heap before GC invocations=13 (full 0):
 garbage-first heap   total 128000K, used 89838K [0x0000000080000000, 0x0000000100000000)
  region size 1024K, 59 young (60416K), 7 survivors (7168K)
 Metaspace       used 47216K, capacity 48421K, committed 48512K, reserved 1091584K
  class space    used 6005K, capacity 6468K, committed 6528K, reserved 1048576K
}
Event: 11.142 GC heap after
{Heap after GC invocations=14 (full 0):
 garbage-first heap   total 128000K, used 47564K [0x0000000080000000, 0x0000000100000000)
  region size 1024K, 8 young (8192K), 8 survivors (8192K)
 Metaspace       used 47216K, capacity 48421K, committed 48512K, reserved 1091584K
  class space    used 6005K, capacity 6468K, committed 6528K, reserved 1048576K
}

Deoptimization events (20 events):
Event: 11.080 Thread 0x000002159e2e4000 Uncommon trap: trap_request=0xffffff4d fr.pc=0x000002158cadc134 relative=0x0000000000002874
Event: 11.080 Thread 0x000002159e2e4000 Uncommon trap: reason=unstable_if action=reinterpret pc=0x000002158cadc134 method=org.objectweb.asm.Frame.execute(IILorg/objectweb/asm/Symbol;Lorg/objectweb/asm/SymbolTable;)V @ 1 c2
Event: 11.080 Thread 0x000002159e2e4000 DEOPT PACKING pc=0x000002158cadc134 sp=0x000000321d8f8400
Event: 11.080 Thread 0x000002159e2e4000 DEOPT UNPACKING pc=0x0000021584e765af sp=0x000000321d8f83a8 mode 2
Event: 11.114 Thread 0x000002159e2e4000 Uncommon trap: trap_request=0xffffffde fr.pc=0x000002158cb5c8c8 relative=0x00000000000003e8
Event: 11.114 Thread 0x000002159e2e4000 Uncommon trap: reason=class_check action=maybe_recompile pc=0x000002158cb5c8c8 method=com.google.common.collect.RegularImmutableMap.get([I[Ljava/lang/Object;IILjava/lang/Object;)Ljava/lang/Object; @ 17 c2
Event: 11.114 Thread 0x000002159e2e4000 DEOPT PACKING pc=0x000002158cb5c8c8 sp=0x000000321d8f8080
Event: 11.114 Thread 0x000002159e2e4000 DEOPT UNPACKING pc=0x0000021584e765af sp=0x000000321d8f8020 mode 2
Event: 11.114 Thread 0x000002159e2e4000 Uncommon trap: trap_request=0xffffff4d fr.pc=0x000002158cb5c9cc relative=0x00000000000004ec
Event: 11.114 Thread 0x000002159e2e4000 Uncommon trap: reason=unstable_if action=reinterpret pc=0x000002158cb5c9cc method=com.google.common.collect.RegularImmutableMap.get([I[Ljava/lang/Object;IILjava/lang/Object;)Ljava/lang/Object; @ 34 c2
Event: 11.114 Thread 0x000002159e2e4000 DEOPT PACKING pc=0x000002158cb5c9cc sp=0x000000321d8f80d0
Event: 11.114 Thread 0x000002159e2e4000 DEOPT UNPACKING pc=0x0000021584e765af sp=0x000000321d8f8078 mode 2
Event: 11.115 Thread 0x000002159e2e4000 Uncommon trap: trap_request=0xffffff45 fr.pc=0x000002158ca3bdf4 relative=0x0000000000000214
Event: 11.115 Thread 0x000002159e2e4000 Uncommon trap: reason=unstable_fused_if action=reinterpret pc=0x000002158ca3bdf4 method=org.objectweb.asm.ByteVector.putUTF8(Ljava/lang/String;)Lorg/objectweb/asm/ByteVector; @ 93 c2
Event: 11.115 Thread 0x000002159e2e4000 DEOPT PACKING pc=0x000002158ca3bdf4 sp=0x000000321d8f8170
Event: 11.115 Thread 0x000002159e2e4000 DEOPT UNPACKING pc=0x0000021584e765af sp=0x000000321d8f80f0 mode 2
Event: 11.678 Thread 0x000002159e2e4000 Uncommon trap: trap_request=0xffffff4d fr.pc=0x000002158ca963fc relative=0x000000000000111c
Event: 11.678 Thread 0x000002159e2e4000 Uncommon trap: reason=unstable_if action=reinterpret pc=0x000002158ca963fc method=java.util.zip.ZipFile$ZipFileInflaterInputStream.close()V @ 4 c2
Event: 11.678 Thread 0x000002159e2e4000 DEOPT PACKING pc=0x000002158ca963fc sp=0x000000321d8f57f0
Event: 11.678 Thread 0x000002159e2e4000 DEOPT UNPACKING pc=0x0000021584e765af sp=0x000000321d8f57f0 mode 2

Classes redefined (0 events):
No events

Internal exceptions (20 events):
Event: 10.796 Thread 0x000002159e2dd000 Exception <a 'java/lang/NoSuchMethodError'{0x000000008590d690}: <clinit>> (0x000000008590d690) thrown at [./src/hotspot/share/prims/jni.cpp, line 1362]
Event: 10.800 Thread 0x000002159e2dd000 Exception <a 'java/lang/NoSuchMethodError'{0x000000008592e050}: <clinit>> (0x000000008592e050) thrown at [./src/hotspot/share/prims/jni.cpp, line 1362]
Event: 10.800 Thread 0x000002159e2dd000 Exception <a 'java/lang/NoSuchMethodError'{0x000000008592f3d0}: <clinit>> (0x000000008592f3d0) thrown at [./src/hotspot/share/prims/jni.cpp, line 1362]
Event: 10.801 Thread 0x000002159e2dd000 Exception <a 'java/lang/NoSuchMethodError'{0x00000000859306d8}: <clinit>> (0x00000000859306d8) thrown at [./src/hotspot/share/prims/jni.cpp, line 1362]
Event: 10.801 Thread 0x000002159e2dd000 Exception <a 'java/lang/NoSuchMethodError'{0x00000000859316f8}: <clinit>> (0x00000000859316f8) thrown at [./src/hotspot/share/prims/jni.cpp, line 1362]
Event: 10.802 Thread 0x000002159e2dd000 Exception <a 'java/lang/NoSuchMethodError'{0x000000008593b9c0}: <clinit>> (0x000000008593b9c0) thrown at [./src/hotspot/share/prims/jni.cpp, line 1362]
Event: 10.803 Thread 0x000002159e2dd000 Exception <a 'java/lang/NoSuchMethodError'{0x00000000859460e0}: <clinit>> (0x00000000859460e0) thrown at [./src/hotspot/share/prims/jni.cpp, line 1362]
Event: 10.806 Thread 0x000002159e2dd000 Exception <a 'java/lang/NoSuchMethodError'{0x000000008595a5d8}: <clinit>> (0x000000008595a5d8) thrown at [./src/hotspot/share/prims/jni.cpp, line 1362]
Event: 10.819 Thread 0x000002159e2e4000 Exception <a 'java/lang/ClassNotFoundException'{0x00000000859cfd68}: build_cjhogxpuqu639iutw3uewszorBeanInfo> (0x00000000859cfd68) thrown at [./src/hotspot/share/classfile/systemDictionary.cpp, line 231]
Event: 10.819 Thread 0x000002159e2e4000 Exception <a 'java/lang/ClassNotFoundException'{0x00000000859d8b70}: build_cjhogxpuqu639iutw3uewszorCustomizer> (0x00000000859d8b70) thrown at [./src/hotspot/share/classfile/systemDictionary.cpp, line 231]
Event: 10.831 Thread 0x000002159e2e4000 Exception <a 'java/lang/ClassNotFoundException'{0x000000008585f380}: org/gradle/plugin/use/internal/PluginRequestCollector$PluginDependenciesSpecImplBeanInfo> (0x000000008585f380) thrown at [./src/hotspot/share/classfile/systemDictionary.cpp, line 231]
Event: 10.832 Thread 0x000002159e2e4000 Exception <a 'java/lang/ClassNotFoundException'{0x0000000085885398}: org/gradle/plugin/use/internal/PluginRequestCollector$PluginDependenciesSpecImplCustomizer> (0x0000000085885398) thrown at [./src/hotspot/share/classfile/systemDictionary.cpp, line 231]
Event: 10.841 Thread 0x000002159e2e4000 Exception <a 'java/lang/NoSuchMethodError'{0x00000000858fc5a0}: 'void java.lang.invoke.DirectMethodHandle$Holder.invokeInterface(java.lang.Object, java.lang.Object)'> (0x00000000858fc5a0) thrown at [./src/hotspot/share/interpreter/linkResolver.cpp, line 773]
Event: 11.078 Thread 0x000002159e2e4000 Exception <a 'java/lang/NoSuchMethodError'{0x0000000084ba5470}: 'java.lang.Object java.lang.invoke.DirectMethodHandle$Holder.invokeStatic(java.lang.Object, java.lang.Object, java.lang.Object, java.lang.Object, int)'> (0x0000000084ba5470) thrown at [./src/hotspot/share/interpreter/linkResolver.cpp, line 773]
Event: 11.078 Thread 0x000002159e2e4000 Exception <a 'java/lang/NoSuchMethodError'{0x0000000084ba9e68}: 'java.lang.Object java.lang.invoke.DirectMethodHandle$Holder.invokeSpecial(java.lang.Object, java.lang.Object, java.lang.Object, java.lang.Object, java.lang.Object, int)'> (0x0000000084ba9e68) thrown at [./src/hotspot/share/interpreter/linkResolver.cpp, line 773]
Event: 11.079 Thread 0x000002159e2e4000 Exception <a 'java/lang/NoSuchMethodError'{0x0000000084bae4a8}: 'java.lang.Object java.lang.invoke.Invokers$Holder.linkToTargetMethod(java.lang.Object, java.lang.Object, java.lang.Object, int, java.lang.Object)'> (0x0000000084bae4a8) thrown at [./src/hotspot/share/interpreter/linkResolver.cpp, line 773]
Event: 11.114 Thread 0x000002159e2e4000 Implicit null exception at 0x000002158cb5c513 to 0x000002158cb5c9b8
Event: 11.645 Thread 0x000002159e2e4000 Exception <a 'java/lang/NoSuchMethodError'{0x0000000086a9cd38}: 'java.lang.Object java.lang.invoke.DirectMethodHandle$Holder.invokeSpecial(java.lang.Object, java.lang.Object, int, int, java.lang.Object, java.lang.Object, java.lang.Object)'> (0x0000000086a9cd38) thrown at [./src/hotspot/share/interpreter/linkResolver.cpp, line 773]
Event: 11.646 Thread 0x000002159e2e4000 Exception <a 'java/lang/NoSuchMethodError'{0x0000000086aa12b8}: 'java.lang.Object java.lang.invoke.DelegatingMethodHandle$Holder.reinvoke_L(java.lang.Object, int, int, java.lang.Object, java.lang.Object, java.lang.Object)'> (0x0000000086aa12b8) thrown at [./src/hotspot/share/interpreter/linkResolver.cpp, line 773]
Event: 11.989 Thread 0x000002159e2e4000 Exception <a 'java/lang/NoSuchMethodError'{0x0000000085df15d0}: 'int java.lang.invoke.DirectMethodHandle$Holder.invokeInterface(java.lang.Object, java.lang.Object, java.lang.Object, java.lang.Object)'> (0x0000000085df15d0) thrown at [./src/hotspot/share/interpreter/linkResolver.cpp, line 773]

Events (20 events):
Event: 12.215 loading class org/gradle/api/file/RegularFileProperty
Event: 12.215 loading class org/gradle/api/file/RegularFileProperty done
Event: 12.220 loading class com/android/build/gradle/internal/AvdComponentsBuildService$RegistrationAction
Event: 12.220 loading class com/android/build/gradle/internal/AvdComponentsBuildService$RegistrationAction done
Event: 12.220 loading class com/android/build/gradle/internal/ManagedDeviceUtilsKt
Event: 12.220 loading class com/android/build/gradle/internal/ManagedDeviceUtilsKt done
Event: 12.221 loading class org/gradle/api/model/ObjectFactory
Event: 12.221 loading class org/gradle/api/model/ObjectFactory done
Event: 12.221 loading class com/android/build/gradle/internal/ManagedDeviceUtilsKt$getManagedDeviceAvdFolder$1
Event: 12.221 loading class com/android/build/gradle/internal/ManagedDeviceUtilsKt$getManagedDeviceAvdFolder$1 done
Event: 12.222 loading class org/gradle/api/file/DirectoryProperty
Event: 12.222 loading class org/gradle/api/file/DirectoryProperty done
Event: 12.222 loading class org/gradle/api/internal/file/DefaultFilePropertyFactory$AbstractFileVar$1
Event: 12.222 loading class org/gradle/api/internal/file/DefaultFilePropertyFactory$AbstractFileVar$1 done
Event: 12.222 loading class org/gradle/api/internal/provider/TransformBackedProvider
Event: 12.222 loading class org/gradle/api/internal/provider/TransformBackedProvider done
Event: 12.223 loading class org/gradle/api/internal/provider/TypeSanitizingTransformer
Event: 12.223 loading class org/gradle/api/internal/provider/TypeSanitizingTransformer done
Event: 12.225 loading class com/android/build/gradle/internal/SdkComponentsBuildService
Event: 12.225 loading class com/android/build/gradle/internal/SdkComponentsBuildService done


Dynamic libraries:
0x00007ff651110000 - 0x00007ff65111a000 	C:\Program Files\Android\Android Studio\jre\bin\java.exe
0x00007ffc11f10000 - 0x00007ffc12105000 	C:\Windows\SYSTEM32\ntdll.dll
0x00007ffc0ff60000 - 0x00007ffc1001e000 	C:\Windows\System32\KERNEL32.DLL
0x00007ffc0f9f0000 - 0x00007ffc0fcb8000 	C:\Windows\System32\KERNELBASE.dll
0x00007ffc0f6c0000 - 0x00007ffc0f7c0000 	C:\Windows\System32\ucrtbase.dll
0x00007ffbfde20000 - 0x00007ffbfde37000 	C:\Program Files\Android\Android Studio\jre\bin\VCRUNTIME140.dll
0x00007ffbfde00000 - 0x00007ffbfde19000 	C:\Program Files\Android\Android Studio\jre\bin\jli.dll
0x00007ffc11200000 - 0x00007ffc113a0000 	C:\Windows\System32\USER32.dll
0x00007ffbfec80000 - 0x00007ffbfef1a000 	C:\Windows\WinSxS\amd64_microsoft.windows.common-controls_6595b64144ccf1df_6.0.19041.1110_none_60b5254171f9507e\COMCTL32.dll
0x00007ffc0f620000 - 0x00007ffc0f642000 	C:\Windows\System32\win32u.dll
0x00007ffc11080000 - 0x00007ffc1111e000 	C:\Windows\System32\msvcrt.dll
0x00007ffc11050000 - 0x00007ffc1107b000 	C:\Windows\System32\GDI32.dll
0x00007ffc0fe50000 - 0x00007ffc0ff5d000 	C:\Windows\System32\gdi32full.dll
0x00007ffc0f7c0000 - 0x00007ffc0f85d000 	C:\Windows\System32\msvcp_win.dll
0x00007ffc11020000 - 0x00007ffc11050000 	C:\Windows\System32\IMM32.DLL
0x00007ffbcecd0000 - 0x00007ffbced6d000 	C:\Program Files\Android\Android Studio\jre\bin\msvcp140.dll
0x00007ffbac7c0000 - 0x00007ffbad295000 	C:\Program Files\Android\Android Studio\jre\bin\server\jvm.dll
0x00007ffc119d0000 - 0x00007ffc11a7e000 	C:\Windows\System32\ADVAPI32.dll
0x00007ffc114b0000 - 0x00007ffc1154c000 	C:\Windows\System32\sechost.dll
0x00007ffc10020000 - 0x00007ffc10145000 	C:\Windows\System32\RPCRT4.dll
0x00007ffc11e60000 - 0x00007ffc11e68000 	C:\Windows\System32\PSAPI.DLL
0x00007ffc05f60000 - 0x00007ffc05f87000 	C:\Windows\SYSTEM32\WINMM.dll
0x00007ffbfb8f0000 - 0x00007ffbfb8f9000 	C:\Windows\SYSTEM32\WSOCK32.dll
0x00007ffc05f50000 - 0x00007ffc05f5a000 	C:\Windows\SYSTEM32\VERSION.dll
0x00007ffc10fb0000 - 0x00007ffc1101b000 	C:\Windows\System32\ws2_32.DLL
0x00007ffc0d4d0000 - 0x00007ffc0d4e2000 	C:\Windows\SYSTEM32\kernel.appcore.dll
0x00007ffc04f60000 - 0x00007ffc04f71000 	C:\Program Files\Android\Android Studio\jre\bin\verify.dll
0x00007ffbfd900000 - 0x00007ffbfdae4000 	C:\Windows\SYSTEM32\DBGHELP.DLL
0x00007ffbfd890000 - 0x00007ffbfd8bc000 	C:\Windows\SYSTEM32\dbgcore.DLL
0x00007ffc0f860000 - 0x00007ffc0f8e2000 	C:\Windows\System32\bcryptPrimitives.dll
0x00007ffc00d60000 - 0x00007ffc00d89000 	C:\Program Files\Android\Android Studio\jre\bin\java.dll
0x00007ffc08f70000 - 0x00007ffc08f7b000 	C:\Program Files\Android\Android Studio\jre\bin\jimage.dll
0x00007ffbfddc0000 - 0x00007ffbfddd8000 	C:\Program Files\Android\Android Studio\jre\bin\zip.dll
0x00007ffc10840000 - 0x00007ffc10f84000 	C:\Windows\System32\SHELL32.dll
0x00007ffc0d6d0000 - 0x00007ffc0de64000 	C:\Windows\SYSTEM32\windows.storage.dll
0x00007ffc104e0000 - 0x00007ffc10835000 	C:\Windows\System32\combase.dll
0x00007ffc0ef90000 - 0x00007ffc0efbe000 	C:\Windows\SYSTEM32\Wldp.dll
0x00007ffc113a0000 - 0x00007ffc1144d000 	C:\Windows\System32\SHCORE.dll
0x00007ffc11cd0000 - 0x00007ffc11d25000 	C:\Windows\System32\shlwapi.dll
0x00007ffc0f560000 - 0x00007ffc0f57f000 	C:\Windows\SYSTEM32\profapi.dll
0x00007ffbfc8f0000 - 0x00007ffbfc90a000 	C:\Program Files\Android\Android Studio\jre\bin\net.dll
0x00007ffc08bc0000 - 0x00007ffc08ccc000 	C:\Windows\SYSTEM32\WINHTTP.dll
0x00007ffc0ed00000 - 0x00007ffc0ed6a000 	C:\Windows\system32\mswsock.dll
0x00007ffbfb5a0000 - 0x00007ffbfb5b4000 	C:\Program Files\Android\Android Studio\jre\bin\nio.dll
0x00007ffc00da0000 - 0x00007ffc00dc7000 	C:\Users\Ali Usman\.gradle\native\fdc75f09e3144964f2cf3f50f0aa648679c211496f362492102eb8c894070792\windows-amd64\native-platform.dll
0x00007ffbc69e0000 - 0x00007ffbc6b76000 	C:\Users\Ali Usman\.gradle\native\12488b8bf47d2d4c9fbf2f6322a914ad602e24e48041cd04a747c6da556b65c4\windows-amd64\native-platform-file-events.dll
0x00007ffc08e90000 - 0x00007ffc08e9a000 	C:\Program Files\Android\Android Studio\jre\bin\management.dll
0x00007ffbffdf0000 - 0x00007ffbffdfd000 	C:\Program Files\Android\Android Studio\jre\bin\management_ext.dll
0x00007ffc0f310000 - 0x00007ffc0f328000 	C:\Windows\SYSTEM32\CRYPTSP.dll
0x00007ffc0e640000 - 0x00007ffc0e674000 	C:\Windows\system32\rsaenh.dll
0x00007ffc0fcc0000 - 0x00007ffc0fce7000 	C:\Windows\System32\bcrypt.dll
0x00007ffc0f520000 - 0x00007ffc0f54e000 	C:\Windows\SYSTEM32\USERENV.dll
0x00007ffc0ee90000 - 0x00007ffc0ee9c000 	C:\Windows\SYSTEM32\CRYPTBASE.dll
0x00007ffc0ea10000 - 0x00007ffc0ea4b000 	C:\Windows\SYSTEM32\IPHLPAPI.DLL
0x00007ffc102e0000 - 0x00007ffc102e8000 	C:\Windows\System32\NSI.dll
0x00007ffc080a0000 - 0x00007ffc080b7000 	C:\Windows\SYSTEM32\dhcpcsvc6.DLL
0x00007ffc07f90000 - 0x00007ffc07fad000 	C:\Windows\SYSTEM32\dhcpcsvc.DLL
0x00007ffc0ea50000 - 0x00007ffc0eb1b000 	C:\Windows\SYSTEM32\DNSAPI.dll
0x00007ffc08eb0000 - 0x00007ffc08ebb000 	C:\Windows\SYSTEM32\WINNSI.DLL

dbghelp: loaded successfully - version: 4.0.5 - missing functions: none
symbol engine: initialized successfully - sym options: 0x614 - pdb path: .;C:\Program Files\Android\Android Studio\jre\bin;C:\Windows\SYSTEM32;C:\Windows\WinSxS\amd64_microsoft.windows.common-controls_6595b64144ccf1df_6.0.19041.1110_none_60b5254171f9507e;C:\Program Files\Android\Android Studio\jre\bin\server;C:\Users\Ali Usman\.gradle\native\fdc75f09e3144964f2cf3f50f0aa648679c211496f362492102eb8c894070792\windows-amd64;C:\Users\Ali Usman\.gradle\native\12488b8bf47d2d4c9fbf2f6322a914ad602e24e48041cd04a747c6da556b65c4\windows-amd64

VM Arguments:
jvm_args: --add-opens=java.base/java.util=ALL-UNNAMED --add-opens=java.base/java.lang=ALL-UNNAMED --add-opens=java.base/java.lang.invoke=ALL-UNNAMED --add-opens=java.prefs/java.util.prefs=ALL-UNNAMED -Xmx2048m -Dfile.encoding=windows-1252 -Duser.country=US -Duser.language=en -Duser.variant 
java_command: org.gradle.launcher.daemon.bootstrap.GradleDaemon 6.7.1
java_class_path (initial): C:\Users\Ali Usman\.gradle\wrapper\dists\gradle-6.7.1-all\2moa8rlfac5eqlcfgk98k0deb\gradle-6.7.1\lib\gradle-launcher-6.7.1.jar
Launcher Type: SUN_STANDARD

[Global flags]
     intx CICompilerCount                          = 3                                         {product} {ergonomic}
     uint ConcGCThreads                            = 1                                         {product} {ergonomic}
     uint G1ConcRefinementThreads                  = 4                                         {product} {ergonomic}
   size_t G1HeapRegionSize                         = 1048576                                   {product} {ergonomic}
    uintx GCDrainStackTargetSize                   = 64                                        {product} {ergonomic}
   size_t InitialHeapSize                          = 100663296                                 {product} {ergonomic}
   size_t MarkStackSize                            = 4194304                                   {product} {ergonomic}
   size_t MaxHeapSize                              = 2147483648                                {product} {command line}
   size_t MaxNewSize                               = 1287651328                                {product} {ergonomic}
   size_t MinHeapDeltaBytes                        = 1048576                                   {product} {ergonomic}
    uintx NonNMethodCodeHeapSize                   = 5830732                                {pd product} {ergonomic}
    uintx NonProfiledCodeHeapSize                  = 122913754                              {pd product} {ergonomic}
    uintx ProfiledCodeHeapSize                     = 122913754                              {pd product} {ergonomic}
    uintx ReservedCodeCacheSize                    = 251658240                              {pd product} {ergonomic}
     bool SegmentedCodeCache                       = true                                      {product} {ergonomic}
     bool UseCompressedClassPointers               = true                                 {lp64_product} {ergonomic}
     bool UseCompressedOops                        = true                                 {lp64_product} {ergonomic}
     bool UseG1GC                                  = true                                      {product} {ergonomic}
     bool UseLargePagesIndividualAllocation        = false                                  {pd product} {ergonomic}

Logging:
Log output configuration:
 #0: stdout all=warning uptime,level,tags
 #1: stderr all=off uptime,level,tags

Environment Variables:
JAVA_HOME=C:\Program Files\Java\jdk1.8.0_291
PATH=C:\Python310\Scripts\;C:\Python310\;c:\mingw\bin;C:\Program Files (x86)\Common Files\Oracle\Java\javapath;C:\Program Files\Python37\Scripts\;C:\Program Files\Python37\;C:\Windows\system32;C:\Windows;C:\Windows\System32\Wbem;C:\Windows\System32\WindowsPowerShell\v1.0\;C:\Windows\System32\OpenSSH\;C:\Program Files (x86)\AMD\ATI.ACE\Core-Static;C:\Users\Ali Usman\AppData\Roaming\Python\Python37\Scripts;F:\download\Compressed\openjfx-11.0.2_windows-x64_bin-sdk\javafx-sdk-11.0.2\lib;C:\Program Files (x86)\Inno Setup 6;C:\Program Files\Java\jdk1.8.0_291\bin;C:\Program Files\Git\cmd;C:\Program Files\PostgreSQL\13\bin;C:\Program Files\nodejs\;C:\ProgramData\chocolatey\bin;C:\Users\Ali Usman\AppData\Local\Microsoft\WindowsApps;C:\Program Files\JetBrains\PyCharm Community Edition 2020.3.4\bin;;F:\download\Compressed\openjfx-11.0.2_windows-x64_bin-sdk\javafx-sdk-11.0.2\lib;C:\Program Files\Java\jdk1.8.0_291\bin;C:\Users\Ali Usman\AppData\Local\Programs\Microsoft VS Code\bin;C:\Program Files\heroku\bin;C:\Users\Ali Usman\flutter\flutter\bin;C:\Users\Ali Usman\dart\dart-sdk;C:\Users\Ali Usman\AppData\Local\Android\Sdk\platform-tools;C:\Users\Ali Usman\AppData\Roaming\npm
USERNAME=Ali Usman
OS=Windows_NT
PROCESSOR_IDENTIFIER=Intel64 Family 6 Model 58 Stepping 9, GenuineIntel



---------------  S Y S T E M  ---------------

OS: Windows 10 , 64 bit Build 19041 (10.0.19041.1503)
OS uptime: 0 days 3:30 hours
Hyper-V role detected

CPU:total 4 (initial active 4) (2 cores per cpu, 2 threads per core) family 6 model 58 stepping 9 microcode 0x21, cmov, cx8, fxsr, mmx, sse, sse2, sse3, ssse3, sse4.1, sse4.2, popcnt, avx, aes, clmul, erms, ht, tsc, tscinvbit, tscinv

Memory: 4k page, system-wide physical 6075M (507M free)
TotalPageFile size 12093M (AvailPageFile size 5M)
current process WorkingSet (physical memory assigned to process): 296M, peak: 296M
current process commit charge ("private bytes"): 329M, peak: 330M

vm_info: OpenJDK 64-Bit Server VM (11.0.11+9-b60-7590822) for windows-amd64 JRE (11.0.11+9-b60-7590822), built on Jul 29 2021 21:43:44 by "builder" with MS VC++ 14.0 (VS2015)

END.
