#
# There is insufficient memory for the Java Runtime Environment to continue.
# Native memory allocation (mmap) failed to map 20971520 bytes for Failed to commit area from 0x0000000086000000 to 0x0000000087400000 of length 20971520.
# Possible reasons:
#   The system is out of physical RAM or swap space
#   The process is running with CompressedOops enabled, and the Java Heap may be blocking the growth of the native heap
# Possible solutions:
#   Reduce memory load on the system
#   Increase physical memory or swap space
#   Check if swap backing store is full
#   Decrease Java heap size (-Xmx/-Xms)
#   Decrease number of Java threads
#   Decrease Java thread stack sizes (-Xss)
#   Set larger code cache with -XX:ReservedCodeCacheSize=
#   JVM is running with Unscaled Compressed Oops mode in which the Java heap is
#     placed in the first 4GB address space. The Java Heap base address is the
#     maximum limit for the native heap growth. Please use -XX:HeapBaseMinAddress
#     to set the Java Heap base and to place the Java Heap above 4GB virtual address.
# This output file may be truncated or incomplete.
#
#  Out of Memory Error (./src/hotspot/os/windows/os_windows.cpp:3301), pid=11764, tid=11852
#
# JRE version: OpenJDK Runtime Environment (11.0.11+9) (build 11.0.11+9-b60-7590822)
# Java VM: OpenJDK 64-Bit Server VM (11.0.11+9-b60-7590822, mixed mode, tiered, compressed oops, g1 gc, windows-amd64)
# No core dump will be written. Minidumps are not enabled by default on client versions of Windows
#

---------------  S U M M A R Y ------------

Command Line: --add-opens=java.base/java.util=ALL-UNNAMED --add-opens=java.base/java.lang=ALL-UNNAMED --add-opens=java.base/java.lang.invoke=ALL-UNNAMED --add-opens=java.prefs/java.util.prefs=ALL-UNNAMED -Xmx2048m -Dfile.encoding=windows-1252 -Duser.country=US -Duser.language=en -Duser.variant org.gradle.launcher.daemon.bootstrap.GradleDaemon 6.7.1

Host: Intel(R) Core(TM) i5-3320M CPU @ 2.60GHz, 4 cores, 5G,  Windows 10 , 64 bit Build 19041 (10.0.19041.1503)
Time: Thu Apr  7 16:13:10 2022 Pakistan Standard Time elapsed time: 3.634312 seconds (0d 0h 0m 3s)

---------------  T H R E A D  ---------------

Current thread (0x0000027b50c6e800):  VMThread "VM Thread" [stack: 0x000000d2e8100000,0x000000d2e8200000] [id=11852]

Stack: [0x000000d2e8100000,0x000000d2e8200000]
[error occurred during error reporting (printing stack bounds), id 0xc0000005, EXCEPTION_ACCESS_VIOLATION (0xc0000005) at pc=0x0000027b3a480f2d]

Native frames: (J=compiled Java code, j=interpreted, Vv=VM code, C=native code)
V  [jvm.dll+0x5f214a]
V  [jvm.dll+0x726fb5]
V  [jvm.dll+0x7285cd]
V  [jvm.dll+0x728be5]
V  [jvm.dll+0x728b9b]
V  [jvm.dll+0x5f14e8]
V  [jvm.dll+0x5f1c78]
C  [ntdll.dll+0xa20cf]
C  [ntdll.dll+0x51454]
C  [ntdll.dll+0xa0bfe]
C  0x0000027b3a480f2d

VM_Operation (0x000000d2e96f8680): CollectForMetadataAllocation, mode: safepoint, requested by thread 0x0000027b52e57000


---------------  P R O C E S S  ---------------

Threads class SMR info:
_java_thread_list=0x0000027b52b3ff60, length=22, elements={
0x0000027b3697c800, 0x0000027b50c71800, 0x0000027b50c7d000, 0x0000027b50c91000,
0x0000027b50c94000, 0x0000027b50c95000, 0x0000027b50ca2000, 0x0000027b50ca5800,
0x0000027b50caf000, 0x0000027b51741800, 0x0000027b52532000, 0x0000027b526eb800,
0x0000027b52803800, 0x0000027b5357b800, 0x0000027b52ef8000, 0x0000027b528e0800,
0x0000027b52e57000, 0x0000027b5359c800, 0x0000027b52e7f800, 0x0000027b52a25000,
0x0000027b52a24000, 0x0000027b52a26000
}

Java Threads: ( => current thread )
  0x0000027b3697c800 JavaThread "main" [_thread_blocked, id=11828, stack(0x000000d2e7b00000,0x000000d2e7c00000)]
  0x0000027b50c71800 JavaThread "Reference Handler" daemon [_thread_blocked, id=11856, stack(0x000000d2e8200000,0x000000d2e8300000)]
  0x0000027b50c7d000 JavaThread "Finalizer" daemon [_thread_blocked, id=11860, stack(0x000000d2e8300000,0x000000d2e8400000)]
  0x0000027b50c91000 JavaThread "Signal Dispatcher" daemon [_thread_blocked, id=11864, stack(0x000000d2e8400000,0x000000d2e8500000)]
  0x0000027b50c94000 JavaThread "Attach Listener" daemon [_thread_blocked, id=11868, stack(0x000000d2e8500000,0x000000d2e8600000)]
  0x0000027b50c95000 JavaThread "Service Thread" daemon [_thread_blocked, id=11872, stack(0x000000d2e8600000,0x000000d2e8700000)]
  0x0000027b50ca2000 JavaThread "C2 CompilerThread0" daemon [_thread_blocked, id=11876, stack(0x000000d2e8700000,0x000000d2e8800000)]
  0x0000027b50ca5800 JavaThread "C1 CompilerThread0" daemon [_thread_blocked, id=11880, stack(0x000000d2e8800000,0x000000d2e8900000)]
  0x0000027b50caf000 JavaThread "Sweeper thread" daemon [_thread_blocked, id=11884, stack(0x000000d2e8900000,0x000000d2e8a00000)]
  0x0000027b51741800 JavaThread "Common-Cleaner" daemon [_thread_blocked, id=11888, stack(0x000000d2e8a00000,0x000000d2e8b00000)]
  0x0000027b52532000 JavaThread "Daemon health stats" [_thread_blocked, id=11916, stack(0x000000d2e8e00000,0x000000d2e8f00000)]
  0x0000027b526eb800 JavaThread "Incoming local TCP Connector on port 51350" [_thread_in_native, id=11928, stack(0x000000d2e9000000,0x000000d2e9100000)]
  0x0000027b52803800 JavaThread "Daemon periodic checks" [_thread_blocked, id=11932, stack(0x000000d2e9100000,0x000000d2e9200000)]
  0x0000027b5357b800 JavaThread "Daemon" [_thread_blocked, id=11936, stack(0x000000d2e9200000,0x000000d2e9300000)]
  0x0000027b52ef8000 JavaThread "Handler for socket connection from /127.0.0.1:51350 to /127.0.0.1:51351" [_thread_in_native, id=11940, stack(0x000000d2e9300000,0x000000d2e9400000)]
  0x0000027b528e0800 JavaThread "Cancel handler" [_thread_blocked, id=11956, stack(0x000000d2e9500000,0x000000d2e9600000)]
  0x0000027b52e57000 JavaThread "Daemon worker" [_thread_blocked, id=11960, stack(0x000000d2e9600000,0x000000d2e9700000)]
  0x0000027b5359c800 JavaThread "Asynchronous log dispatcher for DefaultDaemonConnection: socket connection from /127.0.0.1:51350 to /127.0.0.1:51351" [_thread_blocked, id=11976, stack(0x000000d2e9700000,0x000000d2e9800000)]
  0x0000027b52e7f800 JavaThread "Stdin handler" [_thread_blocked, id=11980, stack(0x000000d2e9800000,0x000000d2e9900000)]
  0x0000027b52a25000 JavaThread "Thread-8" [_thread_blocked, id=11984, stack(0x000000d2e9900000,0x000000d2e9a00000)]
  0x0000027b52a24000 JavaThread "Cache worker for file hash cache (C:\Users\Ali Usman\.gradle\caches\6.7.1\fileHashes)" [_thread_blocked, id=11996, stack(0x000000d2e9c00000,0x000000d2e9d00000)]
  0x0000027b52a26000 JavaThread "File lock request listener" [_thread_in_native, id=12000, stack(0x000000d2e9d00000,0x000000d2e9e00000)]

Other Threads:
=>0x0000027b50c6e800 VMThread "VM Thread" [stack: 0x000000d2e8100000,0x000000d2e8200000] [id=11852]
  0x0000027b5177e800 WatcherThread [stack: 0x000000d2e8b00000,0x000000d2e8c00000] [id=11892]
  0x0000027b36994800 GCTaskThread "GC Thread#0" [stack: 0x000000d2e7c00000,0x000000d2e7d00000] [id=11832]
  0x0000027b51e4f800 GCTaskThread "GC Thread#1" [stack: 0x000000d2e8d00000,0x000000d2e8e00000] [id=11904]
  0x0000027b5375e000 GCTaskThread "GC Thread#2" [stack: 0x000000d2e9a00000,0x000000d2e9b00000] [id=11988]
  0x0000027b53078800 GCTaskThread "GC Thread#3" [stack: 0x000000d2e9b00000,0x000000d2e9c00000] [id=11992]
  0x0000027b369c4800 ConcurrentGCThread "G1 Main Marker" [stack: 0x000000d2e7d00000,0x000000d2e7e00000] [id=11836]
  0x0000027b369c6800 ConcurrentGCThread "G1 Conc#0" [stack: 0x000000d2e7e00000,0x000000d2e7f00000] [id=11840]
  0x0000027b36a38800 ConcurrentGCThread "G1 Refine#0" [stack: 0x000000d2e7f00000,0x000000d2e8000000] [id=11844]
  0x0000027b36a39800 ConcurrentGCThread "G1 Young RemSet Sampling" [stack: 0x000000d2e8000000,0x000000d2e8100000] [id=11848]

Threads with active compile tasks:

VM state:at safepoint (normal execution)

VM Mutex/Monitor currently owned by a thread:  ([mutex/lock_event])
[0x0000027b36978ea0] Threads_lock - owner thread: 0x0000027b50c6e800
[0x0000027b36978f30] Heap_lock - owner thread: 0x0000027b52e57000

Heap address: 0x0000000080000000, size: 2048 MB, Compressed Oops mode: 32-bit
Narrow klass base: 0x0000000000000000, Narrow klass shift: 3
Compressed class space size: 1073741824 Address: 0x0000000100000000

Heap:
 garbage-first heap   total 118784K, used 16612K [0x0000000080000000, 0x0000000100000000)
  region size 1024K, 4 young (4096K), 4 survivors (4096K)
 Metaspace       used 20615K, capacity 21101K, committed 21248K, reserved 1067008K
  class space    used 2525K, capacity 2710K, committed 2816K, reserved 1048576K
Heap Regions: E=young(eden), S=young(survivor), O=old, HS=humongous(starts), HC=humongous(continues), CS=collection set, F=free, A=archive, TAMS=top-at-mark-start (previous, next)
|   0|0x0000000080000000, 0x0000000080100000, 0x0000000080100000|100%| O|  |TAMS 0x0000000080000000, 0x0000000080100000| Untracked 
|   1|0x0000000080100000, 0x0000000080200000, 0x0000000080200000|100%| O|  |TAMS 0x0000000080100000, 0x0000000080200000| Untracked 
|   2|0x0000000080200000, 0x0000000080300000, 0x0000000080300000|100%| O|  |TAMS 0x0000000080200000, 0x0000000080300000| Untracked 
|   3|0x0000000080300000, 0x0000000080400000, 0x0000000080400000|100%|HS|  |TAMS 0x0000000080300000, 0x0000000080400000| Complete 
|   4|0x0000000080400000, 0x0000000080500000, 0x0000000080500000|100%|HC|  |TAMS 0x0000000080400000, 0x0000000080500000| Complete 
|   5|0x0000000080500000, 0x0000000080600000, 0x0000000080600000|100%|HC|  |TAMS 0x0000000080500000, 0x0000000080600000| Complete 
|   6|0x0000000080600000, 0x0000000080700000, 0x0000000080700000|100%| O|  |TAMS 0x0000000080600000, 0x0000000080700000| Untracked 
|   7|0x0000000080700000, 0x0000000080800000, 0x0000000080800000|100%| O|  |TAMS 0x0000000080700000, 0x0000000080800000| Untracked 
|   8|0x0000000080800000, 0x0000000080900000, 0x0000000080900000|100%| O|  |TAMS 0x0000000080800000, 0x0000000080900000| Untracked 
|   9|0x0000000080900000, 0x0000000080a00000, 0x0000000080a00000|100%| O|  |TAMS 0x0000000080900000, 0x0000000080a00000| Untracked 
|  10|0x0000000080a00000, 0x0000000080b00000, 0x0000000080b00000|100%| O|  |TAMS 0x0000000080a00000, 0x0000000080b00000| Untracked 
|  11|0x0000000080b00000, 0x0000000080c00000, 0x0000000080c00000|100%| O|  |TAMS 0x0000000080b00000, 0x0000000080c00000| Untracked 
|  12|0x0000000080c00000, 0x0000000080cbd800, 0x0000000080d00000| 74%| O|  |TAMS 0x0000000080c00000, 0x0000000080cbd800| Untracked 
|  13|0x0000000080d00000, 0x0000000080d00000, 0x0000000080e00000|  0%| F|  |TAMS 0x0000000080d00000, 0x0000000080d00000| Untracked 
|  14|0x0000000080e00000, 0x0000000080e00000, 0x0000000080f00000|  0%| F|  |TAMS 0x0000000080e00000, 0x0000000080e00000| Untracked 
|  15|0x0000000080f00000, 0x0000000080f00000, 0x0000000081000000|  0%| F|  |TAMS 0x0000000080f00000, 0x0000000080f00000| Untracked 
|  16|0x0000000081000000, 0x0000000081000000, 0x0000000081100000|  0%| F|  |TAMS 0x0000000081000000, 0x0000000081000000| Untracked 
|  17|0x0000000081100000, 0x0000000081100000, 0x0000000081200000|  0%| F|  |TAMS 0x0000000081100000, 0x0000000081100000| Untracked 
|  18|0x0000000081200000, 0x0000000081200000, 0x0000000081300000|  0%| F|  |TAMS 0x0000000081200000, 0x0000000081200000| Untracked 
|  19|0x0000000081300000, 0x0000000081300000, 0x0000000081400000|  0%| F|  |TAMS 0x0000000081300000, 0x0000000081300000| Untracked 
|  20|0x0000000081400000, 0x0000000081400000, 0x0000000081500000|  0%| F|  |TAMS 0x0000000081400000, 0x0000000081400000| Untracked 
|  21|0x0000000081500000, 0x0000000081500000, 0x0000000081600000|  0%| F|  |TAMS 0x0000000081500000, 0x0000000081500000| Untracked 
|  22|0x0000000081600000, 0x0000000081600000, 0x0000000081700000|  0%| F|  |TAMS 0x0000000081600000, 0x0000000081600000| Untracked 
|  23|0x0000000081700000, 0x0000000081700000, 0x0000000081800000|  0%| F|  |TAMS 0x0000000081700000, 0x0000000081700000| Untracked 
|  24|0x0000000081800000, 0x0000000081800000, 0x0000000081900000|  0%| F|  |TAMS 0x0000000081800000, 0x0000000081800000| Untracked 
|  25|0x0000000081900000, 0x0000000081900000, 0x0000000081a00000|  0%| F|  |TAMS 0x0000000081900000, 0x0000000081900000| Untracked 
|  26|0x0000000081a00000, 0x0000000081a00000, 0x0000000081b00000|  0%| F|  |TAMS 0x0000000081a00000, 0x0000000081a00000| Untracked 
|  27|0x0000000081b00000, 0x0000000081b00000, 0x0000000081c00000|  0%| F|  |TAMS 0x0000000081b00000, 0x0000000081b00000| Untracked 
|  28|0x0000000081c00000, 0x0000000081c00000, 0x0000000081d00000|  0%| F|  |TAMS 0x0000000081c00000, 0x0000000081c00000| Untracked 
|  29|0x0000000081d00000, 0x0000000081d00000, 0x0000000081e00000|  0%| F|  |TAMS 0x0000000081d00000, 0x0000000081d00000| Untracked 
|  30|0x0000000081e00000, 0x0000000081e00000, 0x0000000081f00000|  0%| F|  |TAMS 0x0000000081e00000, 0x0000000081e00000| Untracked 
|  31|0x0000000081f00000, 0x0000000081f00000, 0x0000000082000000|  0%| F|  |TAMS 0x0000000081f00000, 0x0000000081f00000| Untracked 
|  32|0x0000000082000000, 0x0000000082000000, 0x0000000082100000|  0%| F|  |TAMS 0x0000000082000000, 0x0000000082000000| Untracked 
|  33|0x0000000082100000, 0x0000000082100000, 0x0000000082200000|  0%| F|  |TAMS 0x0000000082100000, 0x0000000082100000| Untracked 
|  34|0x0000000082200000, 0x0000000082200000, 0x0000000082300000|  0%| F|  |TAMS 0x0000000082200000, 0x0000000082200000| Untracked 
|  35|0x0000000082300000, 0x0000000082300000, 0x0000000082400000|  0%| F|  |TAMS 0x0000000082300000, 0x0000000082300000| Untracked 
|  36|0x0000000082400000, 0x0000000082400000, 0x0000000082500000|  0%| F|  |TAMS 0x0000000082400000, 0x0000000082400000| Untracked 
|  37|0x0000000082500000, 0x0000000082500000, 0x0000000082600000|  0%| F|  |TAMS 0x0000000082500000, 0x0000000082500000| Untracked 
|  38|0x0000000082600000, 0x0000000082600000, 0x0000000082700000|  0%| F|  |TAMS 0x0000000082600000, 0x0000000082600000| Untracked 
|  39|0x0000000082700000, 0x0000000082700000, 0x0000000082800000|  0%| F|  |TAMS 0x0000000082700000, 0x0000000082700000| Untracked 
|  40|0x0000000082800000, 0x0000000082800000, 0x0000000082900000|  0%| F|  |TAMS 0x0000000082800000, 0x0000000082800000| Untracked 
|  41|0x0000000082900000, 0x0000000082900000, 0x0000000082a00000|  0%| F|  |TAMS 0x0000000082900000, 0x0000000082900000| Untracked 
|  42|0x0000000082a00000, 0x0000000082a00000, 0x0000000082b00000|  0%| F|  |TAMS 0x0000000082a00000, 0x0000000082a00000| Untracked 
|  43|0x0000000082b00000, 0x0000000082b00000, 0x0000000082c00000|  0%| F|  |TAMS 0x0000000082b00000, 0x0000000082b00000| Untracked 
|  44|0x0000000082c00000, 0x0000000082c00000, 0x0000000082d00000|  0%| F|  |TAMS 0x0000000082c00000, 0x0000000082c00000| Untracked 
|  45|0x0000000082d00000, 0x0000000082d00000, 0x0000000082e00000|  0%| F|  |TAMS 0x0000000082d00000, 0x0000000082d00000| Untracked 
|  46|0x0000000082e00000, 0x0000000082e00000, 0x0000000082f00000|  0%| F|  |TAMS 0x0000000082e00000, 0x0000000082e00000| Untracked 
|  47|0x0000000082f00000, 0x0000000082f00000, 0x0000000083000000|  0%| F|  |TAMS 0x0000000082f00000, 0x0000000082f00000| Untracked 
|  48|0x0000000083000000, 0x0000000083000000, 0x0000000083100000|  0%| F|  |TAMS 0x0000000083000000, 0x0000000083000000| Untracked 
|  49|0x0000000083100000, 0x0000000083100000, 0x0000000083200000|  0%| F|  |TAMS 0x0000000083100000, 0x0000000083100000| Untracked 
|  50|0x0000000083200000, 0x0000000083200000, 0x0000000083300000|  0%| F|  |TAMS 0x0000000083200000, 0x0000000083200000| Untracked 
|  51|0x0000000083300000, 0x0000000083300000, 0x0000000083400000|  0%| F|  |TAMS 0x0000000083300000, 0x0000000083300000| Untracked 
|  52|0x0000000083400000, 0x0000000083400000, 0x0000000083500000|  0%| F|  |TAMS 0x0000000083400000, 0x0000000083400000| Untracked 
|  53|0x0000000083500000, 0x0000000083500000, 0x0000000083600000|  0%| F|  |TAMS 0x0000000083500000, 0x0000000083500000| Untracked 
|  54|0x0000000083600000, 0x0000000083600000, 0x0000000083700000|  0%| F|  |TAMS 0x0000000083600000, 0x0000000083600000| Untracked 
|  55|0x0000000083700000, 0x0000000083700000, 0x0000000083800000|  0%| F|  |TAMS 0x0000000083700000, 0x0000000083700000| Untracked 
|  56|0x0000000083800000, 0x0000000083800000, 0x0000000083900000|  0%| F|  |TAMS 0x0000000083800000, 0x0000000083800000| Untracked 
|  57|0x0000000083900000, 0x0000000083900000, 0x0000000083a00000|  0%| F|  |TAMS 0x0000000083900000, 0x0000000083900000| Untracked 
|  58|0x0000000083a00000, 0x0000000083a00000, 0x0000000083b00000|  0%| F|  |TAMS 0x0000000083a00000, 0x0000000083a00000| Untracked 
|  59|0x0000000083b00000, 0x0000000083b00000, 0x0000000083c00000|  0%| F|  |TAMS 0x0000000083b00000, 0x0000000083b00000| Untracked 
|  60|0x0000000083c00000, 0x0000000083c00000, 0x0000000083d00000|  0%| F|  |TAMS 0x0000000083c00000, 0x0000000083c00000| Untracked 
|  61|0x0000000083d00000, 0x0000000083d00000, 0x0000000083e00000|  0%| F|  |TAMS 0x0000000083d00000, 0x0000000083d00000| Untracked 
|  62|0x0000000083e00000, 0x0000000083e00000, 0x0000000083f00000|  0%| F|  |TAMS 0x0000000083e00000, 0x0000000083e00000| Untracked 
|  63|0x0000000083f00000, 0x0000000083f00000, 0x0000000084000000|  0%| F|  |TAMS 0x0000000083f00000, 0x0000000083f00000| Untracked 
|  64|0x0000000084000000, 0x0000000084000000, 0x0000000084100000|  0%| F|  |TAMS 0x0000000084000000, 0x0000000084000000| Untracked 
|  65|0x0000000084100000, 0x0000000084100000, 0x0000000084200000|  0%| F|  |TAMS 0x0000000084100000, 0x0000000084100000| Untracked 
|  66|0x0000000084200000, 0x0000000084200000, 0x0000000084300000|  0%| F|  |TAMS 0x0000000084200000, 0x0000000084200000| Untracked 
|  67|0x0000000084300000, 0x0000000084300000, 0x0000000084400000|  0%| F|  |TAMS 0x0000000084300000, 0x0000000084300000| Untracked 
|  68|0x0000000084400000, 0x0000000084400000, 0x0000000084500000|  0%| F|  |TAMS 0x0000000084400000, 0x0000000084400000| Untracked 
|  69|0x0000000084500000, 0x0000000084500000, 0x0000000084600000|  0%| F|  |TAMS 0x0000000084500000, 0x0000000084500000| Untracked 
|  70|0x0000000084600000, 0x0000000084600000, 0x0000000084700000|  0%| F|  |TAMS 0x0000000084600000, 0x0000000084600000| Untracked 
|  71|0x0000000084700000, 0x0000000084700000, 0x0000000084800000|  0%| F|  |TAMS 0x0000000084700000, 0x0000000084700000| Untracked 
|  72|0x0000000084800000, 0x0000000084800000, 0x0000000084900000|  0%| F|  |TAMS 0x0000000084800000, 0x0000000084800000| Untracked 
|  73|0x0000000084900000, 0x0000000084900000, 0x0000000084a00000|  0%| F|  |TAMS 0x0000000084900000, 0x0000000084900000| Untracked 
|  74|0x0000000084a00000, 0x0000000084a7b840, 0x0000000084b00000| 48%| S|CS|TAMS 0x0000000084a00000, 0x0000000084a00000| Complete 
|  75|0x0000000084b00000, 0x0000000084c00000, 0x0000000084c00000|100%| S|CS|TAMS 0x0000000084b00000, 0x0000000084b00000| Complete 
|  76|0x0000000084c00000, 0x0000000084d00000, 0x0000000084d00000|100%| S|CS|TAMS 0x0000000084c00000, 0x0000000084c00000| Complete 
|  77|0x0000000084d00000, 0x0000000084e00000, 0x0000000084e00000|100%| S|CS|TAMS 0x0000000084d00000, 0x0000000084d00000| Complete 
|  78|0x0000000084e00000, 0x0000000084e00000, 0x0000000084f00000|  0%| F|  |TAMS 0x0000000084e00000, 0x0000000084e00000| Untracked 
|  79|0x0000000084f00000, 0x0000000084f00000, 0x0000000085000000|  0%| F|  |TAMS 0x0000000084f00000, 0x0000000084f00000| Untracked 
|  80|0x0000000085000000, 0x0000000085000000, 0x0000000085100000|  0%| F|  |TAMS 0x0000000085000000, 0x0000000085000000| Untracked 
|  81|0x0000000085100000, 0x0000000085100000, 0x0000000085200000|  0%| F|  |TAMS 0x0000000085100000, 0x0000000085100000| Untracked 
|  82|0x0000000085200000, 0x0000000085200000, 0x0000000085300000|  0%| F|  |TAMS 0x0000000085200000, 0x0000000085200000| Untracked 
|  83|0x0000000085300000, 0x0000000085300000, 0x0000000085400000|  0%| F|  |TAMS 0x0000000085300000, 0x0000000085300000| Untracked 
|  84|0x0000000085400000, 0x0000000085400000, 0x0000000085500000|  0%| F|  |TAMS 0x0000000085400000, 0x0000000085400000| Untracked 
|  85|0x0000000085500000, 0x0000000085500000, 0x0000000085600000|  0%| F|  |TAMS 0x0000000085500000, 0x0000000085500000| Untracked 
|  86|0x0000000085600000, 0x0000000085600000, 0x0000000085700000|  0%| F|  |TAMS 0x0000000085600000, 0x0000000085600000| Untracked 
|  87|0x0000000085700000, 0x0000000085700000, 0x0000000085800000|  0%| F|  |TAMS 0x0000000085700000, 0x0000000085700000| Untracked 
|  88|0x0000000085800000, 0x0000000085800000, 0x0000000085900000|  0%| F|  |TAMS 0x0000000085800000, 0x0000000085800000| Untracked 
|  89|0x0000000085900000, 0x0000000085900000, 0x0000000085a00000|  0%| F|  |TAMS 0x0000000085900000, 0x0000000085900000| Untracked 
|  90|0x0000000085a00000, 0x0000000085a00000, 0x0000000085b00000|  0%| F|  |TAMS 0x0000000085a00000, 0x0000000085a00000| Untracked 
|  91|0x0000000085b00000, 0x0000000085b00000, 0x0000000085c00000|  0%| F|  |TAMS 0x0000000085b00000, 0x0000000085b00000| Untracked 
|  92|0x0000000085c00000, 0x0000000085c00000, 0x0000000085d00000|  0%| F|  |TAMS 0x0000000085c00000, 0x0000000085c00000| Untracked 
|  93|0x0000000085d00000, 0x0000000085d00000, 0x0000000085e00000|  0%| F|  |TAMS 0x0000000085d00000, 0x0000000085d00000| Untracked 
|  94|0x0000000085e00000, 0x0000000085e00000, 0x0000000085f00000|  0%| F|  |TAMS 0x0000000085e00000, 0x0000000085e00000| Untracked 
|  95|0x0000000085f00000, 0x0000000085f00000, 0x0000000086000000|  0%| F|  |TAMS 0x0000000085f00000, 0x0000000085f00000| Untracked 

Card table byte_map: [0x0000027b49ea0000,0x0000027b4a2a0000] _byte_map_base: 0x0000027b49aa0000

Marking Bits (Prev, Next): (CMBitMap*) 0x0000027b369bbe58, (CMBitMap*) 0x0000027b369bbe90
 Prev Bits: [0x0000027b4a6a0000, 0x0000027b4c6a0000)
 Next Bits: [0x0000027b4c6a0000, 0x0000027b4e6a0000)

Polling page: 0x0000027b35120000

Metaspace:

Usage:
  Non-class:     17.96 MB capacity,    17.67 MB ( 98%) used,   264.70 KB (  1%) free+waste,    36.63 KB ( <1%) overhead. 
      Class:      2.65 MB capacity,     2.47 MB ( 93%) used,   166.36 KB (  6%) free+waste,    18.19 KB ( <1%) overhead. 
       Both:     20.61 MB capacity,    20.13 MB ( 98%) used,   431.05 KB (  2%) free+waste,    54.81 KB ( <1%) overhead. 

Virtual space:
  Non-class space:       18.00 MB reserved,      18.00 MB (100%) committed 
      Class space:        1.00 GB reserved,       2.75 MB ( <1%) committed 
             Both:        1.02 GB reserved,      20.75 MB (  2%) committed 

Chunk freelists:
   Non-Class:  41.00 KB
       Class:  10.00 KB
        Both:  51.00 KB

MaxMetaspaceSize: 17179869184.00 GB
CompressedClassSpaceSize: 1.00 GB

CodeHeap 'non-profiled nmethods': size=120064Kb used=877Kb max_used=877Kb free=119186Kb
 bounds [0x0000027b41f40000, 0x0000027b421b0000, 0x0000027b49480000]
CodeHeap 'profiled nmethods': size=120000Kb used=4040Kb max_used=4040Kb free=115959Kb
 bounds [0x0000027b3aa10000, 0x0000027b3ae10000, 0x0000027b41f40000]
CodeHeap 'non-nmethods': size=5696Kb used=1131Kb max_used=1141Kb free=4564Kb
 bounds [0x0000027b3a480000, 0x0000027b3a6f0000, 0x0000027b3aa10000]
 total_blobs=2384 nmethods=1925 adapters=370
 compilation: enabled
              stopped_count=0, restarted_count=0
 full_count=0

Compilation events (20 events):
Event: 3.613 Thread 0x0000027b50ca5800 1918       3       com.google.common.collect.Hashing::smear (19 bytes)
Event: 3.613 Thread 0x0000027b50ca5800 nmethod 1918 0x0000027b3adfaa90 code [0x0000027b3adfac40, 0x0000027b3adfadb8]
Event: 3.613 Thread 0x0000027b50ca5800 1919       3       java.lang.Integer::rotateLeft (9 bytes)
Event: 3.613 Thread 0x0000027b50ca5800 nmethod 1919 0x0000027b3adfae90 code [0x0000027b3adfb040, 0x0000027b3adfb138]
Event: 3.613 Thread 0x0000027b50ca5800 1920       3       sun.invoke.util.VerifyAccess::isMemberAccessible (313 bytes)
Event: 3.616 Thread 0x0000027b50ca5800 nmethod 1920 0x0000027b3adfb210 code [0x0000027b3adfb6e0, 0x0000027b3adfd888]
Event: 3.616 Thread 0x0000027b50ca5800 1924       3       jdk.internal.org.objectweb.asm.MethodWriter::visitFieldInsn (256 bytes)
Event: 3.617 Thread 0x0000027b50ca5800 nmethod 1924 0x0000027b3adfe310 code [0x0000027b3adfe580, 0x0000027b3adff0c8]
Event: 3.617 Thread 0x0000027b50ca5800 1925       3       jdk.internal.org.objectweb.asm.ClassWriter::newFieldItem (77 bytes)
Event: 3.617 Thread 0x0000027b50ca5800 nmethod 1925 0x0000027b3adff490 code [0x0000027b3adff6e0, 0x0000027b3adffc38]
Event: 3.617 Thread 0x0000027b50ca5800 1921       3       jdk.internal.reflect.ReflectionFactory::copyConstructor (10 bytes)
Event: 3.617 Thread 0x0000027b50ca5800 nmethod 1921 0x0000027b3adfff90 code [0x0000027b3ae00180, 0x0000027b3ae00488]
Event: 3.617 Thread 0x0000027b50ca5800 1922       3       java.lang.reflect.ReflectAccess::copyConstructor (5 bytes)
Event: 3.618 Thread 0x0000027b50ca5800 nmethod 1922 0x0000027b3ae00610 code [0x0000027b3ae007c0, 0x0000027b3ae008e8]
Event: 3.618 Thread 0x0000027b50ca5800 1926       3       java.util.Vector::add (23 bytes)
Event: 3.618 Thread 0x0000027b50ca5800 nmethod 1926 0x0000027b3ae00990 code [0x0000027b3ae00ba0, 0x0000027b3ae010d8]
Event: 3.620 Thread 0x0000027b50ca5800 1927       3       java.lang.ClassLoader::addClass (9 bytes)
Event: 3.620 Thread 0x0000027b50ca5800 nmethod 1927 0x0000027b3ae01310 code [0x0000027b3ae014c0, 0x0000027b3ae01688]
Event: 3.621 Thread 0x0000027b50ca5800 1928  s    3       java.util.Vector::addElement (24 bytes)
Event: 3.621 Thread 0x0000027b50ca5800 nmethod 1928 0x0000027b3ae01790 code [0x0000027b3ae019a0, 0x0000027b3ae020b8]

GC Heap History (9 events):
Event: 0.707 GC heap before
{Heap before GC invocations=0 (full 0):
 garbage-first heap   total 98304K, used 19456K [0x0000000080000000, 0x0000000100000000)
  region size 1024K, 14 young (14336K), 0 survivors (0K)
 Metaspace       used 7452K, capacity 7575K, committed 7680K, reserved 1056768K
  class space    used 673K, capacity 716K, committed 768K, reserved 1048576K
}
Event: 0.712 GC heap after
{Heap after GC invocations=1 (full 0):
 garbage-first heap   total 98304K, used 8064K [0x0000000080000000, 0x0000000100000000)
  region size 1024K, 2 young (2048K), 2 survivors (2048K)
 Metaspace       used 7452K, capacity 7575K, committed 7680K, reserved 1056768K
  class space    used 673K, capacity 716K, committed 768K, reserved 1048576K
}
Event: 1.231 GC heap before
{Heap before GC invocations=1 (full 0):
 garbage-first heap   total 98304K, used 20352K [0x0000000080000000, 0x0000000100000000)
  region size 1024K, 14 young (14336K), 2 survivors (2048K)
 Metaspace       used 10530K, capacity 10700K, committed 11008K, reserved 1058816K
  class space    used 1103K, capacity 1164K, committed 1280K, reserved 1048576K
}
Event: 1.237 GC heap after
{Heap after GC invocations=2 (full 0):
 garbage-first heap   total 98304K, used 8747K [0x0000000080000000, 0x0000000100000000)
  region size 1024K, 1 young (1024K), 1 survivors (1024K)
 Metaspace       used 10530K, capacity 10700K, committed 11008K, reserved 1058816K
  class space    used 1103K, capacity 1164K, committed 1280K, reserved 1048576K
}
Event: 1.659 GC heap before
{Heap before GC invocations=2 (full 0):
 garbage-first heap   total 98304K, used 36395K [0x0000000080000000, 0x0000000100000000)
  region size 1024K, 29 young (29696K), 1 survivors (1024K)
 Metaspace       used 10682K, capacity 10829K, committed 11008K, reserved 1058816K
  class space    used 1104K, capacity 1164K, committed 1280K, reserved 1048576K
}
Event: 1.665 GC heap after
{Heap after GC invocations=3 (full 0):
 garbage-first heap   total 98304K, used 13222K [0x0000000080000000, 0x0000000100000000)
  region size 1024K, 4 young (4096K), 4 survivors (4096K)
 Metaspace       used 10682K, capacity 10829K, committed 11008K, reserved 1058816K
  class space    used 1104K, capacity 1164K, committed 1280K, reserved 1048576K
}
Event: 3.328 GC heap before
{Heap before GC invocations=3 (full 0):
 garbage-first heap   total 98304K, used 51110K [0x0000000080000000, 0x0000000100000000)
  region size 1024K, 41 young (41984K), 4 survivors (4096K)
 Metaspace       used 18118K, capacity 18520K, committed 18688K, reserved 1064960K
  class space    used 2158K, capacity 2292K, committed 2304K, reserved 1048576K
}
Event: 3.340 GC heap after
{Heap after GC invocations=4 (full 0):
 garbage-first heap   total 98304K, used 15991K [0x0000000080000000, 0x0000000100000000)
  region size 1024K, 3 young (3072K), 3 survivors (3072K)
 Metaspace       used 18118K, capacity 18520K, committed 18688K, reserved 1064960K
  class space    used 2158K, capacity 2292K, committed 2304K, reserved 1048576K
}
Event: 3.626 GC heap before
{Heap before GC invocations=4 (full 0):
 garbage-first heap   total 98304K, used 33399K [0x0000000080000000, 0x0000000100000000)
  region size 1024K, 21 young (21504K), 3 survivors (3072K)
 Metaspace       used 20615K, capacity 21101K, committed 21248K, reserved 1067008K
  class space    used 2525K, capacity 2710K, committed 2816K, reserved 1048576K
}

Deoptimization events (20 events):
Event: 3.490 Thread 0x0000027b52e57000 Uncommon trap: trap_request=0xffffff4d fr.pc=0x0000027b41f58b24 relative=0x0000000000000404
Event: 3.490 Thread 0x0000027b52e57000 Uncommon trap: reason=unstable_if action=reinterpret pc=0x0000027b41f58b24 method=java.util.regex.Matcher.match(II)Z @ 76 c2
Event: 3.490 Thread 0x0000027b52e57000 DEOPT PACKING pc=0x0000027b41f58b24 sp=0x000000d2e96f7f80
Event: 3.490 Thread 0x0000027b52e57000 DEOPT UNPACKING pc=0x0000027b3a4a65af sp=0x000000d2e96f7f50 mode 2
Event: 3.561 Thread 0x0000027b52e57000 Uncommon trap: trap_request=0xffffffc6 fr.pc=0x0000027b41fa6624 relative=0x0000000000000084
Event: 3.561 Thread 0x0000027b52e57000 Uncommon trap: reason=bimorphic_or_optimized_type_check action=maybe_recompile pc=0x0000027b41fa6624 method=java.util.AbstractList$Itr.hasNext()Z @ 8 c2
Event: 3.561 Thread 0x0000027b52e57000 DEOPT PACKING pc=0x0000027b41fa6624 sp=0x000000d2e96faac0
Event: 3.561 Thread 0x0000027b52e57000 DEOPT UNPACKING pc=0x0000027b3a4a65af sp=0x000000d2e96faa58 mode 2
Event: 3.561 Thread 0x0000027b52e57000 Uncommon trap: trap_request=0xffffffc6 fr.pc=0x0000027b41fa94f4 relative=0x0000000000000134
Event: 3.561 Thread 0x0000027b52e57000 Uncommon trap: reason=bimorphic_or_optimized_type_check action=maybe_recompile pc=0x0000027b41fa94f4 method=java.util.AbstractList$Itr.next()Ljava/lang/Object; @ 14 c2
Event: 3.561 Thread 0x0000027b52e57000 DEOPT PACKING pc=0x0000027b41fa94f4 sp=0x000000d2e96faab0
Event: 3.561 Thread 0x0000027b52e57000 DEOPT UNPACKING pc=0x0000027b3a4a65af sp=0x000000d2e96faa48 mode 2
Event: 3.563 Thread 0x0000027b52e57000 Uncommon trap: trap_request=0xffffff4d fr.pc=0x0000027b41fa3860 relative=0x00000000000005a0
Event: 3.563 Thread 0x0000027b52e57000 Uncommon trap: reason=unstable_if action=reinterpret pc=0x0000027b41fa3860 method=java.io.File.getName()Ljava/lang/String; @ 16 c2
Event: 3.563 Thread 0x0000027b52e57000 DEOPT PACKING pc=0x0000027b41fa3860 sp=0x000000d2e96fb460
Event: 3.563 Thread 0x0000027b52e57000 DEOPT UNPACKING pc=0x0000027b3a4a65af sp=0x000000d2e96fb430 mode 2
Event: 3.563 Thread 0x0000027b52e57000 Uncommon trap: trap_request=0xffffff4d fr.pc=0x0000027b41fa2b68 relative=0x0000000000000428
Event: 3.563 Thread 0x0000027b52e57000 Uncommon trap: reason=unstable_if action=reinterpret pc=0x0000027b41fa2b68 method=java.lang.String.substring(I)Ljava/lang/String; @ 34 c2
Event: 3.563 Thread 0x0000027b52e57000 DEOPT PACKING pc=0x0000027b41fa2b68 sp=0x000000d2e96fb3e0
Event: 3.563 Thread 0x0000027b52e57000 DEOPT UNPACKING pc=0x0000027b3a4a65af sp=0x000000d2e96fb3b8 mode 2

Classes redefined (0 events):
No events

Internal exceptions (20 events):
Event: 2.059 Thread 0x0000027b3697c800 Exception <a 'java/lang/NoSuchMethodError'{0x0000000085049428}: 'java.lang.Object java.lang.invoke.DirectMethodHandle$Holder.invokeStaticInit(java.lang.Object, java.lang.Object, java.lang.Object)'> (0x0000000085049428) thrown at [./src/hotspot/share/interpreter/linkResolver.cpp, line 773]
Event: 2.222 Thread 0x0000027b3697c800 Exception <a 'java/lang/NoSuchMethodError'{0x0000000084cd5c48}: 'java.lang.Object java.lang.invoke.Invokers$Holder.invoker(java.lang.Object, java.lang.Object, java.lang.Object, java.lang.Object, java.lang.Object)'> (0x0000000084cd5c48) thrown at [./src/hotspot/share/interpreter/linkResolver.cpp, line 773]
Event: 2.226 Thread 0x0000027b3697c800 Exception <a 'java/lang/NoSuchMethodError'{0x0000000084ce68c0}: 'void java.lang.invoke.DelegatingMethodHandle$Holder.delegate(java.lang.Object, java.lang.Object, int, java.lang.Object)'> (0x0000000084ce68c0) thrown at [./src/hotspot/share/interpreter/linkResolver.cpp, line 773]
Event: 2.255 Thread 0x0000027b3697c800 Exception <a 'java/lang/NoSuchMethodError'{0x0000000084ba2b58}: 'java.lang.Object java.lang.invoke.DirectMethodHandle$Holder.invokeStaticInit(java.lang.Object, int, int, int, int)'> (0x0000000084ba2b58) thrown at [./src/hotspot/share/interpreter/linkResolver.cpp, line 773]
Event: 2.525 Thread 0x0000027b3697c800 Exception <a 'java/lang/NoSuchMethodError'{0x0000000084bd78c0}: 'java.lang.Object java.lang.invoke.DirectMethodHandle$Holder.invokeStaticInit(java.lang.Object, java.lang.Object, int, int, int, int)'> (0x0000000084bd78c0) thrown at [./src/hotspot/share/interpreter/linkResolver.cpp, line 773]
Event: 2.988 Thread 0x0000027b3697c800 Exception <a 'java/io/IOException'{0x00000000849f1ea0}> (0x00000000849f1ea0) thrown at [./src/hotspot/share/prims/jni.cpp, line 615]
Event: 3.054 Thread 0x0000027b52ef8000 Exception <a 'java/lang/NoSuchMethodError'{0x00000000847df118}: <clinit>> (0x00000000847df118) thrown at [./src/hotspot/share/prims/jni.cpp, line 1362]
Event: 3.057 Thread 0x0000027b52ef8000 Exception <a 'java/lang/NoSuchMethodError'{0x00000000847e79b0}: <clinit>> (0x00000000847e79b0) thrown at [./src/hotspot/share/prims/jni.cpp, line 1362]
Event: 3.062 Thread 0x0000027b52ef8000 Exception <a 'java/lang/NoSuchMethodError'{0x00000000847fb368}: <clinit>> (0x00000000847fb368) thrown at [./src/hotspot/share/prims/jni.cpp, line 1362]
Event: 3.078 Thread 0x0000027b52ef8000 Exception <a 'java/lang/NoSuchMethodError'{0x0000000084649630}: <clinit>> (0x0000000084649630) thrown at [./src/hotspot/share/prims/jni.cpp, line 1362]
Event: 3.089 Thread 0x0000027b52ef8000 Exception <a 'java/lang/NoSuchMethodError'{0x0000000084684e18}: <clinit>> (0x0000000084684e18) thrown at [./src/hotspot/share/prims/jni.cpp, line 1362]
Event: 3.099 Thread 0x0000027b52ef8000 Exception <a 'java/lang/NoSuchMethodError'{0x00000000846b7540}: <clinit>> (0x00000000846b7540) thrown at [./src/hotspot/share/prims/jni.cpp, line 1362]
Event: 3.199 Thread 0x0000027b52e57000 Exception <a 'java/lang/NoSuchMethodError'{0x00000000843bb6d0}: 'void java.lang.invoke.DelegatingMethodHandle$Holder.reinvoke_L(java.lang.Object, java.lang.Object, java.lang.Object, java.lang.Object)'> (0x00000000843bb6d0) thrown at [./src/hotspot/share/interpreter/linkResolver.cpp, line 773]
Event: 3.209 Thread 0x0000027b52e57000 Exception <a 'java/lang/NoSuchMethodError'{0x00000000843f28a0}: 'long java.lang.invoke.DirectMethodHandle$Holder.invokeInterface(java.lang.Object, java.lang.Object)'> (0x00000000843f28a0) thrown at [./src/hotspot/share/interpreter/linkResolver.cpp, line 773]
Event: 3.213 Thread 0x0000027b52e57000 Exception <a 'java/lang/NoSuchMethodError'{0x0000000083e14838}: 'void java.lang.invoke.DelegatingMethodHandle$Holder.reinvoke_L(java.lang.Object, java.lang.Object, java.lang.Object, java.lang.Object, java.lang.Object, java.lang.Object, java.lang.Object)'> (0x0000000083e14838) thrown at [./src/hotspot/share/interpreter/linkResolver.cpp, line 773]
Event: 3.437 Thread 0x0000027b52e57000 Exception <a 'java/lang/NoSuchMethodError'{0x00000000859aad98}: 'java.lang.Object java.lang.invoke.DirectMethodHandle$Holder.invokeVirtual(java.lang.Object, java.lang.Object, java.lang.Object)'> (0x00000000859aad98) thrown at [./src/hotspot/share/interpreter/linkResolver.cpp, line 773]
Event: 3.479 Thread 0x0000027b52e57000 Exception <a 'java/lang/NoSuchMethodError'{0x0000000085509ea8}: 'void java.lang.invoke.DirectMethodHandle$Holder.invokeStaticInit(java.lang.Object)'> (0x0000000085509ea8) thrown at [./src/hotspot/share/interpreter/linkResolver.cpp, line 773]
Event: 3.610 Thread 0x0000027b52e57000 Exception <a 'java/lang/NoSuchMethodError'{0x0000000084f6bcb0}: 'int java.lang.invoke.DirectMethodHandle$Holder.invokeSpecialIFC(java.lang.Object, java.lang.Object, java.lang.Object, java.lang.Object)'> (0x0000000084f6bcb0) thrown at [./src/hotspot/share/interpreter/linkResolver.cpp, line 773]
Event: 3.614 Thread 0x0000027b52e57000 Exception <a 'java/lang/NoSuchMethodError'{0x0000000084f79a70}: 'java.lang.Object java.lang.invoke.DirectMethodHandle$Holder.invokeInterface(java.lang.Object, java.lang.Object, java.lang.Object)'> (0x0000000084f79a70) thrown at [./src/hotspot/share/interpreter/linkResolver.cpp, line 773]
Event: 3.614 Thread 0x0000027b52e57000 Exception <a 'java/lang/IncompatibleClassChangeError'{0x0000000084f7cf48}: Found class java.lang.Object, but interface was expected> (0x0000000084f7cf48) thrown at [./src/hotspot/share/interpreter/linkResolver.cpp, line 839]

Events (20 events):
Event: 3.622 loading class org/gradle/internal/fingerprint/classpath/impl/ClasspathFingerprintingStrategy$NonJarFingerprintingStrategy done
Event: 3.622 loading class org/gradle/internal/fingerprint/classpath/impl/ClasspathFingerprintingStrategy$NonJarFingerprintingStrategy$1
Event: 3.622 loading class org/gradle/internal/fingerprint/classpath/impl/ClasspathFingerprintingStrategy$NonJarFingerprintingStrategy$1 done
Event: 3.623 loading class org/gradle/internal/fingerprint/classpath/impl/ClasspathFingerprintingStrategy$NonJarFingerprintingStrategy$2
Event: 3.623 loading class org/gradle/internal/fingerprint/classpath/impl/ClasspathFingerprintingStrategy$NonJarFingerprintingStrategy$2 done
Event: 3.623 loading class org/gradle/api/internal/changedetection/state/MetaInfAwareClasspathResourceHasher
Event: 3.623 loading class org/gradle/api/internal/changedetection/state/MetaInfAwareClasspathResourceHasher done
Event: 3.623 loading class org/gradle/api/internal/changedetection/state/ManifestFileZipEntryHasher
Event: 3.623 loading class org/gradle/api/internal/changedetection/state/ManifestFileZipEntryHasher done
Event: 3.624 loading class org/gradle/api/internal/changedetection/state/PropertiesFileZipEntryHasher
Event: 3.624 loading class org/gradle/api/internal/changedetection/state/PropertiesFileZipEntryHasher done
Event: 3.624 loading class org/gradle/api/internal/changedetection/state/PropertyResourceBundleFallbackCharset
Event: 3.624 loading class org/gradle/api/internal/changedetection/state/PropertyResourceBundleFallbackCharset done
Event: 3.625 loading class org/gradle/internal/fingerprint/impl/EmptyCurrentFileCollectionFingerprint
Event: 3.625 loading class org/gradle/internal/fingerprint/impl/EmptyCurrentFileCollectionFingerprint done
Event: 3.625 loading class org/gradle/internal/fingerprint/FileCollectionFingerprint$1
Event: 3.625 loading class org/gradle/internal/fingerprint/FileCollectionFingerprint$1 done
Event: 3.625 loading class org/gradle/api/internal/changedetection/state/ZipHasher
Event: 3.625 loading class org/gradle/api/internal/changedetection/state/ZipHasher done
Event: 3.626 Executing VM operation: CollectForMetadataAllocation


Dynamic libraries:
0x00007ff651110000 - 0x00007ff65111a000 	C:\Program Files\Android\Android Studio\jre\bin\java.exe
0x00007ffc11f10000 - 0x00007ffc12105000 	C:\Windows\SYSTEM32\ntdll.dll
0x00007ffc0ff60000 - 0x00007ffc1001e000 	C:\Windows\System32\KERNEL32.DLL
0x00007ffc0f9f0000 - 0x00007ffc0fcb8000 	C:\Windows\System32\KERNELBASE.dll
0x00007ffc0f6c0000 - 0x00007ffc0f7c0000 	C:\Windows\System32\ucrtbase.dll
0x00007ffbfae20000 - 0x00007ffbfae39000 	C:\Program Files\Android\Android Studio\jre\bin\jli.dll
0x00007ffbfb5d0000 - 0x00007ffbfb5e7000 	C:\Program Files\Android\Android Studio\jre\bin\VCRUNTIME140.dll
0x00007ffc11200000 - 0x00007ffc113a0000 	C:\Windows\System32\USER32.dll
0x00007ffc0f620000 - 0x00007ffc0f642000 	C:\Windows\System32\win32u.dll
0x00007ffbfec80000 - 0x00007ffbfef1a000 	C:\Windows\WinSxS\amd64_microsoft.windows.common-controls_6595b64144ccf1df_6.0.19041.1110_none_60b5254171f9507e\COMCTL32.dll
0x00007ffc11050000 - 0x00007ffc1107b000 	C:\Windows\System32\GDI32.dll
0x00007ffc11080000 - 0x00007ffc1111e000 	C:\Windows\System32\msvcrt.dll
0x00007ffc0fe50000 - 0x00007ffc0ff5d000 	C:\Windows\System32\gdi32full.dll
0x00007ffc0f7c0000 - 0x00007ffc0f85d000 	C:\Windows\System32\msvcp_win.dll
0x00007ffc11020000 - 0x00007ffc11050000 	C:\Windows\System32\IMM32.DLL
0x00007ffbc6440000 - 0x00007ffbc64dd000 	C:\Program Files\Android\Android Studio\jre\bin\msvcp140.dll
0x00007ffbac7c0000 - 0x00007ffbad295000 	C:\Program Files\Android\Android Studio\jre\bin\server\jvm.dll
0x00007ffc119d0000 - 0x00007ffc11a7e000 	C:\Windows\System32\ADVAPI32.dll
0x00007ffc114b0000 - 0x00007ffc1154c000 	C:\Windows\System32\sechost.dll
0x00007ffc10020000 - 0x00007ffc10145000 	C:\Windows\System32\RPCRT4.dll
0x00007ffc11e60000 - 0x00007ffc11e68000 	C:\Windows\System32\PSAPI.DLL
0x00007ffc05f60000 - 0x00007ffc05f87000 	C:\Windows\SYSTEM32\WINMM.dll
0x00007ffbfb8f0000 - 0x00007ffbfb8f9000 	C:\Windows\SYSTEM32\WSOCK32.dll
0x00007ffc05f50000 - 0x00007ffc05f5a000 	C:\Windows\SYSTEM32\VERSION.dll
0x00007ffc10fb0000 - 0x00007ffc1101b000 	C:\Windows\System32\WS2_32.dll
0x00007ffc0d4d0000 - 0x00007ffc0d4e2000 	C:\Windows\SYSTEM32\kernel.appcore.dll
0x00007ffc04f60000 - 0x00007ffc04f71000 	C:\Program Files\Android\Android Studio\jre\bin\verify.dll
0x00007ffbfd900000 - 0x00007ffbfdae4000 	C:\Windows\SYSTEM32\DBGHELP.DLL
0x00007ffbfd890000 - 0x00007ffbfd8bc000 	C:\Windows\SYSTEM32\dbgcore.DLL
0x00007ffc0f860000 - 0x00007ffc0f8e2000 	C:\Windows\System32\bcryptPrimitives.dll
0x00007ffc00d60000 - 0x00007ffc00d89000 	C:\Program Files\Android\Android Studio\jre\bin\java.dll
0x00007ffc08f70000 - 0x00007ffc08f7b000 	C:\Program Files\Android\Android Studio\jre\bin\jimage.dll
0x00007ffbfddc0000 - 0x00007ffbfddd8000 	C:\Program Files\Android\Android Studio\jre\bin\zip.dll
0x00007ffc10840000 - 0x00007ffc10f84000 	C:\Windows\System32\SHELL32.dll
0x00007ffc0d6d0000 - 0x00007ffc0de64000 	C:\Windows\SYSTEM32\windows.storage.dll
0x00007ffc104e0000 - 0x00007ffc10835000 	C:\Windows\System32\combase.dll
0x00007ffc0ef90000 - 0x00007ffc0efbe000 	C:\Windows\SYSTEM32\Wldp.dll
0x00007ffc113a0000 - 0x00007ffc1144d000 	C:\Windows\System32\SHCORE.dll
0x00007ffc11cd0000 - 0x00007ffc11d25000 	C:\Windows\System32\shlwapi.dll
0x00007ffc0f560000 - 0x00007ffc0f57f000 	C:\Windows\SYSTEM32\profapi.dll
0x00007ffbfc8f0000 - 0x00007ffbfc90a000 	C:\Program Files\Android\Android Studio\jre\bin\net.dll
0x00007ffc08bc0000 - 0x00007ffc08ccc000 	C:\Windows\SYSTEM32\WINHTTP.dll
0x00007ffc0ed00000 - 0x00007ffc0ed6a000 	C:\Windows\system32\mswsock.dll
0x00007ffbfb5a0000 - 0x00007ffbfb5b4000 	C:\Program Files\Android\Android Studio\jre\bin\nio.dll
0x00007ffc00da0000 - 0x00007ffc00dc7000 	C:\Users\Ali Usman\.gradle\native\fdc75f09e3144964f2cf3f50f0aa648679c211496f362492102eb8c894070792\windows-amd64\native-platform.dll
0x00007ffbc69e0000 - 0x00007ffbc6b76000 	C:\Users\Ali Usman\.gradle\native\12488b8bf47d2d4c9fbf2f6322a914ad602e24e48041cd04a747c6da556b65c4\windows-amd64\native-platform-file-events.dll
0x00007ffc08e90000 - 0x00007ffc08e9a000 	C:\Program Files\Android\Android Studio\jre\bin\management.dll
0x00007ffbffdf0000 - 0x00007ffbffdfd000 	C:\Program Files\Android\Android Studio\jre\bin\management_ext.dll
0x00007ffc0f310000 - 0x00007ffc0f328000 	C:\Windows\SYSTEM32\CRYPTSP.dll
0x00007ffc0e640000 - 0x00007ffc0e674000 	C:\Windows\system32\rsaenh.dll
0x00007ffc0fcc0000 - 0x00007ffc0fce7000 	C:\Windows\System32\bcrypt.dll
0x00007ffc0f520000 - 0x00007ffc0f54e000 	C:\Windows\SYSTEM32\USERENV.dll
0x00007ffc0ee90000 - 0x00007ffc0ee9c000 	C:\Windows\SYSTEM32\CRYPTBASE.dll
0x00007ffc0ea10000 - 0x00007ffc0ea4b000 	C:\Windows\SYSTEM32\IPHLPAPI.DLL
0x00007ffc102e0000 - 0x00007ffc102e8000 	C:\Windows\System32\NSI.dll
0x00007ffc080a0000 - 0x00007ffc080b7000 	C:\Windows\SYSTEM32\dhcpcsvc6.DLL
0x00007ffc07f90000 - 0x00007ffc07fad000 	C:\Windows\SYSTEM32\dhcpcsvc.DLL
0x00007ffc0ea50000 - 0x00007ffc0eb1b000 	C:\Windows\SYSTEM32\DNSAPI.dll
0x00007ffc08eb0000 - 0x00007ffc08ebb000 	C:\Windows\SYSTEM32\WINNSI.DLL

dbghelp: loaded successfully - version: 4.0.5 - missing functions: none
symbol engine: initialized successfully - sym options: 0x614 - pdb path: .;C:\Program Files\Android\Android Studio\jre\bin;C:\Windows\SYSTEM32;C:\Windows\WinSxS\amd64_microsoft.windows.common-controls_6595b64144ccf1df_6.0.19041.1110_none_60b5254171f9507e;C:\Program Files\Android\Android Studio\jre\bin\server;C:\Users\Ali Usman\.gradle\native\fdc75f09e3144964f2cf3f50f0aa648679c211496f362492102eb8c894070792\windows-amd64;C:\Users\Ali Usman\.gradle\native\12488b8bf47d2d4c9fbf2f6322a914ad602e24e48041cd04a747c6da556b65c4\windows-amd64

VM Arguments:
jvm_args: --add-opens=java.base/java.util=ALL-UNNAMED --add-opens=java.base/java.lang=ALL-UNNAMED --add-opens=java.base/java.lang.invoke=ALL-UNNAMED --add-opens=java.prefs/java.util.prefs=ALL-UNNAMED -Xmx2048m -Dfile.encoding=windows-1252 -Duser.country=US -Duser.language=en -Duser.variant 
java_command: org.gradle.launcher.daemon.bootstrap.GradleDaemon 6.7.1
java_class_path (initial): C:\Users\Ali Usman\.gradle\wrapper\dists\gradle-6.7.1-all\2moa8rlfac5eqlcfgk98k0deb\gradle-6.7.1\lib\gradle-launcher-6.7.1.jar
Launcher Type: SUN_STANDARD

[Global flags]
     intx CICompilerCount                          = 3                                         {product} {ergonomic}
     uint ConcGCThreads                            = 1                                         {product} {ergonomic}
     uint G1ConcRefinementThreads                  = 4                                         {product} {ergonomic}
   size_t G1HeapRegionSize                         = 1048576                                   {product} {ergonomic}
    uintx GCDrainStackTargetSize                   = 64                                        {product} {ergonomic}
   size_t InitialHeapSize                          = 100663296                                 {product} {ergonomic}
   size_t MarkStackSize                            = 4194304                                   {product} {ergonomic}
   size_t MaxHeapSize                              = 2147483648                                {product} {command line}
   size_t MaxNewSize                               = 1287651328                                {product} {ergonomic}
   size_t MinHeapDeltaBytes                        = 1048576                                   {product} {ergonomic}
    uintx NonNMethodCodeHeapSize                   = 5830732                                {pd product} {ergonomic}
    uintx NonProfiledCodeHeapSize                  = 122913754                              {pd product} {ergonomic}
    uintx ProfiledCodeHeapSize                     = 122913754                              {pd product} {ergonomic}
    uintx ReservedCodeCacheSize                    = 251658240                              {pd product} {ergonomic}
     bool SegmentedCodeCache                       = true                                      {product} {ergonomic}
     bool UseCompressedClassPointers               = true                                 {lp64_product} {ergonomic}
     bool UseCompressedOops                        = true                                 {lp64_product} {ergonomic}
     bool UseG1GC                                  = true                                      {product} {ergonomic}
     bool UseLargePagesIndividualAllocation        = false                                  {pd product} {ergonomic}

Logging:
Log output configuration:
 #0: stdout all=warning uptime,level,tags
 #1: stderr all=off uptime,level,tags

Environment Variables:
JAVA_HOME=C:\Program Files\Java\jdk1.8.0_291
PATH=C:\Python310\Scripts\;C:\Python310\;c:\mingw\bin;C:\Program Files (x86)\Common Files\Oracle\Java\javapath;C:\Program Files\Python37\Scripts\;C:\Program Files\Python37\;C:\Windows\system32;C:\Windows;C:\Windows\System32\Wbem;C:\Windows\System32\WindowsPowerShell\v1.0\;C:\Windows\System32\OpenSSH\;C:\Program Files (x86)\AMD\ATI.ACE\Core-Static;C:\Users\Ali Usman\AppData\Roaming\Python\Python37\Scripts;F:\download\Compressed\openjfx-11.0.2_windows-x64_bin-sdk\javafx-sdk-11.0.2\lib;C:\Program Files (x86)\Inno Setup 6;C:\Program Files\Java\jdk1.8.0_291\bin;C:\Program Files\Git\cmd;C:\Program Files\PostgreSQL\13\bin;C:\Program Files\nodejs\;C:\ProgramData\chocolatey\bin;C:\Users\Ali Usman\AppData\Local\Microsoft\WindowsApps;C:\Program Files\JetBrains\PyCharm Community Edition 2020.3.4\bin;;F:\download\Compressed\openjfx-11.0.2_windows-x64_bin-sdk\javafx-sdk-11.0.2\lib;C:\Program Files\Java\jdk1.8.0_291\bin;C:\Users\Ali Usman\AppData\Local\Programs\Microsoft VS Code\bin;C:\Program Files\heroku\bin;C:\Users\Ali Usman\flutter\flutter\bin;C:\Users\Ali Usman\dart\dart-sdk;C:\Users\Ali Usman\AppData\Local\Android\Sdk\platform-tools;C:\Users\Ali Usman\AppData\Roaming\npm
USERNAME=Ali Usman
OS=Windows_NT
PROCESSOR_IDENTIFIER=Intel64 Family 6 Model 58 Stepping 9, GenuineIntel



---------------  S Y S T E M  ---------------

OS: Windows 10 , 64 bit Build 19041 (10.0.19041.1503)
OS uptime: 0 days 3:30 hours
Hyper-V role detected

CPU:total 4 (initial active 4) (2 cores per cpu, 2 threads per core) family 6 model 58 stepping 9 microcode 0x21, cmov, cx8, fxsr, mmx, sse, sse2, sse3, ssse3, sse4.1, sse4.2, popcnt, avx, aes, clmul, erms, ht, tsc, tscinvbit, tscinv

Memory: 4k page, system-wide physical 6075M (550M free)
TotalPageFile size 12093M (AvailPageFile size 11M)
current process WorkingSet (physical memory assigned to process): 149M, peak: 149M
current process commit charge ("private bytes"): 218M, peak: 238M

vm_info: OpenJDK 64-Bit Server VM (11.0.11+9-b60-7590822) for windows-amd64 JRE (11.0.11+9-b60-7590822), built on Jul 29 2021 21:43:44 by "builder" with MS VC++ 14.0 (VS2015)

END.
